spk_ver/v00/v0000	SES146	0.894966	15.209	14.3141
spk_ver/v00/v0001	SES002	-6.52143	7.55702	14.0785
spk_ver/v00/v0002	SES002	-4.12717	10.014	14.1412
spk_ver/v00/v0003	SES002	-8.36605	5.58952	13.9556
spk_ver/v00/v0004	SES002	-3.77765	10.2125	13.9901
spk_ver/v00/v0005	SES002	-3.75192	9.47472	13.2266
spk_ver/v00/v0006	SES002	-5.5753	10.3039	15.8792
spk_ver/v00/v0007	SES002	-3.74254	9.0297	12.7722
spk_ver/v00/v0008	SES146	0.652166	13.9983	13.3462
spk_ver/v00/v0009	SES002	-2.0643	14.0454	16.1097
spk_ver/v00/v0010	SES002	-5.28739	7.37119	12.6586
spk_ver/v00/v0011	SES002	-1.92812	10.3585	12.2866
spk_ver/v00/v0012	SES002	-3.82131	12.8969	16.7182
spk_ver/v00/v0013	SES002	-4.02554	11.9893	16.0148
spk_ver/v00/v0014	SES002	-0.987202	14.1593	15.1465
spk_ver/v00/v0015	SES002	-2.84289	12.3303	15.1732
spk_ver/v00/v0016	SES275	0.748882	14.2819	13.533
spk_ver/v00/v0017	SES002	-1.81949	13.7288	15.5483
spk_ver/v00/v0018	SES002	-7.42177	6.37355	13.7953
spk_ver/v00/v0019	SES002	-2.53734	12.0028	14.5401
spk_ver/v00/v0020	SES002	-6.78622	6.93565	13.7219
spk_ver/v00/v0021	SES002	-4.7532	9.19986	13.9531
spk_ver/v00/v0022	SES002	-3.50245	11.4325	14.935
spk_ver/v00/v0023	SES002	-6.26749	10.4791	16.7466
spk_ver/v00/v0024	SES002	-6.84989	7.06422	13.9141
spk_ver/v00/v0025	SES002	-5.08295	9.78179	14.8647
spk_ver/v00/v0026	SES002	-4.81651	10.2853	15.1018
spk_ver/v00/v0027	SES129	1.55401	15.8226	14.2686
spk_ver/v00/v0028	SES007	-2.30454	13.0925	15.3971
spk_ver/v00/v0029	SES083	-0.287453	16.0671	16.3545
spk_ver/v00/v0030	SES019	2.71222	16.5263	13.8141
spk_ver/v00/v0031	SES007	-1.85403	12.5618	14.4158
spk_ver/v00/v0032	SES270	1.31083	15.6147	14.3039
spk_ver/v00/v0033	SES007	-2.6312	11.8451	14.4763
spk_ver/v00/v0034	SES007	-2.54617	11.3185	13.8647
spk_ver/v00/v0035	SES007	-1.13966	14.6188	15.7584
spk_ver/v00/v0036	SES007	-2.55778	9.62828	12.1861
spk_ver/v00/v0037	SES007	-3.90707	11.295	15.202
spk_ver/v00/v0038	SES259	2.66544	18.2904	15.625
spk_ver/v00/v0039	SES007	-3.65119	8.31705	11.9682
spk_ver/v00/v0040	SES007	-4.67199	12.288	16.96
spk_ver/v00/v0041	SES007	-2.05669	12.2151	14.2718
spk_ver/v00/v0042	SES007	-1.77516	10.0253	11.8005
spk_ver/v00/v0043	SES007	-2.10818	12.2417	14.3499
spk_ver/v00/v0044	SES007	-3.2399	13.9988	17.2387
spk_ver/v00/v0045	SES007	-1.93744	13.9878	15.9253
spk_ver/v00/v0046	SES007	-1.98321	13.0923	15.0755
spk_ver/v00/v0047	SES172	0.213729	15.4334	15.2197
spk_ver/v00/v0048	SES105	1.79826	15.686	13.8877
spk_ver/v00/v0049	SES007	-1.52534	14.7273	16.2526
spk_ver/v00/v0050	SES292	-0.329966	14.95	15.28
spk_ver/v00/v0051	SES007	-1.79295	12.9197	14.7127
spk_ver/v00/v0052	SES068	0.904688	17.1104	16.2057
spk_ver/v00/v0053	SES008	-1.71548	14.6976	16.4131
spk_ver/v00/v0054	SES008	-2.55445	11.393	13.9474
spk_ver/v00/v0055	SES008	-2.49791	12.6645	15.1624
spk_ver/v00/v0056	SES008	-5.71162	8.8363	14.5479
spk_ver/v00/v0057	SES008	-4.36996	10.7404	15.1104
spk_ver/v00/v0058	SES083	0.542802	16.1209	15.5781
spk_ver/v00/v0059	SES158	1.53967	15.8549	14.3152
spk_ver/v00/v0060	SES008	-3.32908	10.9863	14.3153
spk_ver/v00/v0061	SES101	0.161964	15.466	15.3041
spk_ver/v00/v0062	SES008	-3.29868	11.0587	14.3574
spk_ver/v00/v0063	SES008	-2.98399	12.0739	15.0578
spk_ver/v00/v0064	SES117	1.42511	15.3266	13.9015
spk_ver/v00/v0065	SES149	1.77894	17.9698	16.1908
spk_ver/v00/v0066	SES008	0.143355	15.5598	15.4164
spk_ver/v00/v0067	SES008	-2.42419	10.9183	13.3425
spk_ver/v00/v0068	SES162	1.6466	15.1505	13.5039
spk_ver/v00/v0069	SES008	-6.94466	7.87914	14.8238
spk_ver/v00/v0070	SES008	-0.838476	14.8233	15.6618
spk_ver/v00/v0071	SES008	-3.50112	12.1365	15.6376
spk_ver/v00/v0072	SES008	-1.77336	15.5735	17.3469
spk_ver/v00/v0073	SES008	-2.73238	13.2259	15.9583
spk_ver/v00/v0074	SES008	-3.94461	10.1709	14.1156
spk_ver/v00/v0075	SES008	-7.50612	6.3128	13.8189
spk_ver/v00/v0076	SES167	1.8189	16.8568	15.0379
spk_ver/v00/v0077	SES008	-2.12435	14.0529	16.1772
spk_ver/v00/v0078	SES177	0.894934	16.5041	15.6092
spk_ver/v00/v0079	SES008	-1.50436	12.8287	14.333
spk_ver/v00/v0080	SES008	-2.93579	11.7798	14.7156
spk_ver/v00/v0081	SES008	-5.87788	7.08117	12.959
spk_ver/v00/v0082	SES008	-2.88036	12.3311	15.2115
spk_ver/v00/v0083	SES008	-6.3288	6.40515	12.7339
spk_ver/v00/v0084	SES144	1.36378	16.5652	15.2015
spk_ver/v00/v0085	SES008	-2.19408	12.8412	15.0353
spk_ver/v00/v0086	SES008	-2.80774	14.0342	16.8419
spk_ver/v00/v0087	SES008	-5.62198	9.21009	14.8321
spk_ver/v00/v0088	SES008	-1.72662	15.1156	16.8422
spk_ver/v00/v0089	SES008	-2.11213	11.2291	13.3412
spk_ver/v00/v0090	SES142	2.71593	15.5423	12.8264
spk_ver/v00/v0091	SES008	-4.43932	10.7281	15.1674
spk_ver/v00/v0092	SES158	1.09799	14.7047	13.6067
spk_ver/v00/v0093	SES014	-2.54395	13.47	16.014
spk_ver/v00/v0094	SES014	-4.64328	7.52867	12.1719
spk_ver/v00/v0095	SES014	-1.32216	15.2498	16.5719
spk_ver/v00/v0096	SES014	-9.51918	3.84726	13.3664
spk_ver/v00/v0097	SES014	-2.1449	11.4035	13.5484
spk_ver/v00/v0098	SES014	-2.2443	13.7869	16.0312
spk_ver/v00/v0099	SES014	-3.37478	10.3328	13.7076
spk_ver/v01/v0100	SES127	0.483731	15.9523	15.4686
spk_ver/v01/v0101	SES014	-5.9496	7.26442	13.214
spk_ver/v01/v0102	SES014	-5.75791	8.03181	13.7897
spk_ver/v01/v0103	SES014	-6.37476	7.18747	13.5622
spk_ver/v01/v0104	SES014	-6.84101	7.63377	14.4748
spk_ver/v01/v0105	SES014	-4.1791	8.13901	12.3181
spk_ver/v01/v0106	SES014	-3.63008	10.2672	13.8973
spk_ver/v01/v0107	SES014	-6.83978	9.4297	16.2695
spk_ver/v01/v0108	SES014	-7.60139	6.32224	13.9236
spk_ver/v01/v0109	SES014	-3.31666	9.53897	12.8556
spk_ver/v01/v0110	SES014	-4.11566	9.41249	13.5281
spk_ver/v01/v0111	SES014	-1.86061	14.074	15.9346
spk_ver/v01/v0112	SES014	-4.67936	10.9098	15.5892
spk_ver/v01/v0113	SES104	-0.112736	14.9903	15.1031
spk_ver/v01/v0114	SES082	1.09751	17.2135	16.116
spk_ver/v01/v0115	SES087	1.16303	15.8023	14.6392
spk_ver/v01/v0116	SES014	-1.95912	12.6766	14.6357
spk_ver/v01/v0117	SES177	0.0768404	15.0249	14.9481
spk_ver/v01/v0118	SES014	-3.7188	9.23499	12.9538
spk_ver/v01/v0119	SES014	-1.60295	13.7061	15.309
spk_ver/v01/v0120	SES014	-6.7298	7.83773	14.5675
spk_ver/v01/v0121	SES146	-0.121451	14.8483	14.9698
spk_ver/v01/v0122	SES014	2.45852	19.1485	16.69
spk_ver/v01/v0123	SES014	-3.54319	12.3087	15.8519
spk_ver/v01/v0124	SES014	-10.0671	4.71208	14.7791
spk_ver/v01/v0125	SES014	-5.06394	9.51011	14.574
spk_ver/v01/v0126	SES016	-2.71985	11.8342	14.5541
spk_ver/v01/v0127	SES016	-3.36585	9.58769	12.9535
spk_ver/v01/v0128	SES106	2.36251	17.1846	14.8221
spk_ver/v01/v0129	SES016	-4.33932	11.2459	15.5852
spk_ver/v01/v0130	SES016	-2.86909	11.9016	14.7707
spk_ver/v01/v0131	SES016	-4.65073	9.43222	14.0829
spk_ver/v01/v0132	SES016	-3.65368	11.6205	15.2742
spk_ver/v01/v0133	SES016	-2.52923	13.3586	15.8878
spk_ver/v01/v0134	SES016	-2.4933	13.4397	15.933
spk_ver/v01/v0135	SES016	-4.84923	10.2139	15.0631
spk_ver/v01/v0136	SES016	-4.65274	9.80675	14.4595
spk_ver/v01/v0137	SES007	1.01218	14.7103	13.6981
spk_ver/v01/v0138	SES016	-1.2559	14.176	15.4319
spk_ver/v01/v0139	SES016	-1.74182	13.798	15.5398
spk_ver/v01/v0140	SES016	2.01021	17.6396	15.6294
spk_ver/v01/v0141	SES016	-7.11714	4.37175	11.4889
spk_ver/v01/v0142	SES016	-6.07351	8.96231	15.0358
spk_ver/v01/v0143	SES016	-4.70902	7.9382	12.6472
spk_ver/v01/v0144	SES016	-4.28112	11.4015	15.6826
spk_ver/v01/v0145	SES016	-6.43608	6.37262	12.8087
spk_ver/v01/v0146	SES016	-1.69307	13.8848	15.5779
spk_ver/v01/v0147	SES016	-2.00864	13.4744	15.483
spk_ver/v01/v0148	SES127	0.521097	15.3515	14.8304
spk_ver/v01/v0149	SES016	-4.0328	10.4993	14.5321
spk_ver/v01/v0150	SES016	-2.82681	12.4005	15.2273
spk_ver/v01/v0151	SES147	1.12388	14.4074	13.2835
spk_ver/v01/v0152	SES016	-1.92664	12.6603	14.5869
spk_ver/v01/v0153	SES104	1.53093	18.0317	16.5008
spk_ver/v01/v0154	SES016	-4.11037	9.8781	13.9885
spk_ver/v01/v0155	SES016	-2.91997	10.4812	13.4011
spk_ver/v01/v0156	SES019	-1.0359	12.1619	13.1978
spk_ver/v01/v0157	SES019	-3.5015	13.2744	16.7759
spk_ver/v01/v0158	SES019	-0.945481	13.8178	14.7632
spk_ver/v01/v0159	SES007	0.460355	15.1426	14.6823
spk_ver/v01/v0160	SES019	-2.86877	13.113	15.9818
spk_ver/v01/v0161	SES019	-3.64816	9.93119	13.5793
spk_ver/v01/v0162	SES019	-4.50584	12.1347	16.6405
spk_ver/v01/v0163	SES189	1.54786	15.7945	14.2467
spk_ver/v01/v0164	SES019	-2.83876	12.5973	15.4361
spk_ver/v01/v0165	SES019	-0.817899	11.5886	12.4065
spk_ver/v01/v0166	SES019	-5.21846	11.0547	16.2732
spk_ver/v01/v0167	SES019	-5.08228	8.99833	14.0806
spk_ver/v01/v0168	SES019	-2.35024	8.54645	10.8967
spk_ver/v01/v0169	SES019	-4.03891	9.90569	13.9446
spk_ver/v01/v0170	SES270	1.143	15.287	14.144
spk_ver/v01/v0171	SES019	-2.6403	12.1104	14.7507
spk_ver/v01/v0172	SES019	-5.48052	8.64732	14.1278
spk_ver/v01/v0173	SES206	1.39762	16.4553	15.0576
spk_ver/v01/v0174	SES019	-2.44797	10.9001	13.3481
spk_ver/v01/v0175	SES014	1.86799	18.6572	16.7892
spk_ver/v01/v0176	SES019	-4.99052	10.7076	15.6981
spk_ver/v01/v0177	SES120	1.27031	15.0327	13.7624
spk_ver/v01/v0178	SES019	-2.13641	10.8414	12.9779
spk_ver/v01/v0179	SES019	-6.13705	11.07	17.207
spk_ver/v01/v0180	SES175	0.863038	15.1972	14.3341
spk_ver/v01/v0181	SES019	-4.7075	9.11168	13.8192
spk_ver/v01/v0182	SES019	-4.41678	11.8546	16.2714
spk_ver/v01/v0183	SES029	-2.61382	12.4201	15.0339
spk_ver/v01/v0184	SES029	-6.2567	8.71777	14.9745
spk_ver/v01/v0185	SES029	-2.59125	13.2666	15.8579
spk_ver/v01/v0186	SES068	1.30039	17.4315	16.1311
spk_ver/v01/v0187	SES029	-4.44285	10.3596	14.8024
spk_ver/v01/v0188	SES029	-3.72396	12.7049	16.4288
spk_ver/v01/v0189	SES149	2.45564	18.4633	16.0076
spk_ver/v01/v0190	SES029	-3.8061	12.467	16.2731
spk_ver/v01/v0191	SES029	-4.02554	10.5033	14.5289
spk_ver/v01/v0192	SES183	1.15145	16.6618	15.5103
spk_ver/v01/v0193	SES029	-2.16536	12.6751	14.8405
spk_ver/v01/v0194	SES016	2.19541	17.5708	15.3754
spk_ver/v01/v0195	SES029	-3.39442	11.8841	15.2786
spk_ver/v01/v0196	SES029	-1.19562	13.0404	14.2361
spk_ver/v01/v0197	SES029	-4.24061	11.7533	15.994
spk_ver/v01/v0198	SES146	0.716763	14.4134	13.6966
spk_ver/v01/v0199	SES029	-4.61474	8.57601	13.1907
spk_ver/v02/v0200	SES029	-2.3852	12.6411	15.0263
spk_ver/v02/v0201	SES068	1.09497	17.3972	16.3023
spk_ver/v02/v0202	SES148	2.35342	15.9814	13.628
spk_ver/v02/v0203	SES029	-3.37462	11.4967	14.8714
spk_ver/v02/v0204	SES029	-1.05219	13.4727	14.5248
spk_ver/v02/v0205	SES060	0.945086	17.935	16.9899
spk_ver/v02/v0206	SES127	2.61126	18.8507	16.2394
spk_ver/v02/v0207	SES029	-3.81815	10.7012	14.5193
spk_ver/v02/v0208	SES048	1.95488	15.5231	13.5682
spk_ver/v02/v0209	SES029	-1.49678	13.6183	15.1151
spk_ver/v02/v0210	SES029	-3.14525	11.1158	14.2611
spk_ver/v02/v0211	SES029	-3.48447	12.1147	15.5991
spk_ver/v02/v0212	SES042	-6.55725	6.89959	13.4568
spk_ver/v02/v0213	SES085	1.59867	16.3452	14.7466
spk_ver/v02/v0214	SES206	1.78076	17.6649	15.8842
spk_ver/v02/v0215	SES144	0.47554	15.0681	14.5925
spk_ver/v02/v0216	SES042	-3.05338	11.8342	14.8875
spk_ver/v02/v0217	SES042	-2.79571	6.9046	9.70031
spk_ver/v02/v0218	SES042	-2.5052	13.0721	15.5773
spk_ver/v02/v0219	SES206	0.903528	17.7739	16.8704
spk_ver/v02/v0220	SES019	4.25184	17.9391	13.6872
spk_ver/v02/v0221	SES007	0.691116	15.6969	15.0057
spk_ver/v02/v0222	SES042	-7.44414	6.55052	13.9947
spk_ver/v02/v0223	SES147	0.906378	14.0709	13.1645
spk_ver/v02/v0224	SES105	1.69005	15.3315	13.6415
spk_ver/v02/v0225	SES042	-2.14003	12.7616	14.9016
spk_ver/v02/v0226	SES275	1.39329	15.711	14.3177
spk_ver/v02/v0227	SES042	-4.46335	9.26713	13.7305
spk_ver/v02/v0228	SES042	-5.32553	10.3328	15.6583
spk_ver/v02/v0229	SES042	-4.59134	11.4895	16.0809
spk_ver/v02/v0230	SES085	0.568525	17.6816	17.1131
spk_ver/v02/v0231	SES014	2.49658	19.5172	17.0206
spk_ver/v02/v0232	SES042	-1.66413	14.036	15.7002
spk_ver/v02/v0233	SES048	-3.94458	11.6721	15.6167
spk_ver/v02/v0234	SES048	-4.1124	10.9499	15.0623
spk_ver/v02/v0235	SES029	0.883995	16.8125	15.9285
spk_ver/v02/v0236	SES048	-2.05754	14.0371	16.0946
spk_ver/v02/v0237	SES048	-4.32193	9.94136	14.2633
spk_ver/v02/v0238	SES048	-2.39185	13.0005	15.3923
spk_ver/v02/v0239	SES060	1.86149	17.8676	16.0061
spk_ver/v02/v0240	SES048	-4.09425	10.016	14.1103
spk_ver/v02/v0241	SES048	-2.97728	12.6033	15.5805
spk_ver/v02/v0242	SES189	2.5386	16.0322	13.4936
spk_ver/v02/v0243	SES162	1.06154	15.3666	14.3051
spk_ver/v02/v0244	SES048	-5.36168	10.6812	16.0429
spk_ver/v02/v0245	SES048	-3.70337	10.5797	14.283
spk_ver/v02/v0246	SES048	-4.15928	11.3102	15.4695
spk_ver/v02/v0247	SES048	-5.07402	7.7254	12.7994
spk_ver/v02/v0248	SES226	2.43945	17.3846	14.9451
spk_ver/v02/v0249	SES048	-1.91436	12.3443	14.2587
spk_ver/v02/v0250	SES048	-2.72605	11.3877	14.1137
spk_ver/v02/v0251	SES048	-4.77462	8.54949	13.3241
spk_ver/v02/v0252	SES060	-4.55634	8.84962	13.406
spk_ver/v02/v0253	SES060	-6.1128	8.77929	14.8921
spk_ver/v02/v0254	SES259	2.84083	18.1855	15.3446
spk_ver/v02/v0255	SES060	-4.93992	8.64892	13.5888
spk_ver/v02/v0256	SES202	0.985289	14.7859	13.8006
spk_ver/v02/v0257	SES148	1.18836	16.4036	15.2153
spk_ver/v02/v0258	SES060	-5.08645	6.47761	11.5641
spk_ver/v02/v0259	SES060	-2.37972	13.5417	15.9214
spk_ver/v02/v0260	SES060	-3.2745	12.2523	15.5268
spk_ver/v02/v0261	SES099	2.59684	17.3416	14.7447
spk_ver/v02/v0262	SES060	-3.11318	12.0479	15.1611
spk_ver/v02/v0263	SES060	-2.99825	13.7326	16.7309
spk_ver/v02/v0264	SES292	0.401567	15.4912	15.0896
spk_ver/v02/v0265	SES060	-1.46219	13.1794	14.6416
spk_ver/v02/v0266	SES060	-6.69617	6.69478	13.391
spk_ver/v02/v0267	SES060	-6.27152	7.45459	13.7261
spk_ver/v02/v0268	SES060	-5.96758	5.82253	11.7901
spk_ver/v02/v0269	SES127	1.59303	17.2547	15.6616
spk_ver/v02/v0270	SES060	-4.17796	10.3704	14.5483
spk_ver/v02/v0271	SES060	-1.24213	14.9881	16.2302
spk_ver/v02/v0272	SES060	-4.48761	8.00434	12.4919
spk_ver/v02/v0273	SES087	1.62244	16.6184	14.9959
spk_ver/v02/v0274	SES146	0.631248	14.1994	13.5681
spk_ver/v02/v0275	SES060	-4.42542	9.39669	13.8221
spk_ver/v02/v0276	SES002	1.82373	17.0075	15.1838
spk_ver/v02/v0277	SES060	-1.66687	14.3024	15.9693
spk_ver/v02/v0278	SES060	-4.6529	9.0907	13.7436
spk_ver/v02/v0279	SES060	-5.77322	9.73919	15.5124
spk_ver/v02/v0280	SES129	2.6709	17.1419	14.471
spk_ver/v02/v0281	SES162	1.37809	15.7812	14.4031
spk_ver/v02/v0282	SES060	-3.52788	11.0282	14.5561
spk_ver/v02/v0283	SES060	-3.23303	12.9387	16.1717
spk_ver/v02/v0284	SES062	-3.89949	8.58078	12.4803
spk_ver/v02/v0285	SES062	-5.94832	8.6897	14.638
spk_ver/v02/v0286	SES120	0.291944	13.5972	13.3053
spk_ver/v02/v0287	SES062	-4.0623	10.2966	14.3589
spk_ver/v02/v0288	SES062	-3.46554	10.9908	14.4563
spk_ver/v02/v0289	SES062	-3.57907	12.3801	15.9592
spk_ver/v02/v0290	SES062	-2.16441	13.4023	15.5667
spk_ver/v02/v0291	SES275	0.565429	14.8592	14.2938
spk_ver/v02/v0292	SES062	-2.84447	11.8604	14.7049
spk_ver/v02/v0293	SES062	-4.01333	11.1417	15.155
spk_ver/v02/v0294	SES062	-3.59944	11.599	15.1985
spk_ver/v02/v0295	SES062	-2.51416	11.8191	14.3333
spk_ver/v02/v0296	SES062	-3.45994	11.3867	14.8466
spk_ver/v02/v0297	SES062	-4.89687	9.57697	14.4738
spk_ver/v02/v0298	SES062	-2.89174	11.0129	13.9047
spk_ver/v02/v0299	SES062	-2.42941	12.908	15.3374
spk_ver/v03/v0300	SES062	-3.03911	11.5598	14.5989
spk_ver/v03/v0301	SES062	-1.91171	13.6282	15.5399
spk_ver/v03/v0302	SES172	0.485655	17.2156	16.7299
spk_ver/v03/v0303	SES062	-2.31232	12.9698	15.2821
spk_ver/v03/v0304	SES062	-3.87031	9.89233	13.7626
spk_ver/v03/v0305	SES062	-2.21476	12.4144	14.6292
spk_ver/v03/v0306	SES062	-4.20842	8.78055	12.989
spk_ver/v03/v0307	SES062	-2.96918	12.5371	15.5063
spk_ver/v03/v0308	SES062	-3.16359	10.9968	14.1604
spk_ver/v03/v0309	SES062	-3.00115	9.07388	12.075
spk_ver/v03/v0310	SES125	1.45858	18.0817	16.6232
spk_ver/v03/v0311	SES062	-2.58726	12.6969	15.2841
spk_ver/v03/v0312	SES062	-4.71334	8.99502	13.7084
spk_ver/v03/v0313	SES062	-2.82977	11.5823	14.4121
spk_ver/v03/v0314	SES068	-3.42166	11.7311	15.1527
spk_ver/v03/v0315	SES068	-2.80855	12.81	15.6186
spk_ver/v03/v0316	SES068	-2.2593	11.808	14.0673
spk_ver/v03/v0317	SES068	-1.71932	11.8148	13.5341
spk_ver/v03/v0318	SES068	-3.08104	13.3074	16.3884
spk_ver/v03/v0319	SES068	-6.35931	6.81614	13.1754
spk_ver/v03/v0320	SES068	-1.45444	13.7775	15.232
spk_ver/v03/v0321	SES068	-1.39021	12.9465	14.3367
spk_ver/v03/v0322	SES068	-1.34226	12.5829	13.9251
spk_ver/v03/v0323	SES068	-1.89027	13.7033	15.5936
spk_ver/v03/v0324	SES144	0.74166	13.8367	13.095
spk_ver/v03/v0325	SES068	-2.18887	13.5529	15.7417
spk_ver/v03/v0326	SES068	-0.756509	15.0862	15.8427
spk_ver/v03/v0327	SES068	-2.02907	13.356	15.3851
spk_ver/v03/v0328	SES068	-4.87491	8.74087	13.6158
spk_ver/v03/v0329	SES068	-2.82935	12.597	15.4263
spk_ver/v03/v0330	SES180	0.457415	15.1095	14.6521
spk_ver/v03/v0331	SES068	-0.496078	14.5138	15.0098
spk_ver/v03/v0332	SES275	1.57505	16.138	14.563
spk_ver/v03/v0333	SES062	1.6513	19.1255	17.4742
spk_ver/v03/v0334	SES270	1.23603	14.8638	13.6277
spk_ver/v03/v0335	SES068	-6.40913	6.20773	12.6169
spk_ver/v03/v0336	SES068	-1.2866	15.8205	17.1071
spk_ver/v03/v0337	SES068	-2.09789	12.0529	14.1508
spk_ver/v03/v0338	SES068	-2.6836	10.9173	13.6009
spk_ver/v03/v0339	SES068	-1.45854	13.3987	14.8573
spk_ver/v03/v0340	SES068	-1.39339	12.2003	13.5936
spk_ver/v03/v0341	SES016	1.65881	18.3221	16.6633
spk_ver/v03/v0342	SES068	-2.43176	11.4929	13.9247
spk_ver/v03/v0343	SES068	-2.31052	11.8361	14.1466
spk_ver/v03/v0344	SES125	1.5633	16.9371	15.3738
spk_ver/v03/v0345	SES187	0.888441	16.4043	15.5159
spk_ver/v03/v0346	SES068	-3.2656	12.1833	15.4489
spk_ver/v03/v0347	SES143	1.46226	15.2206	13.7584
spk_ver/v03/v0348	SES292	0.911121	15.8312	14.92
spk_ver/v03/v0349	SES082	-5.23998	10.4482	15.6882
spk_ver/v03/v0350	SES101	0.690776	16.5697	15.879
spk_ver/v03/v0351	SES082	-1.22416	13.0614	14.2856
spk_ver/v03/v0352	SES082	-1.95477	10.9043	12.8591
spk_ver/v03/v0353	SES082	-3.6086	11.2922	14.9008
spk_ver/v03/v0354	SES082	-7.9556	5.37545	13.3311
spk_ver/v03/v0355	SES083	0.822161	17.2197	16.3975
spk_ver/v03/v0356	SES082	-3.00256	10.8019	13.8045
spk_ver/v03/v0357	SES082	-5.37856	8.89293	14.2715
spk_ver/v03/v0358	SES082	-1.80556	12.6708	14.4763
spk_ver/v03/v0359	SES117	0.618689	13.4493	12.8306
spk_ver/v03/v0360	SES082	-5.64348	10.2968	15.9402
spk_ver/v03/v0361	SES082	-2.24626	12.152	14.3983
spk_ver/v03/v0362	SES007	1.49724	16.0436	14.5464
spk_ver/v03/v0363	SES082	-3.23201	11.8017	15.0338
spk_ver/v03/v0364	SES019	2.74896	17.1374	14.3885
spk_ver/v03/v0365	SES082	-1.28896	12.7962	14.0851
spk_ver/v03/v0366	SES226	2.10078	16.9747	14.8739
spk_ver/v03/v0367	SES167	2.329	18.0448	15.7157
spk_ver/v03/v0368	SES082	-3.70485	12.4439	16.1488
spk_ver/v03/v0369	SES042	3.50996	20.0793	16.5693
spk_ver/v03/v0370	SES042	2.91021	19.1893	16.2791
spk_ver/v03/v0371	SES082	-5.5407	9.34857	14.8893
spk_ver/v03/v0372	SES082	-1.60774	13.9665	15.5742
spk_ver/v03/v0373	SES082	-5.39488	10.0121	15.4069
spk_ver/v03/v0374	SES083	-2.01832	14.8519	16.8702
spk_ver/v03/v0375	SES292	0.0998783	15.5554	15.4556
spk_ver/v03/v0376	SES083	-3.16714	12.2784	15.4456
spk_ver/v03/v0377	SES083	-4.20249	9.68094	13.8834
spk_ver/v03/v0378	SES083	-0.876465	13.2543	14.1308
spk_ver/v03/v0379	SES083	-1.31047	13.2839	14.5943
spk_ver/v03/v0380	SES083	-2.54894	12.1502	14.6991
spk_ver/v03/v0381	SES083	-3.64077	11.0707	14.7115
spk_ver/v03/v0382	SES148	0.197635	16.1011	15.9035
spk_ver/v03/v0383	SES083	-1.68674	14.0739	15.7607
spk_ver/v03/v0384	SES226	2.1304	17.2143	15.0839
spk_ver/v03/v0385	SES226	2.5157	17.9322	15.4165
spk_ver/v03/v0386	SES087	1.58439	16.539	14.9546
spk_ver/v03/v0387	SES029	1.28625	16.5727	15.2865
spk_ver/v03/v0388	SES147	1.30005	15.4637	14.1637
spk_ver/v03/v0389	SES083	-4.05702	9.26927	13.3263
spk_ver/v03/v0390	SES189	1.83293	16.1091	14.2762
spk_ver/v03/v0391	SES083	-1.5218	13.8244	15.3462
spk_ver/v03/v0392	SES083	-1.05147	15.1708	16.2223
spk_ver/v03/v0393	SES083	-3.21148	11.9394	15.1509
spk_ver/v03/v0394	SES083	-3.33526	10.7408	14.076
spk_ver/v03/v0395	SES083	-1.76705	14.2213	15.9884
spk_ver/v03/v0396	SES014	3.01969	20.5227	17.503
spk_ver/v03/v0397	SES085	-0.804436	16.7985	17.603
spk_ver/v03/v0398	SES085	-1.97619	14.4719	16.4481
spk_ver/v03/v0399	SES085	-2.58647	12.519	15.1055
spk_ver/v04/v0400	SES106	1.92767	17.2238	15.2961
spk_ver/v04/v0401	SES085	-3.96467	10.7185	14.6832
spk_ver/v04/v0402	SES085	-7.30066	4.54548	11.8461
spk_ver/v04/v0403	SES085	-0.455499	15.2532	15.7087
spk_ver/v04/v0404	SES180	1.27693	16.4811	15.2041
spk_ver/v04/v0405	SES129	1.99861	17.3139	15.3153
spk_ver/v04/v0406	SES085	-5.54139	9.424	14.9654
spk_ver/v04/v0407	SES146	0.0766621	13.5897	13.513
spk_ver/v04/v0408	SES085	-1.36323	14.613	15.9762
spk_ver/v04/v0409	SES085	-3.66566	10.6446	14.3103
spk_ver/v04/v0410	SES085	-3.03566	12.8965	15.9321
spk_ver/v04/v0411	SES292	0.567075	15.1302	14.5632
spk_ver/v04/v0412	SES085	-1.53397	14.969	16.5029
spk_ver/v04/v0413	SES125	2.06294	18.029	15.966
spk_ver/v04/v0414	SES085	-2.42103	11.7346	14.1557
spk_ver/v04/v0415	SES085	-2.07802	13.9843	16.0623
spk_ver/v04/v0416	SES085	-1.44338	13.8932	15.3366
spk_ver/v04/v0417	SES062	1.43017	18.7534	17.3232
spk_ver/v04/v0418	SES060	1.71551	17.0774	15.3618
spk_ver/v04/v0419	SES085	-1.14903	14.3126	15.4616
spk_ver/v04/v0420	SES085	-5.65913	9.48138	15.1405
spk_ver/v04/v0421	SES085	-5.25378	7.50916	12.7629
spk_ver/v04/v0422	SES085	-0.886361	12.4983	13.3846
spk_ver/v04/v0423	SES085	-4.98087	9.40352	14.3844
spk_ver/v04/v0424	SES085	-4.30482	8.20884	12.5137
spk_ver/v04/v0425	SES183	0.485879	14.8852	14.3993
spk_ver/v04/v0426	SES085	-4.27731	9.99856	14.2759
spk_ver/v04/v0427	SES087	-2.06748	11.5969	13.6644
spk_ver/v04/v0428	SES162	0.648172	15.6897	15.0415
spk_ver/v04/v0429	SES087	-1.64144	13.6141	15.2556
spk_ver/v04/v0430	SES087	-5.06406	10.6287	15.6928
spk_ver/v04/v0431	SES087	-4.00078	9.87057	13.8714
spk_ver/v04/v0432	SES087	-4.01247	9.81159	13.8241
spk_ver/v04/v0433	SES087	-3.8013	12.4473	16.2486
spk_ver/v04/v0434	SES142	2.53549	16.3498	13.8143
spk_ver/v04/v0435	SES087	-4.139	9.85665	13.9956
spk_ver/v04/v0436	SES099	1.90902	17.3873	15.4782
spk_ver/v04/v0437	SES087	-1.26194	14.8932	16.1551
spk_ver/v04/v0438	SES087	-4.733	10.1688	14.9018
spk_ver/v04/v0439	SES087	-1.85229	14.1877	16.04
spk_ver/v04/v0440	SES087	-2.93566	12.943	15.8787
spk_ver/v04/v0441	SES087	-4.79271	9.75761	14.5503
spk_ver/v04/v0442	SES187	1.82547	16.212	14.3866
spk_ver/v04/v0443	SES172	1.43011	17.1244	15.6943
spk_ver/v04/v0444	SES087	-2.60538	11.6372	14.2426
spk_ver/v04/v0445	SES087	-2.34212	12.8486	15.1907
spk_ver/v04/v0446	SES087	-0.975349	14.4986	15.474
spk_ver/v04/v0447	SES087	-1.7559	13.9387	15.6946
spk_ver/v04/v0448	SES106	2.38029	15.4445	13.0642
spk_ver/v04/v0449	SES146	1.11178	14.9849	13.8732
spk_ver/v04/v0450	SES087	-4.76111	9.73603	14.4971
spk_ver/v04/v0451	SES087	-1.94418	12.9466	14.8908
spk_ver/v04/v0452	SES007	1.42465	15.5146	14.0899
spk_ver/v04/v0453	SES087	-2.5565	11.4377	13.9942
spk_ver/v04/v0454	SES087	-5.85738	8.84027	14.6976
spk_ver/v04/v0455	SES180	1.00962	15.6899	14.6803
spk_ver/v04/v0456	SES099	-5.03866	9.79711	14.8358
spk_ver/v04/v0457	SES042	2.00887	17.8879	15.879
spk_ver/v04/v0458	SES099	-0.960706	13.6783	14.639
spk_ver/v04/v0459	SES099	-5.06508	10.1852	15.2502
spk_ver/v04/v0460	SES099	-4.4328	9.18252	13.6153
spk_ver/v04/v0461	SES099	-2.97278	13.1975	16.1703
spk_ver/v04/v0462	SES082	2.32023	18.1212	15.8009
spk_ver/v04/v0463	SES099	-0.549395	14.4247	14.9741
spk_ver/v04/v0464	SES099	0.227294	15.4588	15.2315
spk_ver/v04/v0465	SES099	-5.32465	9.70862	15.0333
spk_ver/v04/v0466	SES099	-1.16886	14.0648	15.2336
spk_ver/v04/v0467	SES099	-0.148266	14.2405	14.3888
spk_ver/v04/v0468	SES129	2.12584	17.3907	15.2649
spk_ver/v04/v0469	SES101	0.545549	15.2688	14.7233
spk_ver/v04/v0470	SES099	-4.58901	9.48333	14.0723
spk_ver/v04/v0471	SES172	1.69011	16.7363	15.0462
spk_ver/v04/v0472	SES099	-0.248013	13.6032	13.8512
spk_ver/v04/v0473	SES270	3.35608	17.3453	13.9892
spk_ver/v04/v0474	SES099	-4.38766	11.4704	15.8581
spk_ver/v04/v0475	SES099	-2.36789	13.7796	16.1475
spk_ver/v04/v0476	SES099	-3.92105	8.79271	12.7138
spk_ver/v04/v0477	SES002	1.82941	17.6961	15.8667
spk_ver/v04/v0478	SES099	-0.63773	14.2144	14.8521
spk_ver/v04/v0479	SES007	-0.190851	14.2193	14.4102
spk_ver/v04/v0480	SES101	-5.93351	9.8407	15.7742
spk_ver/v04/v0481	SES101	-3.17554	10.7045	13.8801
spk_ver/v04/v0482	SES175	0.342471	14.7705	14.428
spk_ver/v04/v0483	SES101	-3.72913	10.8833	14.6124
spk_ver/v04/v0484	SES101	-5.74983	11.9212	17.671
spk_ver/v04/v0485	SES101	-1.21264	13.0933	14.306
spk_ver/v04/v0486	SES101	-2.08284	11.373	13.4558
spk_ver/v04/v0487	SES101	-1.0841	14.4033	15.4874
spk_ver/v04/v0488	SES101	-7.06861	6.96834	14.0369
spk_ver/v04/v0489	SES147	1.56706	13.59	12.0229
spk_ver/v04/v0490	SES085	-0.856947	13.5992	14.4562
spk_ver/v04/v0491	SES101	-3.09986	10.7094	13.8092
spk_ver/v04/v0492	SES101	-4.99735	7.6097	12.6071
spk_ver/v04/v0493	SES101	-3.74047	12.6118	16.3523
spk_ver/v04/v0494	SES101	-1.82872	12.7086	14.5373
spk_ver/v04/v0495	SES101	-1.58557	15.1855	16.771
spk_ver/v04/v0496	SES101	-2.4644	13.1372	15.6016
spk_ver/v04/v0497	SES014	2.92859	20.3316	17.403
spk_ver/v04/v0498	SES101	-3.27534	11.5072	14.7826
spk_ver/v04/v0499	SES101	-3.1804	12.6322	15.8126
spk_ver/v05/v0500	SES085	0.832705	17.676	16.8433
spk_ver/v05/v0501	SES101	-5.72128	9.78003	15.5013
spk_ver/v05/v0502	SES275	1.07167	15.0415	13.9698
spk_ver/v05/v0503	SES117	1.06991	15.0874	14.0175
spk_ver/v05/v0504	SES101	-5.09634	9.81675	14.9131
spk_ver/v05/v0505	SES101	-2.56539	12.1786	14.744
spk_ver/v05/v0506	SES101	-2.22699	12.3234	14.5504
spk_ver/v05/v0507	SES048	1.36764	17.7009	16.3333
spk_ver/v05/v0508	SES117	0.49645	13.9331	13.4367
spk_ver/v05/v0509	SES202	2.27879	15.9296	13.6508
spk_ver/v05/v0510	SES104	-3.1505	9.60586	12.7564
spk_ver/v05/v0511	SES008	1.53659	15.2296	13.693
spk_ver/v05/v0512	SES104	-1.83831	11.5323	13.3706
spk_ver/v05/v0513	SES104	-2.77309	12.9801	15.7532
spk_ver/v05/v0514	SES104	-5.28984	10.6043	15.8941
spk_ver/v05/v0515	SES104	-7.10266	8.83423	15.9369
spk_ver/v05/v0516	SES104	-3.71078	8.12729	11.8381
spk_ver/v05/v0517	SES060	0.983274	18.4774	17.4941
spk_ver/v05/v0518	SES104	-5.73179	8.47271	14.2045
spk_ver/v05/v0519	SES104	-7.01915	6.42107	13.4402
spk_ver/v05/v0520	SES104	-0.879369	15.7535	16.6329
spk_ver/v05/v0521	SES008	1.40108	17.7998	16.3988
spk_ver/v05/v0522	SES068	1.2637	16.9977	15.734
spk_ver/v05/v0523	SES087	1.69499	17.6543	15.9593
spk_ver/v05/v0524	SES104	-1.60905	12.6469	14.2559
spk_ver/v05/v0525	SES104	-0.660319	14.0192	14.6796
spk_ver/v05/v0526	SES104	-1.69263	13.483	15.1756
spk_ver/v05/v0527	SES083	0.905859	16.2941	15.3882
spk_ver/v05/v0528	SES148	1.68093	15.548	13.867
spk_ver/v05/v0529	SES104	-3.41957	10.7984	14.2179
spk_ver/v05/v0530	SES104	-6.38798	8.60351	14.9915
spk_ver/v05/v0531	SES125	1.33133	16.4691	15.1378
spk_ver/v05/v0532	SES104	-6.93751	7.33687	14.2744
spk_ver/v05/v0533	SES149	2.68502	19.6099	16.9249
spk_ver/v05/v0534	SES104	-4.97899	10.4034	15.3824
spk_ver/v05/v0535	SES187	0.803342	14.7594	13.9561
spk_ver/v05/v0536	SES104	-2.28869	12.8075	15.0961
spk_ver/v05/v0537	SES104	-2.47565	11.4339	13.9096
spk_ver/v05/v0538	SES167	1.95548	17.2809	15.3254
spk_ver/v05/v0539	SES104	-1.87963	10.2558	12.1355
spk_ver/v05/v0540	SES104	-7.11426	10.3764	17.4907
spk_ver/v05/v0541	SES183	1.52639	14.7739	13.2475
spk_ver/v05/v0542	SES104	-2.05527	12.2282	14.2835
spk_ver/v05/v0543	SES104	-7.51791	8.41736	15.9353
spk_ver/v05/v0544	SES105	-4.81331	10.7115	15.5248
spk_ver/v05/v0545	SES105	-3.00254	11.5922	14.5947
spk_ver/v05/v0546	SES105	-3.82055	10.7262	14.5468
spk_ver/v05/v0547	SES105	-3.95527	9.85773	13.813
spk_ver/v05/v0548	SES019	3.25709	17.1396	13.8825
spk_ver/v05/v0549	SES105	-2.32707	12.7421	15.0692
spk_ver/v05/v0550	SES105	-4.00363	9.61974	13.6234
spk_ver/v05/v0551	SES202	2.05347	14.3622	12.3087
spk_ver/v05/v0552	SES105	-4.69071	10.4538	15.1445
spk_ver/v05/v0553	SES105	-1.74817	13.7715	15.5197
spk_ver/v05/v0554	SES105	-2.05294	13.8319	15.8848
spk_ver/v05/v0555	SES105	-3.74833	10.0182	13.7666
spk_ver/v05/v0556	SES082	1.01114	16.6172	15.6061
spk_ver/v05/v0557	SES105	-4.79731	10.7667	15.564
spk_ver/v05/v0558	SES014	1.73468	17.9215	16.1868
spk_ver/v05/v0559	SES105	-2.63801	12.968	15.606
spk_ver/v05/v0560	SES177	0.255602	15.7	15.4444
spk_ver/v05/v0561	SES189	3.41213	11.9844	8.57231
spk_ver/v05/v0562	SES105	-3.7836	9.67762	13.4612
spk_ver/v05/v0563	SES099	1.76771	15.2248	13.4571
spk_ver/v05/v0564	SES105	-2.07936	13.7012	15.7806
spk_ver/v05/v0565	SES105	-4.26501	10.0561	14.3211
spk_ver/v05/v0566	SES105	-5.26983	9.17073	14.4406
spk_ver/v05/v0567	SES142	2.19781	15.5357	13.3379
spk_ver/v05/v0568	SES048	0.596651	14.8544	14.2577
spk_ver/v05/v0569	SES105	-4.87786	10.947	15.8248
spk_ver/v05/v0570	SES105	-1.92858	13.2794	15.208
spk_ver/v05/v0571	SES105	-3.27827	11.0822	14.3605
spk_ver/v05/v0572	SES105	-5.11803	7.77373	12.8918
spk_ver/v05/v0573	SES105	-5.95628	7.91531	13.8716
spk_ver/v05/v0574	SES105	-1.01818	14.1873	15.2055
spk_ver/v05/v0575	SES105	-0.744988	13.9906	14.7356
spk_ver/v05/v0576	SES106	-4.34048	9.58319	13.9237
spk_ver/v05/v0577	SES106	-5.44286	8.89291	14.3358
spk_ver/v05/v0578	SES106	-4.30634	11.2679	15.5743
spk_ver/v05/v0579	SES106	-5.16343	9.78089	14.9443
spk_ver/v05/v0580	SES106	-2.21476	14.1062	16.3209
spk_ver/v05/v0581	SES106	-7.15648	7.73264	14.8891
spk_ver/v05/v0582	SES106	-1.89163	11.4492	13.3409
spk_ver/v05/v0583	SES106	-1.44547	14.4487	15.8942
spk_ver/v05/v0584	SES106	-4.50819	9.00791	13.5161
spk_ver/v05/v0585	SES106	-0.418187	11.6008	12.0189
spk_ver/v05/v0586	SES106	-4.37665	9.89137	14.268
spk_ver/v05/v0587	SES106	-3.04425	10.1063	13.1506
spk_ver/v05/v0588	SES106	-5.31544	10.3839	15.6993
spk_ver/v05/v0589	SES106	-5.57944	10.4109	15.9903
spk_ver/v05/v0590	SES082	0.763196	15.3611	14.5979
spk_ver/v05/v0591	SES180	1.00114	16.1215	15.1204
spk_ver/v05/v0592	SES106	-2.2571	12.0929	14.35
spk_ver/v05/v0593	SES106	-6.15354	7.87048	14.024
spk_ver/v05/v0594	SES292	0.873466	16.3572	15.4837
spk_ver/v05/v0595	SES106	-1.38213	13.3133	14.6954
spk_ver/v05/v0596	SES106	-5.60523	9.55576	15.161
spk_ver/v05/v0597	SES106	-6.39654	8.30851	14.7051
spk_ver/v05/v0598	SES042	2.04943	17.7594	15.71
spk_ver/v05/v0599	SES106	-5.89232	7.92008	13.8124
spk_ver/v06/v0600	SES106	-0.407555	12.1404	12.548
spk_ver/v06/v0601	SES106	-2.16663	11.6796	13.8463
spk_ver/v06/v0602	SES106	-3.99687	11.0084	15.0053
spk_ver/v06/v0603	SES106	-4.98267	9.59685	14.5795
spk_ver/v06/v0604	SES106	-4.32167	10.1111	14.4328
spk_ver/v06/v0605	SES106	-5.81177	8.0342	13.846
spk_ver/v06/v0606	SES048	1.89491	17.7144	15.8195
spk_ver/v06/v0607	SES167	2.57801	18.7046	16.1266
spk_ver/v06/v0608	SES106	-4.43534	10.0401	14.4754
spk_ver/v06/v0609	SES143	1.52137	15.868	14.3466
spk_ver/v06/v0610	SES106	-8.51405	4.97642	13.4905
spk_ver/v06/v0611	SES106	-3.67901	10.9844	14.6634
spk_ver/v06/v0612	SES106	-5.88457	7.89261	13.7772
spk_ver/v06/v0613	SES117	-1.39656	14.4764	15.8729
spk_ver/v06/v0614	SES117	-3.70137	11.3184	15.0197
spk_ver/v06/v0615	SES117	-2.32776	12.1384	14.4661
spk_ver/v06/v0616	SES106	2.31774	18.8432	16.5255
spk_ver/v06/v0617	SES142	3.03762	14.6793	11.6417
spk_ver/v06/v0618	SES048	2.02343	17.676	15.6526
spk_ver/v06/v0619	SES175	0.782641	15.1166	14.334
spk_ver/v06/v0620	SES180	0.852909	16.7969	15.944
spk_ver/v06/v0621	SES117	-1.09183	11.7224	12.8143
spk_ver/v06/v0622	SES029	0.768844	15.9467	15.1778
spk_ver/v06/v0623	SES117	-1.73212	13.2427	14.9749
spk_ver/v06/v0624	SES117	-3.95683	10.2563	14.2131
spk_ver/v06/v0625	SES117	-2.13853	11.4064	13.5449
spk_ver/v06/v0626	SES106	1.64458	16.795	15.1505
spk_ver/v06/v0627	SES226	2.72029	18.2918	15.5715
spk_ver/v06/v0628	SES117	-1.01667	14.2065	15.2232
spk_ver/v06/v0629	SES117	-3.16699	13.5107	16.6777
spk_ver/v06/v0630	SES117	-3.89473	10.7306	14.6254
spk_ver/v06/v0631	SES117	-4.45415	7.76161	12.2158
spk_ver/v06/v0632	SES117	-1.72503	14.3031	16.0281
spk_ver/v06/v0633	SES099	2.86478	17.1253	14.2605
spk_ver/v06/v0634	SES105	2.44108	16.3966	13.9555
spk_ver/v06/v0635	SES167	0.392529	16.0783	15.6858
spk_ver/v06/v0636	SES117	-1.32388	13.6544	14.9783
spk_ver/v06/v0637	SES202	1.87541	15.3157	13.4403
spk_ver/v06/v0638	SES117	-2.60795	12.5754	15.1834
spk_ver/v06/v0639	SES167	1.13999	14.9175	13.7775
spk_ver/v06/v0640	SES117	-1.49073	13.4913	14.982
spk_ver/v06/v0641	SES117	-3.28326	11.65	14.9333
spk_ver/v06/v0642	SES101	1.21848	16.9744	15.756
spk_ver/v06/v0643	SES068	1.30879	17.102	15.7932
spk_ver/v06/v0644	SES120	-3.2688	10.1734	13.4422
spk_ver/v06/v0645	SES120	-1.59067	12.5125	14.1031
spk_ver/v06/v0646	SES172	0.602228	15.4759	14.8737
spk_ver/v06/v0647	SES120	-3.3186	12.571	15.8896
spk_ver/v06/v0648	SES120	-0.73706	15.1706	15.9077
spk_ver/v06/v0649	SES120	-2.58853	9.59457	12.1831
spk_ver/v06/v0650	SES087	1.79036	16.8345	15.0442
spk_ver/v06/v0651	SES120	-1.76886	12.6366	14.4055
spk_ver/v06/v0652	SES104	0.854643	14.2175	13.3628
spk_ver/v06/v0653	SES129	1.6806	17.5338	15.8532
spk_ver/v06/v0654	SES120	-3.41379	10.7952	14.209
spk_ver/v06/v0655	SES120	-1.74792	11.1301	12.878
spk_ver/v06/v0656	SES120	-1.72491	13.6342	15.3591
spk_ver/v06/v0657	SES147	0.524398	13.7573	13.2329
spk_ver/v06/v0658	SES120	-2.88443	11.5423	14.4267
spk_ver/v06/v0659	SES120	-2.29905	13.2784	15.5775
spk_ver/v06/v0660	SES120	-1.25477	13.9179	15.1727
spk_ver/v06/v0661	SES120	-1.99193	11.0281	13.02
spk_ver/v06/v0662	SES120	-1.68922	14.3287	16.0179
spk_ver/v06/v0663	SES120	-1.81307	11.1443	12.9574
spk_ver/v06/v0664	SES147	1.12582	15.7451	14.6193
spk_ver/v06/v0665	SES162	1.61689	16.1179	14.501
spk_ver/v06/v0666	SES120	-2.13418	13.4183	15.5525
spk_ver/v06/v0667	SES120	-1.22873	14.3721	15.6008
spk_ver/v06/v0668	SES120	1.31336	16.1956	14.8822
spk_ver/v06/v0669	SES142	2.32079	16.1028	13.7821
spk_ver/v06/v0670	SES106	2.84522	18.1092	15.264
spk_ver/v06/v0671	SES183	1.97329	15.2842	13.3109
spk_ver/v06/v0672	SES120	-1.60123	12.0983	13.6996
spk_ver/v06/v0673	SES029	0.235352	15.4292	15.1938
spk_ver/v06/v0674	SES120	-1.5805	12.8403	14.4208
spk_ver/v06/v0675	SES008	2.30595	17.8346	15.5287
spk_ver/v06/v0676	SES125	-4.92364	7.70363	12.6273
spk_ver/v06/v0677	SES143	1.22032	14.8108	13.5905
spk_ver/v06/v0678	SES125	-5.28092	8.13676	13.4177
spk_ver/v06/v0679	SES162	0.758736	15.042	14.2833
spk_ver/v06/v0680	SES125	-3.45615	11.614	15.0702
spk_ver/v06/v0681	SES125	-2.94426	11.5629	14.5071
spk_ver/v06/v0682	SES125	-5.2464	11.3393	16.5857
spk_ver/v06/v0683	SES226	1.39827	16.7085	15.3103
spk_ver/v06/v0684	SES125	-3.63602	10.1195	13.7555
spk_ver/v06/v0685	SES125	-5.42302	8.48912	13.9121
spk_ver/v06/v0686	SES120	1.29754	16.8967	15.5991
spk_ver/v06/v0687	SES125	-4.44091	8.22081	12.6617
spk_ver/v06/v0688	SES158	1.84116	15.711	13.8699
spk_ver/v06/v0689	SES125	-6.59133	8.19028	14.7816
spk_ver/v06/v0690	SES105	2.13071	16.0896	13.9589
spk_ver/v06/v0691	SES125	-2.18089	12.086	14.2669
spk_ver/v06/v0692	SES125	-2.65047	12.5996	15.2501
spk_ver/v06/v0693	SES180	1.75856	16.7331	14.9746
spk_ver/v06/v0694	SES125	-6.84893	8.3227	15.1716
spk_ver/v06/v0695	SES125	-3.71832	11.9726	15.6909
spk_ver/v06/v0696	SES125	-6.60091	10.0859	16.6868
spk_ver/v06/v0697	SES125	-6.52655	7.36991	13.8965
spk_ver/v06/v0698	SES083	0.523554	17.0767	16.5531
spk_ver/v06/v0699	SES125	-4.41161	10.6969	15.1085
spk_ver/v07/v0700	SES014	2.35128	19.377	17.0257
spk_ver/v07/v0701	SES125	-4.7754	12.0893	16.8647
spk_ver/v07/v0702	SES127	-1.74952	14.0147	15.7642
spk_ver/v07/v0703	SES127	-0.96701	12.2014	13.1684
spk_ver/v07/v0704	SES206	1.71917	17.592	15.8728
spk_ver/v07/v0705	SES127	-2.89691	11.9274	14.8243
spk_ver/v07/v0706	SES127	-1.9194	14.5109	16.4303
spk_ver/v07/v0707	SES127	-4.60148	10.6462	15.2477
spk_ver/v07/v0708	SES275	0.705135	15.9856	15.2804
spk_ver/v07/v0709	SES127	-3.55685	11.6058	15.1626
spk_ver/v07/v0710	SES105	1.27051	15.1166	13.8461
spk_ver/v07/v0711	SES127	-2.67794	11.0512	13.7292
spk_ver/v07/v0712	SES127	-2.43451	12.0445	14.479
spk_ver/v07/v0713	SES127	-2.86627	10.4001	13.2664
spk_ver/v07/v0714	SES019	4.56992	17.4612	12.8913
spk_ver/v07/v0715	SES127	-5.09116	7.92773	13.0189
spk_ver/v07/v0716	SES148	1.2851	15.3214	14.0363
spk_ver/v07/v0717	SES162	1.31582	16.6613	15.3455
spk_ver/v07/v0718	SES189	0.81034	14.6433	13.833
spk_ver/v07/v0719	SES149	0.840431	17.436	16.5956
spk_ver/v07/v0720	SES175	1.14256	16.1391	14.9965
spk_ver/v07/v0721	SES127	-3.55888	11.3623	14.9212
spk_ver/v07/v0722	SES127	-1.19346	13.573	14.7665
spk_ver/v07/v0723	SES127	-2.71729	12.4907	15.208
spk_ver/v07/v0724	SES127	-2.07612	13.9935	16.0696
spk_ver/v07/v0725	SES127	-2.66587	11.6167	14.2825
spk_ver/v07/v0726	SES259	2.58657	18.1003	15.5137
spk_ver/v07/v0727	SES127	-2.18135	12.5458	14.7271
spk_ver/v07/v0728	SES127	-0.938317	15.6092	16.5475
spk_ver/v07/v0729	SES127	-5.2187	8.46328	13.682
spk_ver/v07/v0730	SES127	-2.82287	10.4609	13.2838
spk_ver/v07/v0731	SES129	-2.05122	14.5033	16.5545
spk_ver/v07/v0732	SES129	-1.84938	12.5984	14.4478
spk_ver/v07/v0733	SES129	-4.56013	8.6166	13.1767
spk_ver/v07/v0734	SES129	-7.13896	6.50504	13.644
spk_ver/v07/v0735	SES183	0.795339	15.2593	14.464
spk_ver/v07/v0736	SES129	-2.97094	11.2838	14.2547
spk_ver/v07/v0737	SES129	-2.77357	11.738	14.5115
spk_ver/v07/v0738	SES129	-5.49336	8.67258	14.1659
spk_ver/v07/v0739	SES129	-3.44024	10.7421	14.1823
spk_ver/v07/v0740	SES167	-0.181306	15.8041	15.9854
spk_ver/v07/v0741	SES129	-2.58737	11.0811	13.6685
spk_ver/v07/v0742	SES129	-3.56354	13.793	17.3565
spk_ver/v07/v0743	SES129	-2.83266	12.6106	15.4433
spk_ver/v07/v0744	SES129	-4.49813	8.63055	13.1287
spk_ver/v07/v0745	SES180	1.99096	17.0257	15.0347
spk_ver/v07/v0746	SES129	-1.94274	14.3392	16.2819
spk_ver/v07/v0747	SES292	0.115999	15.9343	15.8183
spk_ver/v07/v0748	SES202	1.65795	14.6248	12.9669
spk_ver/v07/v0749	SES270	0.942111	15.6349	14.6928
spk_ver/v07/v0750	SES129	-4.14533	13.1915	17.3368
spk_ver/v07/v0751	SES129	-4.97041	11.3302	16.3007
spk_ver/v07/v0752	SES060	0.583213	15.6317	15.0485
spk_ver/v07/v0753	SES129	-2.99687	11.5853	14.5822
spk_ver/v07/v0754	SES129	-5.28656	6.9556	12.2422
spk_ver/v07/v0755	SES129	-4.36896	10.6035	14.9724
spk_ver/v07/v0756	SES175	0.803934	14.7721	13.9682
spk_ver/v07/v0757	SES129	-3.79282	9.16376	12.9566
spk_ver/v07/v0758	SES129	-4.60442	8.27354	12.878
spk_ver/v07/v0759	SES129	-4.45091	11.3476	15.7986
spk_ver/v07/v0760	SES129	-3.29287	12.5688	15.8617
spk_ver/v07/v0761	SES129	-3.65073	12.8956	16.5464
spk_ver/v07/v0762	SES172	0.761159	16.0098	15.2486
spk_ver/v07/v0763	SES129	-4.57762	8.12154	12.6992
spk_ver/v07/v0764	SES129	-3.55046	12.3315	15.8819
spk_ver/v07/v0765	SES175	0.86593	15.5723	14.7064
spk_ver/v07/v0766	SES129	-3.97609	12.5142	16.4903
spk_ver/v07/v0767	SES129	-2.88136	11.2502	14.1316
spk_ver/v07/v0768	SES042	2.5148	18.5429	16.028
spk_ver/v07/v0769	SES099	1.7285	15.6643	13.9358
spk_ver/v07/v0770	SES142	-3.42591	10.7213	14.1472
spk_ver/v07/v0771	SES142	-2.27277	13.5114	15.7842
spk_ver/v07/v0772	SES101	1.48137	17.9457	16.4643
spk_ver/v07/v0773	SES142	-7.566	5.65709	13.2231
spk_ver/v07/v0774	SES142	-5.41929	7.61746	13.0367
spk_ver/v07/v0775	SES142	-2.2901	12.8281	15.1182
spk_ver/v07/v0776	SES142	-3.21579	13.4037	16.6195
spk_ver/v07/v0777	SES142	-4.99596	9.2729	14.2689
spk_ver/v07/v0778	SES142	-1.78634	11.4614	13.2478
spk_ver/v07/v0779	SES142	-9.15218	5.55459	14.7068
spk_ver/v07/v0780	SES142	-4.45297	6.99831	11.4513
spk_ver/v07/v0781	SES142	-8.76308	5.95232	14.7154
spk_ver/v07/v0782	SES101	0.954429	15.7	14.7456
spk_ver/v07/v0783	SES142	-4.83553	9.22132	14.0568
spk_ver/v07/v0784	SES187	1.42542	15.7006	14.2752
spk_ver/v07/v0785	SES143	0.928105	12.8576	11.9295
spk_ver/v07/v0786	SES142	-4.36237	11.7702	16.1325
spk_ver/v07/v0787	SES144	0.82183	15.7192	14.8973
spk_ver/v07/v0788	SES275	0.688737	14.9513	14.2625
spk_ver/v07/v0789	SES142	-3.20351	11.8136	15.0171
spk_ver/v07/v0790	SES099	2.47091	17.9833	15.5124
spk_ver/v07/v0791	SES142	-6.68157	7.11121	13.7928
spk_ver/v07/v0792	SES142	-4.5188	13.2921	17.8109
spk_ver/v07/v0793	SES142	-6.50588	7.93355	14.4394
spk_ver/v07/v0794	SES014	1.95813	18.4389	16.4808
spk_ver/v07/v0795	SES142	-6.79128	8.55379	15.3451
spk_ver/v07/v0796	SES142	-3.95082	11.9096	15.8604
spk_ver/v07/v0797	SES143	-1.09382	14.2401	15.334
spk_ver/v07/v0798	SES206	1.58478	18.1766	16.5919
spk_ver/v07/v0799	SES143	-3.03882	8.86822	11.907
spk_ver/v08/v0800	SES143	-1.08154	12.8932	13.9748
spk_ver/v08/v0801	SES143	-1.84042	14.5865	16.4269
spk_ver/v08/v0802	SES143	-2.22202	10.7675	12.9896
spk_ver/v08/v0803	SES143	-1.99761	12.0402	14.0378
spk_ver/v08/v0804	SES143	-2.28031	10.2036	12.4839
spk_ver/v08/v0805	SES143	-2.7089	11.051	13.7599
spk_ver/v08/v0806	SES143	-2.81715	10.551	13.3681
spk_ver/v08/v0807	SES177	-0.000907898	14.3896	14.3905
spk_ver/v08/v0808	SES149	1.10681	17.3375	16.2307
spk_ver/v08/v0809	SES143	-4.42788	11.0261	15.454
spk_ver/v08/v0810	SES158	1.77855	15.6286	13.8501
spk_ver/v08/v0811	SES143	-2.00892	11.064	13.0729
spk_ver/v08/v0812	SES062	1.96186	19.4561	17.4942
spk_ver/v08/v0813	SES259	2.41524	18.1987	15.7834
spk_ver/v08/v0814	SES143	-4.08759	11.9405	16.0281
spk_ver/v08/v0815	SES143	-2.59907	11.8435	14.4425
spk_ver/v08/v0816	SES143	-1.42562	13.8697	15.2953
spk_ver/v08/v0817	SES144	0.45687	15.7382	15.2813
spk_ver/v08/v0818	SES143	-2.07579	12.7393	14.8151
spk_ver/v08/v0819	SES143	-2.64241	12.642	15.2844
spk_ver/v08/v0820	SES143	-1.72061	14.1799	15.9005
spk_ver/v08/v0821	SES143	-2.10162	12.7858	14.8874
spk_ver/v08/v0822	SES143	-3.35749	11.5421	14.8996
spk_ver/v08/v0823	SES104	2.12674	17.9248	15.7981
spk_ver/v08/v0824	SES143	-4.11218	11.1072	15.2194
spk_ver/v08/v0825	SES143	-2.50538	11.8941	14.3995
spk_ver/v08/v0826	SES144	-3.69426	11.2139	14.9082
spk_ver/v08/v0827	SES144	-1.83457	13.3391	15.1737
spk_ver/v08/v0828	SES144	-0.986736	15.0013	15.9881
spk_ver/v08/v0829	SES172	0.911016	15.5821	14.6711
spk_ver/v08/v0830	SES144	-0.442963	13.8923	14.3352
spk_ver/v08/v0831	SES183	1.39518	15.8872	14.492
spk_ver/v08/v0832	SES144	-4.62772	9.21679	13.8445
spk_ver/v08/v0833	SES144	-4.41074	11.0777	15.4884
spk_ver/v08/v0834	SES144	-1.16161	13.2685	14.4301
spk_ver/v08/v0835	SES144	-2.97065	11.2931	14.2638
spk_ver/v08/v0836	SES144	-2.34014	12.6027	14.9428
spk_ver/v08/v0837	SES144	-2.23235	14.4234	16.6557
spk_ver/v08/v0838	SES144	-3.21993	11.2066	14.4265
spk_ver/v08/v0839	SES085	0.598392	16.5761	15.9777
spk_ver/v08/v0840	SES144	-0.600809	14.1614	14.7622
spk_ver/v08/v0841	SES144	-4.06318	7.9273	11.9905
spk_ver/v08/v0842	SES144	-3.80088	11.7977	15.5985
spk_ver/v08/v0843	SES144	-0.958639	14.4772	15.4359
spk_ver/v08/v0844	SES144	-2.89492	12.2848	15.1797
spk_ver/v08/v0845	SES144	-3.10705	14.1533	17.2604
spk_ver/v08/v0846	SES104	1.29141	16.3599	15.0685
spk_ver/v08/v0847	SES144	-3.40706	11.312	14.719
spk_ver/v08/v0848	SES144	-2.50012	11.2863	13.7864
spk_ver/v08/v0849	SES144	-5.79894	9.07192	14.8709
spk_ver/v08/v0850	SES144	-3.5144	12.0365	15.5509
spk_ver/v08/v0851	SES144	-2.04205	12.9579	15
spk_ver/v08/v0852	SES144	-0.855021	15.2424	16.0975
spk_ver/v08/v0853	SES144	-4.90892	9.56915	14.4781
spk_ver/v08/v0854	SES144	-1.73057	13.7144	15.445
spk_ver/v08/v0855	SES144	-0.0253372	16.3212	16.3465
spk_ver/v08/v0856	SES082	-0.129422	12.6655	12.7949
spk_ver/v08/v0857	SES142	2.86732	17.0978	14.2305
spk_ver/v08/v0858	SES144	-0.675644	12.7734	13.449
spk_ver/v08/v0859	SES144	-1.37889	13.1418	14.5207
spk_ver/v08/v0860	SES146	-4.30287	10.0963	14.3991
spk_ver/v08/v0861	SES146	-4.12859	10.0842	14.2128
spk_ver/v08/v0862	SES146	-4.37388	9.63917	14.0131
spk_ver/v08/v0863	SES146	-2.3231	11.1486	13.4717
spk_ver/v08/v0864	SES146	-3.65384	12.3694	16.0232
spk_ver/v08/v0865	SES008	2.48279	16.8446	14.3618
spk_ver/v08/v0866	SES142	1.52004	16.0221	14.5021
spk_ver/v08/v0867	SES146	-3.57129	11.5697	15.141
spk_ver/v08/v0868	SES082	2.22773	18.6297	16.4019
spk_ver/v08/v0869	SES146	-1.95948	13.3618	15.3212
spk_ver/v08/v0870	SES146	-3.64615	8.6467	12.2929
spk_ver/v08/v0871	SES146	-4.26617	9.97754	14.2437
spk_ver/v08/v0872	SES146	-4.02076	8.41403	12.4348
spk_ver/v08/v0873	SES082	1.73129	18.4971	16.7659
spk_ver/v08/v0874	SES146	-3.92928	10.9968	14.9261
spk_ver/v08/v0875	SES144	0.692204	14.8971	14.2049
spk_ver/v08/v0876	SES146	-2.59808	14.6838	17.2819
spk_ver/v08/v0877	SES146	-3.1861	10.9329	14.119
spk_ver/v08/v0878	SES146	-2.86837	11.9981	14.8664
spk_ver/v08/v0879	SES146	-2.39883	12.4439	14.8428
spk_ver/v08/v0880	SES146	-2.2072	11.4603	13.6675
spk_ver/v08/v0881	SES143	1.37712	14.7598	13.3827
spk_ver/v08/v0882	SES146	-1.17473	14.9943	16.169
spk_ver/v08/v0883	SES147	-1.7649	14.0244	15.7893
spk_ver/v08/v0884	SES147	-0.923313	14.0398	14.9631
spk_ver/v08/v0885	SES016	1.35782	17.2279	15.8701
spk_ver/v08/v0886	SES147	-1.35289	13.1312	14.4841
spk_ver/v08/v0887	SES147	-2.82711	11.8825	14.7096
spk_ver/v08/v0888	SES147	-2.77504	10.5585	13.3335
spk_ver/v08/v0889	SES019	1.8217	15.8405	14.0188
spk_ver/v08/v0890	SES147	-2.29748	11.6097	13.9071
spk_ver/v08/v0891	SES147	-2.29663	13.1564	15.453
spk_ver/v08/v0892	SES147	-1.56289	11.8905	13.4534
spk_ver/v08/v0893	SES270	2.71673	15.1252	12.4085
spk_ver/v08/v0894	SES029	0.567152	15.4238	14.8566
spk_ver/v08/v0895	SES147	-2.51278	11.1404	13.6532
spk_ver/v08/v0896	SES117	1.27241	14.5787	13.3063
spk_ver/v08/v0897	SES183	1.76822	13.3144	11.5461
spk_ver/v08/v0898	SES147	-4.96986	11.0852	16.0551
spk_ver/v08/v0899	SES147	-3.05653	9.81227	12.8688
spk_ver/v09/v0900	SES087	1.31761	16.5611	15.2435
spk_ver/v09/v0901	SES147	-6.15983	8.02976	14.1896
spk_ver/v09/v0902	SES147	-3.56048	10.4544	14.0149
spk_ver/v09/v0903	SES147	-1.61635	12.7842	14.4006
spk_ver/v09/v0904	SES147	-2.83153	12.7051	15.5366
spk_ver/v09/v0905	SES143	0.864908	14.8931	14.0282
spk_ver/v09/v0906	SES149	-0.109575	16.7713	16.8809
spk_ver/v09/v0907	SES148	-1.43964	13.5583	14.9979
spk_ver/v09/v0908	SES148	-1.18258	14.3452	15.5278
spk_ver/v09/v0909	SES106	3.21533	16.1118	12.8965
spk_ver/v09/v0910	SES148	-0.944212	12.2772	13.2214
spk_ver/v09/v0911	SES148	-3.15138	11.827	14.9784
spk_ver/v09/v0912	SES142	0.956608	15.9444	14.9878
spk_ver/v09/v0913	SES148	-2.92228	10.4641	13.3864
spk_ver/v09/v0914	SES148	-3.83923	11.2715	15.1107
spk_ver/v09/v0915	SES148	-3.11025	9.95222	13.0625
spk_ver/v09/v0916	SES148	-2.4607	10.7387	13.1994
spk_ver/v09/v0917	SES148	1.30014	15.9243	14.6241
spk_ver/v09/v0918	SES148	-0.897688	14.0089	14.9065
spk_ver/v09/v0919	SES270	1.99817	15.7629	13.7647
spk_ver/v09/v0920	SES148	-1.85205	13.5443	15.3963
spk_ver/v09/v0921	SES148	-3.50873	11.7983	15.307
spk_ver/v09/v0922	SES129	1.01908	17.1458	16.1267
spk_ver/v09/v0923	SES117	1.54635	16.7033	15.1569
spk_ver/v09/v0924	SES042	3.48104	19.2757	15.7947
spk_ver/v09/v0925	SES148	-4.26839	9.29957	13.568
spk_ver/v09/v0926	SES148	-6.01718	6.80145	12.8186
spk_ver/v09/v0927	SES144	0.585361	15.7882	15.2028
spk_ver/v09/v0928	SES007	1.93073	16.7269	14.7962
spk_ver/v09/v0929	SES148	-2.29875	14.8043	17.1031
spk_ver/v09/v0930	SES148	-1.26388	14.5637	15.8275
spk_ver/v09/v0931	SES148	-2.52484	11.2638	13.7886
spk_ver/v09/v0932	SES202	1.29966	16.4421	15.1424
spk_ver/v09/v0933	SES148	-0.606287	15.5292	16.1355
spk_ver/v09/v0934	SES148	-3.75002	11.2917	15.0418
spk_ver/v09/v0935	SES060	1.37257	17.5879	16.2153
spk_ver/v09/v0936	SES060	1.59934	16.744	15.1446
spk_ver/v09/v0937	SES148	-2.21459	13.6191	15.8337
spk_ver/v09/v0938	SES148	-1.62281	14.2469	15.8697
spk_ver/v09/v0939	SES148	-3.30697	12.556	15.863
spk_ver/v09/v0940	SES148	-2.66672	12.9314	15.5981
spk_ver/v09/v0941	SES149	-3.56934	10.0163	13.5856
spk_ver/v09/v0942	SES149	-3.16659	13.1757	16.3423
spk_ver/v09/v0943	SES149	-1.46423	13.5297	14.9939
spk_ver/v09/v0944	SES149	-2.32248	11.4918	13.8143
spk_ver/v09/v0945	SES105	1.38249	16.1067	14.7242
spk_ver/v09/v0946	SES149	-3.61528	12.4115	16.0268
spk_ver/v09/v0947	SES149	-2.90539	10.9114	13.8168
spk_ver/v09/v0948	SES149	-3.71464	12.0065	15.7212
spk_ver/v09/v0949	SES149	-1.76788	15.1046	16.8725
spk_ver/v09/v0950	SES226	1.50714	17.7325	16.2254
spk_ver/v09/v0951	SES149	-2.52354	11.2512	13.7747
spk_ver/v09/v0952	SES149	-4.25212	8.86618	13.1183
spk_ver/v09/v0953	SES062	1.81404	17.8063	15.9923
spk_ver/v09/v0954	SES149	-2.97962	11.687	14.6666
spk_ver/v09/v0955	SES048	0.467651	16.5924	16.1248
spk_ver/v09/v0956	SES158	-2.11396	13.4589	15.5729
spk_ver/v09/v0957	SES158	-5.36538	8.78102	14.1464
spk_ver/v09/v0958	SES158	-1.52397	14.8096	16.3336
spk_ver/v09/v0959	SES158	-3.03721	11.4993	14.5365
spk_ver/v09/v0960	SES158	-3.87779	9.9108	13.7886
spk_ver/v09/v0961	SES147	1.4452	15.1988	13.7536
spk_ver/v09/v0962	SES158	-6.50698	7.80131	14.3083
spk_ver/v09/v0963	SES292	0.504261	16.2311	15.7268
spk_ver/v09/v0964	SES060	1.38828	17.9303	16.542
spk_ver/v09/v0965	SES002	1.52823	16.5658	15.0376
spk_ver/v09/v0966	SES149	1.65574	18.4921	16.8364
spk_ver/v09/v0967	SES158	-6.13602	8.65495	14.791
spk_ver/v09/v0968	SES158	-3.37336	10.0086	13.3819
spk_ver/v09/v0969	SES275	-0.0617113	13.6013	13.663
spk_ver/v09/v0970	SES158	-4.86693	11.1015	15.9685
spk_ver/v09/v0971	SES158	-3.45886	11.3231	14.7819
spk_ver/v09/v0972	SES002	1.61769	17.2513	15.6337
spk_ver/v09/v0973	SES158	-4.45034	10.4706	14.9209
spk_ver/v09/v0974	SES202	1.45677	15.7824	14.3257
spk_ver/v09/v0975	SES158	-5.63679	7.88351	13.5203
spk_ver/v09/v0976	SES158	-0.987486	14.6814	15.6689
spk_ver/v09/v0977	SES162	-1.84375	13.8176	15.6614
spk_ver/v09/v0978	SES162	-5.58869	7.4866	13.0753
spk_ver/v09/v0979	SES162	-6.13975	8.43771	14.5775
spk_ver/v09/v0980	SES162	-2.01784	11.7812	13.799
spk_ver/v09/v0981	SES162	-2.6266	9.79596	12.4226
spk_ver/v09/v0982	SES259	2.99518	18.2836	15.2884
spk_ver/v09/v0983	SES162	-5.29607	5.63139	10.9275
spk_ver/v09/v0984	SES162	-1.73374	14.5601	16.2939
spk_ver/v09/v0985	SES162	-1.23732	13.74	14.9773
spk_ver/v09/v0986	SES062	1.61028	18.4753	16.865
spk_ver/v09/v0987	SES162	-1.29781	13.6031	14.9009
spk_ver/v09/v0988	SES162	-4.72036	10.3288	15.0491
spk_ver/v09/v0989	SES162	-5.60128	6.7474	12.3487
spk_ver/v09/v0990	SES162	-4.01884	12.1172	16.136
spk_ver/v09/v0991	SES087	1.44629	16.8066	15.3603
spk_ver/v09/v0992	SES120	0.452047	14.235	13.783
spk_ver/v09/v0993	SES162	-4.49412	11.365	15.8591
spk_ver/v09/v0994	SES162	-1.82845	13.6819	15.5104
spk_ver/v09/v0995	SES162	-5.42862	11.5009	16.9296
spk_ver/v09/v0996	SES162	-2.96506	14.5391	17.5041
spk_ver/v09/v0997	SES162	-4.56934	10.1568	14.7262
spk_ver/v09/v0998	SES162	-3.55837	9.64817	13.2065
spk_ver/v09/v0999	SES162	-1.84167	16.1724	18.0141
spk_ver/v10/v1000	SES162	-5.35151	9.5857	14.9372
spk_ver/v10/v1001	SES148	1.44188	14.8313	13.3894
spk_ver/v10/v1002	SES162	-1.46968	12.1972	13.6669
spk_ver/v10/v1003	SES162	-1.75547	14.571	16.3265
spk_ver/v10/v1004	SES162	-2.22589	11.5202	13.7461
spk_ver/v10/v1005	SES162	-5.18572	8.97056	14.1563
spk_ver/v10/v1006	SES162	-4.13644	10.9096	15.046
spk_ver/v10/v1007	SES162	-2.34849	11.6196	13.9681
spk_ver/v10/v1008	SES162	-5.8059	6.67849	12.4844
spk_ver/v10/v1009	SES162	-7.35493	7.78597	15.1409
spk_ver/v10/v1010	SES167	-2.85895	10.0357	12.8946
spk_ver/v10/v1011	SES167	-0.622529	13.6137	14.2362
spk_ver/v10/v1012	SES167	-2.64306	10.4861	13.1291
spk_ver/v10/v1013	SES167	-6.15527	8.40632	14.5616
spk_ver/v10/v1014	SES167	-1.10325	15.1315	16.2348
spk_ver/v10/v1015	SES167	-2.08124	13.2464	15.3277
spk_ver/v10/v1016	SES167	-1.98942	14.197	16.1864
spk_ver/v10/v1017	SES167	-1.73158	13.0911	14.8227
spk_ver/v10/v1018	SES167	-3.21872	12.1258	15.3446
spk_ver/v10/v1019	SES167	-3.1504	11.4681	14.6185
spk_ver/v10/v1020	SES167	-6.60582	6.93902	13.5448
spk_ver/v10/v1021	SES167	-2.41551	10.3228	12.7383
spk_ver/v10/v1022	SES167	-5.01312	9.46484	14.478
spk_ver/v10/v1023	SES167	-3.62903	10.4168	14.0459
spk_ver/v10/v1024	SES167	-5.05419	7.98057	13.0348
spk_ver/v10/v1025	SES167	-1.70129	14.3008	16.0021
spk_ver/v10/v1026	SES167	-3.93507	11.1049	15.04
spk_ver/v10/v1027	SES167	-1.99148	14.3876	16.3791
spk_ver/v10/v1028	SES167	-5.28523	8.82838	14.1136
spk_ver/v10/v1029	SES167	-4.80224	9.86661	14.6688
spk_ver/v10/v1030	SES167	-3.14097	12.3192	15.4602
spk_ver/v10/v1031	SES167	-5.32967	8.74204	14.0717
spk_ver/v10/v1032	SES167	-3.95931	12.5415	16.5008
spk_ver/v10/v1033	SES167	-5.32481	11.184	16.5088
spk_ver/v10/v1034	SES002	1.36929	17.7551	16.3858
spk_ver/v10/v1035	SES167	-1.06654	15.028	16.0945
spk_ver/v10/v1036	SES083	1.09013	17.2561	16.166
spk_ver/v10/v1037	SES167	-3.32827	10.8089	14.1372
spk_ver/v10/v1038	SES167	-2.55181	11.1552	13.7071
spk_ver/v10/v1039	SES167	-3.22629	11.5489	14.7752
spk_ver/v10/v1040	SES167	-5.49718	7.47895	12.9761
spk_ver/v10/v1041	SES167	-1.24351	12.9786	14.2221
spk_ver/v10/v1042	SES087	1.33332	16.0673	14.734
spk_ver/v10/v1043	SES029	1.49175	16.9495	15.4577
spk_ver/v10/v1044	SES206	1.10056	17.4458	16.3453
spk_ver/v10/v1045	SES172	-1.97135	12.0825	14.0538
spk_ver/v10/v1046	SES172	1.20933	16.8243	15.615
spk_ver/v10/v1047	SES172	-1.13992	14.0316	15.1715
spk_ver/v10/v1048	SES259	3.69641	19.2611	15.5647
spk_ver/v10/v1049	SES172	-4.54008	11.2836	15.8237
spk_ver/v10/v1050	SES120	1.15629	15.1925	14.0362
spk_ver/v10/v1051	SES172	-2.85992	12.8805	15.7404
spk_ver/v10/v1052	SES172	-1.87913	13.0103	14.8894
spk_ver/v10/v1053	SES172	-3.35099	11.941	15.292
spk_ver/v10/v1054	SES172	-2.52148	12.0487	14.5702
spk_ver/v10/v1055	SES189	1.98263	14.3916	12.4089
spk_ver/v10/v1056	SES172	-3.01465	11.5359	14.5506
spk_ver/v10/v1057	SES172	-2.10824	12.4137	14.5219
spk_ver/v10/v1058	SES172	-1.03138	14.4484	15.4797
spk_ver/v10/v1059	SES172	-3.05169	12.5373	15.589
spk_ver/v10/v1060	SES029	0.724335	17.2272	16.5029
spk_ver/v10/v1061	SES175	-6.38527	8.33413	14.7194
spk_ver/v10/v1062	SES187	0.542341	17.0664	16.5241
spk_ver/v10/v1063	SES019	3.39972	16.4759	13.0761
spk_ver/v10/v1064	SES175	-3.8617	10.8152	14.6769
spk_ver/v10/v1065	SES175	-5.10975	9.76248	14.8722
spk_ver/v10/v1066	SES175	-6.26674	5.81203	12.0788
spk_ver/v10/v1067	SES175	-2.36812	11.8436	14.2117
spk_ver/v10/v1068	SES175	-3.19366	9.98028	13.1739
spk_ver/v10/v1069	SES016	2.95414	18.7302	15.7761
spk_ver/v10/v1070	SES175	-2.274	12.8175	15.0915
spk_ver/v10/v1071	SES175	-1.64517	14.7124	16.3576
spk_ver/v10/v1072	SES175	-4.78973	9.95714	14.7469
spk_ver/v10/v1073	SES029	0.685434	16.2065	15.521
spk_ver/v10/v1074	SES175	-2.98411	12.1157	15.0998
spk_ver/v10/v1075	SES175	-1.162	15.125	16.287
spk_ver/v10/v1076	SES175	-0.868456	16.1258	16.9943
spk_ver/v10/v1077	SES175	-3.03496	13.6534	16.6884
spk_ver/v10/v1078	SES127	1.10283	17.9392	16.8364
spk_ver/v10/v1079	SES175	-3.56659	13.251	16.8175
spk_ver/v10/v1080	SES175	-2.63739	10.6918	13.3292
spk_ver/v10/v1081	SES175	-4.55412	9.68885	14.243
spk_ver/v10/v1082	SES175	-3.0586	13.2955	16.3541
spk_ver/v10/v1083	SES007	1.53095	15.2663	13.7353
spk_ver/v10/v1084	SES068	0.956614	17.8221	16.8655
spk_ver/v10/v1085	SES008	0.890541	17.6711	16.7806
spk_ver/v10/v1086	SES175	-1.28277	14.7137	15.9965
spk_ver/v10/v1087	SES175	-2.72209	12.6895	15.4116
spk_ver/v10/v1088	SES008	1.89049	17.5726	15.6821
spk_ver/v10/v1089	SES177	-2.52447	14.1523	16.6767
spk_ver/v10/v1090	SES177	-3.82541	11.0008	14.8262
spk_ver/v10/v1091	SES177	-3.78884	9.89899	13.6878
spk_ver/v10/v1092	SES177	-0.843721	13.44	14.2837
spk_ver/v10/v1093	SES177	-3.83238	11.075	14.9074
spk_ver/v10/v1094	SES002	1.47984	17.6043	16.1244
spk_ver/v10/v1095	SES104	1.84825	17.4467	15.5984
spk_ver/v10/v1096	SES177	-1.56845	13.503	15.0714
spk_ver/v10/v1097	SES177	-2.34295	9.96553	12.3085
spk_ver/v10/v1098	SES177	-2.44144	13.8883	16.3297
spk_ver/v10/v1099	SES177	-0.880239	14.0756	14.9558
spk_ver/v11/v1100	SES177	-3.113	10.8856	13.9986
spk_ver/v11/v1101	SES085	0.784094	16.8531	16.069
spk_ver/v11/v1102	SES187	1.14105	16.7046	15.5635
spk_ver/v11/v1103	SES177	-1.73316	12.8467	14.5799
spk_ver/v11/v1104	SES177	0.684507	16.7408	16.0563
spk_ver/v11/v1105	SES177	-0.909682	14.1379	15.0476
spk_ver/v11/v1106	SES177	-2.97337	12.3032	15.2765
spk_ver/v11/v1107	SES177	-1.18676	14.4668	15.6536
spk_ver/v11/v1108	SES177	-0.46828	15.7766	16.2449
spk_ver/v11/v1109	SES125	1.55414	16.4748	14.9206
spk_ver/v11/v1110	SES177	-3.3546	11.82	15.1746
spk_ver/v11/v1111	SES177	-1.71522	14.4795	16.1947
spk_ver/v11/v1112	SES177	-3.04939	11.9323	14.9817
spk_ver/v11/v1113	SES177	-4.66016	10.8943	15.5545
spk_ver/v11/v1114	SES177	-0.903047	13.2604	14.1634
spk_ver/v11/v1115	SES177	-1.633	11.1236	12.7566
spk_ver/v11/v1116	SES085	1.33056	18.5512	17.2206
spk_ver/v11/v1117	SES147	1.06211	15.2972	14.2351
spk_ver/v11/v1118	SES177	-1.13784	12.6751	13.813
spk_ver/v11/v1119	SES177	-3.35596	10.6529	14.0089
spk_ver/v11/v1120	SES180	-6.84749	7.84637	14.6939
spk_ver/v11/v1121	SES189	0.461629	14.1349	13.6733
spk_ver/v11/v1122	SES117	1.4046	13.5238	12.1192
spk_ver/v11/v1123	SES129	2.18106	17.6792	15.4981
spk_ver/v11/v1124	SES180	-1.98057	13.4581	15.4386
spk_ver/v11/v1125	SES180	-0.982315	15.1663	16.1487
spk_ver/v11/v1126	SES180	-1.58388	14.5378	16.1217
spk_ver/v11/v1127	SES180	-3.19857	11.7719	14.9705
spk_ver/v11/v1128	SES016	1.00531	15.4788	14.4735
spk_ver/v11/v1129	SES158	0.910073	15.4352	14.5252
spk_ver/v11/v1130	SES180	-2.91422	12.0393	14.9536
spk_ver/v11/v1131	SES180	-3.71748	13.9917	17.7092
spk_ver/v11/v1132	SES180	-1.55607	13.0211	14.5772
spk_ver/v11/v1133	SES180	-4.48417	11.8426	16.3267
spk_ver/v11/v1134	SES180	-2.60229	11.2759	13.8782
spk_ver/v11/v1135	SES180	-2.4519	13.4477	15.8996
spk_ver/v11/v1136	SES180	-5.99187	5.53332	11.5252
spk_ver/v11/v1137	SES148	0.330876	15.5481	15.2173
spk_ver/v11/v1138	SES104	2.17159	20.0402	17.8687
spk_ver/v11/v1139	SES180	-4.84698	7.94929	12.7963
spk_ver/v11/v1140	SES083	1.04074	16.2004	15.1597
spk_ver/v11/v1141	SES180	-4.82171	9.90959	14.7313
spk_ver/v11/v1142	SES180	-3.55765	10.6832	14.2408
spk_ver/v11/v1143	SES180	-3.00205	11.0343	14.0364
spk_ver/v11/v1144	SES099	2.05448	16.0986	14.0442
spk_ver/v11/v1145	SES180	-2.33061	13.0021	15.3327
spk_ver/v11/v1146	SES183	-3.53721	12.0291	15.5663
spk_ver/v11/v1147	SES183	-1.6664	14.4162	16.0826
spk_ver/v11/v1148	SES183	-5.25677	8.04598	13.3027
spk_ver/v11/v1149	SES183	-6.29077	9.82676	16.1175
spk_ver/v11/v1150	SES183	-5.27824	9.00653	14.2848
spk_ver/v11/v1151	SES082	1.22989	16.1508	14.9209
spk_ver/v11/v1152	SES183	-2.34254	10.5222	12.8647
spk_ver/v11/v1153	SES183	-1.44121	12.9277	14.3689
spk_ver/v11/v1154	SES002	1.49683	18.3665	16.8697
spk_ver/v11/v1155	SES183	-2.56871	11.7953	14.364
spk_ver/v11/v1156	SES183	-4.79675	8.30953	13.1063
spk_ver/v11/v1157	SES183	-3.31387	12.9541	16.268
spk_ver/v11/v1158	SES183	-1.42755	14.0904	15.5179
spk_ver/v11/v1159	SES183	-1.76226	13.3725	15.1348
spk_ver/v11/v1160	SES183	-5.30129	8.48572	13.787
spk_ver/v11/v1161	SES183	-3.9874	7.70501	11.6924
spk_ver/v11/v1162	SES105	1.93676	16.3665	14.4297
spk_ver/v11/v1163	SES183	-4.36607	10.8879	15.2539
spk_ver/v11/v1164	SES259	3.22679	17.8643	14.6375
spk_ver/v11/v1165	SES183	-2.08177	12.6614	14.7431
spk_ver/v11/v1166	SES183	-5.56274	9.65193	15.2147
spk_ver/v11/v1167	SES183	-1.79187	11.7959	13.5878
spk_ver/v11/v1168	SES183	-2.09584	14.1641	16.2599
spk_ver/v11/v1169	SES183	-5.60845	9.98451	15.593
spk_ver/v11/v1170	SES183	-3.68631	12.6284	16.3147
spk_ver/v11/v1171	SES183	-8.52836	4.979	13.5074
spk_ver/v11/v1172	SES187	-2.87686	11.7625	14.6393
spk_ver/v11/v1173	SES019	3.39965	15.6746	12.275
spk_ver/v11/v1174	SES187	-3.22042	9.35146	12.5719
spk_ver/v11/v1175	SES187	-2.56786	10.9186	13.4864
spk_ver/v11/v1176	SES083	0.621742	17.3384	16.7166
spk_ver/v11/v1177	SES187	-5.30716	8.30332	13.6105
spk_ver/v11/v1178	SES187	-4.46159	9.84249	14.3041
spk_ver/v11/v1179	SES187	-2.49751	12.0408	14.5383
spk_ver/v11/v1180	SES187	-1.14569	12.8196	13.9653
spk_ver/v11/v1181	SES187	-4.90964	11.7169	16.6265
spk_ver/v11/v1182	SES187	-1.49939	15.0538	16.5532
spk_ver/v11/v1183	SES187	-2.83004	10.3637	13.1937
spk_ver/v11/v1184	SES187	-0.22882	14.4153	14.6441
spk_ver/v11/v1185	SES127	1.59508	17.51	15.9149
spk_ver/v11/v1186	SES187	-1.46922	13.4276	14.8968
spk_ver/v11/v1187	SES187	-1.7756	14.528	16.3036
spk_ver/v11/v1188	SES187	-1.78581	12.0808	13.8666
spk_ver/v11/v1189	SES042	1.83459	18.2823	16.4477
spk_ver/v11/v1190	SES187	-1.91583	12.6714	14.5872
spk_ver/v11/v1191	SES187	-3.93999	9.02417	12.9642
spk_ver/v11/v1192	SES187	-4.27149	8.88573	13.1572
spk_ver/v11/v1193	SES183	1.08645	15.4332	14.3468
spk_ver/v11/v1194	SES187	-2.5107	11.2813	13.792
spk_ver/v11/v1195	SES187	-3.06067	11.1968	14.2575
spk_ver/v11/v1196	SES146	1.72705	14.618	12.8909
spk_ver/v11/v1197	SES189	-4.80768	11.2635	16.0711
spk_ver/v11/v1198	SES175	1.92698	16.5723	14.6453
spk_ver/v11/v1199	SES189	-4.30939	8.79757	13.107
spk_ver/v12/v1200	SES189	-2.22176	15.1623	17.384
spk_ver/v12/v1201	SES177	1.19987	17.0741	15.8742
spk_ver/v12/v1202	SES189	-2.40497	11.6079	14.0129
spk_ver/v12/v1203	SES143	0.72182	15.0651	14.3433
spk_ver/v12/v1204	SES189	-2.56254	12.6339	15.1964
spk_ver/v12/v1205	SES189	-1.82396	14.757	16.5809
spk_ver/v12/v1206	SES189	-4.2597	8.2058	12.4655
spk_ver/v12/v1207	SES189	-3.78844	10.9529	14.7413
spk_ver/v12/v1208	SES189	-3.81679	14.0555	17.8723
spk_ver/v12/v1209	SES189	-5.42593	7.95668	13.3826
spk_ver/v12/v1210	SES189	-0.81483	13.6125	14.4274
spk_ver/v12/v1211	SES062	1.94365	18.3545	16.4109
spk_ver/v12/v1212	SES189	-3.00187	12.2757	15.2776
spk_ver/v12/v1213	SES048	1.85304	17.656	15.803
spk_ver/v12/v1214	SES042	3.28679	19.6607	16.3739
spk_ver/v12/v1215	SES008	2.23795	17.8682	15.6302
spk_ver/v12/v1216	SES202	-5.35873	11.3716	16.7303
spk_ver/v12/v1217	SES202	-3.21868	10.4637	13.6824
spk_ver/v12/v1218	SES085	1.0404	18.5182	17.4778
spk_ver/v12/v1219	SES202	-2.57976	13.322	15.9017
spk_ver/v12/v1220	SES202	-1.92834	14.1482	16.0765
spk_ver/v12/v1221	SES202	-1.64781	12.8791	14.5269
spk_ver/v12/v1222	SES202	-6.62674	7.45319	14.0799
spk_ver/v12/v1223	SES158	1.06486	15.7511	14.6863
spk_ver/v12/v1224	SES202	-2.00496	11.9362	13.9412
spk_ver/v12/v1225	SES202	-3.61772	11.3657	14.9834
spk_ver/v12/v1226	SES202	-4.02678	12.1043	16.1311
spk_ver/v12/v1227	SES202	-3.11864	11.822	14.9407
spk_ver/v12/v1228	SES177	0.73763	15.8353	15.0977
spk_ver/v12/v1229	SES202	-3.59143	12.156	15.7474
spk_ver/v12/v1230	SES202	-2.69972	12.105	14.8048
spk_ver/v12/v1231	SES202	-4.06374	11.2789	15.3426
spk_ver/v12/v1232	SES202	-2.89524	10.2655	13.1607
spk_ver/v12/v1233	SES206	1.57997	18.148	16.5681
spk_ver/v12/v1234	SES202	-5.84444	7.5186	13.363
spk_ver/v12/v1235	SES202	-2.74589	13.3395	16.0853
spk_ver/v12/v1236	SES125	2.29145	16.6679	14.3764
spk_ver/v12/v1237	SES127	1.09477	16.461	15.3663
spk_ver/v12/v1238	SES202	2.90831	16.8284	13.9201
spk_ver/v12/v1239	SES167	1.81065	17.734	15.9234
spk_ver/v12/v1240	SES206	-4.48602	9.78377	14.2698
spk_ver/v12/v1241	SES206	-5.54943	9.0504	14.5998
spk_ver/v12/v1242	SES206	-1.30678	14.9669	16.2737
spk_ver/v12/v1243	SES206	-2.65723	11.7564	14.4136
spk_ver/v12/v1244	SES259	2.71726	17.0991	14.3818
spk_ver/v12/v1245	SES206	-3.83221	11.9927	15.8249
spk_ver/v12/v1246	SES206	-3.2657	12.7934	16.0591
spk_ver/v12/v1247	SES206	-1.60475	13.5639	15.1686
spk_ver/v12/v1248	SES206	-6.27653	7.08504	13.3616
spk_ver/v12/v1249	SES270	2.92513	15.8562	12.9311
spk_ver/v12/v1250	SES206	-4.12201	9.95962	14.0816
spk_ver/v12/v1251	SES206	-3.20178	13.2582	16.46
spk_ver/v12/v1252	SES206	-2.54462	12.4513	14.9959
spk_ver/v12/v1253	SES206	-1.06708	14.1074	15.1745
spk_ver/v12/v1254	SES206	-2.07224	11.1901	13.2623
spk_ver/v12/v1255	SES125	1.84988	17.1662	15.3164
spk_ver/v12/v1256	SES206	-6.36338	9.53235	15.8957
spk_ver/v12/v1257	SES206	-5.23021	10.5724	15.8026
spk_ver/v12/v1258	SES206	-2.45743	12.4044	14.8619
spk_ver/v12/v1259	SES206	-5.67374	9.28613	14.9599
spk_ver/v12/v1260	SES206	-5.69866	8.65955	14.3582
spk_ver/v12/v1261	SES206	-6.14074	9.77739	15.9181
spk_ver/v12/v1262	SES206	-6.48718	8.53679	15.024
spk_ver/v12/v1263	SES206	-4.06221	11.5954	15.6577
spk_ver/v12/v1264	SES149	1.30787	17.4862	16.1783
spk_ver/v12/v1265	SES206	-1.23925	11.5683	12.8076
spk_ver/v12/v1266	SES206	-5.01636	9.84935	14.8657
spk_ver/v12/v1267	SES206	-1.42601	10.0873	11.5133
spk_ver/v12/v1268	SES206	-3.06452	10.5575	13.622
spk_ver/v12/v1269	SES206	-5.99571	7.57616	13.5719
spk_ver/v12/v1270	SES206	-7.58711	4.10428	11.6914
spk_ver/v12/v1271	SES226	-4.62189	8.72254	13.3444
spk_ver/v12/v1272	SES226	-1.47118	15.5744	17.0455
spk_ver/v12/v1273	SES226	-4.28167	12.144	16.4257
spk_ver/v12/v1274	SES226	-4.57592	9.63038	14.2063
spk_ver/v12/v1275	SES226	-0.950922	11.9272	12.8781
spk_ver/v12/v1276	SES226	-4.8155	9.59076	14.4063
spk_ver/v12/v1277	SES226	-0.611325	15.1745	15.7858
spk_ver/v12/v1278	SES226	-0.784634	13.6219	14.4066
spk_ver/v12/v1279	SES226	-4.96105	11.4425	16.4035
spk_ver/v12/v1280	SES226	-3.41306	12.221	15.6341
spk_ver/v12/v1281	SES226	-2.0309	12.9834	15.0143
spk_ver/v12/v1282	SES226	-2.90304	11.4535	14.3565
spk_ver/v12/v1283	SES143	2.08188	16.2158	14.1339
spk_ver/v12/v1284	SES226	-4.60443	12.2246	16.8291
spk_ver/v12/v1285	SES226	-2.14427	13.4848	15.6291
spk_ver/v12/v1286	SES226	-2.17384	11.1671	13.341
spk_ver/v12/v1287	SES226	-2.72093	12.5088	15.2297
spk_ver/v12/v1288	SES226	-5.15329	10.1276	15.2808
spk_ver/v12/v1289	SES104	1.88653	16.9824	15.0959
spk_ver/v12/v1290	SES008	3.2176	17.1324	13.9148
spk_ver/v12/v1291	SES226	-1.33172	13.4593	14.7911
spk_ver/v12/v1292	SES259	-4.80651	9.45872	14.2652
spk_ver/v12/v1293	SES062	1.50626	17.7267	16.2205
spk_ver/v12/v1294	SES099	1.73944	15.1607	13.4213
spk_ver/v12/v1295	SES158	1.0124	14.0898	13.0774
spk_ver/v12/v1296	SES259	-4.37002	12.1599	16.5299
spk_ver/v12/v1297	SES259	-5.99649	8.95226	14.9488
spk_ver/v12/v1298	SES259	-3.45052	12.0297	15.4802
spk_ver/v12/v1299	SES259	-4.4692	9.99891	14.4681
spk_ver/v13/v1300	SES120	1.37169	14.8841	13.5125
spk_ver/v13/v1301	SES259	-6.73789	8.23196	14.9698
spk_ver/v13/v1302	SES259	-5.76802	8.27164	14.0397
spk_ver/v13/v1303	SES129	1.87546	16.9353	15.0598
spk_ver/v13/v1304	SES259	-3.52882	10.5247	14.0535
spk_ver/v13/v1305	SES259	-7.13411	7.17789	14.312
spk_ver/v13/v1306	SES106	1.41083	16.1522	14.7413
spk_ver/v13/v1307	SES259	-4.75952	9.99189	14.7514
spk_ver/v13/v1308	SES259	-2.29459	12.4256	14.7202
spk_ver/v13/v1309	SES259	-5.57235	10.2819	15.8543
spk_ver/v13/v1310	SES259	-5.43689	11.1692	16.6061
spk_ver/v13/v1311	SES259	-3.90263	11.434	15.3366
spk_ver/v13/v1312	SES259	-4.12207	11.9605	16.0826
spk_ver/v13/v1313	SES144	1.24494	16.5159	15.271
spk_ver/v13/v1314	SES259	-5.87736	9.0888	14.9662
spk_ver/v13/v1315	SES162	1.75314	16.5216	14.7685
spk_ver/v13/v1316	SES206	0.912296	16.93	16.0177
spk_ver/v13/v1317	SES175	1.32771	15.5063	14.1786
spk_ver/v13/v1318	SES259	-5.77673	8.34567	14.1224
spk_ver/v13/v1319	SES259	-4.93193	9.91601	14.8479
spk_ver/v13/v1320	SES270	-0.484446	14.6417	15.1262
spk_ver/v13/v1321	SES101	0.59434	16.254	15.6597
spk_ver/v13/v1322	SES177	0.895374	17.3927	16.4973
spk_ver/v13/v1323	SES127	1.14661	17.8303	16.6837
spk_ver/v13/v1324	SES270	-5.09873	9.21834	14.3171
spk_ver/v13/v1325	SES062	0.978014	17.4078	16.4298
spk_ver/v13/v1326	SES270	-0.0891256	13.7533	13.8424
spk_ver/v13/v1327	SES120	0.43049	13.2422	12.8117
spk_ver/v13/v1328	SES270	-4.89713	8.9116	13.8087
spk_ver/v13/v1329	SES270	-4.86089	12.0836	16.9445
spk_ver/v13/v1330	SES270	-0.168661	13.8892	14.0579
spk_ver/v13/v1331	SES270	-4.94728	12.1455	17.0928
spk_ver/v13/v1332	SES270	-1.36416	15.146	16.5101
spk_ver/v13/v1333	SES270	-3.19894	11.4207	14.6196
spk_ver/v13/v1334	SES270	-3.55451	12.0845	15.639
spk_ver/v13/v1335	SES270	-0.362178	15.103	15.4652
spk_ver/v13/v1336	SES270	-1.60985	12.8388	14.4486
spk_ver/v13/v1337	SES016	1.60673	17.2072	15.6005
spk_ver/v13/v1338	SES270	-5.54597	10.9947	16.5406
spk_ver/v13/v1339	SES002	1.24433	17.1202	15.8758
spk_ver/v13/v1340	SES105	2.82367	16.3659	13.5422
spk_ver/v13/v1341	SES275	-3.18755	11.582	14.7695
spk_ver/v13/v1342	SES187	0.98491	16.0191	15.0342
spk_ver/v13/v1343	SES275	-2.51381	11.965	14.4789
spk_ver/v13/v1344	SES275	-4.26702	9.63363	13.9006
spk_ver/v13/v1345	SES275	-2.92021	11.1867	14.1069
spk_ver/v13/v1346	SES275	-5.84124	9.04607	14.8873
spk_ver/v13/v1347	SES275	-3.19158	11.0061	14.1976
spk_ver/v13/v1348	SES180	1.01197	16.6024	15.5905
spk_ver/v13/v1349	SES275	-2.52814	10.4753	13.0035
spk_ver/v13/v1350	SES275	-1.4763	14.5715	16.0478
spk_ver/v13/v1351	SES275	-4.21689	6.71011	10.927
spk_ver/v13/v1352	SES275	-2.50743	13.2768	15.7842
spk_ver/v13/v1353	SES275	-2.438	9.0951	11.5331
spk_ver/v13/v1354	SES189	1.23559	13.557	12.3214
spk_ver/v13/v1355	SES068	0.996639	17.8575	16.8609
spk_ver/v13/v1356	SES275	-3.20472	9.42182	12.6265
spk_ver/v13/v1357	SES048	0.354546	15.9101	15.5556
spk_ver/v13/v1358	SES226	2.61041	19.3022	16.6918
spk_ver/v13/v1359	SES016	1.18782	17.5497	16.3619
spk_ver/v13/v1360	SES275	-2.69738	11.6592	14.3566
spk_ver/v13/v1361	SES068	1.47558	18.0666	16.591
spk_ver/v13/v1362	SES275	-3.82359	10.5336	14.3572
spk_ver/v13/v1363	SES275	-3.48227	10.9816	14.4638
spk_ver/v13/v1364	SES275	-3.67239	10.3567	14.0291
spk_ver/v13/v1365	SES275	-1.28783	14.6872	15.975
spk_ver/v13/v1366	SES187	1.0472	16.8343	15.7871
spk_ver/v13/v1367	SES275	-3.83798	9.58757	13.4256
spk_ver/v13/v1368	SES125	1.65536	16.637	14.9817
spk_ver/v13/v1369	SES275	-2.52888	9.15136	11.6802
spk_ver/v13/v1370	SES292	-2.49649	12.3884	14.8849
spk_ver/v13/v1371	SES292	-1.59788	13.6469	15.2448
spk_ver/v13/v1372	SES292	-2.17389	11.0006	13.1745
spk_ver/v13/v1373	SES292	-2.13294	12.4391	14.572
spk_ver/v13/v1374	SES101	1.4879	16.0519	14.564
spk_ver/v13/v1375	SES292	-2.24323	13.08	15.3233
spk_ver/v13/v1376	SES292	-2.01161	13.3268	15.3384
spk_ver/v13/v1377	SES292	-3.96884	8.9505	12.9193
spk_ver/v13/v1378	SES292	-1.5316	13.7043	15.2359
spk_ver/v13/v1379	SES292	-1.60521	12.4574	14.0626
spk_ver/v13/v1380	SES292	-2.02976	13.4806	15.5104
spk_ver/v13/v1381	SES292	-1.4571	16.7262	18.1833
spk_ver/v13/v1382	SES292	-1.86796	12.1033	13.9713
spk_ver/v13/v1383	SES292	-1.64525	12.308	13.9532
spk_ver/v13/v1384	SES292	-1.83921	13.1681	15.0073
spk_ver/v13/v1385	SES292	-1.09237	14.1555	15.2478
spk_ver/v13/v1386	SES292	-1.44676	12.9977	14.4444
spk_ver/v13/v1387	SES158	1.97821	13.5922	11.614
spk_ver/v13/v1388	SES292	-0.766762	16.2728	17.0395
spk_ver/v13/v1389	SES292	-1.34452	17.0639	18.4084
spk_ver/v13/v1390	SES292	-1.59267	14.7689	16.3615
spk_ver/v13/v1391	SES292	-2.24779	13.1595	15.4073
spk_ver/v13/v1392	SES292	-2.73518	11.8878	14.6229
spk_ver/v13/v1393	SES292	-1.9262	13.3775	15.3037
spk_ver/v13/v1394	SES292	-1.93755	13.7541	15.6916
spk_ver/v13/v1395	SES292	-1.56441	13.4027	14.9671
spk_ver/v13/v1396	SES117	1.10341	14.0995	12.9961
spk_ver/v13/v1397	SES292	-2.84355	12.7185	15.5621
spk_ver/v13/v1398	SES292	-2.47366	11.0669	13.5406
spk_ver/v13/v1399	SES292	-0.494236	14.7736	15.2678
