spk_ver/v00/v0000	SES146	-3.12282	-64.4146	-61.2918
spk_ver/v00/v0001	SES002	-17.4363	-80.4933	-63.057
spk_ver/v00/v0002	SES002	-10.9058	-73.8261	-62.9204
spk_ver/v00/v0003	SES002	-16.8739	-80.7092	-63.8352
spk_ver/v00/v0004	SES002	-2.39603	-63.5317	-61.1357
spk_ver/v00/v0005	SES002	-11.3358	-72.6266	-61.2909
spk_ver/v00/v0006	SES002	-7.66082	-68.3842	-60.7234
spk_ver/v00/v0007	SES002	-10.1122	-73.2802	-63.1679
spk_ver/v00/v0008	SES146	-5.86383	-67.6457	-61.7819
spk_ver/v00/v0009	SES002	-1.82306	-61.8594	-60.0363
spk_ver/v00/v0010	SES002	-3.28756	-63.0042	-59.7166
spk_ver/v00/v0011	SES002	-1.23329	-63.3581	-62.1248
spk_ver/v00/v0012	SES002	-11.1459	-70.7135	-59.5676
spk_ver/v00/v0013	SES002	-7.74842	-67.4971	-59.7487
spk_ver/v00/v0014	SES002	-2.6167	-62.2719	-59.6552
spk_ver/v00/v0015	SES002	-3.42785	-62.3884	-58.9605
spk_ver/v00/v0016	SES275	-4.80917	-67.0287	-62.2195
spk_ver/v00/v0017	SES002	-1.32034	-60.2132	-58.8929
spk_ver/v00/v0018	SES002	-13.6981	-77.1854	-63.4873
spk_ver/v00/v0019	SES002	-1.12345	-62.0188	-60.8954
spk_ver/v00/v0020	SES002	-12.9875	-77.4121	-64.4246
spk_ver/v00/v0021	SES002	-15.3478	-76.8562	-61.5084
spk_ver/v00/v0022	SES002	-3.1372	-63.8554	-60.7182
spk_ver/v00/v0023	SES002	-9.45644	-69.5187	-60.0622
spk_ver/v00/v0024	SES002	-20.8229	-85.2452	-64.4223
spk_ver/v00/v0025	SES002	-6.61043	-69.7784	-63.168
spk_ver/v00/v0026	SES002	-6.40298	-66.0541	-59.6511
spk_ver/v00/v0027	SES129	-4.30473	-65.2669	-60.9622
spk_ver/v00/v0028	SES007	-6.64105	-67.1956	-60.5545
spk_ver/v00/v0029	SES083	-5.17688	-64.975	-59.7981
spk_ver/v00/v0030	SES019	-1.51192	-61.986	-60.4741
spk_ver/v00/v0031	SES007	-4.22423	-66.8817	-62.6575
spk_ver/v00/v0032	SES270	-2.21585	-61.2181	-59.0022
spk_ver/v00/v0033	SES007	-5.20984	-67.28	-62.0702
spk_ver/v00/v0034	SES007	-3.30511	-69.1601	-65.855
spk_ver/v00/v0035	SES007	-4.53013	-64.6114	-60.0813
spk_ver/v00/v0036	SES007	-5.88517	-64.3822	-58.497
spk_ver/v00/v0037	SES007	-4.21757	-65.0751	-60.8575
spk_ver/v00/v0038	SES259	-1.20686	-60.0317	-58.8248
spk_ver/v00/v0039	SES007	-9.59357	-72.4868	-62.8932
spk_ver/v00/v0040	SES007	-4.32831	-64.2158	-59.8875
spk_ver/v00/v0041	SES007	-3.6682	-62.7131	-59.0449
spk_ver/v00/v0042	SES007	-2.86408	-64.6164	-61.7523
spk_ver/v00/v0043	SES007	-2.84365	-63.1777	-60.334
spk_ver/v00/v0044	SES007	-4.51949	-63.3519	-58.8324
spk_ver/v00/v0045	SES007	-4.59865	-65.4694	-60.8707
spk_ver/v00/v0046	SES007	-6.26433	-66.292	-60.0276
spk_ver/v00/v0047	SES172	-3.91781	-64.9855	-61.0677
spk_ver/v00/v0048	SES105	-3.79292	-64.5723	-60.7794
spk_ver/v00/v0049	SES007	-4.03555	-64.6149	-60.5794
spk_ver/v00/v0050	SES292	-4.54917	-65.2973	-60.7482
spk_ver/v00/v0051	SES007	-5.34099	-66.7519	-61.4109
spk_ver/v00/v0052	SES068	-4.02383	-64.0544	-60.0306
spk_ver/v00/v0053	SES008	-4.45827	-64.2099	-59.7516
spk_ver/v00/v0054	SES008	-8.4367	-72.3496	-63.9129
spk_ver/v00/v0055	SES008	-1.24976	-64.4259	-63.1761
spk_ver/v00/v0056	SES008	-5.21699	-65.3575	-60.1406
spk_ver/v00/v0057	SES008	-4.96157	-65.4793	-60.5178
spk_ver/v00/v0058	SES083	-4.97666	-65.253	-60.2764
spk_ver/v00/v0059	SES158	-1.12132	-60.6234	-59.5021
spk_ver/v00/v0060	SES008	-5.07322	-65.621	-60.5478
spk_ver/v00/v0061	SES101	-4.30089	-65.304	-61.0031
spk_ver/v00/v0062	SES008	-6.31964	-68.4027	-62.083
spk_ver/v00/v0063	SES008	-6.23408	-67.0239	-60.7899
spk_ver/v00/v0064	SES117	-3.05478	-65.6986	-62.6438
spk_ver/v00/v0065	SES149	-2.03467	-61.383	-59.3483
spk_ver/v00/v0066	SES008	-2.19232	-64.6437	-62.4514
spk_ver/v00/v0067	SES008	-2.22831	-65.6093	-63.381
spk_ver/v00/v0068	SES162	-2.53242	-65.4317	-62.8993
spk_ver/v00/v0069	SES008	-2.58817	-63.4588	-60.8706
spk_ver/v00/v0070	SES008	-5.11284	-65.3161	-60.2033
spk_ver/v00/v0071	SES008	-4.47499	-66.1153	-61.6404
spk_ver/v00/v0072	SES008	-3.63785	-64.0889	-60.4511
spk_ver/v00/v0073	SES008	-3.14962	-62.8765	-59.7268
spk_ver/v00/v0074	SES008	-2.85004	-63.7569	-60.9068
spk_ver/v00/v0075	SES008	-4.26836	-65.1754	-60.907
spk_ver/v00/v0076	SES167	-3.50758	-65.8434	-62.3359
spk_ver/v00/v0077	SES008	-7.12749	-66.5689	-59.4414
spk_ver/v00/v0078	SES177	-4.54324	-64.5533	-60.0101
spk_ver/v00/v0079	SES008	-6.83723	-68.5964	-61.7592
spk_ver/v00/v0080	SES008	-8.08422	-69.2341	-61.1498
spk_ver/v00/v0081	SES008	-4.40886	-66.5273	-62.1185
spk_ver/v00/v0082	SES008	-4.2796	-64.2421	-59.9625
spk_ver/v00/v0083	SES008	-4.27444	-65.5816	-61.3072
spk_ver/v00/v0084	SES144	-3.41042	-64.9508	-61.5404
spk_ver/v00/v0085	SES008	-5.79199	-67.3027	-61.5107
spk_ver/v00/v0086	SES008	-5.34251	-64.6717	-59.3292
spk_ver/v00/v0087	SES008	-5.60618	-67.9716	-62.3655
spk_ver/v00/v0088	SES008	-7.88739	-69.2863	-61.3989
spk_ver/v00/v0089	SES008	-3.12184	-65.4165	-62.2946
spk_ver/v00/v0090	SES142	-1.35246	-63.845	-62.4925
spk_ver/v00/v0091	SES008	-5.53072	-64.5896	-59.0589
spk_ver/v00/v0092	SES158	-2.61192	-62.7646	-60.1527
spk_ver/v00/v0093	SES014	-5.75353	-65.7095	-59.956
spk_ver/v00/v0094	SES014	-1.89409	-64.4347	-62.5406
spk_ver/v00/v0095	SES014	-1.85936	-61.5153	-59.656
spk_ver/v00/v0096	SES014	-2.95161	-61.9116	-58.96
spk_ver/v00/v0097	SES014	-2.54437	-63.9778	-61.4334
spk_ver/v00/v0098	SES014	-3.37982	-62.8558	-59.4759
spk_ver/v00/v0099	SES014	-12.6104	-74.0884	-61.478
spk_ver/v01/v0100	SES127	-2.51093	-63.6486	-61.1376
spk_ver/v01/v0101	SES014	-9.48377	-72.5844	-63.1006
spk_ver/v01/v0102	SES014	-17.747	-80.5374	-62.7904
spk_ver/v01/v0103	SES014	-2.95335	-66.2638	-63.3104
spk_ver/v01/v0104	SES014	-10.526	-73.1044	-62.5784
spk_ver/v01/v0105	SES014	-2.00754	-65.0359	-63.0284
spk_ver/v01/v0106	SES014	-3.28441	-62.6914	-59.407
spk_ver/v01/v0107	SES014	-14.0275	-75.34	-61.3124
spk_ver/v01/v0108	SES014	-17.5945	-81.2085	-63.614
spk_ver/v01/v0109	SES014	-8.90399	-72.6823	-63.7783
spk_ver/v01/v0110	SES014	-1.70578	-64.9478	-63.242
spk_ver/v01/v0111	SES014	-1.20691	-61.1857	-59.9788
spk_ver/v01/v0112	SES014	-12.7761	-73.6738	-60.8977
spk_ver/v01/v0113	SES104	-1.89098	-61.6833	-59.7924
spk_ver/v01/v0114	SES082	-1.79445	-61.294	-59.4996
spk_ver/v01/v0115	SES087	-1.32802	-60.8728	-59.5448
spk_ver/v01/v0116	SES014	-1.76932	-62.5707	-60.8013
spk_ver/v01/v0117	SES177	-3.59013	-64.5528	-60.9627
spk_ver/v01/v0118	SES014	-10.4186	-74.2822	-63.8636
spk_ver/v01/v0119	SES014	-2.1781	-62.0778	-59.8997
spk_ver/v01/v0120	SES014	-14.5625	-77.6779	-63.1155
spk_ver/v01/v0121	SES146	-4.0549	-65.0107	-60.9558
spk_ver/v01/v0122	SES014	-1.45785	-60.4722	-59.0144
spk_ver/v01/v0123	SES014	-1.48822	-61.6634	-60.1751
spk_ver/v01/v0124	SES014	-10.3852	-72.7509	-62.3657
spk_ver/v01/v0125	SES014	-6.10041	-67.8541	-61.7537
spk_ver/v01/v0126	SES016	-4.64037	-67.2109	-62.5705
spk_ver/v01/v0127	SES016	-2.8078	-66.2445	-63.4367
spk_ver/v01/v0128	SES106	-0.679218	-60.6308	-59.9516
spk_ver/v01/v0129	SES016	-4.84439	-64.1694	-59.325
spk_ver/v01/v0130	SES016	-5.76166	-67.6137	-61.8521
spk_ver/v01/v0131	SES016	-4.93488	-64.8277	-59.8928
spk_ver/v01/v0132	SES016	-3.31912	-64.764	-61.4449
spk_ver/v01/v0133	SES016	-2.32509	-64.947	-62.6219
spk_ver/v01/v0134	SES016	-3.57252	-63.2097	-59.6372
spk_ver/v01/v0135	SES016	-7.75355	-70.7623	-63.0088
spk_ver/v01/v0136	SES016	-5.70902	-68.9519	-63.2429
spk_ver/v01/v0137	SES007	-4.84325	-65.7787	-60.9355
spk_ver/v01/v0138	SES016	-3.60376	-65.3981	-61.7943
spk_ver/v01/v0139	SES016	-4.48039	-64.8238	-60.3434
spk_ver/v01/v0140	SES016	-2.20228	-63.9572	-61.7549
spk_ver/v01/v0141	SES016	-10.9556	-77.8763	-66.9207
spk_ver/v01/v0142	SES016	-3.3038	-64.3169	-61.0131
spk_ver/v01/v0143	SES016	-6.88795	-69.9397	-63.0517
spk_ver/v01/v0144	SES016	-4.44273	-64.9047	-60.462
spk_ver/v01/v0145	SES016	-4.61808	-66.4347	-61.8166
spk_ver/v01/v0146	SES016	-17.1295	-77.5128	-60.3833
spk_ver/v01/v0147	SES016	-2.74025	-65.1034	-62.3632
spk_ver/v01/v0148	SES127	-3.76097	-65.2893	-61.5283
spk_ver/v01/v0149	SES016	-3.98807	-64.2426	-60.2545
spk_ver/v01/v0150	SES016	-5.46123	-66.4722	-61.0109
spk_ver/v01/v0151	SES147	-3.84671	-66.5375	-62.6907
spk_ver/v01/v0152	SES016	-5.8183	-67.2245	-61.4062
spk_ver/v01/v0153	SES104	-2.41912	-62.1748	-59.7557
spk_ver/v01/v0154	SES016	-5.20688	-67.2448	-62.0379
spk_ver/v01/v0155	SES016	-4.71266	-67.802	-63.0893
spk_ver/v01/v0156	SES019	-0.137615	-62.453	-62.3154
spk_ver/v01/v0157	SES019	-6.17194	-64.7935	-58.6216
spk_ver/v01/v0158	SES019	-1.84609	-61.4075	-59.5614
spk_ver/v01/v0159	SES007	-4.73256	-64.9105	-60.1779
spk_ver/v01/v0160	SES019	-2.41217	-62.1788	-59.7667
spk_ver/v01/v0161	SES019	-3.04717	-64.5872	-61.54
spk_ver/v01/v0162	SES019	-9.63342	-70.0966	-60.4632
spk_ver/v01/v0163	SES189	-5.235	-67.9319	-62.6969
spk_ver/v01/v0164	SES019	-2.27874	-62.6608	-60.3821
spk_ver/v01/v0165	SES019	-1.6197	-62.3677	-60.748
spk_ver/v01/v0166	SES019	-8.28945	-68.2049	-59.9155
spk_ver/v01/v0167	SES019	-10.137	-71.489	-61.352
spk_ver/v01/v0168	SES019	-13.0958	-76.0073	-62.9116
spk_ver/v01/v0169	SES019	-2.94344	-63.0929	-60.1494
spk_ver/v01/v0170	SES270	-2.23209	-62.0348	-59.8028
spk_ver/v01/v0171	SES019	-2.30095	-62.6212	-60.3202
spk_ver/v01/v0172	SES019	-9.37258	-71.2453	-61.8727
spk_ver/v01/v0173	SES206	-2.70778	-62.2875	-59.5797
spk_ver/v01/v0174	SES019	-1.24082	-61.6316	-60.3908
spk_ver/v01/v0175	SES014	-1.17113	-60.793	-59.6218
spk_ver/v01/v0176	SES019	-7.30217	-67.2911	-59.989
spk_ver/v01/v0177	SES120	-3.95775	-65.2758	-61.3181
spk_ver/v01/v0178	SES019	-0.97319	-62.7361	-61.7629
spk_ver/v01/v0179	SES019	-8.37697	-68.7665	-60.3895
spk_ver/v01/v0180	SES175	-4.79349	-66.5953	-61.8018
spk_ver/v01/v0181	SES019	-10.615	-72.4636	-61.8486
spk_ver/v01/v0182	SES019	-5.07731	-64.9331	-59.8558
spk_ver/v01/v0183	SES029	-2.53115	-63.7387	-61.2076
spk_ver/v01/v0184	SES029	-4.06385	-63.6803	-59.6165
spk_ver/v01/v0185	SES029	-2.93244	-64.0047	-61.0722
spk_ver/v01/v0186	SES068	-4.19439	-64.779	-60.5846
spk_ver/v01/v0187	SES029	-4.76273	-63.745	-58.9823
spk_ver/v01/v0188	SES029	-4.14183	-63.6422	-59.5004
spk_ver/v01/v0189	SES149	-2.78238	-61.9531	-59.1707
spk_ver/v01/v0190	SES029	-4.63585	-65.7929	-61.157
spk_ver/v01/v0191	SES029	-4.86357	-65.1341	-60.2705
spk_ver/v01/v0192	SES183	-3.85366	-64.3343	-60.4806
spk_ver/v01/v0193	SES029	-4.0896	-65.3161	-61.2265
spk_ver/v01/v0194	SES016	-2.38865	-63.7716	-61.3829
spk_ver/v01/v0195	SES029	-4.40302	-64.9969	-60.5938
spk_ver/v01/v0196	SES029	-4.5182	-66.2237	-61.7055
spk_ver/v01/v0197	SES029	-4.54617	-63.532	-58.9858
spk_ver/v01/v0198	SES146	-4.2896	-65.1448	-60.8551
spk_ver/v01/v0199	SES029	-4.28865	-65.0109	-60.7223
spk_ver/v02/v0200	SES029	-2.2703	-65.5412	-63.2709
spk_ver/v02/v0201	SES068	-3.56163	-64.2683	-60.7067
spk_ver/v02/v0202	SES148	-3.68533	-65.7535	-62.0682
spk_ver/v02/v0203	SES029	-3.32069	-63.7098	-60.3891
spk_ver/v02/v0204	SES029	-3.85907	-65.3519	-61.4929
spk_ver/v02/v0205	SES060	-3.30752	-63.5434	-60.2359
spk_ver/v02/v0206	SES127	-3.07759	-64.1785	-61.1009
spk_ver/v02/v0207	SES029	-2.98529	-63.2488	-60.2635
spk_ver/v02/v0208	SES048	-8.42281	-70.0282	-61.6054
spk_ver/v02/v0209	SES029	-2.83121	-64.4171	-61.5859
spk_ver/v02/v0210	SES029	-3.81262	-64.5932	-60.7805
spk_ver/v02/v0211	SES029	-4.69753	-62.9454	-58.2479
spk_ver/v02/v0212	SES042	-16.4655	-79.9892	-63.5237
spk_ver/v02/v0213	SES085	-5.83846	-67.6995	-61.861
spk_ver/v02/v0214	SES206	-2.11968	-60.6955	-58.5758
spk_ver/v02/v0215	SES144	-5.02756	-66.3027	-61.2751
spk_ver/v02/v0216	SES042	-3.76693	-64.2652	-60.4983
spk_ver/v02/v0217	SES042	-3.13109	-66.33	-63.1989
spk_ver/v02/v0218	SES042	-12.036	-71.7696	-59.7336
spk_ver/v02/v0219	SES206	-2.36774	-60.7313	-58.3635
spk_ver/v02/v0220	SES019	-0.381451	-60.7869	-60.4054
spk_ver/v02/v0221	SES007	-4.12503	-64.6198	-60.4948
spk_ver/v02/v0222	SES042	-13.9482	-76.2249	-62.2767
spk_ver/v02/v0223	SES147	-2.77736	-66.1412	-63.3638
spk_ver/v02/v0224	SES105	-4.73821	-66.3491	-61.6108
spk_ver/v02/v0225	SES042	-2.18914	-62.3791	-60.1899
spk_ver/v02/v0226	SES275	-4.22187	-65.6113	-61.3895
spk_ver/v02/v0227	SES042	-2.40911	-63.6314	-61.2223
spk_ver/v02/v0228	SES042	-6.81348	-68.84	-62.0265
spk_ver/v02/v0229	SES042	-15.932	-76.5808	-60.6488
spk_ver/v02/v0230	SES085	-4.76832	-64.1927	-59.4244
spk_ver/v02/v0231	SES014	-1.57736	-60.1698	-58.5924
spk_ver/v02/v0232	SES042	-2.46833	-61.2286	-58.7603
spk_ver/v02/v0233	SES048	-2.5181	-62.2241	-59.706
spk_ver/v02/v0234	SES048	-11.1129	-74.9512	-63.8383
spk_ver/v02/v0235	SES029	-4.2295	-65.3156	-61.0861
spk_ver/v02/v0236	SES048	-7.59219	-68.2371	-60.6449
spk_ver/v02/v0237	SES048	-3.84173	-63.4935	-59.6517
spk_ver/v02/v0238	SES048	-7.39883	-68.8101	-61.4113
spk_ver/v02/v0239	SES060	-4.03783	-63.9175	-59.8797
spk_ver/v02/v0240	SES048	-8.08788	-70.4202	-62.3323
spk_ver/v02/v0241	SES048	-9.39014	-72.1273	-62.7371
spk_ver/v02/v0242	SES189	-6.0853	-70.577	-64.4917
spk_ver/v02/v0243	SES162	-3.46078	-65.3629	-61.9022
spk_ver/v02/v0244	SES048	-3.44495	-64.0992	-60.6543
spk_ver/v02/v0245	SES048	-2.94619	-62.9417	-59.9955
spk_ver/v02/v0246	SES048	-4.02512	-63.7357	-59.7106
spk_ver/v02/v0247	SES048	-3.77745	-65.173	-61.3955
spk_ver/v02/v0248	SES226	-0.660793	-60.9741	-60.3133
spk_ver/v02/v0249	SES048	-4.96091	-67.0254	-62.0645
spk_ver/v02/v0250	SES048	-3.61683	-65.1968	-61.58
spk_ver/v02/v0251	SES048	-3.57254	-66.7705	-63.198
spk_ver/v02/v0252	SES060	-4.75128	-69.3416	-64.5903
spk_ver/v02/v0253	SES060	-4.04053	-63.8855	-59.845
spk_ver/v02/v0254	SES259	-1.59011	-60.8427	-59.2526
spk_ver/v02/v0255	SES060	-7.18354	-69.2762	-62.0927
spk_ver/v02/v0256	SES202	-3.55689	-65.9907	-62.4338
spk_ver/v02/v0257	SES148	-4.21479	-65.1541	-60.9394
spk_ver/v02/v0258	SES060	-4.374	-68.2026	-63.8286
spk_ver/v02/v0259	SES060	-5.15396	-64.7992	-59.6453
spk_ver/v02/v0260	SES060	-5.13494	-66.0439	-60.909
spk_ver/v02/v0261	SES099	-0.354988	-60.6158	-60.2608
spk_ver/v02/v0262	SES060	-5.66091	-66.696	-61.0351
spk_ver/v02/v0263	SES060	-16.0315	-76.4951	-60.4636
spk_ver/v02/v0264	SES292	-4.1846	-65.9681	-61.7835
spk_ver/v02/v0265	SES060	-3.61587	-64.512	-60.8961
spk_ver/v02/v0266	SES060	-6.0095	-66.9716	-60.9621
spk_ver/v02/v0267	SES060	-9.48412	-72.1754	-62.6913
spk_ver/v02/v0268	SES060	-4.43412	-67.2209	-62.7868
spk_ver/v02/v0269	SES127	-2.41605	-63.67	-61.254
spk_ver/v02/v0270	SES060	-3.73157	-65.5543	-61.8227
spk_ver/v02/v0271	SES060	-4.42701	-65.5041	-61.0771
spk_ver/v02/v0272	SES060	-2.47152	-63.8826	-61.4111
spk_ver/v02/v0273	SES087	-1.3713	-61.8604	-60.4891
spk_ver/v02/v0274	SES146	-4.38091	-65.0263	-60.6454
spk_ver/v02/v0275	SES060	-6.02158	-68.3963	-62.3747
spk_ver/v02/v0276	SES002	-1.60749	-60.8882	-59.2807
spk_ver/v02/v0277	SES060	-5.18943	-66.1227	-60.9332
spk_ver/v02/v0278	SES060	-3.59697	-64.1318	-60.5349
spk_ver/v02/v0279	SES060	-5.77292	-64.3674	-58.5945
spk_ver/v02/v0280	SES129	0.142071	-61.2112	-61.3532
spk_ver/v02/v0281	SES162	-3.42852	-64.4114	-60.9828
spk_ver/v02/v0282	SES060	-3.45778	-63.2304	-59.7726
spk_ver/v02/v0283	SES060	-5.17196	-65.0831	-59.9112
spk_ver/v02/v0284	SES062	-4.72667	-67.5419	-62.8152
spk_ver/v02/v0285	SES062	-4.07743	-64.1541	-60.0767
spk_ver/v02/v0286	SES120	-4.47535	-65.9639	-61.4886
spk_ver/v02/v0287	SES062	-3.32545	-65.4152	-62.0898
spk_ver/v02/v0288	SES062	-3.99475	-63.7478	-59.7531
spk_ver/v02/v0289	SES062	-2.08907	-61.3374	-59.2483
spk_ver/v02/v0290	SES062	-4.35291	-65.8805	-61.5276
spk_ver/v02/v0291	SES275	-5.18888	-66.2533	-61.0644
spk_ver/v02/v0292	SES062	-4.92865	-68.2042	-63.2756
spk_ver/v02/v0293	SES062	-3.60588	-67.0537	-63.4478
spk_ver/v02/v0294	SES062	-2.88032	-62.2843	-59.404
spk_ver/v02/v0295	SES062	-6.22696	-67.6145	-61.3876
spk_ver/v02/v0296	SES062	-5.24357	-66.649	-61.4054
spk_ver/v02/v0297	SES062	-8.23669	-69.5971	-61.3605
spk_ver/v02/v0298	SES062	-3.13702	-63.563	-60.426
spk_ver/v02/v0299	SES062	-3.61615	-64.7809	-61.1648
spk_ver/v03/v0300	SES062	-4.55504	-68.8872	-64.3322
spk_ver/v03/v0301	SES062	-4.4617	-64.6657	-60.204
spk_ver/v03/v0302	SES172	-4.82551	-64.4896	-59.6641
spk_ver/v03/v0303	SES062	-2.81281	-62.9576	-60.1448
spk_ver/v03/v0304	SES062	-1.98857	-62.7775	-60.7889
spk_ver/v03/v0305	SES062	-3.39567	-63.8505	-60.4548
spk_ver/v03/v0306	SES062	-6.36577	-71.2543	-64.8885
spk_ver/v03/v0307	SES062	-4.21069	-63.3012	-59.0905
spk_ver/v03/v0308	SES062	-8.8622	-70.8081	-61.9459
spk_ver/v03/v0309	SES062	-4.13433	-67.8438	-63.7095
spk_ver/v03/v0310	SES125	-0.846027	-59.8144	-58.9683
spk_ver/v03/v0311	SES062	-12.1585	-72.9367	-60.7781
spk_ver/v03/v0312	SES062	-8.14439	-70.4181	-62.2737
spk_ver/v03/v0313	SES062	-3.09908	-66.5853	-63.4862
spk_ver/v03/v0314	SES068	-4.8596	-64.7291	-59.8695
spk_ver/v03/v0315	SES068	-2.54216	-62.6083	-60.0661
spk_ver/v03/v0316	SES068	-6.68617	-69.9548	-63.2686
spk_ver/v03/v0317	SES068	-4.79352	-67.8566	-63.0631
spk_ver/v03/v0318	SES068	-4.5729	-64.6117	-60.0388
spk_ver/v03/v0319	SES068	-4.55289	-65.1071	-60.5542
spk_ver/v03/v0320	SES068	-4.21273	-64.2204	-60.0077
spk_ver/v03/v0321	SES068	-3.18468	-64.2919	-61.1073
spk_ver/v03/v0322	SES068	-3.13437	-64.3219	-61.1875
spk_ver/v03/v0323	SES068	-3.56947	-65.0311	-61.4616
spk_ver/v03/v0324	SES144	-4.2043	-65.9438	-61.7396
spk_ver/v03/v0325	SES068	-6.12086	-66.3673	-60.2464
spk_ver/v03/v0326	SES068	-4.03579	-63.01	-58.9742
spk_ver/v03/v0327	SES068	-2.56423	-64.2846	-61.7203
spk_ver/v03/v0328	SES068	-5.79882	-66.0294	-60.2306
spk_ver/v03/v0329	SES068	-5.23572	-65.4383	-60.2026
spk_ver/v03/v0330	SES180	-3.69582	-65.9095	-62.2136
spk_ver/v03/v0331	SES068	-3.04226	-64.1661	-61.1239
spk_ver/v03/v0332	SES275	-3.38763	-65.0111	-61.6235
spk_ver/v03/v0333	SES062	-3.35168	-63.6639	-60.3123
spk_ver/v03/v0334	SES270	-1.63538	-61.3141	-59.6787
spk_ver/v03/v0335	SES068	-4.49995	-65.2283	-60.7284
spk_ver/v03/v0336	SES068	-4.59107	-63.9352	-59.3442
spk_ver/v03/v0337	SES068	-5.31743	-67.3587	-62.0412
spk_ver/v03/v0338	SES068	-3.47008	-66.339	-62.8689
spk_ver/v03/v0339	SES068	-3.65697	-64.4732	-60.8162
spk_ver/v03/v0340	SES068	-4.45441	-67.4464	-62.992
spk_ver/v03/v0341	SES016	-3.8691	-64.7641	-60.895
spk_ver/v03/v0342	SES068	-2.85363	-65.0681	-62.2145
spk_ver/v03/v0343	SES068	-3.14628	-64.4855	-61.3393
spk_ver/v03/v0344	SES125	-0.0136948	-59.9089	-59.8952
spk_ver/v03/v0345	SES187	-4.80005	-65.9167	-61.1167
spk_ver/v03/v0346	SES068	-5.57489	-66.506	-60.9311
spk_ver/v03/v0347	SES143	-3.09559	-64.3845	-61.2889
spk_ver/v03/v0348	SES292	-3.27003	-64.7312	-61.4612
spk_ver/v03/v0349	SES082	-6.42852	-66.5196	-60.0911
spk_ver/v03/v0350	SES101	-4.13789	-64.1564	-60.0186
spk_ver/v03/v0351	SES082	-1.40066	-60.9104	-59.5097
spk_ver/v03/v0352	SES082	-3.19912	-63.7996	-60.6004
spk_ver/v03/v0353	SES082	-7.13285	-68.6772	-61.5444
spk_ver/v03/v0354	SES082	-11.1757	-74.8796	-63.704
spk_ver/v03/v0355	SES083	-4.50726	-63.3491	-58.8418
spk_ver/v03/v0356	SES082	-4.48648	-65.4075	-60.9211
spk_ver/v03/v0357	SES082	-12.0736	-75.2911	-63.2175
spk_ver/v03/v0358	SES082	-2.14167	-61.9493	-59.8076
spk_ver/v03/v0359	SES117	-2.45747	-66.5973	-64.1399
spk_ver/v03/v0360	SES082	-5.56121	-67.0452	-61.484
spk_ver/v03/v0361	SES082	-1.74884	-62.4894	-60.7406
spk_ver/v03/v0362	SES007	-4.36349	-64.4082	-60.0448
spk_ver/v03/v0363	SES082	-3.52621	-64.1606	-60.6344
spk_ver/v03/v0364	SES019	-2.21061	-62.3015	-60.0909
spk_ver/v03/v0365	SES082	-2.99718	-64.0104	-61.0133
spk_ver/v03/v0366	SES226	-1.82658	-61.7925	-59.9659
spk_ver/v03/v0367	SES167	-2.48147	-63.8899	-61.4085
spk_ver/v03/v0368	SES082	-3.21626	-61.8715	-58.6552
spk_ver/v03/v0369	SES042	-0.274204	-58.76	-58.4858
spk_ver/v03/v0370	SES042	-1.41937	-59.1839	-57.7645
spk_ver/v03/v0371	SES082	-8.15623	-68.9336	-60.7773
spk_ver/v03/v0372	SES082	-1.94168	-60.7805	-58.8388
spk_ver/v03/v0373	SES082	-4.43359	-66.9147	-62.4812
spk_ver/v03/v0374	SES083	-4.05568	-62.7672	-58.7115
spk_ver/v03/v0375	SES292	-4.67862	-65.7628	-61.0842
spk_ver/v03/v0376	SES083	-3.71289	-63.4417	-59.7288
spk_ver/v03/v0377	SES083	-3.49551	-64.1855	-60.69
spk_ver/v03/v0378	SES083	-3.3201	-65.4484	-62.1283
spk_ver/v03/v0379	SES083	-6.12146	-67.1336	-61.0121
spk_ver/v03/v0380	SES083	-6.16623	-68.6756	-62.5093
spk_ver/v03/v0381	SES083	-2.9492	-65.859	-62.9098
spk_ver/v03/v0382	SES148	-5.34052	-66.6759	-61.3354
spk_ver/v03/v0383	SES083	-4.57912	-64.0746	-59.4955
spk_ver/v03/v0384	SES226	-1.53076	-61.7208	-60.19
spk_ver/v03/v0385	SES226	-2.62025	-62.5534	-59.9332
spk_ver/v03/v0386	SES087	-2.09351	-63.1422	-61.0487
spk_ver/v03/v0387	SES029	-3.83398	-64.7605	-60.9266
spk_ver/v03/v0388	SES147	-3.29358	-66.3527	-63.0591
spk_ver/v03/v0389	SES083	-3.3712	-64.6371	-61.2659
spk_ver/v03/v0390	SES189	-4.82706	-66.9269	-62.0998
spk_ver/v03/v0391	SES083	-4.97206	-65.8443	-60.8722
spk_ver/v03/v0392	SES083	-4.18329	-63.4893	-59.306
spk_ver/v03/v0393	SES083	-4.87066	-66.0121	-61.1415
spk_ver/v03/v0394	SES083	-3.99185	-63.6293	-59.6374
spk_ver/v03/v0395	SES083	-4.81614	-65.9454	-61.1292
spk_ver/v03/v0396	SES014	-1.10496	-59.771	-58.6661
spk_ver/v03/v0397	SES085	-4.7952	-64.72	-59.9248
spk_ver/v03/v0398	SES085	-6.02262	-64.7117	-58.6891
spk_ver/v03/v0399	SES085	-4.95897	-64.7208	-59.7618
spk_ver/v04/v0400	SES106	-1.6565	-61.0269	-59.3704
spk_ver/v04/v0401	SES085	-4.47212	-64.2932	-59.8211
spk_ver/v04/v0402	SES085	-5.57057	-66.4173	-60.8467
spk_ver/v04/v0403	SES085	-4.33862	-64.0708	-59.7322
spk_ver/v04/v0404	SES180	-2.64129	-63.5418	-60.9005
spk_ver/v04/v0405	SES129	-3.95736	-64.303	-60.3457
spk_ver/v04/v0406	SES085	-3.79292	-64.4645	-60.6716
spk_ver/v04/v0407	SES146	-3.10862	-64.9734	-61.8648
spk_ver/v04/v0408	SES085	-5.13962	-64.9605	-59.8209
spk_ver/v04/v0409	SES085	-2.6946	-63.4445	-60.7499
spk_ver/v04/v0410	SES085	-3.96224	-65.2151	-61.2528
spk_ver/v04/v0411	SES292	-4.94434	-66.4594	-61.5151
spk_ver/v04/v0412	SES085	-4.85801	-64.2489	-59.3909
spk_ver/v04/v0413	SES125	-0.791874	-60.3121	-59.5202
spk_ver/v04/v0414	SES085	-2.41557	-68.9356	-66.5201
spk_ver/v04/v0415	SES085	-4.59793	-66.39	-61.7921
spk_ver/v04/v0416	SES085	-3.67908	-64.9266	-61.2475
spk_ver/v04/v0417	SES062	-4.80403	-64.0955	-59.2914
spk_ver/v04/v0418	SES060	-2.90042	-63.6173	-60.7169
spk_ver/v04/v0419	SES085	-4.13359	-65.181	-61.0474
spk_ver/v04/v0420	SES085	-5.05298	-63.7239	-58.6709
spk_ver/v04/v0421	SES085	-5.18972	-66.265	-61.0753
spk_ver/v04/v0422	SES085	-3.00986	-65.4322	-62.4223
spk_ver/v04/v0423	SES085	-5.23396	-65.684	-60.45
spk_ver/v04/v0424	SES085	-3.73083	-64.6195	-60.8887
spk_ver/v04/v0425	SES183	-4.6488	-66.2269	-61.5781
spk_ver/v04/v0426	SES085	-3.99941	-64.6414	-60.642
spk_ver/v04/v0427	SES087	-0.849876	-62.6196	-61.7697
spk_ver/v04/v0428	SES162	-3.07491	-64.7775	-61.7025
spk_ver/v04/v0429	SES087	-2.11948	-62.4787	-60.3592
spk_ver/v04/v0430	SES087	-5.42259	-68.6821	-63.2595
spk_ver/v04/v0431	SES087	-13.6426	-75.6649	-62.0223
spk_ver/v04/v0432	SES087	-3.55722	-63.038	-59.4808
spk_ver/v04/v0433	SES087	-9.95476	-69.6871	-59.7323
spk_ver/v04/v0434	SES142	-0.824623	-63.128	-62.3034
spk_ver/v04/v0435	SES087	-11.211	-73.9348	-62.7238
spk_ver/v04/v0436	SES099	-1.20512	-61.116	-59.9109
spk_ver/v04/v0437	SES087	-4.97521	-65.2128	-60.2376
spk_ver/v04/v0438	SES087	-6.64418	-67.946	-61.3018
spk_ver/v04/v0439	SES087	-2.34979	-60.9507	-58.6009
spk_ver/v04/v0440	SES087	-7.81887	-67.9698	-60.1509
spk_ver/v04/v0441	SES087	-12.0966	-74.3877	-62.2911
spk_ver/v04/v0442	SES187	-4.97923	-67.5329	-62.5536
spk_ver/v04/v0443	SES172	-3.03274	-64.7686	-61.7359
spk_ver/v04/v0444	SES087	-4.77692	-63.8132	-59.0362
spk_ver/v04/v0445	SES087	-1.05377	-61.296	-60.2422
spk_ver/v04/v0446	SES087	-1.93623	-60.7373	-58.8011
spk_ver/v04/v0447	SES087	-0.731815	-61.6692	-60.9374
spk_ver/v04/v0448	SES106	-0.817474	-60.3342	-59.5167
spk_ver/v04/v0449	SES146	-3.00558	-65.1313	-62.1257
spk_ver/v04/v0450	SES087	-9.63559	-72.0424	-62.4068
spk_ver/v04/v0451	SES087	-2.13644	-61.9344	-59.7979
spk_ver/v04/v0452	SES007	-3.7285	-64.6146	-60.8861
spk_ver/v04/v0453	SES087	-1.27505	-61.326	-60.051
spk_ver/v04/v0454	SES087	-8.62565	-70.2416	-61.616
spk_ver/v04/v0455	SES180	-3.43497	-64.7946	-61.3596
spk_ver/v04/v0456	SES099	-6.72642	-69.6248	-62.8984
spk_ver/v04/v0457	SES042	-1.22475	-59.8756	-58.6509
spk_ver/v04/v0458	SES099	-1.60496	-61.953	-60.348
spk_ver/v04/v0459	SES099	-12.1182	-74.6173	-62.4991
spk_ver/v04/v0460	SES099	-7.28683	-71.2108	-63.924
spk_ver/v04/v0461	SES099	-2.2528	-63.3739	-61.1211
spk_ver/v04/v0462	SES082	-1.4469	-61.0237	-59.5768
spk_ver/v04/v0463	SES099	-1.43422	-61.1643	-59.7301
spk_ver/v04/v0464	SES099	-1.72308	-60.9839	-59.2608
spk_ver/v04/v0465	SES099	-9.52738	-71.2872	-61.7598
spk_ver/v04/v0466	SES099	-3.91537	-64.4945	-60.5792
spk_ver/v04/v0467	SES099	-2.21468	-62.6143	-60.3996
spk_ver/v04/v0468	SES129	-1.5759	-62.7618	-61.1859
spk_ver/v04/v0469	SES101	-4.96593	-64.9453	-59.9794
spk_ver/v04/v0470	SES099	-17.419	-80.105	-62.686
spk_ver/v04/v0471	SES172	-4.33044	-65.2999	-60.9694
spk_ver/v04/v0472	SES099	-2.26285	-61.5848	-59.3219
spk_ver/v04/v0473	SES270	-1.49752	-61.0609	-59.5634
spk_ver/v04/v0474	SES099	-4.02725	-65.0516	-61.0243
spk_ver/v04/v0475	SES099	-3.41406	-63.8364	-60.4224
spk_ver/v04/v0476	SES099	-2.49972	-64.7864	-62.2867
spk_ver/v04/v0477	SES002	-0.763615	-59.8759	-59.1122
spk_ver/v04/v0478	SES099	-0.492901	-60.1739	-59.681
spk_ver/v04/v0479	SES007	-5.33877	-66.4511	-61.1123
spk_ver/v04/v0480	SES101	-4.23233	-63.2423	-59.0099
spk_ver/v04/v0481	SES101	-5.2454	-68.3479	-63.1025
spk_ver/v04/v0482	SES175	-4.80397	-67.7876	-62.9837
spk_ver/v04/v0483	SES101	-4.09545	-64.028	-59.9325
spk_ver/v04/v0484	SES101	-3.51625	-63.0471	-59.5309
spk_ver/v04/v0485	SES101	-5.76888	-68.2638	-62.4949
spk_ver/v04/v0486	SES101	-4.56043	-68.4221	-63.8617
spk_ver/v04/v0487	SES101	-5.92167	-68.4033	-62.4816
spk_ver/v04/v0488	SES101	-2.54774	-62.8265	-60.2787
spk_ver/v04/v0489	SES147	-1.96872	-64.5582	-62.5895
spk_ver/v04/v0490	SES085	-10.9469	-73.5878	-62.6409
spk_ver/v04/v0491	SES101	-5.45847	-68.8906	-63.4321
spk_ver/v04/v0492	SES101	-6.52604	-71.0648	-64.5387
spk_ver/v04/v0493	SES101	-3.8281	-61.6171	-57.789
spk_ver/v04/v0494	SES101	-3.07216	-67.4632	-64.391
spk_ver/v04/v0495	SES101	-5.28178	-64.3791	-59.0973
spk_ver/v04/v0496	SES101	-3.56379	-65.4604	-61.8966
spk_ver/v04/v0497	SES014	-1.14062	-60.0872	-58.9465
spk_ver/v04/v0498	SES101	-2.94719	-63.2662	-60.319
spk_ver/v04/v0499	SES101	-3.4657	-63.0911	-59.6254
spk_ver/v05/v0500	SES085	-4.78779	-65.0873	-60.2995
spk_ver/v05/v0501	SES101	-6.14299	-66.6277	-60.4847
spk_ver/v05/v0502	SES275	-4.09372	-65.198	-61.1043
spk_ver/v05/v0503	SES117	-3.46756	-66.0012	-62.5337
spk_ver/v05/v0504	SES101	-3.69527	-63.5728	-59.8775
spk_ver/v05/v0505	SES101	-3.96852	-64.8185	-60.8499
spk_ver/v05/v0506	SES101	-5.11485	-67.1182	-62.0034
spk_ver/v05/v0507	SES048	-4.40983	-63.575	-59.1652
spk_ver/v05/v0508	SES117	-2.86993	-66.0975	-63.2275
spk_ver/v05/v0509	SES202	-3.71413	-64.7713	-61.0572
spk_ver/v05/v0510	SES104	-18.5766	-82.2684	-63.6918
spk_ver/v05/v0511	SES008	-3.25371	-65.9527	-62.699
spk_ver/v05/v0512	SES104	-1.18139	-62.0513	-60.8699
spk_ver/v05/v0513	SES104	-1.70921	-60.7498	-59.0406
spk_ver/v05/v0514	SES104	-10.1271	-70.2168	-60.0897
spk_ver/v05/v0515	SES104	-13.6692	-75.6062	-61.937
spk_ver/v05/v0516	SES104	-4.00418	-66.8115	-62.8073
spk_ver/v05/v0517	SES060	-3.82402	-63.5731	-59.7491
spk_ver/v05/v0518	SES104	-15.8419	-78.1691	-62.3272
spk_ver/v05/v0519	SES104	-13.9859	-77.3699	-63.3841
spk_ver/v05/v0520	SES104	-1.25122	-60.5481	-59.2968
spk_ver/v05/v0521	SES008	-3.49145	-62.9578	-59.4663
spk_ver/v05/v0522	SES068	-4.42626	-65.0652	-60.639
spk_ver/v05/v0523	SES087	-0.773346	-60.7505	-59.9772
spk_ver/v05/v0524	SES104	-1.89579	-62.6721	-60.7763
spk_ver/v05/v0525	SES104	-1.14322	-60.7704	-59.6271
spk_ver/v05/v0526	SES104	-4.27232	-63.6904	-59.4181
spk_ver/v05/v0527	SES083	-5.5877	-65.791	-60.2033
spk_ver/v05/v0528	SES148	-3.9776	-65.5341	-61.5565
spk_ver/v05/v0529	SES104	-2.44611	-62.3415	-59.8954
spk_ver/v05/v0530	SES104	-8.7779	-69.5029	-60.725
spk_ver/v05/v0531	SES125	-0.397835	-59.9596	-59.5618
spk_ver/v05/v0532	SES104	-12.5596	-74.8234	-62.2638
spk_ver/v05/v0533	SES149	-1.62553	-61.3293	-59.7038
spk_ver/v05/v0534	SES104	-12.4944	-74.148	-61.6536
spk_ver/v05/v0535	SES187	-4.25318	-66.242	-61.9888
spk_ver/v05/v0536	SES104	-2.41249	-62.8196	-60.4071
spk_ver/v05/v0537	SES104	-1.08057	-62.2645	-61.1839
spk_ver/v05/v0538	SES167	-2.965	-65.5471	-62.5821
spk_ver/v05/v0539	SES104	-0.496559	-62.7258	-62.2293
spk_ver/v05/v0540	SES104	-10.8176	-69.8421	-59.0245
spk_ver/v05/v0541	SES183	-4.70146	-67.3603	-62.6588
spk_ver/v05/v0542	SES104	-2.43489	-63.3158	-60.8809
spk_ver/v05/v0543	SES104	-9.83021	-71.8693	-62.0391
spk_ver/v05/v0544	SES105	-7.52143	-69.1021	-61.5807
spk_ver/v05/v0545	SES105	-6.10592	-67.2789	-61.173
spk_ver/v05/v0546	SES105	-3.22777	-63.8205	-60.5927
spk_ver/v05/v0547	SES105	-5.79642	-68.6345	-62.8381
spk_ver/v05/v0548	SES019	-0.851837	-61.2644	-60.4126
spk_ver/v05/v0549	SES105	-7.28485	-68.8197	-61.5349
spk_ver/v05/v0550	SES105	-2.42334	-65.6597	-63.2364
spk_ver/v05/v0551	SES202	-3.32203	-65.3055	-61.9834
spk_ver/v05/v0552	SES105	-8.43888	-70.009	-61.5701
spk_ver/v05/v0553	SES105	-3.19911	-63.7476	-60.5485
spk_ver/v05/v0554	SES105	-6.74649	-66.4229	-59.6764
spk_ver/v05/v0555	SES105	-3.49357	-64.1167	-60.6231
spk_ver/v05/v0556	SES082	-1.90269	-61.7248	-59.8221
spk_ver/v05/v0557	SES105	-3.42038	-63.1965	-59.7761
spk_ver/v05/v0558	SES014	-1.21713	-60.0975	-58.8803
spk_ver/v05/v0559	SES105	-6.42438	-66.2111	-59.7868
spk_ver/v05/v0560	SES177	-5.41932	-65.9252	-60.5059
spk_ver/v05/v0561	SES189	-1.80399	-71.957	-70.153
spk_ver/v05/v0562	SES105	-2.35088	-64.1807	-61.8298
spk_ver/v05/v0563	SES099	-1.35348	-63.3802	-62.0267
spk_ver/v05/v0564	SES105	-5.31968	-66.2507	-60.931
spk_ver/v05/v0565	SES105	-3.8217	-64.5912	-60.7695
spk_ver/v05/v0566	SES105	-1.34682	-64.5	-63.1532
spk_ver/v05/v0567	SES142	-1.12135	-63.8012	-62.6799
spk_ver/v05/v0568	SES048	-7.50189	-67.7141	-60.2122
spk_ver/v05/v0569	SES105	-3.94933	-63.2755	-59.3262
spk_ver/v05/v0570	SES105	-5.48097	-65.7498	-60.2689
spk_ver/v05/v0571	SES105	-9.03667	-71.5871	-62.5505
spk_ver/v05/v0572	SES105	-1.96715	-64.0923	-62.1251
spk_ver/v05/v0573	SES105	-2.89149	-63.9788	-61.0873
spk_ver/v05/v0574	SES105	-6.92921	-67.6135	-60.6843
spk_ver/v05/v0575	SES105	-8.00283	-70.3008	-62.2979
spk_ver/v05/v0576	SES106	-12.0108	-74.2763	-62.2655
spk_ver/v05/v0577	SES106	-2.07579	-64.5279	-62.4521
spk_ver/v05/v0578	SES106	-11.8831	-72.9127	-61.0296
spk_ver/v05/v0579	SES106	-8.79598	-69.2952	-60.4992
spk_ver/v05/v0580	SES106	-1.64237	-61.1707	-59.5283
spk_ver/v05/v0581	SES106	-10.6476	-73.2194	-62.5718
spk_ver/v05/v0582	SES106	-4.11752	-65.368	-61.2505
spk_ver/v05/v0583	SES106	-2.24897	-60.919	-58.67
spk_ver/v05/v0584	SES106	-12.9168	-75.1296	-62.2128
spk_ver/v05/v0585	SES106	-1.29982	-63.1934	-61.8936
spk_ver/v05/v0586	SES106	-8.61074	-70.1197	-61.509
spk_ver/v05/v0587	SES106	-8.86354	-69.4018	-60.5383
spk_ver/v05/v0588	SES106	-8.16208	-67.6056	-59.4435
spk_ver/v05/v0589	SES106	-10.2831	-70.3732	-60.0901
spk_ver/v05/v0590	SES082	-1.59602	-62.2292	-60.6332
spk_ver/v05/v0591	SES180	-2.8753	-65.2717	-62.3964
spk_ver/v05/v0592	SES106	-4.28661	-64.8156	-60.529
spk_ver/v05/v0593	SES106	-11.7379	-74.6234	-62.8855
spk_ver/v05/v0594	SES292	-3.03089	-64.5169	-61.486
spk_ver/v05/v0595	SES106	-2.8856	-62.1728	-59.2872
spk_ver/v05/v0596	SES106	-10.0508	-72.2832	-62.2324
spk_ver/v05/v0597	SES106	-12.2955	-73.4076	-61.1121
spk_ver/v05/v0598	SES042	-0.726204	-59.3952	-58.669
spk_ver/v05/v0599	SES106	-8.92788	-72.1765	-63.2486
spk_ver/v06/v0600	SES106	-1.64333	-61.4004	-59.757
spk_ver/v06/v0601	SES106	-3.12325	-63.4239	-60.3006
spk_ver/v06/v0602	SES106	-5.22401	-66.4192	-61.1952
spk_ver/v06/v0603	SES106	-9.705	-71.8127	-62.1077
spk_ver/v06/v0604	SES106	-9.01181	-69.6709	-60.6591
spk_ver/v06/v0605	SES106	-7.70436	-71.9796	-64.2753
spk_ver/v06/v0606	SES048	-3.37125	-62.1994	-58.8281
spk_ver/v06/v0607	SES167	-0.912926	-63.0622	-62.1492
spk_ver/v06/v0608	SES106	-13.2608	-74.8699	-61.609
spk_ver/v06/v0609	SES143	-4.22269	-66.7472	-62.5245
spk_ver/v06/v0610	SES106	-15.0736	-79.2318	-64.1582
spk_ver/v06/v0611	SES106	-4.83574	-66.2382	-61.4024
spk_ver/v06/v0612	SES106	-15.0635	-77.6607	-62.5971
spk_ver/v06/v0613	SES117	-4.60366	-65.9208	-61.3171
spk_ver/v06/v0614	SES117	-5.62593	-65.2229	-59.597
spk_ver/v06/v0615	SES117	-4.46155	-66.3223	-61.8607
spk_ver/v06/v0616	SES106	-1.19637	-59.4742	-58.2778
spk_ver/v06/v0617	SES142	-1.29488	-64.5691	-63.2742
spk_ver/v06/v0618	SES048	-3.70228	-62.4309	-58.7286
spk_ver/v06/v0619	SES175	-5.06991	-68.2167	-63.1468
spk_ver/v06/v0620	SES180	-3.21906	-64.0643	-60.8453
spk_ver/v06/v0621	SES117	-3.87106	-67.4401	-63.5691
spk_ver/v06/v0622	SES029	-4.77958	-66.0073	-61.2277
spk_ver/v06/v0623	SES117	-4.85983	-65.7049	-60.8451
spk_ver/v06/v0624	SES117	-5.65445	-66.8339	-61.1794
spk_ver/v06/v0625	SES117	-3.09191	-68.5177	-65.4258
spk_ver/v06/v0626	SES106	-1.21995	-60.3363	-59.1163
spk_ver/v06/v0627	SES226	-2.54635	-61.6049	-59.0585
spk_ver/v06/v0628	SES117	-3.58687	-66.1501	-62.5632
spk_ver/v06/v0629	SES117	-5.5888	-63.8634	-58.2746
spk_ver/v06/v0630	SES117	-7.84688	-67.7302	-59.8833
spk_ver/v06/v0631	SES117	-7.06483	-70.2561	-63.1913
spk_ver/v06/v0632	SES117	-6.16171	-65.3285	-59.1667
spk_ver/v06/v0633	SES099	0.436493	-60.0422	-60.4787
spk_ver/v06/v0634	SES105	-3.66407	-64.5792	-60.9151
spk_ver/v06/v0635	SES167	-3.54631	-65.6428	-62.0964
spk_ver/v06/v0636	SES117	-3.1018	-63.4996	-60.3978
spk_ver/v06/v0637	SES202	-4.18657	-66.2976	-62.111
spk_ver/v06/v0638	SES117	-4.90652	-65.5196	-60.613
spk_ver/v06/v0639	SES167	-2.15586	-63.393	-61.2371
spk_ver/v06/v0640	SES117	-3.29554	-65.0733	-61.7778
spk_ver/v06/v0641	SES117	-6.38438	-66.4974	-60.113
spk_ver/v06/v0642	SES101	-4.64646	-63.8088	-59.1623
spk_ver/v06/v0643	SES068	-3.58171	-64.6392	-61.0574
spk_ver/v06/v0644	SES120	-3.48141	-64.2242	-60.7428
spk_ver/v06/v0645	SES120	-4.88243	-67.6935	-62.8111
spk_ver/v06/v0646	SES172	-3.3607	-65.0163	-61.6556
spk_ver/v06/v0647	SES120	-5.47787	-66.0028	-60.5249
spk_ver/v06/v0648	SES120	-3.6289	-63.3893	-59.7604
spk_ver/v06/v0649	SES120	-4.15161	-65.9907	-61.839
spk_ver/v06/v0650	SES087	-1.33414	-61.6549	-60.3208
spk_ver/v06/v0651	SES120	-5.49627	-66.4189	-60.9226
spk_ver/v06/v0652	SES104	-3.31721	-64.5801	-61.2629
spk_ver/v06/v0653	SES129	-1.3447	-61.754	-60.4093
spk_ver/v06/v0654	SES120	-6.05798	-67.229	-61.1711
spk_ver/v06/v0655	SES120	-2.71321	-64.2166	-61.5034
spk_ver/v06/v0656	SES120	-4.37705	-65.2807	-60.9037
spk_ver/v06/v0657	SES147	-2.47218	-65.1887	-62.7165
spk_ver/v06/v0658	SES120	-4.2032	-64.8901	-60.6869
spk_ver/v06/v0659	SES120	-4.00478	-63.3514	-59.3466
spk_ver/v06/v0660	SES120	-2.73903	-62.964	-60.225
spk_ver/v06/v0661	SES120	-4.48434	-66.637	-62.1526
spk_ver/v06/v0662	SES120	-1.96228	-64.6141	-62.6518
spk_ver/v06/v0663	SES120	-7.13761	-70.7664	-63.6288
spk_ver/v06/v0664	SES147	-2.0668	-64.8665	-62.7997
spk_ver/v06/v0665	SES162	-3.1011	-64.7776	-61.6765
spk_ver/v06/v0666	SES120	-5.67797	-66.436	-60.758
spk_ver/v06/v0667	SES120	-3.38951	-63.5601	-60.1706
spk_ver/v06/v0668	SES120	-3.00217	-63.5986	-60.5965
spk_ver/v06/v0669	SES142	-0.609108	-63.5268	-62.9177
spk_ver/v06/v0670	SES106	-1.02798	-60.2263	-59.1983
spk_ver/v06/v0671	SES183	-4.25223	-66.5875	-62.3353
spk_ver/v06/v0672	SES120	-3.77502	-64.0245	-60.2495
spk_ver/v06/v0673	SES029	-6.60426	-68.4498	-61.8456
spk_ver/v06/v0674	SES120	-3.05286	-64.6237	-61.5708
spk_ver/v06/v0675	SES008	-4.97792	-66.3475	-61.3696
spk_ver/v06/v0676	SES125	-13.6622	-77.7093	-64.047
spk_ver/v06/v0677	SES143	-3.41569	-66.0575	-62.6418
spk_ver/v06/v0678	SES125	-9.3285	-72.4435	-63.115
spk_ver/v06/v0679	SES162	-3.80153	-64.6983	-60.8968
spk_ver/v06/v0680	SES125	-5.74786	-66.1785	-60.4307
spk_ver/v06/v0681	SES125	-2.05536	-61.669	-59.6136
spk_ver/v06/v0682	SES125	-9.78532	-69.3405	-59.5552
spk_ver/v06/v0683	SES226	-2.70608	-62.4927	-59.7866
spk_ver/v06/v0684	SES125	-7.94587	-70.2026	-62.2568
spk_ver/v06/v0685	SES125	-13.6945	-74.1826	-60.4881
spk_ver/v06/v0686	SES120	-3.81005	-63.6824	-59.8723
spk_ver/v06/v0687	SES125	-2.47627	-67.1608	-64.6846
spk_ver/v06/v0688	SES158	-1.69193	-60.755	-59.0631
spk_ver/v06/v0689	SES125	-3.47546	-67.4752	-63.9997
spk_ver/v06/v0690	SES105	-5.37046	-66.7638	-61.3933
spk_ver/v06/v0691	SES125	-3.25203	-63.9443	-60.6923
spk_ver/v06/v0692	SES125	-4.05965	-64.1067	-60.047
spk_ver/v06/v0693	SES180	-2.90516	-63.8599	-60.9548
spk_ver/v06/v0694	SES125	-16.9058	-79.308	-62.4023
spk_ver/v06/v0695	SES125	-3.77933	-63.4931	-59.7137
spk_ver/v06/v0696	SES125	-11.8083	-72.5545	-60.7461
spk_ver/v06/v0697	SES125	-14.6108	-77.6827	-63.0719
spk_ver/v06/v0698	SES083	-6.02669	-66.1162	-60.0895
spk_ver/v06/v0699	SES125	-10.9344	-72.5889	-61.6545
spk_ver/v07/v0700	SES014	-0.6092	-61.3057	-60.6965
spk_ver/v07/v0701	SES125	-6.5172	-66.3277	-59.8105
spk_ver/v07/v0702	SES127	-5.25297	-66.7746	-61.5216
spk_ver/v07/v0703	SES127	-3.65771	-66.496	-62.8382
spk_ver/v07/v0704	SES206	-2.36205	-61.5969	-59.2349
spk_ver/v07/v0705	SES127	-6.20508	-68.0946	-61.8895
spk_ver/v07/v0706	SES127	-7.43016	-69.6728	-62.2426
spk_ver/v07/v0707	SES127	-7.5632	-67.278	-59.7148
spk_ver/v07/v0708	SES275	-4.25342	-65.0531	-60.7997
spk_ver/v07/v0709	SES127	-4.71552	-66.3288	-61.6132
spk_ver/v07/v0710	SES105	-4.51194	-65.5781	-61.0662
spk_ver/v07/v0711	SES127	-4.83061	-66.8877	-62.0571
spk_ver/v07/v0712	SES127	-4.92192	-65.8379	-60.9159
spk_ver/v07/v0713	SES127	-18.4778	-79.5267	-61.0489
spk_ver/v07/v0714	SES019	-0.732292	-61.492	-60.7597
spk_ver/v07/v0715	SES127	-5.65702	-68.5735	-62.9164
spk_ver/v07/v0716	SES148	-4.77783	-65.8814	-61.1036
spk_ver/v07/v0717	SES162	-2.66162	-63.886	-61.2243
spk_ver/v07/v0718	SES189	-5.3743	-69.1594	-63.7851
spk_ver/v07/v0719	SES149	-4.35904	-62.9444	-58.5854
spk_ver/v07/v0720	SES175	-4.13157	-67.2328	-63.1012
spk_ver/v07/v0721	SES127	-7.92841	-68.1024	-60.174
spk_ver/v07/v0722	SES127	-3.61971	-65.1245	-61.5048
spk_ver/v07/v0723	SES127	-6.06342	-67.1367	-61.0733
spk_ver/v07/v0724	SES127	-9.51932	-71.0762	-61.5569
spk_ver/v07/v0725	SES127	-5.68641	-66.633	-60.9466
spk_ver/v07/v0726	SES259	-1.14502	-59.6161	-58.471
spk_ver/v07/v0727	SES127	-3.47652	-65.7511	-62.2746
spk_ver/v07/v0728	SES127	-2.8279	-63.183	-60.3551
spk_ver/v07/v0729	SES127	-6.26056	-67.4098	-61.1492
spk_ver/v07/v0730	SES127	-5.74429	-67.989	-62.2447
spk_ver/v07/v0731	SES129	-5.50309	-65.3797	-59.8766
spk_ver/v07/v0732	SES129	-7.18456	-69.7537	-62.5692
spk_ver/v07/v0733	SES129	-10.1806	-74.8434	-64.6628
spk_ver/v07/v0734	SES129	-12.1257	-77.1275	-65.0018
spk_ver/v07/v0735	SES183	-3.70644	-64.7554	-61.049
spk_ver/v07/v0736	SES129	-6.63972	-68.6517	-62.012
spk_ver/v07/v0737	SES129	-2.97898	-65.7006	-62.7216
spk_ver/v07/v0738	SES129	-5.83446	-66.7643	-60.9298
spk_ver/v07/v0739	SES129	-8.83555	-72.1063	-63.2708
spk_ver/v07/v0740	SES167	-3.85971	-65.0816	-61.2219
spk_ver/v07/v0741	SES129	-7.43737	-70.3296	-62.8922
spk_ver/v07/v0742	SES129	-4.82634	-63.5741	-58.7477
spk_ver/v07/v0743	SES129	-3.11684	-64.3098	-61.1929
spk_ver/v07/v0744	SES129	-8.6532	-72.1884	-63.5352
spk_ver/v07/v0745	SES180	-2.5277	-64.3067	-61.779
spk_ver/v07/v0746	SES129	-4.03275	-63.2339	-59.2012
spk_ver/v07/v0747	SES292	-3.84178	-64.5839	-60.7421
spk_ver/v07/v0748	SES202	-4.24028	-65.924	-61.6837
spk_ver/v07/v0749	SES270	-1.14622	-60.6727	-59.5265
spk_ver/v07/v0750	SES129	-4.44927	-65.2004	-60.7511
spk_ver/v07/v0751	SES129	-5.37955	-64.1495	-58.77
spk_ver/v07/v0752	SES060	-5.13052	-65.9577	-60.8272
spk_ver/v07/v0753	SES129	-8.1931	-69.6443	-61.4512
spk_ver/v07/v0754	SES129	-12.2417	-79.1288	-66.8871
spk_ver/v07/v0755	SES129	-5.45346	-68.291	-62.8376
spk_ver/v07/v0756	SES175	-5.21548	-67.8582	-62.6428
spk_ver/v07/v0757	SES129	-4.97482	-65.0179	-60.043
spk_ver/v07/v0758	SES129	-4.49969	-64.3034	-59.8037
spk_ver/v07/v0759	SES129	-5.7719	-64.8842	-59.1123
spk_ver/v07/v0760	SES129	-8.25998	-69.2138	-60.9538
spk_ver/v07/v0761	SES129	-4.65787	-63.1084	-58.4505
spk_ver/v07/v0762	SES172	-3.62341	-65.3723	-61.7489
spk_ver/v07/v0763	SES129	-3.61917	-65.4206	-61.8014
spk_ver/v07/v0764	SES129	-10.2743	-70.4702	-60.196
spk_ver/v07/v0765	SES175	-4.53176	-66.8974	-62.3657
spk_ver/v07/v0766	SES129	-5.19975	-64.5665	-59.3667
spk_ver/v07/v0767	SES129	-10.4454	-71.9937	-61.5483
spk_ver/v07/v0768	SES042	-1.76573	-59.8484	-58.0827
spk_ver/v07/v0769	SES099	-0.798912	-61.514	-60.7151
spk_ver/v07/v0770	SES142	-8.19772	-70.4005	-62.2027
spk_ver/v07/v0771	SES142	-6.11118	-66.8607	-60.7495
spk_ver/v07/v0772	SES101	-4.3201	-64.8962	-60.5761
spk_ver/v07/v0773	SES142	-9.39947	-70.0635	-60.6641
spk_ver/v07/v0774	SES142	-5.37245	-68.2127	-62.8403
spk_ver/v07/v0775	SES142	-4.13964	-66.2473	-62.1077
spk_ver/v07/v0776	SES142	-6.2987	-66.8846	-60.5859
spk_ver/v07/v0777	SES142	-6.71114	-67.702	-60.9908
spk_ver/v07/v0778	SES142	-3.78878	-66.5922	-62.8035
spk_ver/v07/v0779	SES142	-8.88409	-68.3369	-59.4528
spk_ver/v07/v0780	SES142	-18.2582	-81.5356	-63.2774
spk_ver/v07/v0781	SES142	-8.51143	-68.4431	-59.9317
spk_ver/v07/v0782	SES101	-4.67778	-65.4018	-60.724
spk_ver/v07/v0783	SES142	-8.88903	-67.8316	-58.9425
spk_ver/v07/v0784	SES187	-3.90076	-65.3893	-61.4885
spk_ver/v07/v0785	SES143	-3.61251	-66.3805	-62.768
spk_ver/v07/v0786	SES142	-6.42792	-68.3801	-61.9521
spk_ver/v07/v0787	SES144	-4.20264	-65.509	-61.3064
spk_ver/v07/v0788	SES275	-3.92172	-64.3771	-60.4554
spk_ver/v07/v0789	SES142	-6.54139	-67.6178	-61.0764
spk_ver/v07/v0790	SES099	-0.652348	-61.0544	-60.4021
spk_ver/v07/v0791	SES142	-8.63883	-69.3398	-60.701
spk_ver/v07/v0792	SES142	-8.07878	-67.2593	-59.1805
spk_ver/v07/v0793	SES142	-7.24209	-68.9974	-61.7553
spk_ver/v07/v0794	SES014	-1.08759	-60.0512	-58.9636
spk_ver/v07/v0795	SES142	-16.5795	-77.0357	-60.4562
spk_ver/v07/v0796	SES142	-9.23014	-69.0288	-59.7986
spk_ver/v07/v0797	SES143	-4.5929	-64.7778	-60.1849
spk_ver/v07/v0798	SES206	-1.7604	-60.7427	-58.9823
spk_ver/v07/v0799	SES143	-7.21934	-69.4827	-62.2634
spk_ver/v08/v0800	SES143	-4.78381	-66.1587	-61.3749
spk_ver/v08/v0801	SES143	-4.34754	-64.815	-60.4674
spk_ver/v08/v0802	SES143	-7.278	-68.4803	-61.2023
spk_ver/v08/v0803	SES143	-3.8477	-64.2354	-60.3877
spk_ver/v08/v0804	SES143	-5.89377	-67.3332	-61.4395
spk_ver/v08/v0805	SES143	-4.42445	-66.2319	-61.8075
spk_ver/v08/v0806	SES143	-2.67535	-65.8596	-63.1843
spk_ver/v08/v0807	SES177	-9.49489	-69.9638	-60.4689
spk_ver/v08/v0808	SES149	-1.22799	-60.323	-59.095
spk_ver/v08/v0809	SES143	-5.23118	-65.7594	-60.5282
spk_ver/v08/v0810	SES158	-1.3971	-62.1431	-60.746
spk_ver/v08/v0811	SES143	-2.73394	-67.7796	-65.0456
spk_ver/v08/v0812	SES062	-3.40292	-63.3406	-59.9377
spk_ver/v08/v0813	SES259	-0.944397	-59.7469	-58.8025
spk_ver/v08/v0814	SES143	-6.11229	-65.2679	-59.1556
spk_ver/v08/v0815	SES143	-3.95944	-64.6958	-60.7364
spk_ver/v08/v0816	SES143	-5.4647	-66.1213	-60.6566
spk_ver/v08/v0817	SES144	-4.4459	-66.1002	-61.6543
spk_ver/v08/v0818	SES143	-4.95413	-66.9335	-61.9793
spk_ver/v08/v0819	SES143	-4.86073	-65.5568	-60.696
spk_ver/v08/v0820	SES143	-5.79056	-64.5609	-58.7704
spk_ver/v08/v0821	SES143	-4.29177	-65.9298	-61.638
spk_ver/v08/v0822	SES143	-4.25039	-64.5807	-60.3303
spk_ver/v08/v0823	SES104	-2.28652	-61.7539	-59.4674
spk_ver/v08/v0824	SES143	-5.19175	-65.8762	-60.6844
spk_ver/v08/v0825	SES143	-4.72112	-64.5485	-59.8273
spk_ver/v08/v0826	SES144	-4.5809	-64.8187	-60.2378
spk_ver/v08/v0827	SES144	-6.27209	-66.5599	-60.2878
spk_ver/v08/v0828	SES144	-4.26076	-64.7477	-60.4869
spk_ver/v08/v0829	SES172	-4.25905	-65.9085	-61.6495
spk_ver/v08/v0830	SES144	-4.65152	-65.6187	-60.9672
spk_ver/v08/v0831	SES183	-4.58042	-66.7964	-62.2159
spk_ver/v08/v0832	SES144	-3.13921	-64.462	-61.3227
spk_ver/v08/v0833	SES144	-5.56645	-64.4297	-58.8633
spk_ver/v08/v0834	SES144	-4.42587	-65.5245	-61.0987
spk_ver/v08/v0835	SES144	-6.07284	-67.5031	-61.4303
spk_ver/v08/v0836	SES144	-3.54862	-63.6058	-60.0572
spk_ver/v08/v0837	SES144	-5.08529	-62.8485	-57.7632
spk_ver/v08/v0838	SES144	-3.61845	-65.641	-62.0226
spk_ver/v08/v0839	SES085	-5.68251	-66.4813	-60.7988
spk_ver/v08/v0840	SES144	-5.96381	-68.2556	-62.2918
spk_ver/v08/v0841	SES144	-2.95296	-66.8871	-63.9341
spk_ver/v08/v0842	SES144	-4.51243	-63.8508	-59.3384
spk_ver/v08/v0843	SES144	-4.41847	-65.1675	-60.749
spk_ver/v08/v0844	SES144	-3.65454	-63.2652	-59.6107
spk_ver/v08/v0845	SES144	-4.08472	-63.2468	-59.1621
spk_ver/v08/v0846	SES104	-1.75701	-61.6397	-59.8827
spk_ver/v08/v0847	SES144	-6.05269	-67.1022	-61.0495
spk_ver/v08/v0848	SES144	-2.18426	-67.9518	-65.7675
spk_ver/v08/v0849	SES144	-5.49845	-65.6219	-60.1234
spk_ver/v08/v0850	SES144	-4.00245	-63.4048	-59.4023
spk_ver/v08/v0851	SES144	-3.36861	-63.9594	-60.5908
spk_ver/v08/v0852	SES144	-4.42104	-64.2958	-59.8748
spk_ver/v08/v0853	SES144	-5.09068	-64.0988	-59.0082
spk_ver/v08/v0854	SES144	-5.38271	-67.0029	-61.6202
spk_ver/v08/v0855	SES144	-4.78818	-64.5486	-59.7604
spk_ver/v08/v0856	SES082	-2.02327	-64.1323	-62.1091
spk_ver/v08/v0857	SES142	-2.39227	-64.2941	-61.9019
spk_ver/v08/v0858	SES144	-3.87215	-67.2143	-63.3422
spk_ver/v08/v0859	SES144	-4.49382	-65.9534	-61.4595
spk_ver/v08/v0860	SES146	-3.34445	-64.498	-61.1535
spk_ver/v08/v0861	SES146	-3.09567	-63.7635	-60.6678
spk_ver/v08/v0862	SES146	-2.35647	-63.9112	-61.5548
spk_ver/v08/v0863	SES146	-6.52655	-68.1994	-61.6728
spk_ver/v08/v0864	SES146	-4.73213	-64.0725	-59.3404
spk_ver/v08/v0865	SES008	-3.20299	-64.5298	-61.3268
spk_ver/v08/v0866	SES142	-3.00148	-65.0277	-62.0262
spk_ver/v08/v0867	SES146	-3.59969	-63.0722	-59.4725
spk_ver/v08/v0868	SES082	-2.3457	-61.3371	-58.9914
spk_ver/v08/v0869	SES146	-2.93507	-63.3999	-60.4649
spk_ver/v08/v0870	SES146	-2.08251	-65.689	-63.6065
spk_ver/v08/v0871	SES146	-4.97891	-64.554	-59.5751
spk_ver/v08/v0872	SES146	-4.52502	-65.7028	-61.1777
spk_ver/v08/v0873	SES082	-2.11426	-61.1427	-59.0285
spk_ver/v08/v0874	SES146	-3.34778	-67.1288	-63.781
spk_ver/v08/v0875	SES144	-4.32299	-66.5458	-62.2228
spk_ver/v08/v0876	SES146	-3.31773	-61.7016	-58.3839
spk_ver/v08/v0877	SES146	-3.28521	-63.3679	-60.0827
spk_ver/v08/v0878	SES146	-4.90807	-65.3859	-60.4778
spk_ver/v08/v0879	SES146	-6.75031	-68.3722	-61.6218
spk_ver/v08/v0880	SES146	-6.90874	-68.5697	-61.6609
spk_ver/v08/v0881	SES143	-3.72584	-65.8524	-62.1266
spk_ver/v08/v0882	SES146	-3.31329	-65.1989	-61.8856
spk_ver/v08/v0883	SES147	-6.02627	-66.4776	-60.4513
spk_ver/v08/v0884	SES147	-4.88608	-66.6076	-61.7215
spk_ver/v08/v0885	SES016	-3.84451	-65.1751	-61.3306
spk_ver/v08/v0886	SES147	-3.83316	-66.0378	-62.2046
spk_ver/v08/v0887	SES147	-4.76632	-65.7086	-60.9422
spk_ver/v08/v0888	SES147	-4.52673	-67.3036	-62.7769
spk_ver/v08/v0889	SES019	-1.30636	-61.6456	-60.3392
spk_ver/v08/v0890	SES147	-4.83647	-68.0679	-63.2314
spk_ver/v08/v0891	SES147	-6.62762	-66.9802	-60.3526
spk_ver/v08/v0892	SES147	-6.1338	-68.9625	-62.8287
spk_ver/v08/v0893	SES270	-1.08861	-62.5791	-61.4905
spk_ver/v08/v0894	SES029	-5.78442	-67.8041	-62.0197
spk_ver/v08/v0895	SES147	-4.61621	-68.5332	-63.917
spk_ver/v08/v0896	SES117	-3.25203	-66.1002	-62.8482
spk_ver/v08/v0897	SES183	-2.77773	-66.4585	-63.6808
spk_ver/v08/v0898	SES147	-4.55315	-63.2251	-58.672
spk_ver/v08/v0899	SES147	-5.65516	-69.8916	-64.2365
spk_ver/v09/v0900	SES087	-2.41858	-61.3062	-58.8876
spk_ver/v09/v0901	SES147	-5.48349	-66.2798	-60.7963
spk_ver/v09/v0902	SES147	-4.27178	-64.6159	-60.3441
spk_ver/v09/v0903	SES147	-6.04789	-66.948	-60.9001
spk_ver/v09/v0904	SES147	-4.44081	-64.5334	-60.0926
spk_ver/v09/v0905	SES143	-3.91933	-66.4134	-62.4941
spk_ver/v09/v0906	SES149	-3.05414	-62.9775	-59.9233
spk_ver/v09/v0907	SES148	-5.19521	-64.9344	-59.7392
spk_ver/v09/v0908	SES148	-6.75421	-67.6848	-60.9305
spk_ver/v09/v0909	SES106	-1.16732	-61.26	-60.0926
spk_ver/v09/v0910	SES148	-6.00469	-68.9412	-62.9365
spk_ver/v09/v0911	SES148	-4.29879	-65.9336	-61.6349
spk_ver/v09/v0912	SES142	-2.03664	-65.0352	-62.9986
spk_ver/v09/v0913	SES148	-3.41826	-65.5959	-62.1776
spk_ver/v09/v0914	SES148	-5.10575	-65.4986	-60.3928
spk_ver/v09/v0915	SES148	-6.977	-71.1739	-64.1969
spk_ver/v09/v0916	SES148	-6.53271	-69.876	-63.3432
spk_ver/v09/v0917	SES148	-4.49024	-66.1752	-61.685
spk_ver/v09/v0918	SES148	-4.56538	-64.8403	-60.2749
spk_ver/v09/v0919	SES270	-2.04745	-62.4632	-60.4157
spk_ver/v09/v0920	SES148	-5.01189	-64.0324	-59.0205
spk_ver/v09/v0921	SES148	-4.72579	-65.0054	-60.2796
spk_ver/v09/v0922	SES129	-2.61941	-62.382	-59.7626
spk_ver/v09/v0923	SES117	-3.05179	-64.3589	-61.3071
spk_ver/v09/v0924	SES042	-1.22556	-59.8544	-58.6288
spk_ver/v09/v0925	SES148	-3.90156	-65.6155	-61.714
spk_ver/v09/v0926	SES148	-4.67749	-66.8571	-62.1796
spk_ver/v09/v0927	SES144	-3.00615	-64.754	-61.7478
spk_ver/v09/v0928	SES007	-4.51732	-66.684	-62.1667
spk_ver/v09/v0929	SES148	-7.52325	-67.2651	-59.7418
spk_ver/v09/v0930	SES148	-4.37481	-65.2035	-60.8287
spk_ver/v09/v0931	SES148	-5.86444	-69.2498	-63.3854
spk_ver/v09/v0932	SES202	-3.33475	-64.8447	-61.51
spk_ver/v09/v0933	SES148	-4.69471	-65.3363	-60.6416
spk_ver/v09/v0934	SES148	-4.00568	-64.3127	-60.307
spk_ver/v09/v0935	SES060	-3.86138	-63.5582	-59.6968
spk_ver/v09/v0936	SES060	-3.19341	-64.8427	-61.6493
spk_ver/v09/v0937	SES148	-4.13087	-65.7532	-61.6223
spk_ver/v09/v0938	SES148	-3.72793	-65.38	-61.6521
spk_ver/v09/v0939	SES148	-5.2702	-63.9499	-58.6797
spk_ver/v09/v0940	SES148	-3.50542	-63.3697	-59.8643
spk_ver/v09/v0941	SES149	-4.40223	-65.0524	-60.6501
spk_ver/v09/v0942	SES149	-8.38694	-68.6139	-60.2269
spk_ver/v09/v0943	SES149	-9.05615	-71.0537	-61.9976
spk_ver/v09/v0944	SES149	-3.58373	-63.3421	-59.7584
spk_ver/v09/v0945	SES105	-4.91588	-64.7092	-59.7933
spk_ver/v09/v0946	SES149	-2.72483	-62.092	-59.3672
spk_ver/v09/v0947	SES149	-7.38245	-70.2024	-62.82
spk_ver/v09/v0948	SES149	-8.92979	-69.0615	-60.1317
spk_ver/v09/v0949	SES149	-8.37676	-66.4793	-58.1026
spk_ver/v09/v0950	SES226	-2.95409	-61.3473	-58.3933
spk_ver/v09/v0951	SES149	-9.98803	-71.9487	-61.9607
spk_ver/v09/v0952	SES149	-4.48339	-64.2323	-59.7489
spk_ver/v09/v0953	SES062	-4.87432	-64.9221	-60.0478
spk_ver/v09/v0954	SES149	-9.39401	-71.6012	-62.2072
spk_ver/v09/v0955	SES048	-4.0363	-63.2718	-59.2355
spk_ver/v09/v0956	SES158	-1.22589	-60.9097	-59.6838
spk_ver/v09/v0957	SES158	-3.45105	-68.7804	-65.3293
spk_ver/v09/v0958	SES158	-3.17057	-61.5692	-58.3987
spk_ver/v09/v0959	SES158	-1.58027	-61.1432	-59.5629
spk_ver/v09/v0960	SES158	-9.69748	-72.8605	-63.163
spk_ver/v09/v0961	SES147	-3.151	-66.1377	-62.9867
spk_ver/v09/v0962	SES158	-12.8195	-75.3271	-62.5076
spk_ver/v09/v0963	SES292	-8.18081	-70.1399	-61.9591
spk_ver/v09/v0964	SES060	-3.3828	-63.6641	-60.2813
spk_ver/v09/v0965	SES002	-1.88414	-61.4092	-59.5251
spk_ver/v09/v0966	SES149	-1.89349	-60.7093	-58.8158
spk_ver/v09/v0967	SES158	-10.1036	-73.3827	-63.279
spk_ver/v09/v0968	SES158	-1.82919	-62.6856	-60.8565
spk_ver/v09/v0969	SES275	-4.30384	-67.1927	-62.8889
spk_ver/v09/v0970	SES158	-11.3651	-72.102	-60.7369
spk_ver/v09/v0971	SES158	-9.00746	-69.7724	-60.7649
spk_ver/v09/v0972	SES002	-0.489201	-59.6391	-59.1499
spk_ver/v09/v0973	SES158	-11.4841	-72.6691	-61.1851
spk_ver/v09/v0974	SES202	-3.83221	-65.5208	-61.6886
spk_ver/v09/v0975	SES158	-13.3843	-76.4511	-63.0668
spk_ver/v09/v0976	SES158	-0.694916	-60.1043	-59.4093
spk_ver/v09/v0977	SES162	-4.60214	-65.6976	-61.0955
spk_ver/v09/v0978	SES162	-6.02625	-66.4377	-60.4114
spk_ver/v09/v0979	SES162	-6.8783	-67.1666	-60.2883
spk_ver/v09/v0980	SES162	-15.5992	-78.5333	-62.9341
spk_ver/v09/v0981	SES162	-6.30314	-70.6084	-64.3052
spk_ver/v09/v0982	SES259	-0.820927	-59.8453	-59.0244
spk_ver/v09/v0983	SES162	-3.53774	-66.7339	-63.1962
spk_ver/v09/v0984	SES162	-6.09881	-66.3815	-60.2827
spk_ver/v09/v0985	SES162	-4.27608	-64.7125	-60.4364
spk_ver/v09/v0986	SES062	-4.22146	-63.8518	-59.6303
spk_ver/v09/v0987	SES162	-4.02239	-64.7452	-60.7228
spk_ver/v09/v0988	SES162	-9.71199	-70.6434	-60.9314
spk_ver/v09/v0989	SES162	-5.94153	-68.1288	-62.1873
spk_ver/v09/v0990	SES162	-3.88542	-66.3486	-62.4632
spk_ver/v09/v0991	SES087	-1.25539	-62.0225	-60.7671
spk_ver/v09/v0992	SES120	-4.05757	-65.3579	-61.3003
spk_ver/v09/v0993	SES162	-5.00943	-63.7215	-58.7121
spk_ver/v09/v0994	SES162	-5.45333	-66.6687	-61.2154
spk_ver/v09/v0995	SES162	-6.70443	-65.8793	-59.1749
spk_ver/v09/v0996	SES162	-6.68316	-66.1147	-59.4316
spk_ver/v09/v0997	SES162	-6.2975	-65.9781	-59.6806
spk_ver/v09/v0998	SES162	-7.19892	-69.2864	-62.0875
spk_ver/v09/v0999	SES162	-4.56791	-64.3947	-59.8268
spk_ver/v10/v1000	SES162	-5.64803	-64.4722	-58.8242
spk_ver/v10/v1001	SES148	-4.54063	-67.1596	-62.619
spk_ver/v10/v1002	SES162	-3.69678	-65.5968	-61.9001
spk_ver/v10/v1003	SES162	-4.18304	-66.4417	-62.2587
spk_ver/v10/v1004	SES162	-4.61464	-66.917	-62.3024
spk_ver/v10/v1005	SES162	-5.79185	-66.3246	-60.5328
spk_ver/v10/v1006	SES162	-5.22523	-67.7488	-62.5236
spk_ver/v10/v1007	SES162	-5.27792	-66.9073	-61.6294
spk_ver/v10/v1008	SES162	-4.41755	-67.054	-62.6364
spk_ver/v10/v1009	SES162	-8.43676	-67.6431	-59.2063
spk_ver/v10/v1010	SES167	-6.9783	-69.0538	-62.0755
spk_ver/v10/v1011	SES167	-3.30302	-65.1931	-61.8901
spk_ver/v10/v1012	SES167	-3.88154	-66.8763	-62.9948
spk_ver/v10/v1013	SES167	-8.01154	-67.7866	-59.7751
spk_ver/v10/v1014	SES167	-5.61859	-64.8105	-59.1919
spk_ver/v10/v1015	SES167	-4.73623	-66.1359	-61.3997
spk_ver/v10/v1016	SES167	-4.58167	-66.1388	-61.5572
spk_ver/v10/v1017	SES167	-5.56677	-67.5776	-62.0108
spk_ver/v10/v1018	SES167	-5.75772	-65.875	-60.1173
spk_ver/v10/v1019	SES167	-5.32043	-66.4214	-61.1009
spk_ver/v10/v1020	SES167	-8.1706	-68.2182	-60.0476
spk_ver/v10/v1021	SES167	-4.79532	-69.019	-64.2236
spk_ver/v10/v1022	SES167	-6.17746	-67.2845	-61.1071
spk_ver/v10/v1023	SES167	-4.61386	-66.7898	-62.1759
spk_ver/v10/v1024	SES167	-5.17818	-69.7785	-64.6003
spk_ver/v10/v1025	SES167	-5.54087	-65.1947	-59.6538
spk_ver/v10/v1026	SES167	-5.32575	-67.2141	-61.8884
spk_ver/v10/v1027	SES167	-5.18615	-65.2759	-60.0897
spk_ver/v10/v1028	SES167	-8.21848	-67.4628	-59.2444
spk_ver/v10/v1029	SES167	-5.79192	-67.1054	-61.3135
spk_ver/v10/v1030	SES167	-6.35405	-66.1967	-59.8426
spk_ver/v10/v1031	SES167	-6.08521	-67.2922	-61.207
spk_ver/v10/v1032	SES167	-6.58584	-65.6147	-59.0288
spk_ver/v10/v1033	SES167	-7.86341	-65.9702	-58.1068
spk_ver/v10/v1034	SES002	-1.21489	-59.5345	-58.3196
spk_ver/v10/v1035	SES167	-5.11353	-67.1663	-62.0527
spk_ver/v10/v1036	SES083	-5.05666	-65.251	-60.1943
spk_ver/v10/v1037	SES167	-5.63042	-67.1664	-61.536
spk_ver/v10/v1038	SES167	-6.24638	-71.0165	-64.7701
spk_ver/v10/v1039	SES167	-6.26734	-68.0792	-61.8119
spk_ver/v10/v1040	SES167	-8.03253	-69.0007	-60.9682
spk_ver/v10/v1041	SES167	-4.75855	-67.3003	-62.5418
spk_ver/v10/v1042	SES087	-0.929119	-61.7593	-60.8302
spk_ver/v10/v1043	SES029	-4.23112	-65.7709	-61.5397
spk_ver/v10/v1044	SES206	-2.23875	-61.3312	-59.0924
spk_ver/v10/v1045	SES172	-6.05045	-68.0764	-62.026
spk_ver/v10/v1046	SES172	-3.79453	-64.6408	-60.8463
spk_ver/v10/v1047	SES172	-4.92956	-65.891	-60.9615
spk_ver/v10/v1048	SES259	-1.44473	-60.0145	-58.5698
spk_ver/v10/v1049	SES172	-5.64839	-64.8624	-59.214
spk_ver/v10/v1050	SES120	-3.17853	-65.2639	-62.0853
spk_ver/v10/v1051	SES172	-5.06645	-65.9374	-60.871
spk_ver/v10/v1052	SES172	-7.71299	-69.8142	-62.1012
spk_ver/v10/v1053	SES172	-5.65426	-68.8645	-63.2103
spk_ver/v10/v1054	SES172	-5.67086	-67.0804	-61.4096
spk_ver/v10/v1055	SES189	-4.56825	-69.9311	-65.3628
spk_ver/v10/v1056	SES172	-4.7539	-64.5093	-59.7554
spk_ver/v10/v1057	SES172	-4.81067	-65.9482	-61.1375
spk_ver/v10/v1058	SES172	-6.0144	-67.9303	-61.9159
spk_ver/v10/v1059	SES172	-5.95014	-66.7613	-60.8112
spk_ver/v10/v1060	SES029	-4.77129	-65.1147	-60.3435
spk_ver/v10/v1061	SES175	-6.21189	-67.1967	-60.9848
spk_ver/v10/v1062	SES187	-5.12358	-65.2359	-60.1123
spk_ver/v10/v1063	SES019	-0.392517	-61.2408	-60.8483
spk_ver/v10/v1064	SES175	-5.46893	-66.3718	-60.9029
spk_ver/v10/v1065	SES175	-6.89678	-67.0759	-60.1791
spk_ver/v10/v1066	SES175	-5.90539	-67.0151	-61.1097
spk_ver/v10/v1067	SES175	-6.8747	-67.5629	-60.6882
spk_ver/v10/v1068	SES175	-8.19213	-68.9973	-60.8052
spk_ver/v10/v1069	SES016	-2.96181	-63.5366	-60.5748
spk_ver/v10/v1070	SES175	-5.79522	-68.8629	-63.0677
spk_ver/v10/v1071	SES175	-6.9143	-66.1302	-59.2159
spk_ver/v10/v1072	SES175	-6.3897	-67.0141	-60.6244
spk_ver/v10/v1073	SES029	-5.00358	-66.5112	-61.5076
spk_ver/v10/v1074	SES175	-5.19107	-65.3224	-60.1313
spk_ver/v10/v1075	SES175	-5.16047	-64.7112	-59.5507
spk_ver/v10/v1076	SES175	-4.91534	-64.5188	-59.6035
spk_ver/v10/v1077	SES175	-7.48613	-66.3998	-58.9136
spk_ver/v10/v1078	SES127	-2.7382	-63.2625	-60.5243
spk_ver/v10/v1079	SES175	-6.05795	-64.8907	-58.8328
spk_ver/v10/v1080	SES175	-4.98413	-66.7166	-61.7325
spk_ver/v10/v1081	SES175	-6.70227	-66.9452	-60.2429
spk_ver/v10/v1082	SES175	-4.80407	-63.9571	-59.153
spk_ver/v10/v1083	SES007	-3.35405	-64.591	-61.2369
spk_ver/v10/v1084	SES068	-5.46963	-65.5778	-60.1081
spk_ver/v10/v1085	SES008	-3.73108	-63.8568	-60.1257
spk_ver/v10/v1086	SES175	-5.90707	-64.5215	-58.6144
spk_ver/v10/v1087	SES175	-5.06221	-66.4917	-61.4295
spk_ver/v10/v1088	SES008	-2.69847	-64.9935	-62.295
spk_ver/v10/v1089	SES177	-6.32568	-64.5474	-58.2217
spk_ver/v10/v1090	SES177	-4.69551	-64.5927	-59.8972
spk_ver/v10/v1091	SES177	-6.60466	-68.7169	-62.1122
spk_ver/v10/v1092	SES177	-5.44097	-66.2703	-60.8294
spk_ver/v10/v1093	SES177	-5.70627	-65.5524	-59.8461
spk_ver/v10/v1094	SES002	-0.939976	-59.4015	-58.4616
spk_ver/v10/v1095	SES104	-0.948395	-60.9654	-60.017
spk_ver/v10/v1096	SES177	-4.33812	-64.6834	-60.3453
spk_ver/v10/v1097	SES177	-6.53378	-70.6974	-64.1636
spk_ver/v10/v1098	SES177	-2.36186	-63.6877	-61.3258
spk_ver/v10/v1099	SES177	-3.91728	-65.0684	-61.1511
spk_ver/v11/v1100	SES177	-6.4834	-66.4852	-60.0018
spk_ver/v11/v1101	SES085	-5.36269	-66.2475	-60.8848
spk_ver/v11/v1102	SES187	-5.22306	-67.0432	-61.8201
spk_ver/v11/v1103	SES177	-3.71591	-66.3846	-62.6687
spk_ver/v11/v1104	SES177	-3.89676	-64.48	-60.5832
spk_ver/v11/v1105	SES177	-4.81204	-64.6388	-59.8267
spk_ver/v11/v1106	SES177	-4.50795	-64.6967	-60.1888
spk_ver/v11/v1107	SES177	-5.05113	-65.483	-60.4319
spk_ver/v11/v1108	SES177	-4.97879	-65.7688	-60.79
spk_ver/v11/v1109	SES125	-1.25143	-60.2765	-59.0251
spk_ver/v11/v1110	SES177	-4.13905	-63.7238	-59.5847
spk_ver/v11/v1111	SES177	-4.37619	-64.8669	-60.4907
spk_ver/v11/v1112	SES177	-5.09346	-65.5532	-60.4598
spk_ver/v11/v1113	SES177	-5.69634	-65.1512	-59.4549
spk_ver/v11/v1114	SES177	-6.05056	-68.7676	-62.717
spk_ver/v11/v1115	SES177	-4.11142	-67.0551	-62.9437
spk_ver/v11/v1116	SES085	-5.15186	-65.0399	-59.888
spk_ver/v11/v1117	SES147	-3.09233	-64.9995	-61.9072
spk_ver/v11/v1118	SES177	-3.98502	-64.8889	-60.9039
spk_ver/v11/v1119	SES177	-4.32645	-64.0534	-59.7269
spk_ver/v11/v1120	SES180	-6.16129	-66.4826	-60.3213
spk_ver/v11/v1121	SES189	-6.04338	-69.187	-63.1437
spk_ver/v11/v1122	SES117	-3.94666	-69.1263	-65.1796
spk_ver/v11/v1123	SES129	-1.24175	-61.4021	-60.1604
spk_ver/v11/v1124	SES180	-2.68523	-64.929	-62.2438
spk_ver/v11/v1125	SES180	-4.59294	-64.4082	-59.8153
spk_ver/v11/v1126	SES180	-4.2258	-65.408	-61.1822
spk_ver/v11/v1127	SES180	-6.83867	-67.8776	-61.039
spk_ver/v11/v1128	SES016	-2.64349	-64.8961	-62.2526
spk_ver/v11/v1129	SES158	-2.77008	-61.5641	-58.794
spk_ver/v11/v1130	SES180	-4.66536	-65.5683	-60.9029
spk_ver/v11/v1131	SES180	-6.33149	-64.6996	-58.3681
spk_ver/v11/v1132	SES180	-3.54248	-67.8073	-64.2648
spk_ver/v11/v1133	SES180	-9.14492	-68.6965	-59.5515
spk_ver/v11/v1134	SES180	-3.89488	-66.2871	-62.3922
spk_ver/v11/v1135	SES180	-4.27009	-63.9608	-59.6907
spk_ver/v11/v1136	SES180	-7.2622	-68.4479	-61.1857
spk_ver/v11/v1137	SES148	-4.22427	-64.8333	-60.609
spk_ver/v11/v1138	SES104	-1.23737	-60.0193	-58.7819
spk_ver/v11/v1139	SES180	-6.41217	-67.6084	-61.1962
spk_ver/v11/v1140	SES083	-4.983	-65.1464	-60.1634
spk_ver/v11/v1141	SES180	-5.06423	-64.6577	-59.5935
spk_ver/v11/v1142	SES180	-4.81283	-66.6165	-61.8037
spk_ver/v11/v1143	SES180	-5.2639	-68.2367	-62.9728
spk_ver/v11/v1144	SES099	-0.411728	-61.7246	-61.3129
spk_ver/v11/v1145	SES180	-3.25819	-66.0132	-62.755
spk_ver/v11/v1146	SES183	-2.84613	-64.7713	-61.9252
spk_ver/v11/v1147	SES183	-4.84369	-65.3226	-60.4789
spk_ver/v11/v1148	SES183	-2.41022	-65.8886	-63.4784
spk_ver/v11/v1149	SES183	-4.4725	-64.2568	-59.7843
spk_ver/v11/v1150	SES183	-3.32991	-64.5121	-61.1822
spk_ver/v11/v1151	SES082	-2.68798	-62.3856	-59.6976
spk_ver/v11/v1152	SES183	-5.9677	-68.1735	-62.2058
spk_ver/v11/v1153	SES183	-7.84519	-68.2942	-60.4491
spk_ver/v11/v1154	SES002	-1.42444	-59.0169	-57.5925
spk_ver/v11/v1155	SES183	-3.20929	-66.3413	-63.132
spk_ver/v11/v1156	SES183	-3.35403	-66.3185	-62.9645
spk_ver/v11/v1157	SES183	-3.64362	-62.0035	-58.3599
spk_ver/v11/v1158	SES183	-4.81956	-65.1465	-60.327
spk_ver/v11/v1159	SES183	-2.79723	-64.1503	-61.353
spk_ver/v11/v1160	SES183	-5.78837	-65.4148	-59.6264
spk_ver/v11/v1161	SES183	-4.27211	-67.8361	-63.564
spk_ver/v11/v1162	SES105	-4.14285	-64.5257	-60.3828
spk_ver/v11/v1163	SES183	-5.9576	-64.7624	-58.8048
spk_ver/v11/v1164	SES259	-1.16125	-60.3172	-59.1559
spk_ver/v11/v1165	SES183	-2.724	-65.658	-62.934
spk_ver/v11/v1166	SES183	-5.2404	-65.0668	-59.8264
spk_ver/v11/v1167	SES183	-4.82212	-66.7392	-61.9171
spk_ver/v11/v1168	SES183	-5.12132	-65.2085	-60.0872
spk_ver/v11/v1169	SES183	-4.56673	-64.8013	-60.2346
spk_ver/v11/v1170	SES183	-7.17428	-68.3732	-61.1989
spk_ver/v11/v1171	SES183	-4.13182	-66.3006	-62.1688
spk_ver/v11/v1172	SES187	-5.49236	-65.7299	-60.2376
spk_ver/v11/v1173	SES019	-0.432327	-62.1421	-61.7097
spk_ver/v11/v1174	SES187	-4.41331	-65.9085	-61.4952
spk_ver/v11/v1175	SES187	-6.915	-71.1063	-64.1913
spk_ver/v11/v1176	SES083	-5.23803	-64.3316	-59.0936
spk_ver/v11/v1177	SES187	-5.21143	-68.4532	-63.2418
spk_ver/v11/v1178	SES187	-5.38176	-65.3448	-59.963
spk_ver/v11/v1179	SES187	-4.69336	-65.588	-60.8947
spk_ver/v11/v1180	SES187	-3.75133	-65.2863	-61.535
spk_ver/v11/v1181	SES187	-5.9182	-65.8412	-59.923
spk_ver/v11/v1182	SES187	-3.81404	-64.4758	-60.6617
spk_ver/v11/v1183	SES187	-16.0677	-77.0695	-61.0017
spk_ver/v11/v1184	SES187	-3.68947	-64.7951	-61.1056
spk_ver/v11/v1185	SES127	-2.35408	-63.6345	-61.2804
spk_ver/v11/v1186	SES187	-4.08467	-64.5851	-60.5004
spk_ver/v11/v1187	SES187	-5.38536	-65.8003	-60.4149
spk_ver/v11/v1188	SES187	-3.90933	-66.9349	-63.0255
spk_ver/v11/v1189	SES042	-2.09052	-59.8381	-57.7476
spk_ver/v11/v1190	SES187	-5.27845	-65.4946	-60.2162
spk_ver/v11/v1191	SES187	-4.81654	-69.5989	-64.7823
spk_ver/v11/v1192	SES187	-4.75362	-65.9068	-61.1532
spk_ver/v11/v1193	SES183	-5.46387	-67.6406	-62.1767
spk_ver/v11/v1194	SES187	-4.03428	-66.7342	-62.6999
spk_ver/v11/v1195	SES187	-4.27231	-65.1596	-60.8872
spk_ver/v11/v1196	SES146	-2.97587	-64.2933	-61.3174
spk_ver/v11/v1197	SES189	-5.88107	-65.3825	-59.5015
spk_ver/v11/v1198	SES175	-3.56046	-65.9126	-62.3522
spk_ver/v11/v1199	SES189	-10.301	-73.3617	-63.0607
spk_ver/v12/v1200	SES189	-6.61319	-66.111	-59.4978
spk_ver/v12/v1201	SES177	-4.04954	-63.9982	-59.9486
spk_ver/v12/v1202	SES189	-4.88647	-67.7721	-62.8856
spk_ver/v12/v1203	SES143	-4.15036	-66.0516	-61.9013
spk_ver/v12/v1204	SES189	-4.29544	-65.9636	-61.6681
spk_ver/v12/v1205	SES189	-5.8704	-66.1299	-60.2595
spk_ver/v12/v1206	SES189	-6.21915	-67.3927	-61.1735
spk_ver/v12/v1207	SES189	-6.84948	-67.5889	-60.7395
spk_ver/v12/v1208	SES189	-7.38413	-66.1305	-58.7464
spk_ver/v12/v1209	SES189	-7.86491	-69.6505	-61.7856
spk_ver/v12/v1210	SES189	-6.6016	-69.3649	-62.7633
spk_ver/v12/v1211	SES062	-3.32568	-63.2148	-59.8891
spk_ver/v12/v1212	SES189	-6.65675	-68.0737	-61.4169
spk_ver/v12/v1213	SES048	-3.64096	-63.586	-59.945
spk_ver/v12/v1214	SES042	-1.14816	-59.3786	-58.2304
spk_ver/v12/v1215	SES008	-3.3801	-63.4811	-60.101
spk_ver/v12/v1216	SES202	-7.59982	-66.025	-58.4252
spk_ver/v12/v1217	SES202	-4.10846	-66.6161	-62.5076
spk_ver/v12/v1218	SES085	-6.00135	-64.638	-58.6367
spk_ver/v12/v1219	SES202	-5.07045	-65.7458	-60.6753
spk_ver/v12/v1220	SES202	-4.21735	-65.4202	-61.2029
spk_ver/v12/v1221	SES202	-4.74427	-66.8568	-62.1126
spk_ver/v12/v1222	SES202	-7.23009	-68.0863	-60.8562
spk_ver/v12/v1223	SES158	-2.42727	-62.2725	-59.8452
spk_ver/v12/v1224	SES202	-4.40313	-68.3669	-63.9638
spk_ver/v12/v1225	SES202	-7.50034	-67.0399	-59.5396
spk_ver/v12/v1226	SES202	-7.0865	-70.9885	-63.902
spk_ver/v12/v1227	SES202	-4.51603	-66.295	-61.7789
spk_ver/v12/v1228	SES177	-5.81036	-66.8945	-61.0842
spk_ver/v12/v1229	SES202	-4.56268	-65.906	-61.3433
spk_ver/v12/v1230	SES202	-3.61422	-65.4008	-61.7866
spk_ver/v12/v1231	SES202	-3.67234	-67.6058	-63.9335
spk_ver/v12/v1232	SES202	-6.4266	-70.3299	-63.9033
spk_ver/v12/v1233	SES206	-2.0752	-59.9528	-57.8776
spk_ver/v12/v1234	SES202	-7.78115	-67.6535	-59.8723
spk_ver/v12/v1235	SES202	-6.96731	-67.9384	-60.9711
spk_ver/v12/v1236	SES125	0.00794601	-60.2453	-60.2532
spk_ver/v12/v1237	SES127	-2.5771	-62.7131	-60.136
spk_ver/v12/v1238	SES202	-4.10579	-65.219	-61.1132
spk_ver/v12/v1239	SES167	-2.33846	-64.2427	-61.9043
spk_ver/v12/v1240	SES206	-9.5438	-72.3955	-62.8517
spk_ver/v12/v1241	SES206	-11.7566	-74.7269	-62.9703
spk_ver/v12/v1242	SES206	-2.21357	-61.0557	-58.8422
spk_ver/v12/v1243	SES206	-1.73978	-62.4791	-60.7393
spk_ver/v12/v1244	SES259	-1.52629	-61.4788	-59.9525
spk_ver/v12/v1245	SES206	-6.28148	-66.9441	-60.6626
spk_ver/v12/v1246	SES206	-6.77504	-67.4666	-60.6915
spk_ver/v12/v1247	SES206	-1.57046	-62.2942	-60.7238
spk_ver/v12/v1248	SES206	-13.0502	-77.9489	-64.8988
spk_ver/v12/v1249	SES270	-1.61375	-61.9335	-60.3198
spk_ver/v12/v1250	SES206	-9.59729	-71.0509	-61.4536
spk_ver/v12/v1251	SES206	-5.71649	-65.544	-59.8276
spk_ver/v12/v1252	SES206	-5.56898	-66.3495	-60.7805
spk_ver/v12/v1253	SES206	-2.27214	-61.5926	-59.3204
spk_ver/v12/v1254	SES206	-1.85634	-60.8055	-58.9492
spk_ver/v12/v1255	SES125	-0.845661	-60.6854	-59.8398
spk_ver/v12/v1256	SES206	-15.4361	-77.1107	-61.6746
spk_ver/v12/v1257	SES206	-7.54985	-67.3667	-59.8169
spk_ver/v12/v1258	SES206	-1.49862	-61.807	-60.3084
spk_ver/v12/v1259	SES206	-13.8674	-76.2918	-62.4244
spk_ver/v12/v1260	SES206	-15.2872	-78.4385	-63.1513
spk_ver/v12/v1261	SES206	-10.0156	-71.1597	-61.1441
spk_ver/v12/v1262	SES206	-12.1169	-74.2872	-62.1703
spk_ver/v12/v1263	SES206	-8.11043	-69.2892	-61.1787
spk_ver/v12/v1264	SES149	-2.49165	-62.1928	-59.7011
spk_ver/v12/v1265	SES206	-1.51161	-62.4603	-60.9487
spk_ver/v12/v1266	SES206	-15.6061	-78.0482	-62.4421
spk_ver/v12/v1267	SES206	-0.908512	-63.103	-62.1945
spk_ver/v12/v1268	SES206	-7.53738	-68.3783	-60.8409
spk_ver/v12/v1269	SES206	-12.9264	-78.4316	-65.5053
spk_ver/v12/v1270	SES206	-18.9845	-85.3542	-66.3697
spk_ver/v12/v1271	SES226	-16.5545	-80.5665	-64.012
spk_ver/v12/v1272	SES226	-1.68441	-60.1524	-58.468
spk_ver/v12/v1273	SES226	-12.1956	-72.4208	-60.2251
spk_ver/v12/v1274	SES226	-10.7781	-72.6056	-61.8275
spk_ver/v12/v1275	SES226	-1.26523	-61.9908	-60.7255
spk_ver/v12/v1276	SES226	-10.8518	-71.7444	-60.8926
spk_ver/v12/v1277	SES226	-1.78809	-62.1969	-60.4089
spk_ver/v12/v1278	SES226	-1.65117	-62.269	-60.6178
spk_ver/v12/v1279	SES226	-10.2305	-69.8944	-59.6639
spk_ver/v12/v1280	SES226	-3.5117	-63.4993	-59.9876
spk_ver/v12/v1281	SES226	-0.790195	-61.4928	-60.7026
spk_ver/v12/v1282	SES226	-2.57731	-63.2253	-60.648
spk_ver/v12/v1283	SES143	-3.71004	-65.2732	-61.5631
spk_ver/v12/v1284	SES226	-8.2124	-66.9591	-58.7467
spk_ver/v12/v1285	SES226	-1.2446	-61.0818	-59.8372
spk_ver/v12/v1286	SES226	-3.69009	-65.682	-61.9919
spk_ver/v12/v1287	SES226	-4.4976	-65.3375	-60.84
spk_ver/v12/v1288	SES226	-9.4075	-70.4885	-61.081
spk_ver/v12/v1289	SES104	-2.16936	-62.6004	-60.431
spk_ver/v12/v1290	SES008	-2.2049	-65.5303	-63.3254
spk_ver/v12/v1291	SES226	-1.47199	-61.5673	-60.0953
spk_ver/v12/v1292	SES259	-2.78885	-64.3962	-61.6073
spk_ver/v12/v1293	SES062	-3.96082	-63.795	-59.8342
spk_ver/v12/v1294	SES099	-1.53146	-64.1784	-62.6469
spk_ver/v12/v1295	SES158	-2.78112	-62.4576	-59.6765
spk_ver/v12/v1296	SES259	-9.54757	-69.562	-60.0144
spk_ver/v12/v1297	SES259	-5.98251	-69.9827	-64.0002
spk_ver/v12/v1298	SES259	-2.39515	-61.8804	-59.4852
spk_ver/v12/v1299	SES259	-9.64564	-70.6786	-61.033
spk_ver/v13/v1300	SES120	-3.42398	-64.6858	-61.2618
spk_ver/v13/v1301	SES259	-12.3349	-74.3479	-62.013
spk_ver/v13/v1302	SES259	-11.0914	-72.3921	-61.3007
spk_ver/v13/v1303	SES129	-1.90628	-62.3949	-60.4886
spk_ver/v13/v1304	SES259	-6.63078	-69.0924	-62.4617
spk_ver/v13/v1305	SES259	-4.25118	-68.2424	-63.9912
spk_ver/v13/v1306	SES106	-1.33351	-60.8534	-59.5199
spk_ver/v13/v1307	SES259	-4.7924	-68.1781	-63.3857
spk_ver/v13/v1308	SES259	-3.25256	-62.5428	-59.2902
spk_ver/v13/v1309	SES259	-8.17832	-68.7921	-60.6138
spk_ver/v13/v1310	SES259	-7.69459	-67.5825	-59.8879
spk_ver/v13/v1311	SES259	-9.93359	-69.7758	-59.8422
spk_ver/v13/v1312	SES259	-2.17051	-61.5595	-59.389
spk_ver/v13/v1313	SES144	-3.9241	-64.6595	-60.7355
spk_ver/v13/v1314	SES259	-10.1117	-71.6753	-61.5636
spk_ver/v13/v1315	SES162	-3.62973	-64.7327	-61.103
spk_ver/v13/v1316	SES206	-2.61094	-61.3211	-58.7101
spk_ver/v13/v1317	SES175	-2.41264	-65.2841	-62.8715
spk_ver/v13/v1318	SES259	-12.9761	-75.2675	-62.2914
spk_ver/v13/v1319	SES259	-12.0622	-74.4007	-62.3385
spk_ver/v13/v1320	SES270	-2.13013	-61.1973	-59.0672
spk_ver/v13/v1321	SES101	-4.94062	-65.1946	-60.254
spk_ver/v13/v1322	SES177	-3.70494	-64.3969	-60.692
spk_ver/v13/v1323	SES127	-2.8095	-62.7639	-59.9544
spk_ver/v13/v1324	SES270	-11.0758	-73.4434	-62.3676
spk_ver/v13/v1325	SES062	-3.72483	-63.4106	-59.6857
spk_ver/v13/v1326	SES270	-2.60763	-62.4096	-59.802
spk_ver/v13/v1327	SES120	-3.78338	-65.7497	-61.9664
spk_ver/v13/v1328	SES270	-2.79956	-65.4961	-62.6965
spk_ver/v13/v1329	SES270	-5.83817	-65.4016	-59.5634
spk_ver/v13/v1330	SES270	-1.18653	-62.3583	-61.1718
spk_ver/v13/v1331	SES270	-8.45429	-67.4641	-59.0098
spk_ver/v13/v1332	SES270	-2.33118	-61.3861	-59.0549
spk_ver/v13/v1333	SES270	-2.25259	-64.9544	-62.7018
spk_ver/v13/v1334	SES270	-3.63707	-62.7807	-59.1436
spk_ver/v13/v1335	SES270	-2.34821	-62.3182	-59.97
spk_ver/v13/v1336	SES270	-1.24558	-61.0874	-59.8419
spk_ver/v13/v1337	SES016	-3.18102	-64.4393	-61.2583
spk_ver/v13/v1338	SES270	-7.1401	-67.4994	-60.3593
spk_ver/v13/v1339	SES002	-1.27542	-59.9433	-58.6679
spk_ver/v13/v1340	SES105	-3.74889	-64.9123	-61.1634
spk_ver/v13/v1341	SES275	-2.70922	-66.8157	-64.1065
spk_ver/v13/v1342	SES187	-4.31328	-66.5979	-62.2846
spk_ver/v13/v1343	SES275	-6.63246	-69.0475	-62.4151
spk_ver/v13/v1344	SES275	-2.75468	-64.1992	-61.4445
spk_ver/v13/v1345	SES275	-3.85378	-64.3381	-60.4843
spk_ver/v13/v1346	SES275	-4.41364	-63.9821	-59.5685
spk_ver/v13/v1347	SES275	-7.55351	-71.4416	-63.8881
spk_ver/v13/v1348	SES180	-3.08527	-64.1969	-61.1116
spk_ver/v13/v1349	SES275	-5.73991	-69.6874	-63.9474
spk_ver/v13/v1350	SES275	-3.5654	-63.4272	-59.8618
spk_ver/v13/v1351	SES275	-6.97346	-73.569	-66.5955
spk_ver/v13/v1352	SES275	-2.01477	-63.7079	-61.6932
spk_ver/v13/v1353	SES275	-1.91899	-65.4749	-63.5559
spk_ver/v13/v1354	SES189	-5.42444	-70.1483	-64.7238
spk_ver/v13/v1355	SES068	-5.20955	-64.2596	-59.05
spk_ver/v13/v1356	SES275	-4.38204	-66.0248	-61.6428
spk_ver/v13/v1357	SES048	-3.9015	-64.3375	-60.436
spk_ver/v13/v1358	SES226	-2.7991	-60.6951	-57.896
spk_ver/v13/v1359	SES016	-4.19712	-64.4986	-60.3015
spk_ver/v13/v1360	SES275	-6.8946	-70.1051	-63.2105
spk_ver/v13/v1361	SES068	-5.01646	-64.6618	-59.6453
spk_ver/v13/v1362	SES275	-6.14301	-65.0092	-58.8662
spk_ver/v13/v1363	SES275	-2.68349	-64.9084	-62.2249
spk_ver/v13/v1364	SES275	-5.71983	-69.817	-64.0971
spk_ver/v13/v1365	SES275	-7.38639	-67.8259	-60.4395
spk_ver/v13/v1366	SES187	-6.01717	-66.7662	-60.749
spk_ver/v13/v1367	SES275	-4.56076	-65.856	-61.2953
spk_ver/v13/v1368	SES125	-0.453419	-60.2158	-59.7624
spk_ver/v13/v1369	SES275	-2.20483	-65.557	-63.3521
spk_ver/v13/v1370	SES292	-5.17138	-64.3112	-59.1398
spk_ver/v13/v1371	SES292	-3.242	-64.0067	-60.7647
spk_ver/v13/v1372	SES292	-4.5219	-66.0222	-61.5003
spk_ver/v13/v1373	SES292	-5.30595	-66.3363	-61.0304
spk_ver/v13/v1374	SES101	-3.87688	-64.6826	-60.8057
spk_ver/v13/v1375	SES292	-7.6296	-70.0283	-62.3987
spk_ver/v13/v1376	SES292	-5.25657	-65.5029	-60.2463
spk_ver/v13/v1377	SES292	-8.49127	-71.2795	-62.7883
spk_ver/v13/v1378	SES292	-4.15784	-64.8276	-60.6697
spk_ver/v13/v1379	SES292	-4.00079	-65.9036	-61.9028
spk_ver/v13/v1380	SES292	-3.69254	-65.2965	-61.6039
spk_ver/v13/v1381	SES292	-6.07646	-63.8369	-57.7604
spk_ver/v13/v1382	SES292	-3.97397	-68.5375	-64.5635
spk_ver/v13/v1383	SES292	-3.4382	-63.6846	-60.2464
spk_ver/v13/v1384	SES292	-5.59247	-67.1588	-61.5663
spk_ver/v13/v1385	SES292	-3.86934	-65.3273	-61.4579
spk_ver/v13/v1386	SES292	-5.49056	-68.0218	-62.5312
spk_ver/v13/v1387	SES158	-1.35085	-62.2399	-60.889
spk_ver/v13/v1388	SES292	-3.75759	-63.8089	-60.0513
spk_ver/v13/v1389	SES292	-4.99175	-64.1472	-59.1555
spk_ver/v13/v1390	SES292	-2.6414	-63.5891	-60.9477
spk_ver/v13/v1391	SES292	-6.92999	-67.7335	-60.8036
spk_ver/v13/v1392	SES292	-2.83878	-65.5463	-62.7075
spk_ver/v13/v1393	SES292	-4.18341	-64.0029	-59.8195
spk_ver/v13/v1394	SES292	-7.25642	-69.439	-62.1826
spk_ver/v13/v1395	SES292	-5.20248	-64.2863	-59.0839
spk_ver/v13/v1396	SES117	-2.75597	-66.1784	-63.4225
spk_ver/v13/v1397	SES292	-4.00767	-63.206	-59.1984
spk_ver/v13/v1398	SES292	-6.10325	-68.4012	-62.2979
spk_ver/v13/v1399	SES292	-2.30205	-63.7516	-61.4496
