BLOCK00/SES002/SA002S12	SES002	2.52559	-56.2941	-58.8197
BLOCK00/SES002/SA002S13	SES002	3.28729	-56.2558	-59.5431
BLOCK00/SES002/SA002S23	SES002	2.79547	-55.992	-58.7875
BLOCK00/SES002/SA002S26	SES002	3.35345	-55.768	-59.1215
BLOCK00/SES002/SA002S28	SES002	2.80816	-57.3344	-60.1425
BLOCK00/SES007/SA007S14	SES007	2.26747	-56.9525	-59.2199
BLOCK00/SES007/SA007S15	SES007	1.17474	-59.7259	-60.9007
BLOCK00/SES007/SA007S24	SES007	1.34721	-59.0126	-60.3598
BLOCK00/SES007/SA007S27	SES007	1.24398	-59.9841	-61.2281
BLOCK00/SES007/SA007S29	SES007	0.734039	-59.3476	-60.0816
BLOCK00/SES008/SA008S11	SES008	1.83791	-59.4719	-61.3098
BLOCK00/SES008/SA008S12	SES008	1.11269	-59.9735	-61.0862
BLOCK00/SES008/SA008S19	SES008	2.56219	-58.4862	-61.0484
BLOCK00/SES008/SA008S22	SES008	1.84574	-59.6645	-61.5102
BLOCK00/SES008/SA008S29	SES008	1.43892	-59.5913	-61.0302
BLOCK01/SES014/SA014S10	SES014	3.46343	-56.9528	-60.4163
BLOCK01/SES014/SA014S12	SES014	4.17811	-54.7151	-58.8932
BLOCK01/SES014/SA014S24	SES014	2.85702	-56.643	-59.5001
BLOCK01/SES014/SA014S26	SES014	4.38223	-53.5292	-57.9114
BLOCK01/SES014/SA014S28	SES014	4.48854	-55.3443	-59.8328
BLOCK01/SES016/SA016S12	SES016	2.07571	-63.2015	-65.2772
BLOCK01/SES016/SA016S13	SES016	2.26598	-59.7349	-62.0009
BLOCK01/SES016/SA016S22	SES016	1.63248	-60.283	-61.9155
BLOCK01/SES016/SA016S25	SES016	2.52728	-57.1641	-59.6913
BLOCK01/SES016/SA016S27	SES016	2.44053	-57.7664	-60.2069
BLOCK01/SES019/SA019S13	SES019	3.24333	-57.6128	-60.8561
BLOCK01/SES019/SA019S14	SES019	2.45348	-58.4246	-60.8781
BLOCK01/SES019/SA019S22	SES019	3.16323	-57.0069	-60.1702
BLOCK01/SES019/SA019S25	SES019	3.52383	-57.7133	-61.2371
BLOCK01/SES019/SA019S29	SES019	4.02925	-57.3179	-61.3471
BLOCK02/SES029/SA029S11	SES029	1.55503	-59.3742	-60.9293
BLOCK02/SES029/SA029S12	SES029	1.22822	-59.0486	-60.2768
BLOCK02/SES029/SA029S20	SES029	1.60497	-60.249	-61.854
BLOCK02/SES029/SA029S25	SES029	1.0891	-59.1229	-60.212
BLOCK02/SES029/SA029S28	SES029	1.35028	-59.4176	-60.7679
BLOCK04/SES042/SA042S12	SES042	3.52349	-55.8419	-59.3654
BLOCK04/SES042/SA042S15	SES042	2.79571	-55.9702	-58.766
BLOCK04/SES042/SA042S22	SES042	4.67969	-52.9002	-57.5799
BLOCK04/SES042/SA042S25	SES042	2.91321	-56.8807	-59.7939
BLOCK04/SES042/SA042S27	SES042	3.62589	-54.375	-58.0009
BLOCK04/SES048/SA048S11	SES048	1.79671	-57.4868	-59.2835
BLOCK04/SES048/SA048S12	SES048	1.34999	-58.2076	-59.5576
BLOCK04/SES048/SA048S20	SES048	1.57199	-57.6918	-59.2638
BLOCK04/SES048/SA048S23	SES048	1.91164	-58.7481	-60.6598
BLOCK04/SES048/SA048S27	SES048	1.64206	-57.6693	-59.3113
BLOCK06/SES060/SA060S11	SES060	2.63667	-58.361	-60.9977
BLOCK06/SES060/SA060S12	SES060	0.352482	-61.7514	-62.1039
BLOCK06/SES060/SA060S22	SES060	0.170113	-61.6051	-61.7752
BLOCK06/SES060/SA060S24	SES060	1.74522	-58.4209	-60.1661
BLOCK06/SES060/SA060S28	SES060	1.7818	-56.6647	-58.4465
BLOCK06/SES062/SA062S10	SES062	2.06334	-57.3769	-59.4402
BLOCK06/SES062/SA062S11	SES062	1.909	-58.8765	-60.7855
BLOCK06/SES062/SA062S21	SES062	2.76225	-55.1063	-57.8686
BLOCK06/SES062/SA062S26	SES062	1.75168	-57.9846	-59.7363
BLOCK06/SES062/SA062S29	SES062	2.12527	-57.0192	-59.1445
BLOCK06/SES068/SA068S14	SES068	1.6184	-59.2827	-60.9011
BLOCK06/SES068/SA068S15	SES068	2.06535	-57.9091	-59.9745
BLOCK06/SES068/SA068S23	SES068	1.09424	-60.0329	-61.1271
BLOCK06/SES068/SA068S27	SES068	2.74179	-57.5498	-60.2916
BLOCK06/SES068/SA068S29	SES068	1.15739	-59.258	-60.4154
BLOCK08/SES082/SA082S12	SES082	1.55355	-58.7507	-60.3042
BLOCK08/SES082/SA082S14	SES082	1.24172	-59.6974	-60.9392
BLOCK08/SES082/SA082S21	SES082	1.71476	-58.9696	-60.6844
BLOCK08/SES082/SA082S24	SES082	1.74679	-57.9857	-59.7324
BLOCK08/SES082/SA082S28	SES082	1.61906	-58.5968	-60.2159
BLOCK08/SES083/SA083S14	SES083	0.483688	-60.2028	-60.6864
BLOCK08/SES083/SA083S15	SES083	0.995205	-58.8268	-59.822
BLOCK08/SES083/SA083S24	SES083	0.897808	-59.5569	-60.4547
BLOCK08/SES083/SA083S26	SES083	1.24896	-58.5917	-59.8406
BLOCK08/SES083/SA083S29	SES083	0.833729	-59.3352	-60.169
BLOCK08/SES085/SA085S10	SES085	1.22158	-59.5907	-60.8123
BLOCK08/SES085/SA085S13	SES085	1.39876	-60.0772	-61.476
BLOCK08/SES085/SA085S22	SES085	-1.68969	-63.4346	-61.7449
BLOCK08/SES085/SA085S26	SES085	0.981274	-60.389	-61.3703
BLOCK08/SES085/SA085S28	SES085	1.81955	-59.0133	-60.8329
BLOCK08/SES087/SA087S15	SES087	2.86556	-57.7698	-60.6354
BLOCK08/SES087/SA087S16	SES087	2.89081	-57.776	-60.6668
BLOCK08/SES087/SA087S24	SES087	2.37878	-56.7807	-59.1595
BLOCK08/SES087/SA087S26	SES087	2.89253	-55.6776	-58.5701
BLOCK08/SES087/SA087S29	SES087	2.85471	-57.9201	-60.7749
BLOCK09/SES099/SA099S15	SES099	2.63023	-57.9883	-60.6186
BLOCK09/SES099/SA099S16	SES099	2.832	-57.7719	-60.6039
BLOCK09/SES099/SA099S24	SES099	2.78502	-57.7509	-60.5359
BLOCK09/SES099/SA099S26	SES099	2.71894	-57.3237	-60.0427
BLOCK09/SES099/SA099S29	SES099	2.92278	-57.4528	-60.3756
BLOCK10/SES101/SA101S11	SES101	0.751221	-58.6676	-59.4188
BLOCK10/SES101/SA101S13	SES101	2.09282	-58.1413	-60.2341
BLOCK10/SES101/SA101S22	SES101	1.69486	-60.034	-61.7289
BLOCK10/SES101/SA101S24	SES101	1.67997	-58.2197	-59.8997
BLOCK10/SES101/SA101S28	SES101	0.441303	-60.8256	-61.2669
BLOCK10/SES104/SA104S11	SES104	2.0092	-56.4923	-58.5015
BLOCK10/SES104/SA104S12	SES104	2.08493	-57.8255	-59.9104
BLOCK10/SES104/SA104S21	SES104	1.64471	-58.6036	-60.2483
BLOCK10/SES104/SA104S24	SES104	1.6175	-58.0683	-59.6858
BLOCK10/SES104/SA104S28	SES104	1.9557	-57.9577	-59.9134
BLOCK10/SES105/SA105S12	SES105	1.68996	-59.3037	-60.9936
BLOCK10/SES105/SA105S13	SES105	1.54839	-59.1278	-60.6762
BLOCK10/SES105/SA105S22	SES105	1.24701	-60.5013	-61.7483
BLOCK10/SES105/SA105S26	SES105	2.0515	-59.4119	-61.4634
BLOCK10/SES105/SA105S29	SES105	1.42689	-59.08	-60.5069
BLOCK10/SES106/SA106S09	SES106	1.9038	-59.118	-61.0218
BLOCK10/SES106/SA106S11	SES106	2.12948	-56.4151	-58.5446
BLOCK10/SES106/SA106S22	SES106	3.34147	-56.7515	-60.093
BLOCK10/SES106/SA106S27	SES106	1.77723	-58.2137	-59.9909
BLOCK10/SES106/SA106S29	SES106	1.35153	-57.3044	-58.6559
BLOCK11/SES117/SA117S12	SES117	-0.456932	-62.7087	-62.2518
BLOCK11/SES117/SA117S13	SES117	-0.384884	-61.3942	-61.0093
BLOCK11/SES117/SA117S23	SES117	1.48265	-62.3657	-63.8484
BLOCK11/SES117/SA117S25	SES117	2.21505	-60.3092	-62.5243
BLOCK11/SES117/SA117S28	SES117	2.28391	-60.521	-62.805
BLOCK12/SES120/SA120S08	SES120	1.6966	-60.4363	-62.1329
BLOCK12/SES120/SA120S11	SES120	1.00109	-61.4824	-62.4835
BLOCK12/SES120/SA120S22	SES120	0.793404	-59.7876	-60.581
BLOCK12/SES120/SA120S24	SES120	0.476673	-59.7773	-60.254
BLOCK12/SES120/SA120S28	SES120	0.573982	-62.7358	-63.3098
BLOCK12/SES125/SA125S13	SES125	3.23428	-56.408	-59.6423
BLOCK12/SES125/SA125S14	SES125	2.19128	-57.282	-59.4733
BLOCK12/SES125/SA125S25	SES125	3.61831	-56.6093	-60.2276
BLOCK12/SES125/SA125S27	SES125	3.81839	-55.3016	-59.12
BLOCK12/SES125/SA125S29	SES125	2.66922	-57.4174	-60.0867
BLOCK12/SES127/SA127S11	SES127	0.551647	-60.5366	-61.0882
BLOCK12/SES127/SA127S12	SES127	0.431892	-59.5368	-59.9687
BLOCK12/SES127/SA127S23	SES127	1.74759	-59.1623	-60.9099
BLOCK12/SES127/SA127S25	SES127	0.583237	-61.2264	-61.8097
BLOCK12/SES127/SA127S27	SES127	2.2357	-59.0127	-61.2484
BLOCK12/SES129/SA129S11	SES129	2.0998	-57.8525	-59.9523
BLOCK12/SES129/SA129S12	SES129	2.41396	-57.7044	-60.1184
BLOCK12/SES129/SA129S22	SES129	1.92734	-58.6142	-60.5415
BLOCK12/SES129/SA129S27	SES129	2.39906	-57.5344	-59.9335
BLOCK12/SES129/SA129S29	SES129	2.60203	-56.6057	-59.2077
BLOCK14/SES142/SA142S11	SES142	3.7308	-59.1415	-62.8723
BLOCK14/SES142/SA142S12	SES142	1.7269	-61.5471	-63.274
BLOCK14/SES142/SA142S24	SES142	3.88868	-58.712	-62.6007
BLOCK14/SES142/SA142S27	SES142	3.16897	-59.1883	-62.3573
BLOCK14/SES142/SA142S29	SES142	4.38615	-57.7838	-62.1699
BLOCK14/SES143/SA143S12	SES143	1.94345	-60.202	-62.1455
BLOCK14/SES143/SA143S13	SES143	1.23629	-60.7404	-61.9766
BLOCK14/SES143/SA143S23	SES143	1.89878	-60.21	-62.1088
BLOCK14/SES143/SA143S25	SES143	1.76	-60.0231	-61.7831
BLOCK14/SES143/SA143S28	SES143	1.52248	-59.3673	-60.8898
BLOCK14/SES144/SA144S09	SES144	0.822517	-60.0959	-60.9185
BLOCK14/SES144/SA144S11	SES144	1.3639	-60.9151	-62.279
BLOCK14/SES144/SA144S21	SES144	1.00932	-60.4982	-61.5075
BLOCK14/SES144/SA144S25	SES144	0.802464	-60.7822	-61.5847
BLOCK14/SES144/SA144S29	SES144	0.584637	-60.2957	-60.8803
BLOCK14/SES146/SA146S14	SES146	1.09676	-60.5564	-61.6531
BLOCK14/SES146/SA146S15	SES146	1.06719	-60.9305	-61.9977
BLOCK14/SES146/SA146S24	SES146	1.14314	-59.9266	-61.0697
BLOCK14/SES146/SA146S26	SES146	1.42552	-60.0021	-61.4276
BLOCK14/SES146/SA146S29	SES146	1.38821	-60.6281	-62.0163
BLOCK14/SES147/SA147S11	SES147	2.8628	-60.0334	-62.8962
BLOCK14/SES147/SA147S13	SES147	3.7349	-58.2183	-61.9532
BLOCK14/SES147/SA147S23	SES147	3.4519	-60.1423	-63.5942
BLOCK14/SES147/SA147S26	SES147	3.06907	-59.8331	-62.9022
BLOCK14/SES147/SA147S28	SES147	3.3969	-58.8324	-62.2293
BLOCK14/SES148/SA148S10	SES148	2.35615	-58.9848	-61.3409
BLOCK14/SES148/SA148S12	SES148	0.888676	-60.6928	-61.5814
BLOCK14/SES148/SA148S22	SES148	1.66051	-58.6411	-60.3016
BLOCK14/SES148/SA148S26	SES148	0.907646	-59.4438	-60.3515
BLOCK14/SES148/SA148S29	SES148	0.756725	-59.8043	-60.561
BLOCK14/SES149/SA149S13	SES149	0.182327	-59.1007	-59.283
BLOCK14/SES149/SA149S14	SES149	0.654095	-59.2018	-59.8559
BLOCK14/SES149/SA149S24	SES149	1.83772	-58.5907	-60.4284
BLOCK14/SES149/SA149S26	SES149	2.94926	-56.905	-59.8543
BLOCK14/SES149/SA149S28	SES149	3.80033	-56.4109	-60.2113
BLOCK15/SES158/SA158S13	SES158	1.59333	-57.8258	-59.4191
BLOCK15/SES158/SA158S14	SES158	2.99671	-57.4207	-60.4174
BLOCK15/SES158/SA158S23	SES158	2.17954	-57.0853	-59.2649
BLOCK15/SES158/SA158S26	SES158	3.26378	-56.9071	-60.1709
BLOCK15/SES158/SA158S28	SES158	1.31062	-58.8535	-60.1642
BLOCK16/SES162/SA162S10	SES162	1.07928	-61.5003	-62.5796
BLOCK16/SES162/SA162S11	SES162	2.03294	-59.0756	-61.1085
BLOCK16/SES162/SA162S21	SES162	2.36949	-59.1856	-61.5551
BLOCK16/SES162/SA162S24	SES162	1.93574	-59.7075	-61.6432
BLOCK16/SES162/SA162S27	SES162	2.25983	-59.7956	-62.0554
BLOCK16/SES167/SA167S14	SES167	2.04916	-59.0077	-61.0568
BLOCK16/SES167/SA167S15	SES167	2.16306	-60.2916	-62.4546
BLOCK16/SES167/SA167S21	SES167	1.81014	-59.673	-61.4831
BLOCK16/SES167/SA167S25	SES167	3.22534	-59.8286	-63.0539
BLOCK16/SES167/SA167S29	SES167	2.99078	-58.4873	-61.478
BLOCK17/SES172/SA172S12	SES172	2.85279	-58.3775	-61.2303
BLOCK17/SES172/SA172S13	SES172	3.09418	-59.4873	-62.5815
BLOCK17/SES172/SA172S23	SES172	1.07003	-58.9497	-60.0197
BLOCK17/SES172/SA172S27	SES172	1.49388	-60.1279	-61.6218
BLOCK17/SES172/SA172S29	SES172	3.25795	-59.0223	-62.2802
BLOCK17/SES175/SA175S11	SES175	2.85796	-59.1467	-62.0047
BLOCK17/SES175/SA175S13	SES175	1.9444	-58.5342	-60.4786
BLOCK17/SES175/SA175S23	SES175	2.88118	-58.9728	-61.854
BLOCK17/SES175/SA175S25	SES175	1.58607	-61.4231	-63.0092
BLOCK17/SES175/SA175S28	SES175	2.21049	-58.8928	-61.1033
BLOCK17/SES177/SA177S15	SES177	1.3693	-59.6928	-61.0621
BLOCK17/SES177/SA177S17	SES177	1.62201	-59.1072	-60.7292
BLOCK17/SES177/SA177S23	SES177	1.0488	-60.1252	-61.174
BLOCK17/SES177/SA177S26	SES177	1.45403	-57.2607	-58.7148
BLOCK17/SES177/SA177S28	SES177	1.68398	-58.4856	-60.1695
BLOCK18/SES180/SA180S13	SES180	2.0424	-59.5998	-61.6422
BLOCK18/SES180/SA180S15	SES180	1.1274	-60.7053	-61.8327
BLOCK18/SES180/SA180S24	SES180	2.24334	-57.8829	-60.1263
BLOCK18/SES180/SA180S26	SES180	2.10615	-58.6374	-60.7435
BLOCK18/SES180/SA180S29	SES180	1.664	-60.5084	-62.1724
BLOCK18/SES183/SA183S13	SES183	2.03284	-60.1571	-62.1899
BLOCK18/SES183/SA183S14	SES183	1.10357	-59.8904	-60.9939
BLOCK18/SES183/SA183S24	SES183	2.29371	-60.188	-62.4817
BLOCK18/SES183/SA183S27	SES183	1.79008	-59.8059	-61.596
BLOCK18/SES183/SA183S29	SES183	1.62772	-59.2543	-60.882
BLOCK18/SES187/SA187S13	SES187	1.60345	-60.8912	-62.4946
BLOCK18/SES187/SA187S14	SES187	1.81288	-60.1537	-61.9666
BLOCK18/SES187/SA187S24	SES187	2.43389	-60.1716	-62.6055
BLOCK18/SES187/SA187S27	SES187	1.09823	-60.8565	-61.9547
BLOCK18/SES187/SA187S29	SES187	1.97326	-60.0654	-62.0386
BLOCK18/SES189/SA189S10	SES189	3.81739	-61.3206	-65.138
BLOCK18/SES189/SA189S13	SES189	3.97102	-61.468	-65.439
BLOCK18/SES189/SA189S24	SES189	4.20664	-60.8207	-65.0273
BLOCK18/SES189/SA189S26	SES189	2.78943	-60.7081	-63.4976
BLOCK18/SES189/SA189S29	SES189	3.96995	-60.5735	-64.5434
BLOCK20/SES202/SA202S12	SES202	2.59565	-60.3629	-62.9585
BLOCK20/SES202/SA202S14	SES202	3.75353	-58.1544	-61.908
BLOCK20/SES202/SA202S24	SES202	2.23423	-60.3434	-62.5776
BLOCK20/SES202/SA202S27	SES202	2.66669	-58.267	-60.9337
BLOCK20/SES202/SA202S29	SES202	3.64798	-57.9549	-61.6028
BLOCK20/SES206/SA206S15	SES206	0.679214	-57.6102	-58.2894
BLOCK20/SES206/SA206S17	SES206	2.94012	-56.0186	-58.9587
BLOCK20/SES206/SA206S24	SES206	2.25286	-56.157	-58.4099
BLOCK20/SES206/SA206S27	SES206	3.13533	-56.3626	-59.4979
BLOCK20/SES206/SA206S29	SES206	2.37419	-55.4694	-57.8436
BLOCK22/SES226/SA226S12	SES226	1.75916	-57.9047	-59.6638
BLOCK22/SES226/SA226S13	SES226	0.299686	-58.8069	-59.1066
BLOCK22/SES226/SA226S20	SES226	1.84147	-58.112	-59.9535
BLOCK22/SES226/SA226S23	SES226	1.85666	-57.7125	-59.5691
BLOCK22/SES226/SA226S28	SES226	1.88341	-57.9829	-59.8663
BLOCK25/SES259/SA259S13	SES259	4.34501	-54.8799	-59.2249
BLOCK25/SES259/SA259S14	SES259	2.46989	-56.6591	-59.129
BLOCK25/SES259/SA259S22	SES259	2.44712	-56.3117	-58.7588
BLOCK25/SES259/SA259S24	SES259	2.91669	-55.515	-58.4317
BLOCK25/SES259/SA259S28	SES259	2.80374	-55.7563	-58.56
BLOCK27/SES270/SA270S14	SES270	2.89515	-57.9517	-60.8469
BLOCK27/SES270/SA270S16	SES270	2.02864	-58.0826	-60.1113
BLOCK27/SES270/SA270S22	SES270	3.44987	-56.9289	-60.3788
BLOCK27/SES270/SA270S26	SES270	2.77061	-58.616	-61.3866
BLOCK27/SES270/SA270S28	SES270	1.91514	-58.0321	-59.9472
BLOCK27/SES275/SA275S17	SES275	1.66991	-59.6258	-61.2957
BLOCK27/SES275/SA275S18	SES275	1.2776	-60.2057	-61.4833
BLOCK27/SES275/SA275S24	SES275	1.44831	-61.0612	-62.5095
BLOCK27/SES275/SA275S26	SES275	1.8115	-58.9905	-60.802
BLOCK27/SES275/SA275S28	SES275	1.40516	-59.6158	-61.0209
BLOCK29/SES292/SA292S10	SES292	1.36812	-59.159	-60.5272
BLOCK29/SES292/SA292S12	SES292	1.25726	-61.468	-62.7253
BLOCK29/SES292/SA292S22	SES292	2.10063	-58.9685	-61.0692
BLOCK29/SES292/SA292S24	SES292	1.44077	-59.5957	-61.0364
BLOCK29/SES292/SA292S27	SES292	0.92482	-58.8088	-59.7336
BLOCK00/SES001/SA001S14	SES062	-0.699547	-61.6366	-60.937
BLOCK00/SES001/SA001S14	SES082	-2.12745	-63.0645	-60.937
BLOCK00/SES001/SA001S14	SES106	-4.78617	-65.7232	-60.937
BLOCK00/SES001/SA001S14	SES206	-3.95943	-64.8965	-60.937
BLOCK00/SES001/SA001S15	SES062	-1.2605	-60.567	-59.3064
BLOCK00/SES001/SA001S15	SES104	-2.95798	-62.2644	-59.3064
BLOCK00/SES001/SA001S15	SES106	-5.16821	-64.4747	-59.3064
BLOCK00/SES001/SA001S15	SES206	-4.23732	-63.5438	-59.3064
BLOCK00/SES001/SA001S24	SES062	-1.99929	-62.3214	-60.3221
BLOCK00/SES001/SA001S24	SES082	-2.29603	-62.6182	-60.3221
BLOCK00/SES001/SA001S24	SES087	-3.10757	-63.4297	-60.3221
BLOCK00/SES001/SA001S24	SES206	-1.95891	-62.281	-60.3221
BLOCK00/SES001/SA001S27	SES062	-1.15378	-60.514	-59.3602
BLOCK00/SES001/SA001S27	SES082	-2.64474	-62.005	-59.3602
BLOCK00/SES001/SA001S27	SES087	-2.77357	-62.1338	-59.3602
BLOCK00/SES001/SA001S27	SES206	-3.60461	-62.9648	-59.3602
BLOCK00/SES001/SA001S29	SES062	-1.4815	-62.6352	-61.1537
BLOCK00/SES001/SA001S29	SES082	-2.13529	-63.289	-61.1537
BLOCK00/SES001/SA001S29	SES158	-2.97848	-64.1322	-61.1537
BLOCK00/SES001/SA001S29	SES206	-4.7637	-65.9174	-61.1537
BLOCK00/SES003/SA003S11	SES002	-1.19662	-61.6126	-60.4159
BLOCK00/SES003/SA003S11	SES019	-1.87543	-62.2914	-60.4159
BLOCK00/SES003/SA003S11	SES082	0.100357	-60.3156	-60.4159
BLOCK00/SES003/SA003S11	SES125	-1.07908	-61.495	-60.4159
BLOCK00/SES003/SA003S15	SES016	-4.07885	-63.5904	-59.5115
BLOCK00/SES003/SA003S15	SES019	-1.19468	-60.7062	-59.5115
BLOCK00/SES003/SA003S15	SES062	-3.00951	-62.521	-59.5115
BLOCK00/SES003/SA003S15	SES206	-1.05212	-60.5636	-59.5115
BLOCK00/SES003/SA003S22	SES002	-2.27507	-61.6538	-59.3788
BLOCK00/SES003/SA003S22	SES062	-2.03717	-61.4159	-59.3788
BLOCK00/SES003/SA003S22	SES082	-0.699547	-60.0783	-59.3788
BLOCK00/SES003/SA003S22	SES087	-1.94083	-61.3196	-59.3788
BLOCK00/SES003/SA003S25	SES062	-4.37859	-66.998	-62.6194
BLOCK00/SES003/SA003S25	SES082	-0.228878	-62.8483	-62.6194
BLOCK00/SES003/SA003S25	SES087	-2.45288	-65.0723	-62.6194
BLOCK00/SES003/SA003S25	SES206	-2.52845	-65.1479	-62.6194
BLOCK00/SES003/SA003S29	SES002	-2.86872	-63.7876	-60.9189
BLOCK00/SES003/SA003S29	SES062	-2.9871	-63.906	-60.9189
BLOCK00/SES003/SA003S29	SES082	-1.09564	-62.0145	-60.9189
BLOCK00/SES003/SA003S29	SES087	-2.42348	-63.3423	-60.9189
BLOCK00/SES004/SA004S12	SES083	-0.872879	-63.1201	-62.2472
BLOCK00/SES004/SA004S12	SES148	-1.22548	-63.4727	-62.2472
BLOCK00/SES004/SA004S12	SES172	-1.17665	-63.4239	-62.2472
BLOCK00/SES004/SA004S12	SES292	-1.3501	-63.5973	-62.2472
BLOCK00/SES004/SA004S17	SES083	-0.926479	-62.9779	-62.0514
BLOCK00/SES004/SA004S17	SES162	-1.15644	-63.2079	-62.0514
BLOCK00/SES004/SA004S17	SES172	-0.613529	-62.665	-62.0514
BLOCK00/SES004/SA004S17	SES292	-1.02837	-63.0798	-62.0514
BLOCK00/SES004/SA004S24	SES083	-0.492062	-61.9269	-61.4348
BLOCK00/SES004/SA004S24	SES148	-1.23327	-62.6681	-61.4348
BLOCK00/SES004/SA004S24	SES172	0.0579262	-61.3769	-61.4348
BLOCK00/SES004/SA004S24	SES292	-0.716797	-62.1516	-61.4348
BLOCK00/SES004/SA004S26	SES083	-0.329266	-61.6728	-61.3436
BLOCK00/SES004/SA004S26	SES127	-1.13609	-62.4797	-61.3436
BLOCK00/SES004/SA004S26	SES148	-1.72368	-63.0672	-61.3436
BLOCK00/SES004/SA004S26	SES292	-1.40996	-62.7535	-61.3436
BLOCK00/SES004/SA004S28	SES083	-1.35746	-62.9954	-61.6379
BLOCK00/SES004/SA004S28	SES127	-0.956448	-62.5943	-61.6379
BLOCK00/SES004/SA004S28	SES187	-1.34864	-62.9865	-61.6379
BLOCK00/SES004/SA004S28	SES292	-1.28771	-62.9256	-61.6379
BLOCK00/SES006/SA006S10	SES014	-2.65882	-65.1986	-62.5398
BLOCK00/SES006/SA006S10	SES158	-1.5443	-64.0841	-62.5398
BLOCK00/SES006/SA006S10	SES226	-1.68874	-64.2285	-62.5398
BLOCK00/SES006/SA006S10	SES270	-0.521805	-63.0616	-62.5398
BLOCK00/SES006/SA006S11	SES158	-1.39752	-64.185	-62.7875
BLOCK00/SES006/SA006S11	SES226	-1.38595	-64.1734	-62.7875
BLOCK00/SES006/SA006S11	SES270	-0.754856	-63.5423	-62.7875
BLOCK00/SES006/SA006S11	SES275	-4.248	-67.0355	-62.7875
BLOCK00/SES006/SA006S23	SES062	-3.51222	-64.9302	-61.418
BLOCK00/SES006/SA006S23	SES105	-3.65507	-65.0731	-61.418
BLOCK00/SES006/SA006S23	SES158	-2.15971	-63.5777	-61.418
BLOCK00/SES006/SA006S23	SES275	-3.55729	-64.9753	-61.418
BLOCK00/SES006/SA006S26	SES104	-1.7289	-63.67	-61.9411
BLOCK00/SES006/SA006S26	SES158	-1.07167	-63.0127	-61.9411
BLOCK00/SES006/SA006S26	SES270	-0.342422	-62.2835	-61.9411
BLOCK00/SES006/SA006S26	SES275	-4.49419	-66.4353	-61.9411
BLOCK00/SES006/SA006S28	SES007	-3.4594	-65.9079	-62.4485
BLOCK00/SES006/SA006S28	SES105	-2.87341	-65.3219	-62.4485
BLOCK00/SES006/SA006S28	SES158	-1.32517	-63.7736	-62.4485
BLOCK00/SES006/SA006S28	SES275	-4.05429	-66.5027	-62.4485
BLOCK00/SES009/SA009S12	SES083	-0.683498	-60.9507	-60.2672
BLOCK00/SES009/SA009S12	SES148	-1.25509	-61.5223	-60.2672
BLOCK00/SES009/SA009S12	SES177	-2.65678	-62.924	-60.2672
BLOCK00/SES009/SA009S12	SES292	-0.446911	-60.7142	-60.2672
BLOCK00/SES009/SA009S15	SES007	1.32573	-58.1667	-59.4924
BLOCK00/SES009/SA009S15	SES099	-9.70078	-69.1932	-59.4924
BLOCK00/SES009/SA009S15	SES148	-1.33128	-60.8237	-59.4924
BLOCK00/SES009/SA009S15	SES172	-1.19485	-60.6873	-59.4924
BLOCK00/SES009/SA009S24	SES146	-0.66354	-60.8882	-60.2247
BLOCK00/SES009/SA009S24	SES148	-1.24389	-61.4686	-60.2247
BLOCK00/SES009/SA009S24	SES177	-2.17913	-62.4038	-60.2247
BLOCK00/SES009/SA009S24	SES292	0.117615	-60.1071	-60.2247
BLOCK00/SES009/SA009S26	SES083	-0.999348	-61.5965	-60.5972
BLOCK00/SES009/SA009S26	SES101	-1.28418	-61.8813	-60.5972
BLOCK00/SES009/SA009S26	SES120	-1.17306	-61.7702	-60.5972
BLOCK00/SES009/SA009S26	SES177	-3.00714	-63.6043	-60.5972
BLOCK00/SES009/SA009S29	SES083	-0.956993	-61.1982	-60.2413
BLOCK00/SES009/SA009S29	SES101	-1.32074	-61.562	-60.2413
BLOCK00/SES009/SA009S29	SES177	-2.55175	-62.793	-60.2413
BLOCK00/SES009/SA009S29	SES292	-0.088192	-60.3294	-60.2413
BLOCK01/SES011/SA011S10	SES019	-0.263371	-60.5318	-60.2684
BLOCK01/SES011/SA011S10	SES042	0.534229	-59.7342	-60.2684
BLOCK01/SES011/SA011S10	SES082	0.0348778	-60.2336	-60.2684
BLOCK01/SES011/SA011S10	SES206	-0.305019	-60.5735	-60.2684
BLOCK01/SES011/SA011S11	SES019	-1.0331	-61.8792	-60.8461
BLOCK01/SES011/SA011S11	SES042	-0.591194	-61.4373	-60.8461
BLOCK01/SES011/SA011S11	SES082	-0.680374	-61.5265	-60.8461
BLOCK01/SES011/SA011S11	SES206	-1.22588	-62.072	-60.8461
BLOCK01/SES011/SA011S22	SES019	-0.572224	-61.0693	-60.497
BLOCK01/SES011/SA011S22	SES042	-0.463318	-60.9604	-60.497
BLOCK01/SES011/SA011S22	SES082	-0.251648	-60.7487	-60.497
BLOCK01/SES011/SA011S22	SES206	-1.12485	-61.6219	-60.497
BLOCK01/SES011/SA011S24	SES019	-1.12831	-60.7214	-59.5931
BLOCK01/SES011/SA011S24	SES042	0.158669	-59.4345	-59.5931
BLOCK01/SES011/SA011S24	SES104	-0.837547	-60.4307	-59.5931
BLOCK01/SES011/SA011S24	SES206	-0.842468	-60.4356	-59.5931
BLOCK01/SES011/SA011S27	SES082	1.05103	-59.3541	-60.4052
BLOCK01/SES011/SA011S27	SES087	-0.481007	-60.8862	-60.4052
BLOCK01/SES011/SA011S27	SES125	0.345718	-60.0594	-60.4052
BLOCK01/SES011/SA011S27	SES206	0.149166	-60.256	-60.4052
BLOCK01/SES012/SA012S11	SES007	-3.02773	-60.8566	-57.8288
BLOCK01/SES012/SA012S11	SES082	-0.520412	-58.3492	-57.8288
BLOCK01/SES012/SA012S11	SES083	-3.2627	-61.0915	-57.8288
BLOCK01/SES012/SA012S11	SES206	-0.0563431	-57.8852	-57.8288
BLOCK01/SES012/SA012S14	SES082	-0.403324	-58.9569	-58.5535
BLOCK01/SES012/SA012S14	SES087	-1.41648	-59.97	-58.5535
BLOCK01/SES012/SA012S14	SES206	-0.4538	-59.0073	-58.5535
BLOCK01/SES012/SA012S14	SES292	-3.85759	-62.4111	-58.5535
BLOCK01/SES012/SA012S24	SES082	0.847607	-59.5377	-60.3854
BLOCK01/SES012/SA012S24	SES087	0.266342	-60.119	-60.3854
BLOCK01/SES012/SA012S24	SES120	-3.94164	-64.327	-60.3854
BLOCK01/SES012/SA012S24	SES206	0.183949	-60.2014	-60.3854
BLOCK01/SES012/SA012S26	SES019	-2.44752	-61.2205	-58.7729
BLOCK01/SES012/SA012S26	SES082	-1.17556	-59.9485	-58.7729
BLOCK01/SES012/SA012S26	SES206	0.0056076	-58.7673	-58.7729
BLOCK01/SES012/SA012S26	SES292	-3.7116	-62.4845	-58.7729
BLOCK01/SES012/SA012S29	SES062	-3.02121	-61.5506	-58.5294
BLOCK01/SES012/SA012S29	SES082	-0.432983	-58.9623	-58.5294
BLOCK01/SES012/SA012S29	SES083	-2.64853	-61.1779	-58.5294
BLOCK01/SES012/SA012S29	SES206	-0.0213852	-58.5507	-58.5294
BLOCK01/SES013/SA013S16	SES062	-4.85957	-65.3647	-60.5051
BLOCK01/SES013/SA013S16	SES106	-0.98785	-61.493	-60.5051
BLOCK01/SES013/SA013S16	SES206	-0.606754	-61.1119	-60.5051
BLOCK01/SES013/SA013S16	SES226	0.326565	-60.1785	-60.5051
BLOCK01/SES013/SA013S17	SES062	-5.18368	-65.0189	-59.8352
BLOCK01/SES013/SA013S17	SES106	-1.42522	-61.2605	-59.8352
BLOCK01/SES013/SA013S17	SES206	0.365154	-59.4701	-59.8352
BLOCK01/SES013/SA013S17	SES226	0.60054	-59.2347	-59.8352
BLOCK01/SES013/SA013S23	SES104	-1.39976	-62.1908	-60.791
BLOCK01/SES013/SA013S23	SES106	-0.488113	-61.2791	-60.791
BLOCK01/SES013/SA013S23	SES206	-0.886322	-61.6773	-60.791
BLOCK01/SES013/SA013S23	SES270	-0.0283852	-60.8194	-60.791
BLOCK01/SES013/SA013S25	SES042	-1.55791	-61.2539	-59.696
BLOCK01/SES013/SA013S25	SES104	-0.80772	-60.5037	-59.696
BLOCK01/SES013/SA013S25	SES106	0.0369453	-59.659	-59.696
BLOCK01/SES013/SA013S25	SES206	-0.774029	-60.47	-59.696
BLOCK01/SES013/SA013S29	SES062	-4.85942	-65.0959	-60.2364
BLOCK01/SES013/SA013S29	SES104	-1.18108	-61.4175	-60.2364
BLOCK01/SES013/SA013S29	SES106	-0.239735	-60.4762	-60.2364
BLOCK01/SES013/SA013S29	SES206	-0.654392	-60.8908	-60.2364
BLOCK02/SES021/SA021S13	SES016	-3.48526	-62.6518	-59.1665
BLOCK02/SES021/SA021S13	SES029	-3.70009	-62.8666	-59.1665
BLOCK02/SES021/SA021S13	SES087	-0.413486	-59.58	-59.1665
BLOCK02/SES021/SA021S13	SES206	-0.135895	-59.3024	-59.1665
BLOCK02/SES021/SA021S15	SES087	0.241169	-58.0462	-58.2873
BLOCK02/SES021/SA021S15	SES125	0.762051	-57.5253	-58.2873
BLOCK02/SES021/SA021S15	SES206	-0.134716	-58.422	-58.2873
BLOCK02/SES021/SA021S15	SES226	-0.23391	-58.5212	-58.2873
BLOCK02/SES021/SA021S23	SES062	-4.07384	-64.977	-60.9031
BLOCK02/SES021/SA021S23	SES087	-0.93401	-61.8372	-60.9031
BLOCK02/SES021/SA021S23	SES206	-1.34444	-62.2476	-60.9031
BLOCK02/SES021/SA021S23	SES226	-0.506481	-61.4096	-60.9031
BLOCK02/SES021/SA021S27	SES002	-1.90855	-61.4243	-59.5158
BLOCK02/SES021/SA021S27	SES016	-4.73859	-64.2543	-59.5158
BLOCK02/SES021/SA021S27	SES019	-1.94627	-61.462	-59.5158
BLOCK02/SES021/SA021S27	SES062	-2.25879	-61.7745	-59.5158
BLOCK02/SES021/SA021S29	SES087	-0.888683	-60.6641	-59.7754
BLOCK02/SES021/SA021S29	SES125	-0.902637	-60.678	-59.7754
BLOCK02/SES021/SA021S29	SES206	-0.651112	-60.4265	-59.7754
BLOCK02/SES021/SA021S29	SES226	0.150158	-59.6252	-59.7754
BLOCK04/SES043/SA043S09	SES083	-0.576046	-62.3653	-61.7892
BLOCK04/SES043/SA043S09	SES101	-2.35617	-64.1454	-61.7892
BLOCK04/SES043/SA043S09	SES144	-0.0758018	-61.865	-61.7892
BLOCK04/SES043/SA043S09	SES172	-2.82856	-64.6178	-61.7892
BLOCK04/SES043/SA043S11	SES083	-0.121056	-60.0959	-59.9748
BLOCK04/SES043/SA043S11	SES101	-1.15759	-61.1324	-59.9748
BLOCK04/SES043/SA043S11	SES144	-0.0572395	-60.0321	-59.9748
BLOCK04/SES043/SA043S11	SES172	-0.89817	-60.873	-59.9748
BLOCK04/SES043/SA043S23	SES083	0.136948	-60.6299	-60.7669
BLOCK04/SES043/SA043S23	SES144	0.0498695	-60.717	-60.7669
BLOCK04/SES043/SA043S23	SES177	-2.99987	-63.7668	-60.7669
BLOCK04/SES043/SA043S23	SES275	0.0290451	-60.7378	-60.7669
BLOCK04/SES043/SA043S26	SES083	-0.457077	-61.1041	-60.647
BLOCK04/SES043/SA043S26	SES101	-1.50167	-62.1487	-60.647
BLOCK04/SES043/SA043S26	SES144	0.353821	-60.2932	-60.647
BLOCK04/SES043/SA043S26	SES177	-1.79985	-62.4469	-60.647
BLOCK04/SES043/SA043S28	SES016	-1.14617	-60.8044	-59.6582
BLOCK04/SES043/SA043S28	SES083	-0.363445	-60.0216	-59.6582
BLOCK04/SES043/SA043S28	SES101	-1.08054	-60.7387	-59.6582
BLOCK04/SES043/SA043S28	SES144	-0.490437	-60.1486	-59.6582
BLOCK04/SES044/SA044S10	SES127	-1.62749	-65.6398	-64.0123
BLOCK04/SES044/SA044S10	SES144	-0.211632	-64.2239	-64.0123
BLOCK04/SES044/SA044S10	SES147	-4.25023	-68.2625	-64.0123
BLOCK04/SES044/SA044S10	SES148	-2.0155	-66.0278	-64.0123
BLOCK04/SES044/SA044S11	SES101	-1.28214	-63.8817	-62.5996
BLOCK04/SES044/SA044S11	SES144	0.583996	-62.0156	-62.5996
BLOCK04/SES044/SA044S11	SES147	-3.31326	-65.9128	-62.5996
BLOCK04/SES044/SA044S11	SES177	-2.14828	-64.7478	-62.5996
BLOCK04/SES044/SA044S24	SES007	-2.50306	-64.1488	-61.6458
BLOCK04/SES044/SA044S24	SES101	-0.428658	-62.0744	-61.6458
BLOCK04/SES044/SA044S24	SES147	-5.33838	-66.9842	-61.6458
BLOCK04/SES044/SA044S24	SES177	-2.94107	-64.5869	-61.6458
BLOCK04/SES044/SA044S26	SES007	-2.66506	-64.1719	-61.5068
BLOCK04/SES044/SA044S26	SES016	-0.61795	-62.1247	-61.5068
BLOCK04/SES044/SA044S26	SES101	-1.01836	-62.5252	-61.5068
BLOCK04/SES044/SA044S26	SES147	-2.27043	-63.7772	-61.5068
BLOCK04/SES044/SA044S29	SES007	-1.91207	-62.7901	-60.878
BLOCK04/SES044/SA044S29	SES101	0.0929794	-60.785	-60.878
BLOCK04/SES044/SA044S29	SES147	-2.27538	-63.1534	-60.878
BLOCK04/SES044/SA044S29	SES177	-2.17313	-63.0511	-60.878
BLOCK04/SES046/SA046S13	SES101	-2.97093	-65.8014	-62.8304
BLOCK04/SES046/SA046S13	SES144	-0.309952	-63.1404	-62.8304
BLOCK04/SES046/SA046S13	SES147	-1.9054	-64.7358	-62.8304
BLOCK04/SES046/SA046S13	SES177	-1.7252	-64.5556	-62.8304
BLOCK04/SES046/SA046S15	SES048	-3.41327	-63.8527	-60.4394
BLOCK04/SES046/SA046S15	SES083	-0.361656	-60.801	-60.4394
BLOCK04/SES046/SA046S15	SES120	-1.59644	-62.0358	-60.4394
BLOCK04/SES046/SA046S15	SES148	-0.888115	-61.3275	-60.4394
BLOCK04/SES046/SA046S22	SES101	-0.395649	-62.2032	-61.8075
BLOCK04/SES046/SA046S22	SES144	-0.0220757	-61.8296	-61.8075
BLOCK04/SES046/SA046S22	SES147	-1.36377	-63.1713	-61.8075
BLOCK04/SES046/SA046S22	SES172	-1.49938	-63.3069	-61.8075
BLOCK04/SES046/SA046S25	SES083	-0.57785	-61.5619	-60.984
BLOCK04/SES046/SA046S25	SES127	-0.694618	-61.6786	-60.984
BLOCK04/SES046/SA046S25	SES144	-1.25653	-62.2406	-60.984
BLOCK04/SES046/SA046S25	SES148	-1.46247	-62.4465	-60.984
BLOCK04/SES046/SA046S28	SES007	-3.34319	-65.879	-62.5358
BLOCK04/SES046/SA046S28	SES105	-2.89426	-65.4301	-62.5358
BLOCK04/SES046/SA046S28	SES147	-1.68117	-64.217	-62.5358
BLOCK04/SES046/SA046S28	SES148	-1.08194	-63.6178	-62.5358
BLOCK04/SES049/SA049S16	SES104	-1.69294	-63.586	-61.893
BLOCK04/SES049/SA049S16	SES106	-4.67182	-66.5648	-61.893
BLOCK04/SES049/SA049S16	SES120	-3.67253	-65.5656	-61.893
BLOCK04/SES049/SA049S16	SES206	-1.04229	-62.9353	-61.893
BLOCK04/SES049/SA049S18	SES099	-0.771061	-62.7663	-61.9953
BLOCK04/SES049/SA049S18	SES104	-0.978912	-62.9742	-61.9953
BLOCK04/SES049/SA049S18	SES125	-1.24736	-63.2426	-61.9953
BLOCK04/SES049/SA049S18	SES206	-1.66344	-63.6587	-61.9953
BLOCK04/SES049/SA049S25	SES087	-0.100567	-61.5129	-61.4124
BLOCK04/SES049/SA049S25	SES104	0.730457	-60.6819	-61.4124
BLOCK04/SES049/SA049S25	SES125	-0.841133	-62.2535	-61.4124
BLOCK04/SES049/SA049S25	SES206	-0.130241	-61.5426	-61.4124
BLOCK04/SES049/SA049S27	SES099	-0.920845	-61.6788	-60.758
BLOCK04/SES049/SA049S27	SES104	0.0163879	-60.7416	-60.758
BLOCK04/SES049/SA049S27	SES125	-1.11243	-61.8704	-60.758
BLOCK04/SES049/SA049S27	SES206	-0.943146	-61.7011	-60.758
BLOCK04/SES049/SA049S29	SES099	-0.221161	-60.395	-60.1738
BLOCK04/SES049/SA049S29	SES104	0.719875	-59.4539	-60.1738
BLOCK04/SES049/SA049S29	SES125	-0.0459824	-60.2198	-60.1738
BLOCK04/SES049/SA049S29	SES206	0.614201	-59.5596	-60.1738
BLOCK06/SES063/SA063S09	SES068	-0.949089	-62.1144	-61.1653
BLOCK06/SES063/SA063S09	SES083	0.282856	-60.8824	-61.1653
BLOCK06/SES063/SA063S09	SES177	-1.02097	-62.1863	-61.1653
BLOCK06/SES063/SA063S09	SES187	-0.622631	-61.7879	-61.1653
BLOCK06/SES063/SA063S10	SES068	-0.884884	-62.4385	-61.5536
BLOCK06/SES063/SA063S10	SES083	0.288471	-61.2652	-61.5536
BLOCK06/SES063/SA063S10	SES172	0.337124	-61.2165	-61.5536
BLOCK06/SES063/SA063S10	SES187	-0.677738	-62.2314	-61.5536
BLOCK06/SES063/SA063S20	SES068	-1.74857	-63.1949	-61.4463
BLOCK06/SES063/SA063S20	SES083	-0.232029	-61.6783	-61.4463
BLOCK06/SES063/SA063S20	SES172	-0.848042	-62.2943	-61.4463
BLOCK06/SES063/SA063S20	SES187	0.191563	-61.2547	-61.4463
BLOCK06/SES063/SA063S24	SES029	-1.73774	-62.3982	-60.6605
BLOCK06/SES063/SA063S24	SES083	0.749207	-59.9113	-60.6605
BLOCK06/SES063/SA063S24	SES177	-0.323322	-60.9838	-60.6605
BLOCK06/SES063/SA063S24	SES189	-0.517036	-61.1775	-60.6605
BLOCK06/SES063/SA063S27	SES083	0.10743	-62.0041	-62.1115
BLOCK06/SES063/SA063S27	SES172	-0.27129	-62.3828	-62.1115
BLOCK06/SES063/SA063S27	SES187	-0.536728	-62.6483	-62.1115
BLOCK06/SES063/SA063S27	SES292	-0.849388	-62.9609	-62.1115
BLOCK06/SES067/SA067S12	SES083	-0.833725	-61.4502	-60.6165
BLOCK06/SES067/SA067S12	SES172	-2.7714	-63.3879	-60.6165
BLOCK06/SES067/SA067S12	SES202	0.414669	-60.2018	-60.6165
BLOCK06/SES067/SA067S12	SES292	-1.31145	-61.928	-60.6165
BLOCK06/SES067/SA067S14	SES085	-1.21306	-60.7645	-59.5515
BLOCK06/SES067/SA067S14	SES177	-0.940006	-60.4915	-59.5515
BLOCK06/SES067/SA067S14	SES183	-1.639	-61.1905	-59.5515
BLOCK06/SES067/SA067S14	SES202	-0.44215	-59.9936	-59.5515
BLOCK06/SES067/SA067S21	SES144	-0.330837	-62.6519	-62.3211
BLOCK06/SES067/SA067S21	SES177	-0.0906181	-62.4117	-62.3211
BLOCK06/SES067/SA067S21	SES183	-3.43811	-65.7592	-62.3211
BLOCK06/SES067/SA067S21	SES189	0.526581	-61.7945	-62.3211
BLOCK06/SES067/SA067S25	SES085	0.0489235	-61.1212	-61.1701
BLOCK06/SES067/SA067S25	SES177	-0.259659	-61.4297	-61.1701
BLOCK06/SES067/SA067S25	SES183	-1.55188	-62.722	-61.1701
BLOCK06/SES067/SA067S25	SES202	0.853493	-60.3166	-61.1701
BLOCK06/SES067/SA067S29	SES085	-0.501179	-62.529	-62.0279
BLOCK06/SES067/SA067S29	SES177	-0.447357	-62.4752	-62.0279
BLOCK06/SES067/SA067S29	SES183	-0.682438	-62.7103	-62.0279
BLOCK06/SES067/SA067S29	SES202	1.00879	-61.0191	-62.0279
BLOCK06/SES069/SA069S12	SES029	-2.63406	-62.5371	-59.903
BLOCK06/SES069/SA069S12	SES082	-0.577038	-60.48	-59.903
BLOCK06/SES069/SA069S12	SES087	-1.8549	-61.7579	-59.903
BLOCK06/SES069/SA069S12	SES206	-1.14069	-61.0437	-59.903
BLOCK06/SES069/SA069S13	SES029	-2.82065	-63.065	-60.2443
BLOCK06/SES069/SA069S13	SES087	-2.03256	-62.2769	-60.2443
BLOCK06/SES069/SA069S13	SES206	-2.23914	-62.4835	-60.2443
BLOCK06/SES069/SA069S13	SES226	-0.861813	-61.1061	-60.2443
BLOCK06/SES069/SA069S23	SES029	-1.49489	-59.8104	-58.3155
BLOCK06/SES069/SA069S23	SES087	-2.25668	-60.5721	-58.3155
BLOCK06/SES069/SA069S23	SES206	-2.1532	-60.4687	-58.3155
BLOCK06/SES069/SA069S23	SES226	-0.450638	-58.7661	-58.3155
BLOCK06/SES069/SA069S25	SES087	-0.808567	-59.6454	-58.8368
BLOCK06/SES069/SA069S25	SES206	-1.508	-60.3448	-58.8368
BLOCK06/SES069/SA069S25	SES226	-0.511536	-59.3483	-58.8368
BLOCK06/SES069/SA069S25	SES270	-1.456	-60.2928	-58.8368
BLOCK06/SES069/SA069S27	SES087	-1.57611	-60.6164	-59.0402
BLOCK06/SES069/SA069S27	SES206	-0.880604	-59.9208	-59.0402
BLOCK06/SES069/SA069S27	SES226	0.37114	-58.6691	-59.0402
BLOCK06/SES069/SA069S27	SES270	-0.612762	-59.653	-59.0402
BLOCK08/SES081/SA081S11	SES060	-0.726768	-61.8795	-61.1528
BLOCK08/SES081/SA081S11	SES062	-2.29732	-63.4501	-61.1528
BLOCK08/SES081/SA081S11	SES117	-2.14032	-63.2931	-61.1528
BLOCK08/SES081/SA081S11	SES162	-0.994892	-62.1477	-61.1528
BLOCK08/SES081/SA081S13	SES016	-0.310436	-60.4256	-60.1152
BLOCK08/SES081/SA081S13	SES060	0.366291	-59.7489	-60.1152
BLOCK08/SES081/SA081S13	SES068	0.647572	-59.4676	-60.1152
BLOCK08/SES081/SA081S13	SES129	-1.48235	-61.5975	-60.1152
BLOCK08/SES081/SA081S24	SES060	0.239975	-60.893	-61.133
BLOCK08/SES081/SA081S24	SES068	0.0548172	-61.0781	-61.133
BLOCK08/SES081/SA081S24	SES117	-1.64292	-62.7759	-61.133
BLOCK08/SES081/SA081S24	SES275	-1.8693	-63.0023	-61.133
BLOCK08/SES081/SA081S27	SES007	-0.975025	-61.9581	-60.9831
BLOCK08/SES081/SA081S27	SES060	-0.656273	-61.6394	-60.9831
BLOCK08/SES081/SA081S27	SES117	-0.0870781	-61.0702	-60.9831
BLOCK08/SES081/SA081S27	SES275	-1.24555	-62.2286	-60.9831
BLOCK08/SES081/SA081S29	SES007	-0.722	-61.1282	-60.4062
BLOCK08/SES081/SA081S29	SES060	0.169106	-60.2371	-60.4062
BLOCK08/SES081/SA081S29	SES117	-0.920971	-61.3272	-60.4062
BLOCK08/SES081/SA081S29	SES275	-1.13635	-61.5425	-60.4062
BLOCK08/SES086/SA086S11	SES029	-4.05361	-65.8425	-61.7889
BLOCK08/SES086/SA086S11	SES082	-1.59575	-63.3846	-61.7889
BLOCK08/SES086/SA086S11	SES087	0.744915	-61.044	-61.7889
BLOCK08/SES086/SA086S11	SES206	-1.00553	-62.7944	-61.7889
BLOCK08/SES086/SA086S12	SES029	-3.89656	-64.6613	-60.7648
BLOCK08/SES086/SA086S12	SES082	-0.582455	-61.3472	-60.7648
BLOCK08/SES086/SA086S12	SES087	1.6029	-59.1619	-60.7648
BLOCK08/SES086/SA086S12	SES206	-0.181171	-60.9459	-60.7648
BLOCK08/SES086/SA086S20	SES029	-4.43378	-63.4376	-59.0039
BLOCK08/SES086/SA086S20	SES082	-0.930126	-59.934	-59.0039
BLOCK08/SES086/SA086S20	SES087	1.24935	-57.7545	-59.0039
BLOCK08/SES086/SA086S20	SES206	0.520729	-58.4831	-59.0039
BLOCK08/SES086/SA086S24	SES087	1.27104	-59.1217	-60.3927
BLOCK08/SES086/SA086S24	SES104	0.149929	-60.2428	-60.3927
BLOCK08/SES086/SA086S24	SES120	-4.35047	-64.7432	-60.3927
BLOCK08/SES086/SA086S24	SES206	0.819851	-59.5728	-60.3927
BLOCK08/SES086/SA086S28	SES029	-3.1447	-62.22	-59.0753
BLOCK08/SES086/SA086S28	SES082	-0.420879	-59.4962	-59.0753
BLOCK08/SES086/SA086S28	SES087	0.867516	-58.2078	-59.0753
BLOCK08/SES086/SA086S28	SES206	-0.144661	-59.22	-59.0753
BLOCK08/SES089/SA089S13	SES087	-1.07749	-61.8341	-60.7566
BLOCK08/SES089/SA089S13	SES206	-2.3811	-63.1377	-60.7566
BLOCK08/SES089/SA089S13	SES226	-0.237583	-60.9942	-60.7566
BLOCK08/SES089/SA089S13	SES270	-3.12671	-63.8834	-60.7566
BLOCK08/SES089/SA089S14	SES062	-2.67017	-63.3047	-60.6345
BLOCK08/SES089/SA089S14	SES087	-0.17239	-60.8069	-60.6345
BLOCK08/SES089/SA089S14	SES206	-1.07484	-61.7094	-60.6345
BLOCK08/SES089/SA089S14	SES226	0.328922	-60.3056	-60.6345
BLOCK08/SES089/SA089S23	SES087	-1.25474	-63.0786	-61.8239
BLOCK08/SES089/SA089S23	SES206	-2.87918	-64.7031	-61.8239
BLOCK08/SES089/SA089S23	SES226	-0.354076	-62.178	-61.8239
BLOCK08/SES089/SA089S23	SES270	-3.11286	-64.9367	-61.8239
BLOCK08/SES089/SA089S25	SES062	-3.83415	-64.4373	-60.6031
BLOCK08/SES089/SA089S25	SES087	-0.450348	-61.0535	-60.6031
BLOCK08/SES089/SA089S25	SES206	-1.82664	-62.4298	-60.6031
BLOCK08/SES089/SA089S25	SES226	0.597122	-60.006	-60.6031
BLOCK08/SES089/SA089S28	SES062	-3.19194	-64.4139	-61.2219
BLOCK08/SES089/SA089S28	SES087	-0.52137	-61.7433	-61.2219
BLOCK08/SES089/SA089S28	SES206	-0.995926	-62.2178	-61.2219
BLOCK08/SES089/SA089S28	SES226	0.89695	-60.325	-61.2219
BLOCK09/SES097/SA097S11	SES099	-0.0612411	-61.8797	-61.8185
BLOCK09/SES097/SA097S11	SES125	-2.10721	-63.9257	-61.8185
BLOCK09/SES097/SA097S11	SES206	-1.15768	-62.9762	-61.8185
BLOCK09/SES097/SA097S11	SES226	0.361443	-61.4571	-61.8185
BLOCK09/SES097/SA097S14	SES062	-4.79137	-66.9296	-62.1383
BLOCK09/SES097/SA097S14	SES099	-2.27179	-64.41	-62.1383
BLOCK09/SES097/SA097S14	SES104	-0.908897	-63.0472	-62.1383
BLOCK09/SES097/SA097S14	SES206	-2.12247	-64.2607	-62.1383
BLOCK09/SES097/SA097S22	SES099	-0.690327	-62.7977	-62.1074
BLOCK09/SES097/SA097S22	SES206	-1.01081	-63.1182	-62.1074
BLOCK09/SES097/SA097S22	SES226	-0.305965	-62.4133	-62.1074
BLOCK09/SES097/SA097S22	SES270	-0.145126	-62.2525	-62.1074
BLOCK09/SES097/SA097S26	SES099	-0.882053	-62.0505	-61.1684
BLOCK09/SES097/SA097S26	SES120	-3.0835	-64.2519	-61.1684
BLOCK09/SES097/SA097S26	SES206	-0.27943	-61.4479	-61.1684
BLOCK09/SES097/SA097S26	SES226	-0.469746	-61.6382	-61.1684
BLOCK09/SES097/SA097S28	SES099	-0.901329	-61.9366	-61.0353
BLOCK09/SES097/SA097S28	SES120	-2.51783	-63.5531	-61.0353
BLOCK09/SES097/SA097S28	SES206	-1.0667	-62.102	-61.0353
BLOCK09/SES097/SA097S28	SES226	-0.610939	-61.6462	-61.0353
BLOCK09/SES098/SA098S11	SES127	-1.45588	-64.7933	-63.3374
BLOCK09/SES098/SA098S11	SES144	-0.905056	-64.2425	-63.3374
BLOCK09/SES098/SA098S11	SES147	0.476192	-62.8612	-63.3374
BLOCK09/SES098/SA098S11	SES148	-3.00187	-66.3393	-63.3374
BLOCK09/SES098/SA098S12	SES127	-2.9764	-68.3845	-65.4081
BLOCK09/SES098/SA098S12	SES144	-0.547371	-65.9555	-65.4081
BLOCK09/SES098/SA098S12	SES147	-0.770287	-66.1784	-65.4081
BLOCK09/SES098/SA098S12	SES189	-0.0910645	-65.4992	-65.4081
BLOCK09/SES098/SA098S20	SES127	-3.30471	-66.9814	-63.6767
BLOCK09/SES098/SA098S20	SES147	-0.201847	-63.8785	-63.6767
BLOCK09/SES098/SA098S20	SES148	-3.83794	-67.5146	-63.6767
BLOCK09/SES098/SA098S20	SES292	-3.81307	-67.4897	-63.6767
BLOCK09/SES098/SA098S23	SES127	-1.15355	-63.7416	-62.588
BLOCK09/SES098/SA098S23	SES147	-0.69994	-63.288	-62.588
BLOCK09/SES098/SA098S23	SES187	0.409412	-62.1786	-62.588
BLOCK09/SES098/SA098S23	SES292	-2.01747	-64.6055	-62.588
BLOCK09/SES098/SA098S27	SES127	-1.8107	-65.5704	-63.7597
BLOCK09/SES098/SA098S27	SES147	-1.27497	-65.0347	-63.7597
BLOCK09/SES098/SA098S27	SES148	-3.68139	-67.4411	-63.7597
BLOCK09/SES098/SA098S27	SES292	-2.15909	-65.9188	-63.7597
BLOCK10/SES102/SA102S13	SES101	0.299194	-61.5368	-61.836
BLOCK10/SES102/SA102S13	SES105	-1.29263	-63.1286	-61.836
BLOCK10/SES102/SA102S13	SES120	-1.22884	-63.0648	-61.836
BLOCK10/SES102/SA102S13	SES158	-10.5878	-72.4238	-61.836
BLOCK10/SES102/SA102S14	SES007	0.914402	-59.1572	-60.0716
BLOCK10/SES102/SA102S14	SES101	0.496952	-59.5747	-60.0716
BLOCK10/SES102/SA102S14	SES105	0.376442	-59.6952	-60.0716
BLOCK10/SES102/SA102S14	SES147	-3.3236	-63.3952	-60.0716
BLOCK10/SES102/SA102S22	SES007	-0.495869	-60.356	-59.8601
BLOCK10/SES102/SA102S22	SES101	0.281342	-59.5787	-59.8601
BLOCK10/SES102/SA102S22	SES105	-0.277493	-60.1376	-59.8601
BLOCK10/SES102/SA102S22	SES158	-4.96067	-64.8208	-59.8601
BLOCK10/SES102/SA102S25	SES007	0.000854492	-60.428	-60.4289
BLOCK10/SES102/SA102S25	SES101	0.107086	-60.3218	-60.4289
BLOCK10/SES102/SA102S25	SES105	0.0114136	-60.4175	-60.4289
BLOCK10/SES102/SA102S25	SES147	-5.14235	-65.5712	-60.4289
BLOCK10/SES102/SA102S27	SES007	-0.929413	-62.4731	-61.5437
BLOCK10/SES102/SA102S27	SES101	-0.379169	-61.9229	-61.5437
BLOCK10/SES102/SA102S27	SES105	-0.887524	-62.4313	-61.5437
BLOCK10/SES102/SA102S27	SES147	-3.37463	-64.9184	-61.5437
BLOCK10/SES103/SA103S14	SES105	-2.98768	-63.3813	-60.3937
BLOCK10/SES103/SA103S14	SES106	-0.600872	-60.9945	-60.3937
BLOCK10/SES103/SA103S14	SES120	-4.33593	-64.7296	-60.3937
BLOCK10/SES103/SA103S14	SES206	-1.06525	-61.4589	-60.3937
BLOCK10/SES103/SA103S15	SES099	-1.7794	-64.0908	-62.3113
BLOCK10/SES103/SA103S15	SES101	-6.31344	-68.6248	-62.3113
BLOCK10/SES103/SA103S15	SES104	-0.905354	-63.2167	-62.3113
BLOCK10/SES103/SA103S15	SES125	-1.85457	-64.1659	-62.3113
BLOCK10/SES103/SA103S24	SES104	-1.35405	-61.4612	-60.1072
BLOCK10/SES103/SA103S24	SES125	-1.70081	-61.808	-60.1072
BLOCK10/SES103/SA103S24	SES148	-3.73284	-63.84	-60.1072
BLOCK10/SES103/SA103S24	SES158	-1.22845	-61.3356	-60.1072
BLOCK10/SES103/SA103S26	SES104	-1.35671	-62.6331	-61.2764
BLOCK10/SES103/SA103S26	SES106	-0.794491	-62.0709	-61.2764
BLOCK10/SES103/SA103S26	SES125	-1.27456	-62.5509	-61.2764
BLOCK10/SES103/SA103S26	SES148	-3.69436	-64.9707	-61.2764
BLOCK10/SES103/SA103S28	SES104	-2.03093	-64.33	-62.2991
BLOCK10/SES103/SA103S28	SES106	-2.21836	-64.5174	-62.2991
BLOCK10/SES103/SA103S28	SES125	-2.74557	-65.0446	-62.2991
BLOCK10/SES103/SA103S28	SES206	-3.02628	-65.3253	-62.2991
BLOCK12/SES121/SA121S12	SES042	-1.60392	-63.9483	-62.3444
BLOCK12/SES121/SA121S12	SES087	-1.33775	-63.6821	-62.3444
BLOCK12/SES121/SA121S12	SES105	-1.85872	-64.2031	-62.3444
BLOCK12/SES121/SA121S12	SES206	-0.896049	-63.2404	-62.3444
BLOCK12/SES121/SA121S14	SES007	-3.33393	-65.6243	-62.2904
BLOCK12/SES121/SA121S14	SES105	-2.8292	-65.1196	-62.2904
BLOCK12/SES121/SA121S14	SES106	-1.68139	-63.9718	-62.2904
BLOCK12/SES121/SA121S14	SES206	-1.70158	-63.992	-62.2904
BLOCK12/SES121/SA121S23	SES105	-2.38589	-65.1296	-62.7437
BLOCK12/SES121/SA121S23	SES106	-1.19054	-63.9343	-62.7437
BLOCK12/SES121/SA121S23	SES120	-3.35936	-66.1031	-62.7437
BLOCK12/SES121/SA121S23	SES206	-0.965206	-63.7089	-62.7437
BLOCK12/SES121/SA121S25	SES007	-2.62771	-65.9195	-63.2918
BLOCK12/SES121/SA121S25	SES105	-2.82763	-66.1194	-63.2918
BLOCK12/SES121/SA121S25	SES106	-1.33576	-64.6276	-63.2918
BLOCK12/SES121/SA121S25	SES206	-1.74211	-65.0339	-63.2918
BLOCK12/SES121/SA121S27	SES087	-0.176903	-62.7203	-62.5434
BLOCK12/SES121/SA121S27	SES105	-4.06174	-66.6051	-62.5434
BLOCK12/SES121/SA121S27	SES120	-3.73658	-66.28	-62.5434
BLOCK12/SES121/SA121S27	SES206	-1.58927	-64.1327	-62.5434
BLOCK12/SES124/SA124S16	SES042	0.0239563	-60.1802	-60.2042
BLOCK12/SES124/SA124S16	SES082	-0.217823	-60.422	-60.2042
BLOCK12/SES124/SA124S16	SES183	-4.38665	-64.5908	-60.2042
BLOCK12/SES124/SA124S16	SES206	-0.843884	-61.0481	-60.2042
BLOCK12/SES124/SA124S17	SES105	-2.72314	-63.9	-61.1769
BLOCK12/SES124/SA124S17	SES149	-1.08859	-62.2655	-61.1769
BLOCK12/SES124/SA124S17	SES158	-2.57761	-63.7545	-61.1769
BLOCK12/SES124/SA124S17	SES275	-3.67453	-64.8514	-61.1769
BLOCK12/SES124/SA124S23	SES105	-3.74361	-62.6472	-58.9036
BLOCK12/SES124/SA124S23	SES125	1.16676	-57.7369	-58.9036
BLOCK12/SES124/SA124S23	SES129	-4.33005	-63.2337	-58.9036
BLOCK12/SES124/SA124S23	SES158	-0.912048	-59.8157	-58.9036
BLOCK12/SES124/SA124S26	SES105	-4.06885	-64.058	-59.9891
BLOCK12/SES124/SA124S26	SES125	0.409092	-59.5801	-59.9891
BLOCK12/SES124/SA124S26	SES129	-4.59756	-64.5867	-59.9891
BLOCK12/SES124/SA124S26	SES158	-1.69456	-61.6837	-59.9891
BLOCK12/SES124/SA124S28	SES104	0.246101	-59.0909	-59.337
BLOCK12/SES124/SA124S28	SES106	-0.226841	-59.5638	-59.337
BLOCK12/SES124/SA124S28	SES125	0.554852	-58.7821	-59.337
BLOCK12/SES124/SA124S28	SES275	-4.7367	-64.0737	-59.337
BLOCK12/SES126/SA126S13	SES007	-2.70561	-66.0442	-63.3386
BLOCK12/SES126/SA126S13	SES162	-0.269646	-63.6082	-63.3386
BLOCK12/SES126/SA126S13	SES177	0.0217781	-63.3168	-63.3386
BLOCK12/SES126/SA126S13	SES180	-0.45063	-63.7892	-63.3386
BLOCK12/SES126/SA126S14	SES144	-0.23531	-62.0628	-61.8275
BLOCK12/SES126/SA126S14	SES148	-1.3597	-63.1872	-61.8275
BLOCK12/SES126/SA126S14	SES177	-0.180565	-62.0081	-61.8275
BLOCK12/SES126/SA126S14	SES180	-0.701317	-62.5288	-61.8275
BLOCK12/SES126/SA126S20	SES007	-1.71038	-63.834	-62.1237
BLOCK12/SES126/SA126S20	SES162	-1.12747	-63.2511	-62.1237
BLOCK12/SES126/SA126S20	SES172	-3.07601	-65.1997	-62.1237
BLOCK12/SES126/SA126S20	SES180	-0.709965	-62.8336	-62.1237
BLOCK12/SES126/SA126S24	SES120	-0.263561	-62.1175	-61.854
BLOCK12/SES126/SA126S24	SES162	-0.322525	-62.1765	-61.854
BLOCK12/SES126/SA126S24	SES177	-0.438774	-62.2927	-61.854
BLOCK12/SES126/SA126S24	SES180	0.0170174	-61.8369	-61.854
BLOCK12/SES126/SA126S26	SES120	0.302933	-61.971	-62.274
BLOCK12/SES126/SA126S26	SES177	-0.816536	-63.0905	-62.274
BLOCK12/SES126/SA126S26	SES180	-0.288143	-62.5621	-62.274
BLOCK12/SES126/SA126S26	SES202	-2.05033	-64.3243	-62.274
BLOCK12/SES128/SA128S10	SES087	-1.6041	-61.5455	-59.9414
BLOCK12/SES128/SA128S10	SES206	-1.43734	-61.3787	-59.9414
BLOCK12/SES128/SA128S10	SES226	-0.201817	-60.1432	-59.9414
BLOCK12/SES128/SA128S10	SES270	-0.881763	-60.8231	-59.9414
BLOCK12/SES128/SA128S12	SES120	-2.83719	-62.3565	-59.5194
BLOCK12/SES128/SA128S12	SES158	-1.76244	-61.2818	-59.5194
BLOCK12/SES128/SA128S12	SES206	-0.959381	-60.4787	-59.5194
BLOCK12/SES128/SA128S12	SES226	-1.05226	-60.5716	-59.5194
BLOCK12/SES128/SA128S21	SES106	-5.02325	-67.6013	-62.5781
BLOCK12/SES128/SA128S21	SES120	-1.51496	-64.093	-62.5781
BLOCK12/SES128/SA128S21	SES206	-4.15566	-66.7337	-62.5781
BLOCK12/SES128/SA128S21	SES226	-0.31992	-62.898	-62.5781
BLOCK12/SES128/SA128S24	SES087	-3.09367	-64.1924	-61.0988
BLOCK12/SES128/SA128S24	SES120	-1.7713	-62.8701	-61.0988
BLOCK12/SES128/SA128S24	SES206	-3.11208	-64.2108	-61.0988
BLOCK12/SES128/SA128S24	SES226	-1.37757	-62.4763	-61.0988
BLOCK12/SES128/SA128S27	SES099	-2.34243	-62.2046	-59.8622
BLOCK12/SES128/SA128S27	SES120	-2.01421	-61.8764	-59.8622
BLOCK12/SES128/SA128S27	SES206	-2.12812	-61.9903	-59.8622
BLOCK12/SES128/SA128S27	SES226	-0.884781	-60.747	-59.8622
BLOCK13/SES130/SA130S13	SES143	-2.8818	-65.972	-63.0902
BLOCK13/SES130/SA130S13	SES144	0.76255	-62.3277	-63.0902
BLOCK13/SES130/SA130S13	SES146	-0.182644	-63.2729	-63.0902
BLOCK13/SES130/SA130S13	SES275	-2.22319	-65.3134	-63.0902
BLOCK13/SES130/SA130S15	SES143	-1.77443	-63.2862	-61.5118
BLOCK13/SES130/SA130S15	SES144	-0.00465775	-61.5164	-61.5118
BLOCK13/SES130/SA130S15	SES146	-0.346317	-61.8581	-61.5118
BLOCK13/SES130/SA130S15	SES275	-0.652031	-62.1638	-61.5118
BLOCK13/SES130/SA130S23	SES127	-2.34577	-65.6512	-63.3054
BLOCK13/SES130/SA130S23	SES144	0.434258	-62.8711	-63.3054
BLOCK13/SES130/SA130S23	SES146	0.173462	-63.1319	-63.3054
BLOCK13/SES130/SA130S23	SES162	-1.2264	-64.5318	-63.3054
BLOCK13/SES130/SA130S25	SES127	-1.82012	-62.8263	-61.0062
BLOCK13/SES130/SA130S25	SES144	0.659603	-60.3466	-61.0062
BLOCK13/SES130/SA130S25	SES146	0.0587921	-60.9474	-61.0062
BLOCK13/SES130/SA130S25	SES275	0.149544	-60.8567	-61.0062
BLOCK13/SES130/SA130S28	SES127	-1.15263	-63.0804	-61.9278
BLOCK13/SES130/SA130S28	SES144	0.03339	-61.8944	-61.9278
BLOCK13/SES130/SA130S28	SES146	-0.152168	-62.0799	-61.9278
BLOCK13/SES130/SA130S28	SES275	0.103363	-61.8244	-61.9278
BLOCK13/SES131/SA131S13	SES002	-2.11253	-64.5535	-62.441
BLOCK13/SES131/SA131S13	SES007	-4.93456	-67.3755	-62.441
BLOCK13/SES131/SA131S13	SES099	-1.86605	-64.307	-62.441
BLOCK13/SES131/SA131S13	SES105	-2.96415	-65.4051	-62.441
BLOCK13/SES131/SA131S14	SES104	-0.528706	-60.7716	-60.2429
BLOCK13/SES131/SA131S14	SES106	-0.675331	-60.9183	-60.2429
BLOCK13/SES131/SA131S14	SES125	-1.07079	-61.3137	-60.2429
BLOCK13/SES131/SA131S14	SES148	-2.53402	-62.7769	-60.2429
BLOCK13/SES131/SA131S20	SES104	-1.06075	-63.656	-62.5952
BLOCK13/SES131/SA131S20	SES106	-1.44537	-64.0406	-62.5952
BLOCK13/SES131/SA131S20	SES125	-2.0789	-64.6741	-62.5952
BLOCK13/SES131/SA131S20	SES148	-3.61498	-66.2102	-62.5952
BLOCK13/SES131/SA131S22	SES099	-0.960075	-61.8428	-60.8827
BLOCK13/SES131/SA131S22	SES104	-0.730927	-61.6136	-60.8827
BLOCK13/SES131/SA131S22	SES125	-0.796074	-61.6788	-60.8827
BLOCK13/SES131/SA131S22	SES206	-1.45724	-62.3399	-60.8827
BLOCK13/SES131/SA131S29	SES087	-0.881516	-62.9109	-62.0293
BLOCK13/SES131/SA131S29	SES104	-1.32442	-63.3538	-62.0293
BLOCK13/SES131/SA131S29	SES125	-2.09758	-64.1269	-62.0293
BLOCK13/SES131/SA131S29	SES206	-2.13884	-64.1682	-62.0293
BLOCK13/SES132/SA132S11	SES083	-1.08429	-61.6449	-60.5606
BLOCK13/SES132/SA132S11	SES120	0.437584	-60.1231	-60.5606
BLOCK13/SES132/SA132S11	SES127	-0.644657	-61.2053	-60.5606
BLOCK13/SES132/SA132S11	SES275	-1.13028	-61.6909	-60.5606
BLOCK13/SES132/SA132S12	SES083	-1.79588	-62.033	-60.2371
BLOCK13/SES132/SA132S12	SES143	-1.37032	-61.6074	-60.2371
BLOCK13/SES132/SA132S12	SES144	-0.572155	-60.8093	-60.2371
BLOCK13/SES132/SA132S12	SES148	-0.728508	-60.9656	-60.2371
BLOCK13/SES132/SA132S22	SES062	-0.254658	-61.1624	-60.9077
BLOCK13/SES132/SA132S22	SES083	-0.293713	-61.2014	-60.9077
BLOCK13/SES132/SA132S22	SES127	-0.51371	-61.4214	-60.9077
BLOCK13/SES132/SA132S22	SES275	-0.766411	-61.6741	-60.9077
BLOCK13/SES132/SA132S24	SES007	-0.643696	-61.1832	-60.5395
BLOCK13/SES132/SA132S24	SES083	-0.924568	-61.4641	-60.5395
BLOCK13/SES132/SA132S24	SES127	-0.710037	-61.2496	-60.5395
BLOCK13/SES132/SA132S24	SES275	-0.813854	-61.3534	-60.5395
BLOCK13/SES132/SA132S27	SES083	-1.36708	-62.9391	-61.572
BLOCK13/SES132/SA132S27	SES120	0.233604	-61.3384	-61.572
BLOCK13/SES132/SA132S27	SES127	-1.84763	-63.4197	-61.572
BLOCK13/SES132/SA132S27	SES275	-1.32359	-62.8956	-61.572
BLOCK14/SES141/SA141S09	SES143	-0.035656	-61.6664	-61.6307
BLOCK14/SES141/SA141S09	SES144	0.0421944	-61.5885	-61.6307
BLOCK14/SES141/SA141S09	SES162	-0.0454521	-61.6762	-61.6307
BLOCK14/SES141/SA141S09	SES180	-0.666443	-62.2972	-61.6307
BLOCK14/SES141/SA141S15	SES127	-1.14497	-62.5387	-61.3937
BLOCK14/SES141/SA141S15	SES144	-0.452984	-61.8467	-61.3937
BLOCK14/SES141/SA141S15	SES162	-0.577595	-61.9713	-61.3937
BLOCK14/SES141/SA141S15	SES180	-0.866287	-62.26	-61.3937
BLOCK14/SES141/SA141S24	SES127	0.17569	-61.7763	-61.952
BLOCK14/SES141/SA141S24	SES144	-0.532864	-62.4848	-61.952
BLOCK14/SES141/SA141S24	SES162	0.372295	-61.5797	-61.952
BLOCK14/SES141/SA141S24	SES183	-1.41809	-63.37	-61.952
BLOCK14/SES141/SA141S26	SES142	-1.0596	-63.1951	-62.1355
BLOCK14/SES141/SA141S26	SES144	-1.00687	-63.1423	-62.1355
BLOCK14/SES141/SA141S26	SES172	-0.420643	-62.5561	-62.1355
BLOCK14/SES141/SA141S26	SES180	-0.783642	-62.9191	-62.1355
BLOCK14/SES141/SA141S29	SES127	0.308674	-60.8496	-61.1583
BLOCK14/SES141/SA141S29	SES142	0.323311	-60.835	-61.1583
BLOCK14/SES141/SA141S29	SES144	-0.124424	-61.2827	-61.1583
BLOCK14/SES141/SA141S29	SES180	0.524532	-60.6338	-61.1583
BLOCK15/SES157/SA157S08	SES083	-1.17495	-62.4133	-61.2384
BLOCK15/SES157/SA157S08	SES127	-2.0308	-63.2692	-61.2384
BLOCK15/SES157/SA157S08	SES148	-0.934528	-62.1729	-61.2384
BLOCK15/SES157/SA157S08	SES292	-1.74348	-62.9818	-61.2384
BLOCK15/SES157/SA157S11	SES083	-1.21175	-62.2891	-61.0773
BLOCK15/SES157/SA157S11	SES127	-2.43899	-63.5163	-61.0773
BLOCK15/SES157/SA157S11	SES148	-1.29509	-62.3724	-61.0773
BLOCK15/SES157/SA157S11	SES292	-1.28703	-62.3644	-61.0773
BLOCK15/SES157/SA157S21	SES127	-2.07179	-63.2089	-61.1371
BLOCK15/SES157/SA157S21	SES148	-0.0135841	-61.1506	-61.1371
BLOCK15/SES157/SA157S21	SES158	-6.79463	-67.9317	-61.1371
BLOCK15/SES157/SA157S21	SES292	-0.421379	-61.5584	-61.1371
BLOCK15/SES157/SA157S24	SES127	-2.78973	-63.4344	-60.6447
BLOCK15/SES157/SA157S24	SES148	-1.28659	-61.9313	-60.6447
BLOCK15/SES157/SA157S24	SES183	-1.61118	-62.2559	-60.6447
BLOCK15/SES157/SA157S24	SES292	-1.23766	-61.8824	-60.6447
BLOCK15/SES157/SA157S26	SES007	-0.198246	-60.6735	-60.4752
BLOCK15/SES157/SA157S26	SES127	-0.815548	-61.2908	-60.4752
BLOCK15/SES157/SA157S26	SES147	-5.73445	-66.2097	-60.4752
BLOCK15/SES157/SA157S26	SES148	-0.585464	-61.0607	-60.4752
BLOCK16/SES161/SA161S10	SES007	-1.77501	-63.4934	-61.7184
BLOCK16/SES161/SA161S10	SES105	-1.02176	-62.7401	-61.7184
BLOCK16/SES161/SA161S10	SES158	-2.76672	-64.4851	-61.7184
BLOCK16/SES161/SA161S10	SES275	-1.93763	-63.656	-61.7184
BLOCK16/SES161/SA161S12	SES007	-1.78118	-63.3095	-61.5283
BLOCK16/SES161/SA161S12	SES105	-2.0568	-63.5851	-61.5283
BLOCK16/SES161/SA161S12	SES158	-2.32561	-63.8539	-61.5283
BLOCK16/SES161/SA161S12	SES275	-1.57133	-63.0996	-61.5283
BLOCK16/SES161/SA161S20	SES007	-1.45034	-64.0429	-62.5926
BLOCK16/SES161/SA161S20	SES105	-1.87135	-64.4639	-62.5926
BLOCK16/SES161/SA161S20	SES158	-2.96148	-65.5541	-62.5926
BLOCK16/SES161/SA161S20	SES275	-1.77974	-64.3723	-62.5926
BLOCK16/SES161/SA161S23	SES007	-2.32623	-63.4746	-61.1484
BLOCK16/SES161/SA161S23	SES105	-1.12682	-62.2752	-61.1484
BLOCK16/SES161/SA161S23	SES148	-2.01936	-63.1678	-61.1484
BLOCK16/SES161/SA161S23	SES158	-1.75902	-62.9074	-61.1484
BLOCK16/SES161/SA161S28	SES007	-2.33676	-63.1857	-60.8489
BLOCK16/SES161/SA161S28	SES105	-2.60249	-63.4514	-60.8489
BLOCK16/SES161/SA161S28	SES158	-1.64751	-62.4965	-60.8489
BLOCK16/SES161/SA161S28	SES206	-1.85038	-62.6993	-60.8489
BLOCK16/SES164/SA164S11	SES104	-1.50109	-62.1498	-60.6487
BLOCK16/SES164/SA164S11	SES125	-1.44332	-62.0921	-60.6487
BLOCK16/SES164/SA164S11	SES158	-1.8615	-62.5102	-60.6487
BLOCK16/SES164/SA164S11	SES206	-1.60325	-62.252	-60.6487
BLOCK16/SES164/SA164S13	SES099	-1.02047	-63.0214	-62.0009
BLOCK16/SES164/SA164S13	SES104	-1.60609	-63.607	-62.0009
BLOCK16/SES164/SA164S13	SES125	-1.80099	-63.8019	-62.0009
BLOCK16/SES164/SA164S13	SES206	-1.94029	-63.9412	-62.0009
BLOCK16/SES164/SA164S24	SES002	0.550449	-60.5861	-61.1365
BLOCK16/SES164/SA164S24	SES099	0.291126	-60.8454	-61.1365
BLOCK16/SES164/SA164S24	SES125	-1.79089	-62.9274	-61.1365
BLOCK16/SES164/SA164S24	SES226	-0.509121	-61.6456	-61.1365
BLOCK16/SES164/SA164S27	SES087	-1.56072	-63.2192	-61.6584
BLOCK16/SES164/SA164S27	SES125	-2.04317	-63.7016	-61.6584
BLOCK16/SES164/SA164S27	SES206	-1.33517	-62.9936	-61.6584
BLOCK16/SES164/SA164S27	SES226	-0.871861	-62.5303	-61.6584
BLOCK16/SES164/SA164S29	SES002	0.506786	-60.1425	-60.6493
BLOCK16/SES164/SA164S29	SES019	-0.648521	-61.2978	-60.6493
BLOCK16/SES164/SA164S29	SES125	-0.980309	-61.6296	-60.6493
BLOCK16/SES164/SA164S29	SES226	-0.932743	-61.582	-60.6493
BLOCK16/SES169/SA169S13	SES117	-2.12893	-64.0358	-61.9069
BLOCK16/SES169/SA169S13	SES144	-0.00636673	-61.9133	-61.9069
BLOCK16/SES169/SA169S13	SES146	-0.746845	-62.6537	-61.9069
BLOCK16/SES169/SA169S13	SES162	-2.14126	-64.0482	-61.9069
BLOCK16/SES169/SA169S14	SES144	-0.0755577	-60.0996	-60.0241
BLOCK16/SES169/SA169S14	SES148	-0.653763	-60.6778	-60.0241
BLOCK16/SES169/SA169S14	SES177	-1.52266	-61.5467	-60.0241
BLOCK16/SES169/SA169S14	SES180	-2.40247	-62.4266	-60.0241
BLOCK16/SES169/SA169S24	SES117	-1.90681	-64.5494	-62.6426
BLOCK16/SES169/SA169S24	SES144	0.0301132	-62.6125	-62.6426
BLOCK16/SES169/SA169S24	SES146	-0.620869	-63.2635	-62.6426
BLOCK16/SES169/SA169S24	SES162	-1.92318	-64.5658	-62.6426
BLOCK16/SES169/SA169S27	SES127	-0.917648	-62.1623	-61.2446
BLOCK16/SES169/SA169S27	SES129	-0.557781	-61.8024	-61.2446
BLOCK16/SES169/SA169S27	SES144	-0.858547	-62.1032	-61.2446
BLOCK16/SES169/SA169S27	SES146	-0.104675	-61.3493	-61.2446
BLOCK16/SES169/SA169S29	SES144	-0.33757	-60.7923	-60.4547
BLOCK16/SES169/SA169S29	SES162	-1.91789	-62.3726	-60.4547
BLOCK16/SES169/SA169S29	SES177	-2.54818	-63.0029	-60.4547
BLOCK16/SES169/SA169S29	SES180	-1.81351	-62.2682	-60.4547
BLOCK17/SES171/SA171S12	SES083	-1.30615	-63.5119	-62.2058
BLOCK17/SES171/SA171S12	SES148	-0.824039	-63.0298	-62.2058
BLOCK17/SES171/SA171S12	SES172	-0.755371	-62.9612	-62.2058
BLOCK17/SES171/SA171S12	SES292	-1.94162	-64.1474	-62.2058
BLOCK17/SES171/SA171S15	SES148	-1.28345	-64.3498	-63.0663
BLOCK17/SES171/SA171S15	SES177	-2.76288	-65.8292	-63.0663
BLOCK17/SES171/SA171S15	SES180	-2.47298	-65.5393	-63.0663
BLOCK17/SES171/SA171S15	SES292	-3.23684	-66.3032	-63.0663
BLOCK17/SES171/SA171S22	SES007	-1.59497	-62.1267	-60.5318
BLOCK17/SES171/SA171S22	SES148	-1.00005	-61.5318	-60.5318
BLOCK17/SES171/SA171S22	SES177	-0.700474	-61.2322	-60.5318
BLOCK17/SES171/SA171S22	SES180	-1.99537	-62.5271	-60.5318
BLOCK17/SES171/SA171S25	SES101	-2.53222	-65.953	-63.4208
BLOCK17/SES171/SA171S25	SES120	-2.32547	-65.7463	-63.4208
BLOCK17/SES171/SA171S25	SES177	-1.14672	-64.5675	-63.4208
BLOCK17/SES171/SA171S25	SES180	-2.28969	-65.7105	-63.4208
BLOCK17/SES171/SA171S27	SES177	-0.182796	-61.9676	-61.7848
BLOCK17/SES171/SA171S27	SES180	-1.80286	-63.5877	-61.7848
BLOCK17/SES171/SA171S27	SES189	-0.617577	-62.4024	-61.7848
BLOCK17/SES171/SA171S27	SES292	-2.03331	-63.8181	-61.7848
BLOCK17/SES173/SA173S13	SES162	-1.01391	-64.1011	-63.0872
BLOCK17/SES173/SA173S13	SES177	-1.427	-64.5142	-63.0872
BLOCK17/SES173/SA173S13	SES180	-1.97956	-65.0667	-63.0872
BLOCK17/SES173/SA173S13	SES292	-1.11864	-64.2058	-63.0872
BLOCK17/SES173/SA173S14	SES007	-5.31138	-69.0372	-63.7258
BLOCK17/SES173/SA173S14	SES162	-1.77932	-65.5051	-63.7258
BLOCK17/SES173/SA173S14	SES177	-1.58927	-65.3151	-63.7258
BLOCK17/SES173/SA173S14	SES180	-4.04201	-67.7678	-63.7258
BLOCK17/SES173/SA173S24	SES144	-0.287201	-65.1655	-64.8783
BLOCK17/SES173/SA173S24	SES162	-1.35206	-66.2304	-64.8783
BLOCK17/SES173/SA173S24	SES177	-1.22213	-66.1004	-64.8783
BLOCK17/SES173/SA173S24	SES180	-3.13658	-68.0149	-64.8783
BLOCK17/SES173/SA173S27	SES162	-1.54668	-64.9581	-63.4114
BLOCK17/SES173/SA173S27	SES177	-0.63657	-64.048	-63.4114
BLOCK17/SES173/SA173S27	SES180	-1.21878	-64.6302	-63.4114
BLOCK17/SES173/SA173S27	SES292	-1.48855	-64.9	-63.4114
BLOCK17/SES173/SA173S29	SES162	-0.553997	-64.5073	-63.9533
BLOCK17/SES173/SA173S29	SES175	-0.539791	-64.4931	-63.9533
BLOCK17/SES173/SA173S29	SES177	-0.879513	-64.8328	-63.9533
BLOCK17/SES173/SA173S29	SES292	-2.12595	-66.0793	-63.9533
BLOCK18/SES182/SA182S10	SES144	-0.344086	-61.2561	-60.912
BLOCK18/SES182/SA182S10	SES177	-0.0656662	-60.9777	-60.912
BLOCK18/SES182/SA182S10	SES180	-1.37442	-62.2865	-60.912
BLOCK18/SES182/SA182S10	SES275	0.100014	-60.812	-60.912
BLOCK18/SES182/SA182S12	SES144	-0.235935	-60.9367	-60.7008
BLOCK18/SES182/SA182S12	SES177	0.077774	-60.623	-60.7008
BLOCK18/SES182/SA182S12	SES180	-0.992889	-61.6936	-60.7008
BLOCK18/SES182/SA182S12	SES275	-1.10158	-61.8023	-60.7008
BLOCK18/SES182/SA182S21	SES117	0.0802383	-62.153	-62.2332
BLOCK18/SES182/SA182S21	SES144	-0.637508	-62.8707	-62.2332
BLOCK18/SES182/SA182S21	SES162	0.136234	-62.097	-62.2332
BLOCK18/SES182/SA182S21	SES180	-1.16177	-63.395	-62.2332
BLOCK18/SES182/SA182S23	SES117	-0.456314	-62.0728	-61.6165
BLOCK18/SES182/SA182S23	SES144	-1.17479	-62.7913	-61.6165
BLOCK18/SES182/SA182S23	SES180	-1.86949	-63.486	-61.6165
BLOCK18/SES182/SA182S23	SES275	-0.858879	-62.4754	-61.6165
BLOCK18/SES182/SA182S25	SES007	-0.323345	-61.96	-61.6366
BLOCK18/SES182/SA182S25	SES162	0.0364876	-61.6002	-61.6366
BLOCK18/SES182/SA182S25	SES177	-0.266354	-61.903	-61.6366
BLOCK18/SES182/SA182S25	SES180	-0.718246	-62.3549	-61.6366
BLOCK18/SES184/SA184S12	SES177	-0.534531	-62.3504	-61.8158
BLOCK18/SES184/SA184S12	SES180	-0.295025	-62.1109	-61.8158
BLOCK18/SES184/SA184S12	SES189	-3.41313	-65.229	-61.8158
BLOCK18/SES184/SA184S12	SES292	-0.446095	-62.2619	-61.8158
BLOCK18/SES184/SA184S13	SES101	-1.28685	-63.1378	-61.851
BLOCK18/SES184/SA184S13	SES177	-1.33566	-63.1866	-61.851
BLOCK18/SES184/SA184S13	SES180	-1.35057	-63.2015	-61.851
BLOCK18/SES184/SA184S13	SES292	-0.79451	-62.6455	-61.851
BLOCK18/SES184/SA184S22	SES177	-0.451183	-61.7856	-61.3344
BLOCK18/SES184/SA184S22	SES180	-0.790581	-62.125	-61.3344
BLOCK18/SES184/SA184S22	SES189	-2.70162	-64.036	-61.3344
BLOCK18/SES184/SA184S22	SES292	-0.778919	-62.1133	-61.3344
BLOCK18/SES184/SA184S25	SES101	-0.582191	-60.9651	-60.3829
BLOCK18/SES184/SA184S25	SES177	-0.979237	-61.3622	-60.3829
BLOCK18/SES184/SA184S25	SES180	-0.886448	-61.2694	-60.3829
BLOCK18/SES184/SA184S25	SES292	-0.278294	-60.6612	-60.3829
BLOCK18/SES184/SA184S27	SES083	-0.975952	-62.3752	-61.3992
BLOCK18/SES184/SA184S27	SES177	-0.435471	-61.8347	-61.3992
BLOCK18/SES184/SA184S27	SES202	-2.81964	-64.2188	-61.3992
BLOCK18/SES184/SA184S27	SES292	-0.377102	-61.7763	-61.3992
BLOCK20/SES204/SA204S12	SES062	-3.41196	-63.2084	-59.7965
BLOCK20/SES204/SA204S12	SES083	-3.42076	-63.2172	-59.7965
BLOCK20/SES204/SA204S12	SES206	-0.921436	-60.7179	-59.7965
BLOCK20/SES204/SA204S12	SES226	-0.815269	-60.6117	-59.7965
BLOCK20/SES204/SA204S14	SES068	-3.47463	-62.2248	-58.7502
BLOCK20/SES204/SA204S14	SES087	-0.149738	-58.8999	-58.7502
BLOCK20/SES204/SA204S14	SES206	-1.73661	-60.4868	-58.7502
BLOCK20/SES204/SA204S14	SES226	-1.0593	-59.8094	-58.7502
BLOCK20/SES204/SA204S22	SES068	-3.71124	-63.2455	-59.5343
BLOCK20/SES204/SA204S22	SES082	-2.3836	-61.9179	-59.5343
BLOCK20/SES204/SA204S22	SES083	-3.94941	-63.4837	-59.5343
BLOCK20/SES204/SA204S22	SES206	-1.12532	-60.6596	-59.5343
BLOCK20/SES204/SA204S25	SES062	-4.48493	-64.4463	-59.9613
BLOCK20/SES204/SA204S25	SES083	-3.9687	-63.93	-59.9613
BLOCK20/SES204/SA204S25	SES206	-0.668179	-60.6295	-59.9613
BLOCK20/SES204/SA204S25	SES226	-0.77272	-60.734	-59.9613
BLOCK20/SES204/SA204S27	SES068	-4.90026	-65.6094	-60.7091
BLOCK20/SES204/SA204S27	SES082	-1.73637	-62.4455	-60.7091
BLOCK20/SES204/SA204S27	SES087	0.555679	-60.1534	-60.7091
BLOCK20/SES204/SA204S27	SES206	-0.973011	-61.6821	-60.7091
BLOCK20/SES207/SA207S10	SES127	-0.722591	-61.826	-61.1034
BLOCK20/SES207/SA207S10	SES183	-1.63627	-62.7397	-61.1034
BLOCK20/SES207/SA207S10	SES189	-1.15367	-62.2571	-61.1034
BLOCK20/SES207/SA207S10	SES292	-1.39142	-62.4948	-61.1034
BLOCK20/SES207/SA207S11	SES127	-2.56854	-64.6998	-62.1312
BLOCK20/SES207/SA207S11	SES183	-1.46611	-63.5973	-62.1312
BLOCK20/SES207/SA207S11	SES187	-1.90832	-64.0396	-62.1312
BLOCK20/SES207/SA207S11	SES292	-1.33868	-63.4699	-62.1312
BLOCK20/SES207/SA207S25	SES068	-0.343025	-62.7037	-62.3606
BLOCK20/SES207/SA207S25	SES083	-1.47585	-63.8365	-62.3606
BLOCK20/SES207/SA207S25	SES127	-0.515354	-62.876	-62.3606
BLOCK20/SES207/SA207S25	SES187	-0.370216	-62.7308	-62.3606
BLOCK20/SES207/SA207S27	SES127	-1.08053	-63.262	-62.1815
BLOCK20/SES207/SA207S27	SES183	-0.581768	-62.7633	-62.1815
BLOCK20/SES207/SA207S27	SES187	-1.02281	-63.2043	-62.1815
BLOCK20/SES207/SA207S27	SES292	-1.48984	-63.6714	-62.1815
BLOCK20/SES207/SA207S29	SES083	-0.643482	-61.8738	-61.2303
BLOCK20/SES207/SA207S29	SES085	-0.244343	-61.4747	-61.2303
BLOCK20/SES207/SA207S29	SES172	-1.54287	-62.7732	-61.2303
BLOCK20/SES207/SA207S29	SES189	-3.05451	-64.2848	-61.2303
BLOCK22/SES221/SA221S12	SES068	-0.444798	-62.3115	-61.8667
BLOCK22/SES221/SA221S12	SES143	-0.612713	-62.4795	-61.8667
BLOCK22/SES221/SA221S12	SES175	0.432945	-61.4338	-61.8667
BLOCK22/SES221/SA221S12	SES202	0.243099	-61.6236	-61.8667
BLOCK22/SES221/SA221S15	SES085	-2.57527	-66.3446	-63.7693
BLOCK22/SES221/SA221S15	SES143	-1.42524	-65.1945	-63.7693
BLOCK22/SES221/SA221S15	SES175	-0.720161	-64.4894	-63.7693
BLOCK22/SES221/SA221S15	SES187	0.167473	-63.6018	-63.7693
BLOCK22/SES221/SA221S23	SES068	-1.32027	-63.6519	-62.3316
BLOCK22/SES221/SA221S23	SES143	-1.52694	-63.8586	-62.3316
BLOCK22/SES221/SA221S23	SES175	0.162216	-62.1694	-62.3316
BLOCK22/SES221/SA221S23	SES189	0.557365	-61.7743	-62.3316
BLOCK22/SES221/SA221S27	SES085	-2.4767	-65.7212	-63.2445
BLOCK22/SES221/SA221S27	SES143	0.0737801	-63.1707	-63.2445
BLOCK22/SES221/SA221S27	SES175	0.437191	-62.8073	-63.2445
BLOCK22/SES221/SA221S27	SES189	1.06509	-62.1794	-63.2445
BLOCK22/SES221/SA221S29	SES085	-4.74554	-68.8812	-64.1356
BLOCK22/SES221/SA221S29	SES143	-1.40446	-65.5401	-64.1356
BLOCK22/SES221/SA221S29	SES175	-0.668076	-64.8037	-64.1356
BLOCK22/SES221/SA221S29	SES187	1.19955	-62.9361	-64.1356
BLOCK22/SES223/SA223S11	SES143	-0.425011	-63.6259	-63.2008
BLOCK22/SES223/SA223S11	SES144	-1.42056	-64.6214	-63.2008
BLOCK22/SES223/SA223S11	SES175	-0.0729408	-63.2738	-63.2008
BLOCK22/SES223/SA223S11	SES187	-0.130119	-63.331	-63.2008
BLOCK22/SES223/SA223S13	SES068	-1.04976	-64.7949	-63.7451
BLOCK22/SES223/SA223S13	SES143	-1.42649	-65.1716	-63.7451
BLOCK22/SES223/SA223S13	SES146	-2.25275	-65.9978	-63.7451
BLOCK22/SES223/SA223S13	SES202	-1.97567	-65.7208	-63.7451
BLOCK22/SES223/SA223S22	SES143	-0.793667	-63.5763	-62.7826
BLOCK22/SES223/SA223S22	SES144	-1.30118	-64.0838	-62.7826
BLOCK22/SES223/SA223S22	SES175	-0.527828	-63.3105	-62.7826
BLOCK22/SES223/SA223S22	SES187	0.378384	-62.4043	-62.7826
BLOCK22/SES223/SA223S25	SES068	-0.562416	-63.6994	-63.137
BLOCK22/SES223/SA223S25	SES143	-1.15399	-64.2909	-63.137
BLOCK22/SES223/SA223S25	SES175	-0.053299	-63.1903	-63.137
BLOCK22/SES223/SA223S25	SES187	0.282448	-62.8545	-63.137
BLOCK22/SES223/SA223S27	SES143	-0.747185	-65.1006	-64.3534
BLOCK22/SES223/SA223S27	SES146	-1.46739	-65.8208	-64.3534
BLOCK22/SES223/SA223S27	SES187	0.325569	-64.0279	-64.3534
BLOCK22/SES223/SA223S27	SES292	-2.08672	-66.4402	-64.3534
BLOCK27/SES273/SA273S12	SES099	-0.0213242	-58.3045	-58.2832
BLOCK27/SES273/SA273S12	SES104	1.03949	-57.2437	-58.2832
BLOCK27/SES273/SA273S12	SES125	0.193481	-58.0897	-58.2832
BLOCK27/SES273/SA273S12	SES206	1.03196	-57.2512	-58.2832
BLOCK27/SES273/SA273S13	SES099	-0.392284	-58.8284	-58.4361
BLOCK27/SES273/SA273S13	SES104	0.212959	-58.2232	-58.4361
BLOCK27/SES273/SA273S13	SES206	-0.13052	-58.5667	-58.4361
BLOCK27/SES273/SA273S13	SES292	-3.35194	-61.7881	-58.4361
BLOCK27/SES273/SA273S21	SES099	0.566517	-58.2106	-58.7771
BLOCK27/SES273/SA273S21	SES148	-3.92278	-62.6999	-58.7771
BLOCK27/SES273/SA273S21	SES149	-0.631355	-59.4085	-58.7771
BLOCK27/SES273/SA273S21	SES177	-4.63831	-63.4154	-58.7771
BLOCK27/SES273/SA273S25	SES104	0.445965	-57.9142	-58.3602
BLOCK27/SES273/SA273S25	SES125	-0.278282	-58.6385	-58.3602
BLOCK27/SES273/SA273S25	SES158	0.321362	-58.0388	-58.3602
BLOCK27/SES273/SA273S25	SES206	0.973774	-57.3864	-58.3602
BLOCK27/SES273/SA273S27	SES099	0.04879	-58.7678	-58.8166
BLOCK27/SES273/SA273S27	SES104	-0.324245	-59.1408	-58.8166
BLOCK27/SES273/SA273S27	SES149	-0.586193	-59.4028	-58.8166
BLOCK27/SES273/SA273S27	SES275	-2.4622	-61.2788	-58.8166
BLOCK27/SES274/SA274S10	SES105	-2.98638	-62.5933	-59.6069
BLOCK27/SES274/SA274S10	SES125	-0.941395	-60.5483	-59.6069
BLOCK27/SES274/SA274S10	SES129	-2.50106	-62.108	-59.6069
BLOCK27/SES274/SA274S10	SES158	-2.72359	-62.3305	-59.6069
BLOCK27/SES274/SA274S11	SES105	-2.64396	-62.2242	-59.5803
BLOCK27/SES274/SA274S11	SES149	-0.996033	-60.5763	-59.5803
BLOCK27/SES274/SA274S11	SES158	-0.885136	-60.4654	-59.5803
BLOCK27/SES274/SA274S11	SES275	-2.98193	-62.5622	-59.5803
BLOCK27/SES274/SA274S21	SES105	-3.25592	-62.502	-59.2461
BLOCK27/SES274/SA274S21	SES129	-2.95993	-62.206	-59.2461
BLOCK27/SES274/SA274S21	SES149	-0.431473	-59.6775	-59.2461
BLOCK27/SES274/SA274S21	SES158	-2.99067	-62.2367	-59.2461
BLOCK27/SES274/SA274S24	SES105	-4.11479	-63.5973	-59.4825
BLOCK27/SES274/SA274S24	SES129	-3.30193	-62.7845	-59.4825
BLOCK27/SES274/SA274S24	SES149	-1.39339	-60.8759	-59.4825
BLOCK27/SES274/SA274S24	SES158	-2.60823	-62.0908	-59.4825
BLOCK27/SES274/SA274S29	SES105	-3.0167	-62.7456	-59.7289
BLOCK27/SES274/SA274S29	SES106	-2.87548	-62.6044	-59.7289
BLOCK27/SES274/SA274S29	SES120	-2.63823	-62.3671	-59.7289
BLOCK27/SES274/SA274S29	SES275	-3.09274	-62.8216	-59.7289
BLOCK27/SES276/SA276S16	SES148	-1.10552	-62.7849	-61.6794
BLOCK27/SES276/SA276S16	SES172	-1.44307	-63.1225	-61.6794
BLOCK27/SES276/SA276S16	SES180	-3.57984	-65.2592	-61.6794
BLOCK27/SES276/SA276S16	SES292	-0.0886307	-61.768	-61.6794
BLOCK27/SES276/SA276S17	SES101	-1.59144	-63.8295	-62.238
BLOCK27/SES276/SA276S17	SES177	-1.68131	-63.9194	-62.238
BLOCK27/SES276/SA276S17	SES180	-0.724335	-62.9624	-62.238
BLOCK27/SES276/SA276S17	SES292	0.0117989	-62.2262	-62.238
BLOCK27/SES276/SA276S24	SES101	-0.702229	-61.0478	-60.3456
BLOCK27/SES276/SA276S24	SES177	-1.05672	-61.4023	-60.3456
BLOCK27/SES276/SA276S24	SES180	-1.60749	-61.9531	-60.3456
BLOCK27/SES276/SA276S24	SES292	-0.930714	-61.2763	-60.3456
BLOCK27/SES276/SA276S26	SES101	-1.64607	-63.6459	-61.9999
BLOCK27/SES276/SA276S26	SES177	-0.525364	-62.5252	-61.9999
BLOCK27/SES276/SA276S26	SES180	-0.68787	-62.6877	-61.9999
BLOCK27/SES276/SA276S26	SES292	0.35038	-61.6495	-61.9999
BLOCK27/SES276/SA276S28	SES101	-1.52405	-63.2278	-61.7037
BLOCK27/SES276/SA276S28	SES177	-1.28519	-62.9889	-61.7037
BLOCK27/SES276/SA276S28	SES180	-1.14363	-62.8474	-61.7037
BLOCK27/SES276/SA276S28	SES292	-0.679565	-62.3833	-61.7037
BLOCK27/SES277/SA277S12	SES101	-1.00297	-63.5291	-62.5261
BLOCK27/SES277/SA277S12	SES177	-1.77245	-64.2985	-62.5261
BLOCK27/SES277/SA277S12	SES180	-1.38984	-63.9159	-62.5261
BLOCK27/SES277/SA277S12	SES292	-1.86757	-64.3937	-62.5261
BLOCK27/SES277/SA277S14	SES177	-0.435768	-63.1797	-62.7439
BLOCK27/SES277/SA277S14	SES180	-1.16433	-63.9083	-62.7439
BLOCK27/SES277/SA277S14	SES189	-0.169682	-62.9136	-62.7439
BLOCK27/SES277/SA277S14	SES292	-1.87904	-64.623	-62.7439
BLOCK27/SES277/SA277S21	SES177	0.0864258	-60.8746	-60.961
BLOCK27/SES277/SA277S21	SES180	-1.31676	-62.2777	-60.961
BLOCK27/SES277/SA277S21	SES189	-1.25895	-62.2199	-60.961
BLOCK27/SES277/SA277S21	SES292	-1.75207	-62.7131	-60.961
BLOCK27/SES277/SA277S24	SES144	-0.456699	-63.2026	-62.7459
BLOCK27/SES277/SA277S24	SES177	-0.569817	-63.3157	-62.7459
BLOCK27/SES277/SA277S24	SES180	-1.21924	-63.9652	-62.7459
BLOCK27/SES277/SA277S24	SES189	-0.559296	-63.3052	-62.7459
BLOCK27/SES277/SA277S29	SES177	-0.0179482	-60.0052	-59.9872
BLOCK27/SES277/SA277S29	SES180	-1.11197	-61.0992	-59.9872
BLOCK27/SES277/SA277S29	SES202	-0.712589	-60.6998	-59.9872
BLOCK27/SES277/SA277S29	SES292	-1.13911	-61.1263	-59.9872
BLOCK27/SES279/SA279S09	SES120	-1.47203	-61.3007	-59.8286
BLOCK27/SES279/SA279S09	SES146	-1.5664	-61.3951	-59.8286
BLOCK27/SES279/SA279S09	SES206	-2.3818	-62.2104	-59.8286
BLOCK27/SES279/SA279S09	SES226	-1.98523	-61.8139	-59.8286
BLOCK27/SES279/SA279S10	SES099	-2.29732	-62.3426	-60.0452
BLOCK27/SES279/SA279S10	SES206	-1.96825	-62.0135	-60.0452
BLOCK27/SES279/SA279S10	SES226	-1.21765	-61.2629	-60.0452
BLOCK27/SES279/SA279S10	SES292	-0.981949	-61.0272	-60.0452
BLOCK27/SES279/SA279S20	SES099	-2.82497	-63.4813	-60.6563
BLOCK27/SES279/SA279S20	SES206	-2.40428	-63.0606	-60.6563
BLOCK27/SES279/SA279S20	SES226	-1.76453	-62.4208	-60.6563
BLOCK27/SES279/SA279S20	SES292	0.0272713	-60.629	-60.6563
BLOCK27/SES279/SA279S26	SES099	-3.08707	-63.7721	-60.685
BLOCK27/SES279/SA279S26	SES206	-1.53613	-62.2212	-60.685
BLOCK27/SES279/SA279S26	SES226	-1.31359	-61.9986	-60.685
BLOCK27/SES279/SA279S26	SES292	-1.04006	-61.7251	-60.685
BLOCK27/SES279/SA279S28	SES099	-2.88051	-62.2526	-59.3721
BLOCK27/SES279/SA279S28	SES120	-1.64433	-61.0164	-59.3721
BLOCK27/SES279/SA279S28	SES177	-3.50061	-62.8727	-59.3721
BLOCK27/SES279/SA279S28	SES206	-2.38423	-61.7563	-59.3721
BLOCK29/SES290/SA290S12	SES162	-0.584557	-61.0762	-60.4916
BLOCK29/SES290/SA290S12	SES177	-1.16929	-61.6609	-60.4916
BLOCK29/SES290/SA290S12	SES180	-1.85371	-62.3454	-60.4916
BLOCK29/SES290/SA290S12	SES292	-2.77707	-63.2687	-60.4916
BLOCK29/SES290/SA290S13	SES007	-2.6557	-65.0298	-62.3741
BLOCK29/SES290/SA290S13	SES162	-1.62687	-64.0009	-62.3741
BLOCK29/SES290/SA290S13	SES177	-0.59626	-62.9703	-62.3741
BLOCK29/SES290/SA290S13	SES180	-1.26116	-63.6352	-62.3741
BLOCK29/SES290/SA290S22	SES177	0.41132	-61.1464	-61.5577
BLOCK29/SES290/SA290S22	SES180	-0.048027	-61.6058	-61.5577
BLOCK29/SES290/SA290S22	SES202	-0.233505	-61.7912	-61.5577
BLOCK29/SES290/SA290S22	SES292	-1.81307	-63.3708	-61.5577
BLOCK29/SES290/SA290S25	SES162	-0.673931	-61.5532	-60.8792
BLOCK29/SES290/SA290S25	SES177	-1.09019	-61.9694	-60.8792
BLOCK29/SES290/SA290S25	SES180	-1.91223	-62.7915	-60.8792
BLOCK29/SES290/SA290S25	SES292	-1.56869	-62.4479	-60.8792
BLOCK29/SES290/SA290S29	SES177	-0.304001	-61.1403	-60.8363
BLOCK29/SES290/SA290S29	SES180	-0.438778	-61.2751	-60.8363
BLOCK29/SES290/SA290S29	SES275	-1.69843	-62.5347	-60.8363
BLOCK29/SES290/SA290S29	SES292	-1.03532	-61.8716	-60.8363
BLOCK29/SES291/SA291S11	SES105	-3.18109	-63.6835	-60.5024
BLOCK29/SES291/SA291S11	SES125	-0.512905	-61.0153	-60.5024
BLOCK29/SES291/SA291S11	SES158	-1.19377	-61.6962	-60.5024
BLOCK29/SES291/SA291S11	SES275	-4.06857	-64.571	-60.5024
BLOCK29/SES291/SA291S12	SES158	0.565266	-58.4948	-59.0601
BLOCK29/SES291/SA291S12	SES226	-0.941593	-60.0017	-59.0601
BLOCK29/SES291/SA291S12	SES270	1.09458	-57.9655	-59.0601
BLOCK29/SES291/SA291S12	SES275	-4.33462	-63.3947	-59.0601
BLOCK29/SES291/SA291S22	SES082	-0.972935	-60.3556	-59.3826
BLOCK29/SES291/SA291S22	SES158	-1.0402	-60.4228	-59.3826
BLOCK29/SES291/SA291S22	SES259	-1.34789	-60.7305	-59.3826
BLOCK29/SES291/SA291S22	SES275	-4.16566	-63.5483	-59.3826
BLOCK29/SES291/SA291S24	SES104	0.511272	-58.1777	-58.689
BLOCK29/SES291/SA291S24	SES125	0.189072	-58.4999	-58.689
BLOCK29/SES291/SA291S24	SES158	-0.192169	-58.8811	-58.689
BLOCK29/SES291/SA291S24	SES275	-4.19982	-62.8888	-58.689
BLOCK29/SES291/SA291S27	SES158	0.857872	-58.8864	-59.7443
BLOCK29/SES291/SA291S27	SES172	-3.50524	-63.2495	-59.7443
BLOCK29/SES291/SA291S27	SES275	-4.14897	-63.8933	-59.7443
BLOCK29/SES291/SA291S27	SES292	-3.20807	-62.9524	-59.7443
