BLOCK00/SES002/SA002S12	SES002	1.75756	17.2121	15.4545
BLOCK00/SES002/SA002S13	SES002	2.30903	16.9703	14.6612
BLOCK00/SES002/SA002S23	SES002	1.42084	16.9256	15.5047
BLOCK00/SES002/SA002S26	SES002	1.65446	17.9558	16.3013
BLOCK00/SES002/SA002S28	SES002	0.843812	15.4003	14.5565
BLOCK00/SES007/SA007S14	SES007	2.04592	18.3775	16.3316
BLOCK00/SES007/SA007S15	SES007	0.586783	15.8507	15.2639
BLOCK00/SES007/SA007S24	SES007	1.54644	16.3734	14.8269
BLOCK00/SES007/SA007S27	SES007	1.14678	15.523	14.3762
BLOCK00/SES007/SA007S29	SES007	0.650431	16.3706	15.7202
BLOCK00/SES008/SA008S11	SES008	1.61702	16.6609	15.0439
BLOCK00/SES008/SA008S12	SES008	0.629236	15.5152	14.886
BLOCK00/SES008/SA008S19	SES008	1.98246	17.893	15.9105
BLOCK00/SES008/SA008S22	SES008	0.903456	15.299	14.3956
BLOCK00/SES008/SA008S29	SES008	1.94175	17.6264	15.6847
BLOCK01/SES014/SA014S10	SES014	2.57694	17.7732	15.1963
BLOCK01/SES014/SA014S12	SES014	3.47072	20.5356	17.0649
BLOCK01/SES014/SA014S24	SES014	1.75745	18.1826	16.4251
BLOCK01/SES014/SA014S26	SES014	2.49026	20.7623	18.2721
BLOCK01/SES014/SA014S28	SES014	4.12625	21.3513	17.225
BLOCK01/SES016/SA016S12	SES016	1.91031	15.0767	13.1664
BLOCK01/SES016/SA016S13	SES016	2.24942	17.2785	15.0291
BLOCK01/SES016/SA016S22	SES016	2.14697	17.1254	14.9784
BLOCK01/SES016/SA016S25	SES016	2.17113	18.8017	16.6306
BLOCK01/SES016/SA016S27	SES016	1.92784	18.8901	16.9622
BLOCK01/SES019/SA019S13	SES019	3.12251	16.0213	12.8987
BLOCK01/SES019/SA019S14	SES019	2.38103	16.112	13.731
BLOCK01/SES019/SA019S22	SES019	3.14909	16.2854	13.1363
BLOCK01/SES019/SA019S25	SES019	3.02515	16.7672	13.7421
BLOCK01/SES019/SA019S29	SES019	3.62628	16.9821	13.3558
BLOCK02/SES029/SA029S11	SES029	1.81282	16.9487	15.1359
BLOCK02/SES029/SA029S12	SES029	0.672203	16.8627	16.1905
BLOCK02/SES029/SA029S20	SES029	1.36841	16.2744	14.906
BLOCK02/SES029/SA029S25	SES029	1.33347	17.4505	16.117
BLOCK02/SES029/SA029S28	SES029	0.478399	16.3405	15.8622
BLOCK04/SES042/SA042S12	SES042	2.34908	17.8232	15.4741
BLOCK04/SES042/SA042S15	SES042	2.70459	18.338	15.6334
BLOCK04/SES042/SA042S22	SES042	3.51154	20.8455	17.334
BLOCK04/SES042/SA042S25	SES042	2.36428	17.1291	14.7648
BLOCK04/SES042/SA042S27	SES042	2.08	18.2555	16.1755
BLOCK04/SES048/SA048S11	SES048	1.77333	17.522	15.7487
BLOCK04/SES048/SA048S12	SES048	1.0265	17.2011	16.1746
BLOCK04/SES048/SA048S20	SES048	0.531013	16.9743	16.4433
BLOCK04/SES048/SA048S23	SES048	1.66952	16.332	14.6625
BLOCK04/SES048/SA048S27	SES048	1.29216	18.379	17.0868
BLOCK06/SES060/SA060S11	SES060	1.87647	17.9919	16.1155
BLOCK06/SES060/SA060S12	SES060	0.181024	15.523	15.342
BLOCK06/SES060/SA060S22	SES060	0.103685	14.1884	14.0847
BLOCK06/SES060/SA060S24	SES060	1.53492	17.4636	15.9287
BLOCK06/SES060/SA060S28	SES060	1.36947	19.6063	18.2369
BLOCK06/SES062/SA062S10	SES062	1.13657	17.2117	16.0751
BLOCK06/SES062/SA062S11	SES062	1.95073	17.3123	15.3616
BLOCK06/SES062/SA062S21	SES062	2.35279	20.2578	17.905
BLOCK06/SES062/SA062S26	SES062	1.40468	18.3893	16.9846
BLOCK06/SES062/SA062S29	SES062	1.95374	19.494	17.5403
BLOCK06/SES068/SA068S14	SES068	0.440178	16.7442	16.3041
BLOCK06/SES068/SA068S15	SES068	1.59081	18.6393	17.0485
BLOCK06/SES068/SA068S23	SES068	1.12766	16.3897	15.262
BLOCK06/SES068/SA068S27	SES068	2.25637	19.117	16.8606
BLOCK06/SES068/SA068S29	SES068	0.868643	16.9888	16.1202
BLOCK08/SES082/SA082S12	SES082	0.58215	14.7974	14.2153
BLOCK08/SES082/SA082S14	SES082	1.17595	15.4913	14.3153
BLOCK08/SES082/SA082S21	SES082	0.58455	15.492	14.9075
BLOCK08/SES082/SA082S24	SES082	1.0229	17.1821	16.1592
BLOCK08/SES082/SA082S28	SES082	0.907013	15.6411	14.7341
BLOCK08/SES083/SA083S14	SES083	0.0596066	15.7908	15.7312
BLOCK08/SES083/SA083S15	SES083	0.830246	17.1448	16.3146
BLOCK08/SES083/SA083S24	SES083	0.801004	16.6284	15.8274
BLOCK08/SES083/SA083S26	SES083	0.53351	15.9226	15.3891
BLOCK08/SES083/SA083S29	SES083	0.448284	17.0821	16.6338
BLOCK08/SES085/SA085S10	SES085	0.860058	17.1206	16.2605
BLOCK08/SES085/SA085S13	SES085	0.337825	15.8186	15.4808
BLOCK08/SES085/SA085S22	SES085	0.612522	17.8083	17.1958
BLOCK08/SES085/SA085S26	SES085	0.625977	17.0677	16.4417
BLOCK08/SES085/SA085S28	SES085	1.54994	17.3498	15.7998
BLOCK08/SES087/SA087S15	SES087	1.80647	16.6869	14.8804
BLOCK08/SES087/SA087S16	SES087	1.92741	16.617	14.6896
BLOCK08/SES087/SA087S24	SES087	1.69169	16.9718	15.2801
BLOCK08/SES087/SA087S26	SES087	1.47638	17.6757	16.1994
BLOCK08/SES087/SA087S29	SES087	2.21721	16.5809	14.3636
BLOCK09/SES099/SA099S15	SES099	2.16963	16.4348	14.2652
BLOCK09/SES099/SA099S16	SES099	1.94317	16.3348	14.3916
BLOCK09/SES099/SA099S24	SES099	1.98983	16.7039	14.7141
BLOCK09/SES099/SA099S26	SES099	2.18902	16.7246	14.5356
BLOCK09/SES099/SA099S29	SES099	2.44902	17.5249	15.0758
BLOCK10/SES101/SA101S11	SES101	0.422612	16.2473	15.8247
BLOCK10/SES101/SA101S13	SES101	2.16988	18.7581	16.5882
BLOCK10/SES101/SA101S22	SES101	1.38308	16.5742	15.1911
BLOCK10/SES101/SA101S24	SES101	1.45012	16.8471	15.397
BLOCK10/SES101/SA101S28	SES101	0.690292	15.4672	14.7769
BLOCK10/SES104/SA104S11	SES104	2.32232	19.428	17.1057
BLOCK10/SES104/SA104S12	SES104	2.0271	17.3278	15.3007
BLOCK10/SES104/SA104S21	SES104	1.75844	16.8972	15.1388
BLOCK10/SES104/SA104S24	SES104	1.4454	16.7836	15.3382
BLOCK10/SES104/SA104S28	SES104	2.16332	18.0851	15.9218
BLOCK10/SES105/SA105S12	SES105	1.31112	15.0439	13.7328
BLOCK10/SES105/SA105S13	SES105	1.45534	15.3591	13.9038
BLOCK10/SES105/SA105S22	SES105	1.00687	14.2622	13.2553
BLOCK10/SES105/SA105S26	SES105	1.72917	15.5272	13.798
BLOCK10/SES105/SA105S29	SES105	1.8682	16.5253	14.6571
BLOCK10/SES106/SA106S09	SES106	1.46039	15.0369	13.5765
BLOCK10/SES106/SA106S11	SES106	1.91165	16.8813	14.9696
BLOCK10/SES106/SA106S22	SES106	3.93834	17.8685	13.9302
BLOCK10/SES106/SA106S27	SES106	1.92294	16.0465	14.1236
BLOCK10/SES106/SA106S29	SES106	1.53533	15.6965	14.1612
BLOCK11/SES117/SA117S12	SES117	1.0618	15.9058	14.844
BLOCK11/SES117/SA117S13	SES117	0.376327	16.0742	15.6979
BLOCK11/SES117/SA117S23	SES117	1.99453	14.9617	12.9672
BLOCK11/SES117/SA117S25	SES117	1.20206	15.0175	13.8155
BLOCK11/SES117/SA117S28	SES117	1.52745	14.9741	13.4466
BLOCK12/SES120/SA120S08	SES120	1.18477	13.9094	12.7246
BLOCK12/SES120/SA120S11	SES120	0.880726	12.2742	11.3934
BLOCK12/SES120/SA120S22	SES120	0.637171	15.7976	15.1604
BLOCK12/SES120/SA120S24	SES120	1.09565	14.9088	13.8132
BLOCK12/SES120/SA120S28	SES120	0.718833	12.7489	12.03
BLOCK12/SES125/SA125S13	SES125	2.59225	17.3543	14.7621
BLOCK12/SES125/SA125S14	SES125	1.14434	15.6434	14.4991
BLOCK12/SES125/SA125S25	SES125	2.10163	17.6021	15.5005
BLOCK12/SES125/SA125S27	SES125	2.40232	18.5828	16.1805
BLOCK12/SES125/SA125S29	SES125	2.29326	17.0962	14.8029
BLOCK12/SES127/SA127S11	SES127	1.5003	16.0924	14.5921
BLOCK12/SES127/SA127S12	SES127	0.999621	16.9138	15.9142
BLOCK12/SES127/SA127S23	SES127	0.990301	16.4844	15.4941
BLOCK12/SES127/SA127S25	SES127	0.278402	15.3837	15.1053
BLOCK12/SES127/SA127S27	SES127	1.5608	16.8932	15.3324
BLOCK12/SES129/SA129S11	SES129	2.02921	17.9225	15.8933
BLOCK12/SES129/SA129S12	SES129	1.70611	17.7926	16.0865
BLOCK12/SES129/SA129S22	SES129	1.60966	16.5467	14.937
BLOCK12/SES129/SA129S27	SES129	2.00841	17.5098	15.5014
BLOCK12/SES129/SA129S29	SES129	1.62971	17.6612	16.0315
BLOCK14/SES142/SA142S11	SES142	2.86876	16.1954	13.3266
BLOCK14/SES142/SA142S12	SES142	1.48368	15.5033	14.0196
BLOCK14/SES142/SA142S24	SES142	2.33893	16.5716	14.2327
BLOCK14/SES142/SA142S27	SES142	2.41243	17.0521	14.6397
BLOCK14/SES142/SA142S29	SES142	3.06998	16.3383	13.2684
BLOCK14/SES143/SA143S12	SES143	1.37394	15.5546	14.1807
BLOCK14/SES143/SA143S13	SES143	1.22407	15.3189	14.0948
BLOCK14/SES143/SA143S23	SES143	1.25669	15.1784	13.9217
BLOCK14/SES143/SA143S25	SES143	1.63382	16.3525	14.7187
BLOCK14/SES143/SA143S28	SES143	1.37165	15.6148	14.2432
BLOCK14/SES144/SA144S09	SES144	1.3229	16.7502	15.4273
BLOCK14/SES144/SA144S11	SES144	1.36476	15.7678	14.4031
BLOCK14/SES144/SA144S21	SES144	0.346915	15.062	14.7151
BLOCK14/SES144/SA144S25	SES144	0.599889	14.5915	13.9916
BLOCK14/SES144/SA144S29	SES144	0.245078	15.8674	15.6224
BLOCK14/SES146/SA146S14	SES146	0.987621	14.7857	13.7981
BLOCK14/SES146/SA146S15	SES146	0.920366	14.8835	13.9631
BLOCK14/SES146/SA146S24	SES146	1.04381	15.2898	14.246
BLOCK14/SES146/SA146S26	SES146	1.34043	15.4529	14.1124
BLOCK14/SES146/SA146S29	SES146	1.03945	14.4678	13.4284
BLOCK14/SES147/SA147S11	SES147	1.63796	15.6063	13.9683
BLOCK14/SES147/SA147S13	SES147	2.40449	16.741	14.3365
BLOCK14/SES147/SA147S23	SES147	0.501058	15.1789	14.6778
BLOCK14/SES147/SA147S26	SES147	1.50953	15.6864	14.1769
BLOCK14/SES147/SA147S28	SES147	1.39536	15.4557	14.0604
BLOCK14/SES148/SA148S10	SES148	1.43399	15.4493	14.0153
BLOCK14/SES148/SA148S12	SES148	1.45375	14.7952	13.3415
BLOCK14/SES148/SA148S22	SES148	2.02305	17.1169	15.0938
BLOCK14/SES148/SA148S26	SES148	0.148539	15.78	15.6315
BLOCK14/SES148/SA148S29	SES148	0.965016	15.4513	14.4863
BLOCK14/SES149/SA149S13	SES149	-0.0979166	15.2866	15.3845
BLOCK14/SES149/SA149S14	SES149	0.624392	16.6827	16.0583
BLOCK14/SES149/SA149S24	SES149	1.42086	17.4254	16.0045
BLOCK14/SES149/SA149S26	SES149	1.89188	18.4521	16.5602
BLOCK14/SES149/SA149S28	SES149	2.31463	19.6223	17.3077
BLOCK15/SES158/SA158S13	SES158	1.97746	15.3013	13.3238
BLOCK15/SES158/SA158S14	SES158	3.05186	15.9226	12.8707
BLOCK15/SES158/SA158S23	SES158	1.93312	15.7888	13.8557
BLOCK15/SES158/SA158S26	SES158	2.87	15.5318	12.6618
BLOCK15/SES158/SA158S28	SES158	1.18015	14.7939	13.6137
BLOCK16/SES162/SA162S10	SES162	0.855741	14.0147	13.1589
BLOCK16/SES162/SA162S11	SES162	1.21339	16.41	15.1966
BLOCK16/SES162/SA162S21	SES162	1.97808	16.7705	14.7924
BLOCK16/SES162/SA162S24	SES162	1.48131	15.9105	14.4292
BLOCK16/SES162/SA162S27	SES162	2.0149	15.8326	13.8177
BLOCK16/SES167/SA167S14	SES167	1.41289	17.9795	16.5666
BLOCK16/SES167/SA167S15	SES167	1.3831	16.5948	15.2117
BLOCK16/SES167/SA167S21	SES167	1.87148	17.2653	15.3938
BLOCK16/SES167/SA167S25	SES167	2.55544	16.4465	13.8911
BLOCK16/SES167/SA167S29	SES167	2.82317	18.7262	15.903
BLOCK17/SES172/SA172S12	SES172	1.73352	17.3038	15.5702
BLOCK17/SES172/SA172S13	SES172	2.00318	16.5292	14.526
BLOCK17/SES172/SA172S23	SES172	1.41476	17.6477	16.233
BLOCK17/SES172/SA172S27	SES172	1.36186	16.6049	15.243
BLOCK17/SES172/SA172S29	SES172	2.0944	17.3311	15.2367
BLOCK17/SES175/SA175S11	SES175	1.20104	16.4751	15.2741
BLOCK17/SES175/SA175S13	SES175	0.984796	16.1097	15.1249
BLOCK17/SES175/SA175S23	SES175	1.73522	16.6102	14.875
BLOCK17/SES175/SA175S25	SES175	0.598001	14.2251	13.6271
BLOCK17/SES175/SA175S28	SES175	1.17398	17.0173	15.8433
BLOCK17/SES177/SA177S15	SES177	0.827046	16.2698	15.4427
BLOCK17/SES177/SA177S17	SES177	0.554313	16.0784	15.5241
BLOCK17/SES177/SA177S23	SES177	0.430008	15.4196	14.9896
BLOCK17/SES177/SA177S26	SES177	0.89147	18.071	17.1795
BLOCK17/SES177/SA177S28	SES177	1.00979	16.7699	15.7601
BLOCK18/SES180/SA180S13	SES180	0.542993	15.4853	14.9423
BLOCK18/SES180/SA180S15	SES180	1.33465	16.046	14.7113
BLOCK18/SES180/SA180S24	SES180	0.849838	17.0869	16.2371
BLOCK18/SES180/SA180S26	SES180	1.32185	16.8652	15.5433
BLOCK18/SES180/SA180S29	SES180	1.48817	16.3161	14.8279
BLOCK18/SES183/SA183S13	SES183	1.49396	15.09	13.5961
BLOCK18/SES183/SA183S14	SES183	-0.0587149	13.898	13.9567
BLOCK18/SES183/SA183S24	SES183	1.68905	14.3586	12.6696
BLOCK18/SES183/SA183S27	SES183	1.35725	14.9702	13.613
BLOCK18/SES183/SA183S29	SES183	0.581028	15.6439	15.0629
BLOCK18/SES187/SA187S13	SES187	0.856967	16.1673	15.3103
BLOCK18/SES187/SA187S14	SES187	0.865845	15.3488	14.4829
BLOCK18/SES187/SA187S24	SES187	2.51582	15.7365	13.2207
BLOCK18/SES187/SA187S27	SES187	1.71113	15.8208	14.1097
BLOCK18/SES187/SA187S29	SES187	1.51601	16.6024	15.0864
BLOCK18/SES189/SA189S10	SES189	2.0029	15.1323	13.1294
BLOCK18/SES189/SA189S13	SES189	2.63741	14.894	12.2566
BLOCK18/SES189/SA189S24	SES189	3.21018	15.3109	12.1008
BLOCK18/SES189/SA189S26	SES189	1.68852	15.7748	14.0863
BLOCK18/SES189/SA189S29	SES189	2.73839	15.7746	13.0362
BLOCK20/SES202/SA202S12	SES202	1.23932	13.0538	11.8145
BLOCK20/SES202/SA202S14	SES202	2.76455	15.9377	13.1731
BLOCK20/SES202/SA202S24	SES202	1.5742	15.6184	14.0442
BLOCK20/SES202/SA202S27	SES202	1.84375	17.4491	15.6053
BLOCK20/SES202/SA202S29	SES202	2.2605	16.8522	14.5917
BLOCK20/SES206/SA206S15	SES206	-0.228992	15.7693	15.9983
BLOCK20/SES206/SA206S17	SES206	1.9166	18.3688	16.4522
BLOCK20/SES206/SA206S24	SES206	1.90424	18.6216	16.7173
BLOCK20/SES206/SA206S27	SES206	2.37733	17.6436	15.2663
BLOCK20/SES206/SA206S29	SES206	1.65067	18.5658	16.9151
BLOCK22/SES226/SA226S12	SES226	0.991907	15.8758	14.8839
BLOCK22/SES226/SA226S13	SES226	-0.155972	14.157	14.313
BLOCK22/SES226/SA226S20	SES226	0.876843	15.473	14.5962
BLOCK22/SES226/SA226S23	SES226	1.60567	16.6742	15.0686
BLOCK22/SES226/SA226S28	SES226	2.24263	17.1493	14.9067
BLOCK25/SES259/SA259S13	SES259	4.02439	18.4977	14.4733
BLOCK25/SES259/SA259S14	SES259	2.80563	17.4688	14.6632
BLOCK25/SES259/SA259S22	SES259	2.37681	16.9599	14.5831
BLOCK25/SES259/SA259S24	SES259	2.62123	18.7682	16.147
BLOCK25/SES259/SA259S28	SES259	2.40944	17.611	15.2016
BLOCK27/SES270/SA270S14	SES270	2.66241	15.4449	12.7825
BLOCK27/SES270/SA270S16	SES270	0.757551	14.906	14.1485
BLOCK27/SES270/SA270S22	SES270	2.94736	16.569	13.6217
BLOCK27/SES270/SA270S26	SES270	1.3917	13.8542	12.4625
BLOCK27/SES270/SA270S28	SES270	1.52471	15.8252	14.3005
BLOCK27/SES275/SA275S17	SES275	1.73502	16.3406	14.6056
BLOCK27/SES275/SA275S18	SES275	1.10102	16.2814	15.1803
BLOCK27/SES275/SA275S24	SES275	0.945246	14.7673	13.822
BLOCK27/SES275/SA275S26	SES275	1.61106	16.3969	14.7859
BLOCK27/SES275/SA275S28	SES275	0.63474	15.767	15.1323
BLOCK29/SES292/SA292S10	SES292	0.745556	15.7069	14.9614
BLOCK29/SES292/SA292S12	SES292	0.438974	15.6845	15.2456
BLOCK29/SES292/SA292S22	SES292	0.849206	16.6795	15.8302
BLOCK29/SES292/SA292S24	SES292	0.611659	16.1035	15.4918
BLOCK29/SES292/SA292S27	SES292	0.526762	16.5056	15.9788
BLOCK00/SES001/SA001S14	SES062	-2.55285	10.9754	13.5282
BLOCK00/SES001/SA001S14	SES082	-2.82474	10.7035	13.5282
BLOCK00/SES001/SA001S14	SES106	-2.18689	11.3414	13.5282
BLOCK00/SES001/SA001S14	SES206	-2.27004	11.2582	13.5282
BLOCK00/SES001/SA001S15	SES062	-2.77109	12.4009	15.172
BLOCK00/SES001/SA001S15	SES104	-3.05284	12.1192	15.172
BLOCK00/SES001/SA001S15	SES106	-1.94834	13.2237	15.172
BLOCK00/SES001/SA001S15	SES206	-2.08213	13.0899	15.172
BLOCK00/SES001/SA001S24	SES062	-2.78522	10.7086	13.4938
BLOCK00/SES001/SA001S24	SES082	-2.65645	10.8374	13.4938
BLOCK00/SES001/SA001S24	SES087	-2.22375	11.2701	13.4938
BLOCK00/SES001/SA001S24	SES206	-2.59085	10.903	13.4938
BLOCK00/SES001/SA001S27	SES062	-1.82881	13.62	15.4488
BLOCK00/SES001/SA001S27	SES082	-2.28175	13.1671	15.4488
BLOCK00/SES001/SA001S27	SES087	-1.6791	13.7697	15.4488
BLOCK00/SES001/SA001S27	SES206	-2.17336	13.2755	15.4488
BLOCK00/SES001/SA001S29	SES062	-3.22905	10.5849	13.8139
BLOCK00/SES001/SA001S29	SES082	-1.88114	11.9328	13.8139
BLOCK00/SES001/SA001S29	SES158	-1.5684	12.2455	13.8139
BLOCK00/SES001/SA001S29	SES206	-2.66531	11.1486	13.8139
BLOCK00/SES003/SA003S11	SES002	-0.929232	13.9626	14.8918
BLOCK00/SES003/SA003S11	SES019	-1.64371	13.2481	14.8918
BLOCK00/SES003/SA003S11	SES082	-0.894604	13.9972	14.8918
BLOCK00/SES003/SA003S11	SES125	-1.9475	12.9443	14.8918
BLOCK00/SES003/SA003S15	SES016	-2.09042	13.7566	15.847
BLOCK00/SES003/SA003S15	SES019	-1.95648	13.8906	15.847
BLOCK00/SES003/SA003S15	SES062	-2.42898	13.4181	15.847
BLOCK00/SES003/SA003S15	SES206	-1.68047	14.1666	15.847
BLOCK00/SES003/SA003S22	SES002	-2.40371	13.0614	15.4651
BLOCK00/SES003/SA003S22	SES062	-1.85747	13.6076	15.4651
BLOCK00/SES003/SA003S22	SES082	-2.39324	13.0719	15.4651
BLOCK00/SES003/SA003S22	SES087	-1.7657	13.6994	15.4651
BLOCK00/SES003/SA003S25	SES062	-3.43375	11.3694	14.8031
BLOCK00/SES003/SA003S25	SES082	-2.11574	12.6874	14.8031
BLOCK00/SES003/SA003S25	SES087	-1.37004	13.4331	14.8031
BLOCK00/SES003/SA003S25	SES206	-2.34417	12.4589	14.8031
BLOCK00/SES003/SA003S29	SES002	-1.86782	12.5986	14.4665
BLOCK00/SES003/SA003S29	SES062	-3.23626	11.2302	14.4665
BLOCK00/SES003/SA003S29	SES082	-1.5362	12.9303	14.4665
BLOCK00/SES003/SA003S29	SES087	-1.99375	12.4727	14.4665
BLOCK00/SES004/SA004S12	SES083	-1.94587	12.1946	14.1404
BLOCK00/SES004/SA004S12	SES148	-2.45715	11.6833	14.1404
BLOCK00/SES004/SA004S12	SES172	-1.07945	13.061	14.1404
BLOCK00/SES004/SA004S12	SES292	-1.72216	12.4183	14.1404
BLOCK00/SES004/SA004S17	SES083	-2.10033	12.0051	14.1054
BLOCK00/SES004/SA004S17	SES162	-1.40505	12.7004	14.1054
BLOCK00/SES004/SA004S17	SES172	-1.22588	12.8795	14.1054
BLOCK00/SES004/SA004S17	SES292	-1.8295	12.2759	14.1054
BLOCK00/SES004/SA004S24	SES083	-2.47034	12.0979	14.5682
BLOCK00/SES004/SA004S24	SES148	-2.81704	11.7512	14.5682
BLOCK00/SES004/SA004S24	SES172	-0.972706	13.5955	14.5682
BLOCK00/SES004/SA004S24	SES292	-1.34062	13.2276	14.5682
BLOCK00/SES004/SA004S26	SES083	-2.32032	12.0231	14.3434
BLOCK00/SES004/SA004S26	SES127	-1.89929	12.4441	14.3434
BLOCK00/SES004/SA004S26	SES148	-4.11967	10.2238	14.3434
BLOCK00/SES004/SA004S26	SES292	-2.7281	11.6153	14.3434
BLOCK00/SES004/SA004S28	SES083	-1.62044	14.1603	15.7808
BLOCK00/SES004/SA004S28	SES127	-0.968034	14.8127	15.7808
BLOCK00/SES004/SA004S28	SES187	-0.980887	14.7999	15.7808
BLOCK00/SES004/SA004S28	SES292	-2.06704	13.7137	15.7808
BLOCK00/SES006/SA006S10	SES014	-4.00256	7.81234	11.8149
BLOCK00/SES006/SA006S10	SES158	-2.3369	9.47801	11.8149
BLOCK00/SES006/SA006S10	SES226	-4.11014	7.70476	11.8149
BLOCK00/SES006/SA006S10	SES270	-1.37129	10.4436	11.8149
BLOCK00/SES006/SA006S11	SES158	-1.65755	10.4029	12.0604
BLOCK00/SES006/SA006S11	SES226	-3.18505	8.87536	12.0604
BLOCK00/SES006/SA006S11	SES270	-1.86047	10.1999	12.0604
BLOCK00/SES006/SA006S11	SES275	-2.96425	9.09617	12.0604
BLOCK00/SES006/SA006S23	SES062	-3.44846	10.5905	14.039
BLOCK00/SES006/SA006S23	SES105	-4.40003	9.63893	14.039
BLOCK00/SES006/SA006S23	SES158	-2.26234	11.7766	14.039
BLOCK00/SES006/SA006S23	SES275	-2.69822	11.3407	14.039
BLOCK00/SES006/SA006S26	SES104	-4.33996	9.2686	13.6086
BLOCK00/SES006/SA006S26	SES158	-1.81215	11.7964	13.6086
BLOCK00/SES006/SA006S26	SES270	-1.02123	12.5873	13.6086
BLOCK00/SES006/SA006S26	SES275	-3.03421	10.5743	13.6086
BLOCK00/SES006/SA006S28	SES007	-2.9574	9.19415	12.1515
BLOCK00/SES006/SA006S28	SES105	-3.77807	8.37348	12.1515
BLOCK00/SES006/SA006S28	SES158	-1.26451	10.887	12.1515
BLOCK00/SES006/SA006S28	SES275	-3.61663	8.53492	12.1515
BLOCK00/SES009/SA009S12	SES083	-2.47907	13.3118	15.7908
BLOCK00/SES009/SA009S12	SES148	-2.76507	13.0258	15.7908
BLOCK00/SES009/SA009S12	SES177	-1.42752	14.3633	15.7908
BLOCK00/SES009/SA009S12	SES292	-1.99134	13.7995	15.7908
BLOCK00/SES009/SA009S15	SES007	-0.530385	15.932	16.4624
BLOCK00/SES009/SA009S15	SES099	-3.93517	12.5272	16.4624
BLOCK00/SES009/SA009S15	SES148	-2.7281	13.7343	16.4624
BLOCK00/SES009/SA009S15	SES172	-1.91004	14.5523	16.4624
BLOCK00/SES009/SA009S24	SES146	-1.33879	14.9998	16.3386
BLOCK00/SES009/SA009S24	SES148	-2.95945	13.3791	16.3386
BLOCK00/SES009/SA009S24	SES177	-0.652239	15.6863	16.3386
BLOCK00/SES009/SA009S24	SES292	-1.8154	14.5232	16.3386
BLOCK00/SES009/SA009S26	SES083	-2.6399	12.844	15.4839
BLOCK00/SES009/SA009S26	SES101	-2.86448	12.6194	15.4839
BLOCK00/SES009/SA009S26	SES120	-1.9583	13.5256	15.4839
BLOCK00/SES009/SA009S26	SES177	-1.30838	14.1755	15.4839
BLOCK00/SES009/SA009S29	SES083	-2.00586	14.1626	16.1685
BLOCK00/SES009/SA009S29	SES101	-2.12693	14.0416	16.1685
BLOCK00/SES009/SA009S29	SES177	-1.09419	15.0743	16.1685
BLOCK00/SES009/SA009S29	SES292	-1.57238	14.5961	16.1685
BLOCK01/SES011/SA011S10	SES019	-1.37369	14.0273	15.401
BLOCK01/SES011/SA011S10	SES042	-0.170572	15.2304	15.401
BLOCK01/SES011/SA011S10	SES082	-2.60631	12.7947	15.401
BLOCK01/SES011/SA011S10	SES206	-1.81797	13.583	15.401
BLOCK01/SES011/SA011S11	SES019	-1.80425	12.5177	14.3219
BLOCK01/SES011/SA011S11	SES042	-1.58677	12.7351	14.3219
BLOCK01/SES011/SA011S11	SES082	-1.9961	12.3258	14.3219
BLOCK01/SES011/SA011S11	SES206	-2.61266	11.7092	14.3219
BLOCK01/SES011/SA011S22	SES019	-1.21399	13.0018	14.2158
BLOCK01/SES011/SA011S22	SES042	-0.255078	13.9607	14.2158
BLOCK01/SES011/SA011S22	SES082	-2.26667	11.9491	14.2158
BLOCK01/SES011/SA011S22	SES206	-2.22594	11.9899	14.2158
BLOCK01/SES011/SA011S24	SES019	-2.12822	12.9085	15.0368
BLOCK01/SES011/SA011S24	SES042	-0.568691	14.4681	15.0368
BLOCK01/SES011/SA011S24	SES104	-2.37552	12.6612	15.0368
BLOCK01/SES011/SA011S24	SES206	-1.78279	13.254	15.0368
BLOCK01/SES011/SA011S27	SES082	-0.360347	14.0827	14.4431
BLOCK01/SES011/SA011S27	SES087	-1.79429	12.6488	14.4431
BLOCK01/SES011/SA011S27	SES125	-1.57785	12.8652	14.4431
BLOCK01/SES011/SA011S27	SES206	-1.86142	12.5817	14.4431
BLOCK01/SES012/SA012S11	SES007	-1.33055	15.5758	16.9063
BLOCK01/SES012/SA012S11	SES082	-2.20022	14.7061	16.9063
BLOCK01/SES012/SA012S11	SES083	-2.02793	14.8784	16.9063
BLOCK01/SES012/SA012S11	SES206	-1.90889	14.9974	16.9063
BLOCK01/SES012/SA012S14	SES082	-1.19522	15.1156	16.3109
BLOCK01/SES012/SA012S14	SES087	-2.34991	13.961	16.3109
BLOCK01/SES012/SA012S14	SES206	-1.51872	14.7921	16.3109
BLOCK01/SES012/SA012S14	SES292	-1.93412	14.3767	16.3109
BLOCK01/SES012/SA012S24	SES082	-0.527201	14.6301	15.1573
BLOCK01/SES012/SA012S24	SES087	-1.85919	13.2981	15.1573
BLOCK01/SES012/SA012S24	SES120	-2.27804	12.8793	15.1573
BLOCK01/SES012/SA012S24	SES206	-1.13417	14.0232	15.1573
BLOCK01/SES012/SA012S26	SES019	-4.09408	12.8171	16.9112
BLOCK01/SES012/SA012S26	SES082	-2.57101	14.3402	16.9112
BLOCK01/SES012/SA012S26	SES206	-1.0562	15.855	16.9112
BLOCK01/SES012/SA012S26	SES292	-1.4238	15.4874	16.9112
BLOCK01/SES012/SA012S29	SES062	-2.11139	14.4632	16.5746
BLOCK01/SES012/SA012S29	SES082	-1.48069	15.0939	16.5746
BLOCK01/SES012/SA012S29	SES083	-2.57955	13.9951	16.5746
BLOCK01/SES012/SA012S29	SES206	-1.15353	15.4211	16.5746
BLOCK01/SES013/SA013S16	SES062	-3.48731	11.0672	14.5545
BLOCK01/SES013/SA013S16	SES106	-1.51645	13.038	14.5545
BLOCK01/SES013/SA013S16	SES206	-1.82713	12.7274	14.5545
BLOCK01/SES013/SA013S16	SES226	-1.39457	13.1599	14.5545
BLOCK01/SES013/SA013S17	SES062	-2.62609	13.5675	16.1936
BLOCK01/SES013/SA013S17	SES106	-2.53293	13.6607	16.1936
BLOCK01/SES013/SA013S17	SES206	-0.522779	15.6708	16.1936
BLOCK01/SES013/SA013S17	SES226	-0.848063	15.3455	16.1936
BLOCK01/SES013/SA013S23	SES104	-2.37929	12.9561	15.3354
BLOCK01/SES013/SA013S23	SES106	-1.81024	13.5252	15.3354
BLOCK01/SES013/SA013S23	SES206	-1.5688	13.7666	15.3354
BLOCK01/SES013/SA013S23	SES270	-1.45679	13.8786	15.3354
BLOCK01/SES013/SA013S25	SES042	-2.17841	14.4153	16.5937
BLOCK01/SES013/SA013S25	SES104	-1.58678	15.0069	16.5937
BLOCK01/SES013/SA013S25	SES106	-1.81723	14.7764	16.5937
BLOCK01/SES013/SA013S25	SES206	-1.49599	15.0977	16.5937
BLOCK01/SES013/SA013S29	SES062	-3.62596	11.9945	15.6204
BLOCK01/SES013/SA013S29	SES104	-2.87966	12.7408	15.6204
BLOCK01/SES013/SA013S29	SES106	-1.76075	13.8597	15.6204
BLOCK01/SES013/SA013S29	SES206	-1.85902	13.7614	15.6204
BLOCK02/SES021/SA021S13	SES016	-3.36741	13.2335	16.601
BLOCK02/SES021/SA021S13	SES029	-1.79774	14.8032	16.601
BLOCK02/SES021/SA021S13	SES087	-1.61109	14.9899	16.601
BLOCK02/SES021/SA021S13	SES206	-1.30748	15.2935	16.601
BLOCK02/SES021/SA021S15	SES087	-1.60438	16.3203	17.9247
BLOCK02/SES021/SA021S15	SES125	-1.35246	16.5722	17.9247
BLOCK02/SES021/SA021S15	SES206	-1.67321	16.2515	17.9247
BLOCK02/SES021/SA021S15	SES226	-2.25527	15.6694	17.9247
BLOCK02/SES021/SA021S23	SES062	-2.81203	11.8883	14.7003
BLOCK02/SES021/SA021S23	SES087	-1.0657	13.6346	14.7003
BLOCK02/SES021/SA021S23	SES206	-1.84538	12.8549	14.7003
BLOCK02/SES021/SA021S23	SES226	-1.4615	13.2388	14.7003
BLOCK02/SES021/SA021S27	SES002	-0.754814	15.7304	16.4852
BLOCK02/SES021/SA021S27	SES016	-4.59351	11.8917	16.4852
BLOCK02/SES021/SA021S27	SES019	-1.85905	14.6261	16.4852
BLOCK02/SES021/SA021S27	SES062	-1.72642	14.7588	16.4852
BLOCK02/SES021/SA021S29	SES087	-1.58068	15.1145	16.6952
BLOCK02/SES021/SA021S29	SES125	-1.11153	15.5837	16.6952
BLOCK02/SES021/SA021S29	SES206	-1.11291	15.5823	16.6952
BLOCK02/SES021/SA021S29	SES226	-2.23773	14.4575	16.6952
BLOCK04/SES043/SA043S09	SES083	-1.35256	12.5351	13.8876
BLOCK04/SES043/SA043S09	SES101	-1.25929	12.6283	13.8876
BLOCK04/SES043/SA043S09	SES144	-0.602922	13.2847	13.8876
BLOCK04/SES043/SA043S09	SES172	-1.69143	12.1962	13.8876
BLOCK04/SES043/SA043S11	SES083	-0.883408	14.6913	15.5747
BLOCK04/SES043/SA043S11	SES101	-1.35615	14.2186	15.5747
BLOCK04/SES043/SA043S11	SES144	-0.181985	15.3928	15.5747
BLOCK04/SES043/SA043S11	SES172	-1.51632	14.0584	15.5747
BLOCK04/SES043/SA043S23	SES083	-1.48423	13.5474	15.0317
BLOCK04/SES043/SA043S23	SES144	-0.446702	14.585	15.0317
BLOCK04/SES043/SA043S23	SES177	-1.75992	13.2717	15.0317
BLOCK04/SES043/SA043S23	SES275	-1.31132	13.7203	15.0317
BLOCK04/SES043/SA043S26	SES083	-1.62056	12.713	14.3336
BLOCK04/SES043/SA043S26	SES101	-1.65113	12.6825	14.3336
BLOCK04/SES043/SA043S26	SES144	-0.381059	13.9525	14.3336
BLOCK04/SES043/SA043S26	SES177	-1.80796	12.5256	14.3336
BLOCK04/SES043/SA043S28	SES016	-2.12871	13.6068	15.7355
BLOCK04/SES043/SA043S28	SES083	-0.900464	14.835	15.7355
BLOCK04/SES043/SA043S28	SES101	-0.784481	14.951	15.7355
BLOCK04/SES043/SA043S28	SES144	-0.891954	14.8435	15.7355
BLOCK04/SES044/SA044S10	SES127	-2.86443	9.00373	11.8682
BLOCK04/SES044/SA044S10	SES144	-0.357625	11.5105	11.8682
BLOCK04/SES044/SA044S10	SES147	-2.76395	9.10421	11.8682
BLOCK04/SES044/SA044S10	SES148	-3.31394	8.55422	11.8682
BLOCK04/SES044/SA044S11	SES101	-0.921702	12.4905	13.4122
BLOCK04/SES044/SA044S11	SES144	-0.171945	13.2403	13.4122
BLOCK04/SES044/SA044S11	SES147	-2.29986	11.1124	13.4122
BLOCK04/SES044/SA044S11	SES177	-2.19429	11.2179	13.4122
BLOCK04/SES044/SA044S24	SES007	-2.24732	12.055	14.3023
BLOCK04/SES044/SA044S24	SES101	-1.4772	12.8251	14.3023
BLOCK04/SES044/SA044S24	SES147	-2.6824	11.6199	14.3023
BLOCK04/SES044/SA044S24	SES177	-2.0249	12.2774	14.3023
BLOCK04/SES044/SA044S26	SES007	-1.68693	12.7511	14.438
BLOCK04/SES044/SA044S26	SES016	-1.27822	13.1598	14.438
BLOCK04/SES044/SA044S26	SES101	-1.42698	13.011	14.438
BLOCK04/SES044/SA044S26	SES147	-1.10981	13.3282	14.438
BLOCK04/SES044/SA044S29	SES007	-2.54217	11.6545	14.1966
BLOCK04/SES044/SA044S29	SES101	-0.308522	13.8881	14.1966
BLOCK04/SES044/SA044S29	SES147	-1.72186	12.4748	14.1966
BLOCK04/SES044/SA044S29	SES177	-2.4371	11.7595	14.1966
BLOCK04/SES046/SA046S13	SES101	-1.54457	12.5218	14.0663
BLOCK04/SES046/SA046S13	SES144	-1.13066	12.9357	14.0663
BLOCK04/SES046/SA046S13	SES147	-2.02839	12.038	14.0663
BLOCK04/SES046/SA046S13	SES177	-1.95179	12.1146	14.0663
BLOCK04/SES046/SA046S15	SES048	-0.731758	15.0192	15.7509
BLOCK04/SES046/SA046S15	SES083	-1.17207	14.5789	15.7509
BLOCK04/SES046/SA046S15	SES120	-2.76367	12.9873	15.7509
BLOCK04/SES046/SA046S15	SES148	-1.9458	13.8051	15.7509
BLOCK04/SES046/SA046S22	SES101	-1.35373	12.876	14.2297
BLOCK04/SES046/SA046S22	SES144	-0.895373	13.3343	14.2297
BLOCK04/SES046/SA046S22	SES147	-2.42438	11.8053	14.2297
BLOCK04/SES046/SA046S22	SES172	-1.24369	12.986	14.2297
BLOCK04/SES046/SA046S25	SES083	-1.43847	12.3539	13.7924
BLOCK04/SES046/SA046S25	SES127	-1.48486	12.3076	13.7924
BLOCK04/SES046/SA046S25	SES144	-1.89006	11.9024	13.7924
BLOCK04/SES046/SA046S25	SES148	-2.01278	11.7796	13.7924
BLOCK04/SES046/SA046S28	SES007	-2.38121	11.6245	14.0058
BLOCK04/SES046/SA046S28	SES105	-2.75877	11.247	14.0058
BLOCK04/SES046/SA046S28	SES147	-1.80248	12.2033	14.0058
BLOCK04/SES046/SA046S28	SES148	-1.52372	12.482	14.0058
BLOCK04/SES049/SA049S16	SES104	-2.51272	11.4222	13.9349
BLOCK04/SES049/SA049S16	SES106	-1.99555	11.9393	13.9349
BLOCK04/SES049/SA049S16	SES120	-2.31656	11.6183	13.9349
BLOCK04/SES049/SA049S16	SES206	-1.22004	12.7148	13.9349
BLOCK04/SES049/SA049S18	SES099	-0.772197	12.5642	13.3364
BLOCK04/SES049/SA049S18	SES104	-2.64032	10.696	13.3364
BLOCK04/SES049/SA049S18	SES125	-2.66505	10.6713	13.3364
BLOCK04/SES049/SA049S18	SES206	-1.75212	11.5842	13.3364
BLOCK04/SES049/SA049S25	SES087	-1.63458	12.8234	14.458
BLOCK04/SES049/SA049S25	SES104	-1.06071	13.3973	14.458
BLOCK04/SES049/SA049S25	SES125	-1.05587	13.4021	14.458
BLOCK04/SES049/SA049S25	SES206	-0.838822	13.6192	14.458
BLOCK04/SES049/SA049S27	SES099	-1.21395	13.2086	14.4225
BLOCK04/SES049/SA049S27	SES104	-1.47668	12.9458	14.4225
BLOCK04/SES049/SA049S27	SES125	-2.03037	12.3922	14.4225
BLOCK04/SES049/SA049S27	SES206	-2.11655	12.306	14.4225
BLOCK04/SES049/SA049S29	SES099	-0.497135	15.1645	15.6617
BLOCK04/SES049/SA049S29	SES104	-0.815199	14.8465	15.6617
BLOCK04/SES049/SA049S29	SES125	-1.21145	14.4502	15.6617
BLOCK04/SES049/SA049S29	SES206	-0.530404	15.1313	15.6617
BLOCK06/SES063/SA063S09	SES068	-1.65141	14.5198	16.1713
BLOCK06/SES063/SA063S09	SES083	-1.09717	15.0741	16.1713
BLOCK06/SES063/SA063S09	SES177	-1.40607	14.7652	16.1713
BLOCK06/SES063/SA063S09	SES187	-1.4976	14.6737	16.1713
BLOCK06/SES063/SA063S10	SES068	-2.34499	13.296	15.641
BLOCK06/SES063/SA063S10	SES083	-1.54484	14.0962	15.641
BLOCK06/SES063/SA063S10	SES172	-1.95168	13.6893	15.641
BLOCK06/SES063/SA063S10	SES187	-1.79937	13.8417	15.641
BLOCK06/SES063/SA063S20	SES068	-1.96283	13.0671	15.0299
BLOCK06/SES063/SA063S20	SES083	-1.40331	13.6266	15.0299
BLOCK06/SES063/SA063S20	SES172	-1.06447	13.9655	15.0299
BLOCK06/SES063/SA063S20	SES187	-1.41558	13.6143	15.0299
BLOCK06/SES063/SA063S24	SES029	-2.8016	12.8662	15.6678
BLOCK06/SES063/SA063S24	SES083	-0.849986	14.8178	15.6678
BLOCK06/SES063/SA063S24	SES177	-1.29815	14.3696	15.6678
BLOCK06/SES063/SA063S24	SES189	-1.18206	14.4857	15.6678
BLOCK06/SES063/SA063S27	SES083	-1.19232	14.0528	15.2451
BLOCK06/SES063/SA063S27	SES172	-1.8505	13.3946	15.2451
BLOCK06/SES063/SA063S27	SES187	-1.7621	13.483	15.2451
BLOCK06/SES063/SA063S27	SES292	-1.63381	13.6113	15.2451
BLOCK06/SES067/SA067S12	SES083	-1.80561	14.012	15.8176
BLOCK06/SES067/SA067S12	SES172	-1.96446	13.8531	15.8176
BLOCK06/SES067/SA067S12	SES202	-0.909935	14.9076	15.8176
BLOCK06/SES067/SA067S12	SES292	-1.89158	13.926	15.8176
BLOCK06/SES067/SA067S14	SES085	-1.88696	14.8324	16.7194
BLOCK06/SES067/SA067S14	SES177	-1.96502	14.7544	16.7194
BLOCK06/SES067/SA067S14	SES183	-0.713205	16.0062	16.7194
BLOCK06/SES067/SA067S14	SES202	-0.983694	15.7357	16.7194
BLOCK06/SES067/SA067S21	SES144	-1.2039	14.2133	15.4172
BLOCK06/SES067/SA067S21	SES177	-1.81777	13.5994	15.4172
BLOCK06/SES067/SA067S21	SES183	-0.7911	14.6261	15.4172
BLOCK06/SES067/SA067S21	SES189	-0.936225	14.4809	15.4172
BLOCK06/SES067/SA067S25	SES085	-0.667255	15.0283	15.6956
BLOCK06/SES067/SA067S25	SES177	-1.41188	14.2837	15.6956
BLOCK06/SES067/SA067S25	SES183	-1.23299	14.4626	15.6956
BLOCK06/SES067/SA067S25	SES202	-1.28857	14.407	15.6956
BLOCK06/SES067/SA067S29	SES085	-1.78592	13.9573	15.7432
BLOCK06/SES067/SA067S29	SES177	-1.75116	13.992	15.7432
BLOCK06/SES067/SA067S29	SES183	-0.322481	15.4207	15.7432
BLOCK06/SES067/SA067S29	SES202	-0.579473	15.1637	15.7432
BLOCK06/SES069/SA069S12	SES029	-2.79101	13.4861	16.2771
BLOCK06/SES069/SA069S12	SES082	-0.667955	15.6091	16.2771
BLOCK06/SES069/SA069S12	SES087	-1.29602	14.981	16.2771
BLOCK06/SES069/SA069S12	SES206	-1.11361	15.1635	16.2771
BLOCK06/SES069/SA069S13	SES029	-3.25377	12.8913	16.145
BLOCK06/SES069/SA069S13	SES087	-1.22726	14.9178	16.145
BLOCK06/SES069/SA069S13	SES206	-1.28388	14.8611	16.145
BLOCK06/SES069/SA069S13	SES226	-0.65137	15.4937	16.145
BLOCK06/SES069/SA069S23	SES029	-1.39732	16.3471	17.7444
BLOCK06/SES069/SA069S23	SES087	-0.987591	16.7568	17.7444
BLOCK06/SES069/SA069S23	SES206	-1.6279	16.1165	17.7444
BLOCK06/SES069/SA069S23	SES226	-0.575369	17.169	17.7444
BLOCK06/SES069/SA069S25	SES087	-1.20962	15.5675	16.7771
BLOCK06/SES069/SA069S25	SES206	-2.9093	13.8678	16.7771
BLOCK06/SES069/SA069S25	SES226	-1.11511	15.662	16.7771
BLOCK06/SES069/SA069S25	SES270	-2.00305	14.7741	16.7771
BLOCK06/SES069/SA069S27	SES087	-1.9595	14.6823	16.6418
BLOCK06/SES069/SA069S27	SES206	-1.18856	15.4532	16.6418
BLOCK06/SES069/SA069S27	SES226	-0.530582	16.1112	16.6418
BLOCK06/SES069/SA069S27	SES270	-1.55679	15.085	16.6418
BLOCK08/SES081/SA081S11	SES060	-2.32846	12.3021	14.6306
BLOCK08/SES081/SA081S11	SES062	-2.53634	12.0943	14.6306
BLOCK08/SES081/SA081S11	SES117	-3.05533	11.5753	14.6306
BLOCK08/SES081/SA081S11	SES162	-2.18879	12.4418	14.6306
BLOCK08/SES081/SA081S13	SES016	-1.49241	14.741	16.2334
BLOCK08/SES081/SA081S13	SES060	-0.213245	16.0201	16.2334
BLOCK08/SES081/SA081S13	SES068	-0.960717	15.2727	16.2334
BLOCK08/SES081/SA081S13	SES129	-2.2662	13.9672	16.2334
BLOCK08/SES081/SA081S24	SES060	-0.793194	14.275	15.0682
BLOCK08/SES081/SA081S24	SES068	-0.942793	14.1254	15.0682
BLOCK08/SES081/SA081S24	SES117	-2.02169	13.0465	15.0682
BLOCK08/SES081/SA081S24	SES275	-2.14024	12.928	15.0682
BLOCK08/SES081/SA081S27	SES007	-1.24787	12.7962	14.0441
BLOCK08/SES081/SA081S27	SES060	-1.8173	12.2268	14.0441
BLOCK08/SES081/SA081S27	SES117	-1.03757	13.0065	14.0441
BLOCK08/SES081/SA081S27	SES275	-1.81946	12.2247	14.0441
BLOCK08/SES081/SA081S29	SES007	-1.12829	14.6598	15.7881
BLOCK08/SES081/SA081S29	SES060	-1.27904	14.509	15.7881
BLOCK08/SES081/SA081S29	SES117	-1.93894	13.8491	15.7881
BLOCK08/SES081/SA081S29	SES275	-2.03452	13.7536	15.7881
BLOCK08/SES086/SA086S11	SES029	-4.22623	9.33573	13.562
BLOCK08/SES086/SA086S11	SES082	-1.64514	11.9168	13.562
BLOCK08/SES086/SA086S11	SES087	-0.606931	12.955	13.562
BLOCK08/SES086/SA086S11	SES206	-2.24562	11.3163	13.562
BLOCK08/SES086/SA086S12	SES029	-2.6012	12.3232	14.9244
BLOCK08/SES086/SA086S12	SES082	-2.13062	12.7938	14.9244
BLOCK08/SES086/SA086S12	SES087	0.279529	15.2039	14.9244
BLOCK08/SES086/SA086S12	SES206	-1.81641	13.108	14.9244
BLOCK08/SES086/SA086S20	SES029	-3.86787	12.2172	16.0851
BLOCK08/SES086/SA086S20	SES082	-2.64083	13.4443	16.0851
BLOCK08/SES086/SA086S20	SES087	-0.392769	15.6923	16.0851
BLOCK08/SES086/SA086S20	SES206	-1.19225	14.8929	16.0851
BLOCK08/SES086/SA086S24	SES087	-0.450822	14.4279	14.8787
BLOCK08/SES086/SA086S24	SES104	-2.31705	12.5616	14.8787
BLOCK08/SES086/SA086S24	SES120	-2.38156	12.4971	14.8787
BLOCK08/SES086/SA086S24	SES206	-0.56877	14.3099	14.8787
BLOCK08/SES086/SA086S28	SES029	-2.67808	12.7169	15.3949
BLOCK08/SES086/SA086S28	SES082	-1.95018	13.4448	15.3949
BLOCK08/SES086/SA086S28	SES087	-0.561127	14.8338	15.3949
BLOCK08/SES086/SA086S28	SES206	-1.23783	14.1571	15.3949
BLOCK08/SES089/SA089S13	SES087	-1.62913	12.9908	14.6199
BLOCK08/SES089/SA089S13	SES206	-2.25318	12.3667	14.6199
BLOCK08/SES089/SA089S13	SES226	-1.46867	13.1512	14.6199
BLOCK08/SES089/SA089S13	SES270	-2.57333	12.0466	14.6199
BLOCK08/SES089/SA089S14	SES062	-3.16352	11.9256	15.0891
BLOCK08/SES089/SA089S14	SES087	-0.730745	14.3584	15.0891
BLOCK08/SES089/SA089S14	SES206	-1.48851	13.6006	15.0891
BLOCK08/SES089/SA089S14	SES226	-1.44905	13.6401	15.0891
BLOCK08/SES089/SA089S23	SES087	-0.726533	12.5283	13.2549
BLOCK08/SES089/SA089S23	SES206	-1.6572	11.5976	13.2549
BLOCK08/SES089/SA089S23	SES226	-1.07472	12.1801	13.2549
BLOCK08/SES089/SA089S23	SES270	-2.35302	10.9018	13.2549
BLOCK08/SES089/SA089S25	SES062	-3.05089	11.9838	15.0347
BLOCK08/SES089/SA089S25	SES087	-1.33666	13.698	15.0347
BLOCK08/SES089/SA089S25	SES206	-2.72484	12.3098	15.0347
BLOCK08/SES089/SA089S25	SES226	-1.04117	13.9935	15.0347
BLOCK08/SES089/SA089S28	SES062	-1.80147	13.0701	14.8716
BLOCK08/SES089/SA089S28	SES087	-0.353268	14.5183	14.8716
BLOCK08/SES089/SA089S28	SES206	-1.25162	13.62	14.8716
BLOCK08/SES089/SA089S28	SES226	-0.761307	14.1103	14.8716
BLOCK09/SES097/SA097S11	SES099	-0.155973	14.1026	14.2586
BLOCK09/SES097/SA097S11	SES125	-1.81864	12.4399	14.2586
BLOCK09/SES097/SA097S11	SES206	-1.3831	12.8755	14.2586
BLOCK09/SES097/SA097S11	SES226	-0.397128	13.8615	14.2586
BLOCK09/SES097/SA097S14	SES062	-1.53838	12.5237	14.0621
BLOCK09/SES097/SA097S14	SES099	-0.67487	13.3872	14.0621
BLOCK09/SES097/SA097S14	SES104	-1.82202	12.24	14.0621
BLOCK09/SES097/SA097S14	SES206	-2.52258	11.5395	14.0621
BLOCK09/SES097/SA097S22	SES099	0.756154	15.26	14.5039
BLOCK09/SES097/SA097S22	SES206	-1.844	12.6599	14.5039
BLOCK09/SES097/SA097S22	SES226	-1.73264	12.7712	14.5039
BLOCK09/SES097/SA097S22	SES270	-0.370718	14.1332	14.5039
BLOCK09/SES097/SA097S26	SES099	-0.974693	14.5237	15.4984
BLOCK09/SES097/SA097S26	SES120	-2.68645	12.8119	15.4984
BLOCK09/SES097/SA097S26	SES206	-2.31643	13.1819	15.4984
BLOCK09/SES097/SA097S26	SES226	-3.05739	12.441	15.4984
BLOCK09/SES097/SA097S28	SES099	-0.640399	13.8947	14.5351
BLOCK09/SES097/SA097S28	SES120	-1.67924	12.8558	14.5351
BLOCK09/SES097/SA097S28	SES206	-2.27792	12.2571	14.5351
BLOCK09/SES097/SA097S28	SES226	-2.9619	11.5732	14.5351
BLOCK09/SES098/SA098S11	SES127	-2.52673	11.2698	13.7965
BLOCK09/SES098/SA098S11	SES144	-2.04946	11.747	13.7965
BLOCK09/SES098/SA098S11	SES147	-1.55762	12.2389	13.7965
BLOCK09/SES098/SA098S11	SES148	-3.33901	10.4575	13.7965
BLOCK09/SES098/SA098S12	SES127	-3.61286	9.07926	12.6921
BLOCK09/SES098/SA098S12	SES144	-2.47061	10.2215	12.6921
BLOCK09/SES098/SA098S12	SES147	-1.79501	10.8971	12.6921
BLOCK09/SES098/SA098S12	SES189	-1.60255	11.0896	12.6921
BLOCK09/SES098/SA098S20	SES127	-3.45876	10.6377	14.0965
BLOCK09/SES098/SA098S20	SES147	-1.92305	12.1734	14.0965
BLOCK09/SES098/SA098S20	SES148	-3.337	10.7595	14.0965
BLOCK09/SES098/SA098S20	SES292	-1.55555	12.5409	14.0965
BLOCK09/SES098/SA098S23	SES127	-2.09567	12.5928	14.6884
BLOCK09/SES098/SA098S23	SES147	-1.52816	13.1603	14.6884
BLOCK09/SES098/SA098S23	SES187	-1.14125	13.5472	14.6884
BLOCK09/SES098/SA098S23	SES292	-1.33022	13.3582	14.6884
BLOCK09/SES098/SA098S27	SES127	-3.4559	9.98919	13.4451
BLOCK09/SES098/SA098S27	SES147	-3.15932	10.2858	13.4451
BLOCK09/SES098/SA098S27	SES148	-3.71839	9.7267	13.4451
BLOCK09/SES098/SA098S27	SES292	-1.79418	11.6509	13.4451
BLOCK10/SES102/SA102S13	SES101	-0.852618	12.4423	13.2949
BLOCK10/SES102/SA102S13	SES105	-1.62952	11.6654	13.2949
BLOCK10/SES102/SA102S13	SES120	-2.63437	10.6605	13.2949
BLOCK10/SES102/SA102S13	SES158	-3.28069	10.0142	13.2949
BLOCK10/SES102/SA102S14	SES007	-0.835489	14.8352	15.6707
BLOCK10/SES102/SA102S14	SES101	-0.363971	15.3067	15.6707
BLOCK10/SES102/SA102S14	SES105	-0.520583	15.1501	15.6707
BLOCK10/SES102/SA102S14	SES147	-3.22113	12.4495	15.6707
BLOCK10/SES102/SA102S22	SES007	-1.68637	13.3773	15.0637
BLOCK10/SES102/SA102S22	SES101	-0.292011	14.7717	15.0637
BLOCK10/SES102/SA102S22	SES105	-0.823503	14.2402	15.0637
BLOCK10/SES102/SA102S22	SES158	-2.40986	12.6538	15.0637
BLOCK10/SES102/SA102S25	SES007	-0.999189	14.5876	15.5868
BLOCK10/SES102/SA102S25	SES101	-0.34121	15.2456	15.5868
BLOCK10/SES102/SA102S25	SES105	-1.13814	14.4487	15.5868
BLOCK10/SES102/SA102S25	SES147	-3.36287	12.2239	15.5868
BLOCK10/SES102/SA102S27	SES007	-1.3948	13.5445	14.9393
BLOCK10/SES102/SA102S27	SES101	-0.240473	14.6988	14.9393
BLOCK10/SES102/SA102S27	SES105	-1.27224	13.667	14.9393
BLOCK10/SES102/SA102S27	SES147	-2.53191	12.4074	14.9393
BLOCK10/SES103/SA103S14	SES105	-3.42881	9.60869	13.0375
BLOCK10/SES103/SA103S14	SES106	-1.32745	11.71	13.0375
BLOCK10/SES103/SA103S14	SES120	-2.89585	10.1416	13.0375
BLOCK10/SES103/SA103S14	SES206	-3.05696	9.98053	13.0375
BLOCK10/SES103/SA103S15	SES099	-1.71502	10.379	12.094
BLOCK10/SES103/SA103S15	SES101	-4.48599	7.60806	12.094
BLOCK10/SES103/SA103S15	SES104	-2.69768	9.39637	12.094
BLOCK10/SES103/SA103S15	SES125	-1.70732	10.3867	12.094
BLOCK10/SES103/SA103S24	SES104	-2.10381	12.603	14.7068
BLOCK10/SES103/SA103S24	SES125	-2.20565	12.5012	14.7068
BLOCK10/SES103/SA103S24	SES148	-3.72334	10.9835	14.7068
BLOCK10/SES103/SA103S24	SES158	-1.65922	13.0476	14.7068
BLOCK10/SES103/SA103S26	SES104	-2.83201	9.74616	12.5782
BLOCK10/SES103/SA103S26	SES106	-1.4216	11.1566	12.5782
BLOCK10/SES103/SA103S26	SES125	-2.14717	10.431	12.5782
BLOCK10/SES103/SA103S26	SES148	-5.03883	7.53934	12.5782
BLOCK10/SES103/SA103S28	SES104	-3.21059	9.0177	12.2283
BLOCK10/SES103/SA103S28	SES106	-1.75252	10.4758	12.2283
BLOCK10/SES103/SA103S28	SES125	-3.02722	9.20108	12.2283
BLOCK10/SES103/SA103S28	SES206	-3.55062	8.67768	12.2283
BLOCK12/SES121/SA121S12	SES042	-3.30586	7.72754	11.0334
BLOCK12/SES121/SA121S12	SES087	-2.05898	8.97443	11.0334
BLOCK12/SES121/SA121S12	SES105	-1.77086	9.26255	11.0334
BLOCK12/SES121/SA121S12	SES206	-2.4841	8.54931	11.0334
BLOCK12/SES121/SA121S14	SES007	-2.40517	8.74465	11.1498
BLOCK12/SES121/SA121S14	SES105	-2.21539	8.93443	11.1498
BLOCK12/SES121/SA121S14	SES106	-1.78277	9.36705	11.1498
BLOCK12/SES121/SA121S14	SES206	-2.76334	8.38648	11.1498
BLOCK12/SES121/SA121S23	SES105	-1.91373	9.47982	11.3936
BLOCK12/SES121/SA121S23	SES106	-1.20369	10.1899	11.3936
BLOCK12/SES121/SA121S23	SES120	-1.95106	9.4425	11.3936
BLOCK12/SES121/SA121S23	SES206	-1.61903	9.77452	11.3936
BLOCK12/SES121/SA121S25	SES007	-1.64165	7.67682	9.31847
BLOCK12/SES121/SA121S25	SES105	-2.30979	7.00868	9.31847
BLOCK12/SES121/SA121S25	SES106	-1.74857	7.5699	9.31847
BLOCK12/SES121/SA121S25	SES206	-3.21365	6.10482	9.31847
BLOCK12/SES121/SA121S27	SES087	-1.24296	10.5003	11.7432
BLOCK12/SES121/SA121S27	SES105	-3.47636	8.26688	11.7432
BLOCK12/SES121/SA121S27	SES120	-0.724652	11.0186	11.7432
BLOCK12/SES121/SA121S27	SES206	-2.35607	9.38717	11.7432
BLOCK12/SES124/SA124S16	SES042	-0.876794	13.0106	13.8874
BLOCK12/SES124/SA124S16	SES082	-1.88662	12.0007	13.8874
BLOCK12/SES124/SA124S16	SES183	-2.80153	11.0858	13.8874
BLOCK12/SES124/SA124S16	SES206	-2.16556	11.7218	13.8874
BLOCK12/SES124/SA124S17	SES105	-2.6634	9.28528	11.9487
BLOCK12/SES124/SA124S17	SES149	-3.1517	8.79698	11.9487
BLOCK12/SES124/SA124S17	SES158	-3.08681	8.86187	11.9487
BLOCK12/SES124/SA124S17	SES275	-1.70437	10.2443	11.9487
BLOCK12/SES124/SA124S23	SES105	-3.15323	12.5069	15.6601
BLOCK12/SES124/SA124S23	SES125	-0.433787	15.2263	15.6601
BLOCK12/SES124/SA124S23	SES129	-2.69671	12.9634	15.6601
BLOCK12/SES124/SA124S23	SES158	-1.44532	14.2148	15.6601
BLOCK12/SES124/SA124S26	SES105	-3.83386	10.9772	14.811
BLOCK12/SES124/SA124S26	SES125	-1.84728	12.9638	14.811
BLOCK12/SES124/SA124S26	SES129	-3.04763	11.7634	14.811
BLOCK12/SES124/SA124S26	SES158	-2.22551	12.5855	14.811
BLOCK12/SES124/SA124S28	SES104	-1.38351	13.085	14.4686
BLOCK12/SES124/SA124S28	SES106	-1.16638	13.3022	14.4686
BLOCK12/SES124/SA124S28	SES125	-0.273184	14.1954	14.4686
BLOCK12/SES124/SA124S28	SES275	-2.75293	11.7156	14.4686
BLOCK12/SES126/SA126S13	SES007	-1.5815	12.4092	13.9907
BLOCK12/SES126/SA126S13	SES162	-1.91667	12.074	13.9907
BLOCK12/SES126/SA126S13	SES177	-0.992331	12.9984	13.9907
BLOCK12/SES126/SA126S13	SES180	-2.13442	11.8563	13.9907
BLOCK12/SES126/SA126S14	SES144	-1.43686	14.1602	15.597
BLOCK12/SES126/SA126S14	SES148	-2.14701	13.45	15.597
BLOCK12/SES126/SA126S14	SES177	-1.0167	14.5803	15.597
BLOCK12/SES126/SA126S14	SES180	-2.50086	13.0962	15.597
BLOCK12/SES126/SA126S20	SES007	-1.44349	13.1693	14.6128
BLOCK12/SES126/SA126S20	SES162	-2.09073	12.5221	14.6128
BLOCK12/SES126/SA126S20	SES172	-2.32471	12.2881	14.6128
BLOCK12/SES126/SA126S20	SES180	-1.9434	12.6694	14.6128
BLOCK12/SES126/SA126S24	SES120	-0.608923	15.0142	15.6232
BLOCK12/SES126/SA126S24	SES162	-1.55575	14.0674	15.6232
BLOCK12/SES126/SA126S24	SES177	-1.08812	14.535	15.6232
BLOCK12/SES126/SA126S24	SES180	-0.997502	14.6256	15.6232
BLOCK12/SES126/SA126S26	SES120	-0.574006	14.3109	14.8849
BLOCK12/SES126/SA126S26	SES177	-1.23209	13.6528	14.8849
BLOCK12/SES126/SA126S26	SES180	-2.20639	12.6785	14.8849
BLOCK12/SES126/SA126S26	SES202	-1.90355	12.9813	14.8849
BLOCK12/SES128/SA128S10	SES087	-2.62354	12.5542	15.1778
BLOCK12/SES128/SA128S10	SES206	-1.64321	13.5345	15.1778
BLOCK12/SES128/SA128S10	SES226	-1.36521	13.8125	15.1778
BLOCK12/SES128/SA128S10	SES270	-1.14949	14.0283	15.1778
BLOCK12/SES128/SA128S12	SES120	-1.73102	12.8379	14.5689
BLOCK12/SES128/SA128S12	SES158	-2.37153	12.1974	14.5689
BLOCK12/SES128/SA128S12	SES206	-1.73538	12.8335	14.5689
BLOCK12/SES128/SA128S12	SES226	-2.29155	12.2773	14.5689
BLOCK12/SES128/SA128S21	SES106	-3.30212	10.4109	13.7131
BLOCK12/SES128/SA128S21	SES120	-2.81867	10.8944	13.7131
BLOCK12/SES128/SA128S21	SES206	-1.91718	11.7959	13.7131
BLOCK12/SES128/SA128S21	SES226	-1.7268	11.9863	13.7131
BLOCK12/SES128/SA128S24	SES087	-1.67163	12.5953	14.2669
BLOCK12/SES128/SA128S24	SES120	-1.28988	12.977	14.2669
BLOCK12/SES128/SA128S24	SES206	-1.44943	12.8174	14.2669
BLOCK12/SES128/SA128S24	SES226	-2.1043	12.1626	14.2669
BLOCK12/SES128/SA128S27	SES099	-1.38801	14.2727	15.6607
BLOCK12/SES128/SA128S27	SES120	-1.34135	14.3194	15.6607
BLOCK12/SES128/SA128S27	SES206	-1.59727	14.0635	15.6607
BLOCK12/SES128/SA128S27	SES226	-1.9881	13.6726	15.6607
BLOCK13/SES130/SA130S13	SES143	-1.83725	12.6341	14.4713
BLOCK13/SES130/SA130S13	SES144	-0.839297	13.6321	14.4713
BLOCK13/SES130/SA130S13	SES146	-2.09794	12.3734	14.4713
BLOCK13/SES130/SA130S13	SES275	-2.72355	11.7478	14.4713
BLOCK13/SES130/SA130S15	SES143	-2.09379	13.6759	15.7697
BLOCK13/SES130/SA130S15	SES144	-0.692889	15.0768	15.7697
BLOCK13/SES130/SA130S15	SES146	-1.31457	14.4551	15.7697
BLOCK13/SES130/SA130S15	SES275	-1.81908	13.9506	15.7697
BLOCK13/SES130/SA130S23	SES127	-2.4429	11.5471	13.99
BLOCK13/SES130/SA130S23	SES144	-1.56267	12.4273	13.99
BLOCK13/SES130/SA130S23	SES146	-1.23427	12.7557	13.99
BLOCK13/SES130/SA130S23	SES162	-0.98621	13.0038	13.99
BLOCK13/SES130/SA130S25	SES127	-0.879953	14.6963	15.5762
BLOCK13/SES130/SA130S25	SES144	-0.691565	14.8847	15.5762
BLOCK13/SES130/SA130S25	SES146	-0.62394	14.9523	15.5762
BLOCK13/SES130/SA130S25	SES275	-0.554118	15.0221	15.5762
BLOCK13/SES130/SA130S28	SES127	-1.03175	13.6616	14.6934
BLOCK13/SES130/SA130S28	SES144	-1.2606	13.4328	14.6934
BLOCK13/SES130/SA130S28	SES146	-0.961299	13.7321	14.6934
BLOCK13/SES130/SA130S28	SES275	-0.898965	13.7944	14.6934
BLOCK13/SES131/SA131S13	SES002	-2.61287	9.49944	12.1123
BLOCK13/SES131/SA131S13	SES007	-3.07645	9.03586	12.1123
BLOCK13/SES131/SA131S13	SES099	-2.27051	9.8418	12.1123
BLOCK13/SES131/SA131S13	SES105	-2.61824	9.49408	12.1123
BLOCK13/SES131/SA131S14	SES104	-1.2637	12.5572	13.8209
BLOCK13/SES131/SA131S14	SES106	-2.05409	11.7668	13.8209
BLOCK13/SES131/SA131S14	SES125	-1.92479	11.8961	13.8209
BLOCK13/SES131/SA131S14	SES148	-2.25017	11.5708	13.8209
BLOCK13/SES131/SA131S20	SES104	-3.33607	8.51397	11.85
BLOCK13/SES131/SA131S20	SES106	-2.25583	9.59421	11.85
BLOCK13/SES131/SA131S20	SES125	-3.38873	8.46132	11.85
BLOCK13/SES131/SA131S20	SES148	-2.46438	9.38566	11.85
BLOCK13/SES131/SA131S22	SES099	-2.04999	11.4346	13.4846
BLOCK13/SES131/SA131S22	SES104	-2.5984	10.8862	13.4846
BLOCK13/SES131/SA131S22	SES125	-2.55627	10.9283	13.4846
BLOCK13/SES131/SA131S22	SES206	-2.72983	10.7547	13.4846
BLOCK13/SES131/SA131S29	SES087	-2.05801	10.314	12.372
BLOCK13/SES131/SA131S29	SES104	-3.38599	8.98602	12.372
BLOCK13/SES131/SA131S29	SES125	-3.37815	8.99386	12.372
BLOCK13/SES131/SA131S29	SES206	-3.02639	9.34562	12.372
BLOCK13/SES132/SA132S11	SES083	-2.39168	13.2627	15.6544
BLOCK13/SES132/SA132S11	SES120	-0.417975	15.2364	15.6544
BLOCK13/SES132/SA132S11	SES127	-1.94051	13.7139	15.6544
BLOCK13/SES132/SA132S11	SES275	-1.82594	13.8285	15.6544
BLOCK13/SES132/SA132S12	SES083	-2.1109	13.3789	15.4898
BLOCK13/SES132/SA132S12	SES143	-1.5246	13.9652	15.4898
BLOCK13/SES132/SA132S12	SES144	-1.31033	14.1795	15.4898
BLOCK13/SES132/SA132S12	SES148	-1.31191	14.1779	15.4898
BLOCK13/SES132/SA132S22	SES062	-0.997537	14.5459	15.5434
BLOCK13/SES132/SA132S22	SES083	-1.62214	13.9213	15.5434
BLOCK13/SES132/SA132S22	SES127	-1.44164	14.1018	15.5434
BLOCK13/SES132/SA132S22	SES275	-1.19259	14.3508	15.5434
BLOCK13/SES132/SA132S24	SES007	-1.03704	15.1492	16.1862
BLOCK13/SES132/SA132S24	SES083	-2.10723	14.079	16.1862
BLOCK13/SES132/SA132S24	SES127	-2.16195	14.0243	16.1862
BLOCK13/SES132/SA132S24	SES275	-1.0955	15.0907	16.1862
BLOCK13/SES132/SA132S27	SES083	-2.18487	12.7228	14.9076
BLOCK13/SES132/SA132S27	SES120	-0.13457	14.7731	14.9076
BLOCK13/SES132/SA132S27	SES127	-2.04279	12.8648	14.9076
BLOCK13/SES132/SA132S27	SES275	-1.88565	13.022	14.9076
BLOCK14/SES141/SA141S09	SES143	-1.17464	13.741	14.9156
BLOCK14/SES141/SA141S09	SES144	-0.761635	14.154	14.9156
BLOCK14/SES141/SA141S09	SES162	-1.51086	13.4047	14.9156
BLOCK14/SES141/SA141S09	SES180	-1.33896	13.5766	14.9156
BLOCK14/SES141/SA141S15	SES127	-1.3992	13.0244	14.4236
BLOCK14/SES141/SA141S15	SES144	-1.3322	13.0914	14.4236
BLOCK14/SES141/SA141S15	SES162	-2.13029	12.2933	14.4236
BLOCK14/SES141/SA141S15	SES180	-1.58589	12.8377	14.4236
BLOCK14/SES141/SA141S24	SES127	-0.839498	14.1146	14.9541
BLOCK14/SES141/SA141S24	SES144	-1.39742	13.5567	14.9541
BLOCK14/SES141/SA141S24	SES162	-1.48719	13.4669	14.9541
BLOCK14/SES141/SA141S24	SES183	-1.90912	13.045	14.9541
BLOCK14/SES141/SA141S26	SES142	-1.01622	13.8047	14.8209
BLOCK14/SES141/SA141S26	SES144	-1.25727	13.5637	14.8209
BLOCK14/SES141/SA141S26	SES172	-0.869535	13.9514	14.8209
BLOCK14/SES141/SA141S26	SES180	-1.60255	13.2184	14.8209
BLOCK14/SES141/SA141S29	SES127	-0.93432	14.2264	15.1607
BLOCK14/SES141/SA141S29	SES142	-0.687423	14.4733	15.1607
BLOCK14/SES141/SA141S29	SES144	-1.18367	13.977	15.1607
BLOCK14/SES141/SA141S29	SES180	-1.37719	13.7835	15.1607
BLOCK15/SES157/SA157S08	SES083	-2.31297	12.7265	15.0395
BLOCK15/SES157/SA157S08	SES127	-1.61971	13.4198	15.0395
BLOCK15/SES157/SA157S08	SES148	-2.24184	12.7976	15.0395
BLOCK15/SES157/SA157S08	SES292	-2.29124	12.7482	15.0395
BLOCK15/SES157/SA157S11	SES083	-2.39052	12.7634	15.1539
BLOCK15/SES157/SA157S11	SES127	-1.56217	13.5917	15.1539
BLOCK15/SES157/SA157S11	SES148	-2.49066	12.6632	15.1539
BLOCK15/SES157/SA157S11	SES292	-2.1131	13.0408	15.1539
BLOCK15/SES157/SA157S21	SES127	-1.21346	14.3201	15.5335
BLOCK15/SES157/SA157S21	SES148	-0.766333	14.7672	15.5335
BLOCK15/SES157/SA157S21	SES158	-4.80508	10.7284	15.5335
BLOCK15/SES157/SA157S21	SES292	-1.66186	13.8717	15.5335
BLOCK15/SES157/SA157S24	SES127	-1.32442	14.2449	15.5693
BLOCK15/SES157/SA157S24	SES148	-1.81802	13.7513	15.5693
BLOCK15/SES157/SA157S24	SES183	-1.96826	13.6011	15.5693
BLOCK15/SES157/SA157S24	SES292	-2.22327	13.346	15.5693
BLOCK15/SES157/SA157S26	SES007	-0.86793	14.514	15.3819
BLOCK15/SES157/SA157S26	SES127	-1.48241	13.8995	15.3819
BLOCK15/SES157/SA157S26	SES147	-2.20344	13.1785	15.3819
BLOCK15/SES157/SA157S26	SES148	-1.60721	13.7747	15.3819
BLOCK16/SES161/SA161S10	SES007	-1.57636	11.1699	12.7463
BLOCK16/SES161/SA161S10	SES105	-1.45849	11.2878	12.7463
BLOCK16/SES161/SA161S10	SES158	-1.95976	10.7865	12.7463
BLOCK16/SES161/SA161S10	SES275	-1.27189	11.4744	12.7463
BLOCK16/SES161/SA161S12	SES007	-2.17395	10.9723	13.1462
BLOCK16/SES161/SA161S12	SES105	-3.18898	9.95724	13.1462
BLOCK16/SES161/SA161S12	SES158	-1.84034	11.3059	13.1462
BLOCK16/SES161/SA161S12	SES275	-1.99138	11.1548	13.1462
BLOCK16/SES161/SA161S20	SES007	-1.90371	10.0188	11.9225
BLOCK16/SES161/SA161S20	SES105	-2.64042	9.28211	11.9225
BLOCK16/SES161/SA161S20	SES158	-1.47237	10.4502	11.9225
BLOCK16/SES161/SA161S20	SES275	-1.92022	10.0023	11.9225
BLOCK16/SES161/SA161S23	SES007	-2.73659	10.5907	13.3273
BLOCK16/SES161/SA161S23	SES105	-1.66339	11.6639	13.3273
BLOCK16/SES161/SA161S23	SES148	-2.10639	11.2209	13.3273
BLOCK16/SES161/SA161S23	SES158	-2.05294	11.2743	13.3273
BLOCK16/SES161/SA161S28	SES007	-2.65291	11.2332	13.8862
BLOCK16/SES161/SA161S28	SES105	-3.15966	10.7265	13.8862
BLOCK16/SES161/SA161S28	SES158	-1.75202	12.1341	13.8862
BLOCK16/SES161/SA161S28	SES206	-1.68114	12.205	13.8862
BLOCK16/SES164/SA164S11	SES104	-1.98569	13.0267	15.0123
BLOCK16/SES164/SA164S11	SES125	-1.40446	13.6079	15.0123
BLOCK16/SES164/SA164S11	SES158	-0.889956	14.1224	15.0123
BLOCK16/SES164/SA164S11	SES206	-1.75193	13.2604	15.0123
BLOCK16/SES164/SA164S13	SES099	-1.52189	12.2855	13.8074
BLOCK16/SES164/SA164S13	SES104	-2.41247	11.395	13.8074
BLOCK16/SES164/SA164S13	SES125	-2.2479	11.5595	13.8074
BLOCK16/SES164/SA164S13	SES206	-1.7955	12.0119	13.8074
BLOCK16/SES164/SA164S24	SES002	-0.296408	14.1285	14.4249
BLOCK16/SES164/SA164S24	SES099	-1.57704	12.8479	14.4249
BLOCK16/SES164/SA164S24	SES125	-2.70925	11.7157	14.4249
BLOCK16/SES164/SA164S24	SES226	-0.682776	13.7422	14.4249
BLOCK16/SES164/SA164S27	SES087	-1.13492	12.8719	14.0069
BLOCK16/SES164/SA164S27	SES125	-2.20555	11.8013	14.0069
BLOCK16/SES164/SA164S27	SES206	-2.0342	11.9727	14.0069
BLOCK16/SES164/SA164S27	SES226	-1.45874	12.5481	14.0069
BLOCK16/SES164/SA164S29	SES002	0.0948668	13.9438	13.849
BLOCK16/SES164/SA164S29	SES019	-1.72484	12.1241	13.849
BLOCK16/SES164/SA164S29	SES125	-1.98664	11.8623	13.849
BLOCK16/SES164/SA164S29	SES226	-2.24907	11.5999	13.849
BLOCK16/SES169/SA169S13	SES117	-1.49387	13.0016	14.4955
BLOCK16/SES169/SA169S13	SES144	-1.39431	13.1012	14.4955
BLOCK16/SES169/SA169S13	SES146	-1.30085	13.1947	14.4955
BLOCK16/SES169/SA169S13	SES162	-0.862503	13.633	14.4955
BLOCK16/SES169/SA169S14	SES144	-1.95353	13.6804	15.634
BLOCK16/SES169/SA169S14	SES148	-1.94505	13.6889	15.634
BLOCK16/SES169/SA169S14	SES177	-1.13258	14.5014	15.634
BLOCK16/SES169/SA169S14	SES180	-2.23543	13.3986	15.634
BLOCK16/SES169/SA169S24	SES117	-1.488	12.2169	13.7049
BLOCK16/SES169/SA169S24	SES144	-0.800646	12.9042	13.7049
BLOCK16/SES169/SA169S24	SES146	-0.77608	12.9288	13.7049
BLOCK16/SES169/SA169S24	SES162	-0.866045	12.8388	13.7049
BLOCK16/SES169/SA169S27	SES127	-1.27326	13.0953	14.3685
BLOCK16/SES169/SA169S27	SES129	-1.14313	13.2254	14.3685
BLOCK16/SES169/SA169S27	SES144	-1.86542	12.5031	14.3685
BLOCK16/SES169/SA169S27	SES146	-0.636844	13.7317	14.3685
BLOCK16/SES169/SA169S29	SES144	-1.08237	14.0289	15.1112
BLOCK16/SES169/SA169S29	SES162	-0.742111	14.3691	15.1112
BLOCK16/SES169/SA169S29	SES177	-1.78277	13.3285	15.1112
BLOCK16/SES169/SA169S29	SES180	-1.16288	13.9484	15.1112
BLOCK17/SES171/SA171S12	SES083	-1.55848	12.6131	14.1716
BLOCK17/SES171/SA171S12	SES148	-2.17242	11.9992	14.1716
BLOCK17/SES171/SA171S12	SES172	-1.60714	12.5645	14.1716
BLOCK17/SES171/SA171S12	SES292	-2.18264	11.989	14.1716
BLOCK17/SES171/SA171S15	SES148	-2.18255	11.2804	13.4629
BLOCK17/SES171/SA171S15	SES177	-1.12095	12.342	13.4629
BLOCK17/SES171/SA171S15	SES180	-2.96854	10.4944	13.4629
BLOCK17/SES171/SA171S15	SES292	-1.65547	11.8074	13.4629
BLOCK17/SES171/SA171S22	SES007	-1.49414	13.6929	15.1871
BLOCK17/SES171/SA171S22	SES148	-1.56696	13.6201	15.1871
BLOCK17/SES171/SA171S22	SES177	-0.653647	14.5334	15.1871
BLOCK17/SES171/SA171S22	SES180	-2.67176	12.5153	15.1871
BLOCK17/SES171/SA171S25	SES101	-1.7661	11.7734	13.5395
BLOCK17/SES171/SA171S25	SES120	-2.34746	11.192	13.5395
BLOCK17/SES171/SA171S25	SES177	-0.942038	12.5974	13.5395
BLOCK17/SES171/SA171S25	SES180	-2.42758	11.1119	13.5395
BLOCK17/SES171/SA171S27	SES177	-0.882409	13.3621	14.2446
BLOCK17/SES171/SA171S27	SES180	-2.71547	11.5291	14.2446
BLOCK17/SES171/SA171S27	SES189	-1.356	12.8886	14.2446
BLOCK17/SES171/SA171S27	SES292	-1.88783	12.3567	14.2446
BLOCK17/SES173/SA173S13	SES162	-3.45212	10.787	14.2391
BLOCK17/SES173/SA173S13	SES177	-1.46814	12.7709	14.2391
BLOCK17/SES173/SA173S13	SES180	-3.28645	10.9526	14.2391
BLOCK17/SES173/SA173S13	SES292	-0.809403	13.4297	14.2391
BLOCK17/SES173/SA173S14	SES007	-1.74998	11.4489	13.1989
BLOCK17/SES173/SA173S14	SES162	-3.02464	10.1743	13.1989
BLOCK17/SES173/SA173S14	SES177	-1.32862	11.8703	13.1989
BLOCK17/SES173/SA173S14	SES180	-3.12413	10.0748	13.1989
BLOCK17/SES173/SA173S24	SES144	-2.1906	11.015	13.2056
BLOCK17/SES173/SA173S24	SES162	-2.76846	10.4372	13.2056
BLOCK17/SES173/SA173S24	SES177	-1.37072	11.8349	13.2056
BLOCK17/SES173/SA173S24	SES180	-3.09706	10.1086	13.2056
BLOCK17/SES173/SA173S27	SES162	-3.60041	10.5397	14.1401
BLOCK17/SES173/SA173S27	SES177	-1.75248	12.3876	14.1401
BLOCK17/SES173/SA173S27	SES180	-2.3835	11.7566	14.1401
BLOCK17/SES173/SA173S27	SES292	-0.395538	13.7445	14.1401
BLOCK17/SES173/SA173S29	SES162	-2.57916	11.6543	14.2334
BLOCK17/SES173/SA173S29	SES175	-1.70669	12.5267	14.2334
BLOCK17/SES173/SA173S29	SES177	-1.516	12.7174	14.2334
BLOCK17/SES173/SA173S29	SES292	-1.89144	12.342	14.2334
BLOCK18/SES182/SA182S10	SES144	-1.29925	12.9219	14.2211
BLOCK18/SES182/SA182S10	SES177	-1.07693	13.1442	14.2211
BLOCK18/SES182/SA182S10	SES180	-2.89564	11.3255	14.2211
BLOCK18/SES182/SA182S10	SES275	-0.680631	13.5405	14.2211
BLOCK18/SES182/SA182S12	SES144	-0.374211	14.0647	14.4389
BLOCK18/SES182/SA182S12	SES177	-0.965968	13.473	14.4389
BLOCK18/SES182/SA182S12	SES180	-1.57404	12.8649	14.4389
BLOCK18/SES182/SA182S12	SES275	-0.740088	13.6988	14.4389
BLOCK18/SES182/SA182S21	SES117	-1.25265	12.4784	13.7311
BLOCK18/SES182/SA182S21	SES144	-1.34113	12.3899	13.7311
BLOCK18/SES182/SA182S21	SES162	-1.01663	12.7144	13.7311
BLOCK18/SES182/SA182S21	SES180	-2.73023	11.0008	13.7311
BLOCK18/SES182/SA182S23	SES117	-0.927318	13.571	14.4983
BLOCK18/SES182/SA182S23	SES144	-1.51245	12.9859	14.4983
BLOCK18/SES182/SA182S23	SES180	-2.66345	11.8349	14.4983
BLOCK18/SES182/SA182S23	SES275	-1.03979	13.4585	14.4983
BLOCK18/SES182/SA182S25	SES007	-0.106123	14.2069	14.313
BLOCK18/SES182/SA182S25	SES162	-0.876715	13.4363	14.313
BLOCK18/SES182/SA182S25	SES177	-1.28076	13.0323	14.313
BLOCK18/SES182/SA182S25	SES180	-2.00188	12.3111	14.313
BLOCK18/SES184/SA184S12	SES177	-1.61512	13.1731	14.7883
BLOCK18/SES184/SA184S12	SES180	-1.75131	13.0369	14.7883
BLOCK18/SES184/SA184S12	SES189	-2.12689	12.6614	14.7883
BLOCK18/SES184/SA184S12	SES292	-1.58567	13.2026	14.7883
BLOCK18/SES184/SA184S13	SES101	-1.67539	12.7533	14.4286
BLOCK18/SES184/SA184S13	SES177	-1.75289	12.6758	14.4286
BLOCK18/SES184/SA184S13	SES180	-1.69585	12.7328	14.4286
BLOCK18/SES184/SA184S13	SES292	-2.24378	12.1849	14.4286
BLOCK18/SES184/SA184S22	SES177	-2.01763	14.224	16.2416
BLOCK18/SES184/SA184S22	SES180	-1.97665	14.2649	16.2416
BLOCK18/SES184/SA184S22	SES189	-2.55371	13.6879	16.2416
BLOCK18/SES184/SA184S22	SES292	-2.00037	14.2412	16.2416
BLOCK18/SES184/SA184S25	SES101	-1.32709	15.1	16.4271
BLOCK18/SES184/SA184S25	SES177	-2.44058	13.9865	16.4271
BLOCK18/SES184/SA184S25	SES180	-1.90368	14.5234	16.4271
BLOCK18/SES184/SA184S25	SES292	-1.62644	14.8006	16.4271
BLOCK18/SES184/SA184S27	SES083	-1.39694	12.8616	14.2586
BLOCK18/SES184/SA184S27	SES177	-1.34548	12.9131	14.2586
BLOCK18/SES184/SA184S27	SES202	-1.1684	13.0902	14.2586
BLOCK18/SES184/SA184S27	SES292	-1.81488	12.4437	14.2586
BLOCK20/SES204/SA204S12	SES062	-1.33101	14.6623	15.9933
BLOCK20/SES204/SA204S12	SES083	-3.0701	12.9232	15.9933
BLOCK20/SES204/SA204S12	SES206	-1.72166	14.2716	15.9933
BLOCK20/SES204/SA204S12	SES226	-2.76138	13.2319	15.9933
BLOCK20/SES204/SA204S14	SES068	-1.21877	15.999	17.2178
BLOCK20/SES204/SA204S14	SES087	-0.300732	16.917	17.2178
BLOCK20/SES204/SA204S14	SES206	-2.28395	14.9338	17.2178
BLOCK20/SES204/SA204S14	SES226	-2.93367	14.2841	17.2178
BLOCK20/SES204/SA204S22	SES068	-1.50584	14.6096	16.1154
BLOCK20/SES204/SA204S22	SES082	-3.25799	12.8574	16.1154
BLOCK20/SES204/SA204S22	SES083	-3.51166	12.6037	16.1154
BLOCK20/SES204/SA204S22	SES206	-2.36258	13.7528	16.1154
BLOCK20/SES204/SA204S25	SES062	-1.86973	14.4702	16.3399
BLOCK20/SES204/SA204S25	SES083	-3.04824	13.2917	16.3399
BLOCK20/SES204/SA204S25	SES206	-1.61438	14.7255	16.3399
BLOCK20/SES204/SA204S25	SES226	-2.70916	13.6307	16.3399
BLOCK20/SES204/SA204S27	SES068	-1.53765	14.066	15.6037
BLOCK20/SES204/SA204S27	SES082	-3.0317	12.572	15.6037
BLOCK20/SES204/SA204S27	SES087	-1.28999	14.3137	15.6037
BLOCK20/SES204/SA204S27	SES206	-2.39175	13.2119	15.6037
BLOCK20/SES207/SA207S10	SES127	-1.93992	12.4055	14.3454
BLOCK20/SES207/SA207S10	SES183	-2.4091	11.9363	14.3454
BLOCK20/SES207/SA207S10	SES189	-1.99889	12.3465	14.3454
BLOCK20/SES207/SA207S10	SES292	-1.67092	12.6745	14.3454
BLOCK20/SES207/SA207S11	SES127	-2.28555	11.3759	13.6614
BLOCK20/SES207/SA207S11	SES183	-2.01636	11.6451	13.6614
BLOCK20/SES207/SA207S11	SES187	-1.85813	11.8033	13.6614
BLOCK20/SES207/SA207S11	SES292	-1.31093	12.3505	13.6614
BLOCK20/SES207/SA207S25	SES068	-1.64754	12.3119	13.9594
BLOCK20/SES207/SA207S25	SES083	-2.04611	11.9133	13.9594
BLOCK20/SES207/SA207S25	SES127	-0.894563	13.0648	13.9594
BLOCK20/SES207/SA207S25	SES187	-1.15084	12.8086	13.9594
BLOCK20/SES207/SA207S27	SES127	-2.207	10.6697	12.8767
BLOCK20/SES207/SA207S27	SES183	-1.75942	11.1173	12.8767
BLOCK20/SES207/SA207S27	SES187	-1.8254	11.0513	12.8767
BLOCK20/SES207/SA207S27	SES292	-2.06772	10.809	12.8767
BLOCK20/SES207/SA207S29	SES083	-2.13825	12.5714	14.7097
BLOCK20/SES207/SA207S29	SES085	-1.42544	13.2843	14.7097
BLOCK20/SES207/SA207S29	SES172	-1.37698	13.3327	14.7097
BLOCK20/SES207/SA207S29	SES189	-2.27459	12.4351	14.7097
BLOCK22/SES221/SA221S12	SES068	-0.924793	14.8759	15.8007
BLOCK22/SES221/SA221S12	SES143	-1.39574	14.405	15.8007
BLOCK22/SES221/SA221S12	SES175	-0.718656	15.0821	15.8007
BLOCK22/SES221/SA221S12	SES202	-1.54213	14.2586	15.8007
BLOCK22/SES221/SA221S15	SES085	-0.987753	13.1454	14.1331
BLOCK22/SES221/SA221S15	SES143	-2.17035	11.9628	14.1331
BLOCK22/SES221/SA221S15	SES175	-1.16835	12.9648	14.1331
BLOCK22/SES221/SA221S15	SES187	-2.00365	12.1295	14.1331
BLOCK22/SES221/SA221S23	SES068	-1.26589	13.661	14.9269
BLOCK22/SES221/SA221S23	SES143	-2.071	12.8559	14.9269
BLOCK22/SES221/SA221S23	SES175	-0.373109	14.5538	14.9269
BLOCK22/SES221/SA221S23	SES189	-0.706864	14.22	14.9269
BLOCK22/SES221/SA221S27	SES085	-0.385194	15.0387	15.4239
BLOCK22/SES221/SA221S27	SES143	-1.54171	13.8822	15.4239
BLOCK22/SES221/SA221S27	SES175	-0.73511	14.6888	15.4239
BLOCK22/SES221/SA221S27	SES189	-0.573703	14.8502	15.4239
BLOCK22/SES221/SA221S29	SES085	-0.346539	13.588	13.9345
BLOCK22/SES221/SA221S29	SES143	-0.777271	13.1573	13.9345
BLOCK22/SES221/SA221S29	SES175	-0.0183821	13.9162	13.9345
BLOCK22/SES221/SA221S29	SES187	-1.30412	12.6304	13.9345
BLOCK22/SES223/SA223S11	SES143	-1.32356	11.3211	12.6446
BLOCK22/SES223/SA223S11	SES144	-3.34478	9.29986	12.6446
BLOCK22/SES223/SA223S11	SES175	-1.0016	11.6431	12.6446
BLOCK22/SES223/SA223S11	SES187	-2.40458	10.2401	12.6446
BLOCK22/SES223/SA223S13	SES068	-1.3999	11.2835	12.6834
BLOCK22/SES223/SA223S13	SES143	-2.70423	9.97917	12.6834
BLOCK22/SES223/SA223S13	SES146	-2.49709	10.1863	12.6834
BLOCK22/SES223/SA223S13	SES202	-2.73537	9.94803	12.6834
BLOCK22/SES223/SA223S22	SES143	-1.22865	12.2745	13.5032
BLOCK22/SES223/SA223S22	SES144	-2.7233	10.7799	13.5032
BLOCK22/SES223/SA223S22	SES175	-1.06984	12.4333	13.5032
BLOCK22/SES223/SA223S22	SES187	-1.47694	12.0262	13.5032
BLOCK22/SES223/SA223S25	SES068	-0.976668	13.5009	14.4775
BLOCK22/SES223/SA223S25	SES143	-2.10763	12.3699	14.4775
BLOCK22/SES223/SA223S25	SES175	-1.58511	12.8924	14.4775
BLOCK22/SES223/SA223S25	SES187	-1.83582	12.6417	14.4775
BLOCK22/SES223/SA223S27	SES143	-1.10999	11.848	12.958
BLOCK22/SES223/SA223S27	SES146	-1.70842	11.2496	12.958
BLOCK22/SES223/SA223S27	SES187	-2.1692	10.7888	12.958
BLOCK22/SES223/SA223S27	SES292	-0.934319	12.0237	12.958
BLOCK27/SES273/SA273S12	SES099	-0.767923	16.5217	17.2896
BLOCK27/SES273/SA273S12	SES104	-1.46784	15.8218	17.2896
BLOCK27/SES273/SA273S12	SES125	-1.80915	15.4805	17.2896
BLOCK27/SES273/SA273S12	SES206	-1.08606	16.2036	17.2896
BLOCK27/SES273/SA273S13	SES099	-1.18486	16.3769	17.5618
BLOCK27/SES273/SA273S13	SES104	-2.11013	15.4516	17.5618
BLOCK27/SES273/SA273S13	SES206	-1.37938	16.1824	17.5618
BLOCK27/SES273/SA273S13	SES292	-2.1869	15.3749	17.5618
BLOCK27/SES273/SA273S21	SES099	-0.460161	16.4867	16.9469
BLOCK27/SES273/SA273S21	SES148	-3.17956	13.7673	16.9469
BLOCK27/SES273/SA273S21	SES149	-1.92322	15.0237	16.9469
BLOCK27/SES273/SA273S21	SES177	-2.19248	14.7544	16.9469
BLOCK27/SES273/SA273S25	SES104	-1.44012	14.9944	16.4346
BLOCK27/SES273/SA273S25	SES125	-1.83015	14.6044	16.4346
BLOCK27/SES273/SA273S25	SES158	-1.08847	15.3461	16.4346
BLOCK27/SES273/SA273S25	SES206	-0.325823	16.1087	16.4346
BLOCK27/SES273/SA273S27	SES099	-0.860744	15.45	16.3107
BLOCK27/SES273/SA273S27	SES104	-1.66737	14.6433	16.3107
BLOCK27/SES273/SA273S27	SES149	-1.27286	15.0378	16.3107
BLOCK27/SES273/SA273S27	SES275	-2.12123	14.1895	16.3107
BLOCK27/SES274/SA274S10	SES105	-2.23866	13.4576	15.6962
BLOCK27/SES274/SA274S10	SES125	-2.93752	12.7587	15.6962
BLOCK27/SES274/SA274S10	SES129	-0.710363	14.9859	15.6962
BLOCK27/SES274/SA274S10	SES158	-3.80502	11.8912	15.6962
BLOCK27/SES274/SA274S11	SES105	-1.55192	14.5441	16.0961
BLOCK27/SES274/SA274S11	SES149	-2.65317	13.4429	16.0961
BLOCK27/SES274/SA274S11	SES158	-2.86567	13.2304	16.0961
BLOCK27/SES274/SA274S11	SES275	-1.12635	14.9697	16.0961
BLOCK27/SES274/SA274S21	SES105	-2.61518	13.0861	15.7013
BLOCK27/SES274/SA274S21	SES129	-0.945296	14.756	15.7013
BLOCK27/SES274/SA274S21	SES149	-2.02243	13.6788	15.7013
BLOCK27/SES274/SA274S21	SES158	-4.59293	11.1083	15.7013
BLOCK27/SES274/SA274S24	SES105	-1.86892	14.7087	16.5776
BLOCK27/SES274/SA274S24	SES129	-0.634184	15.9434	16.5776
BLOCK27/SES274/SA274S24	SES149	-2.41698	14.1606	16.5776
BLOCK27/SES274/SA274S24	SES158	-4.48124	12.0964	16.5776
BLOCK27/SES274/SA274S29	SES105	-2.59666	12.8335	15.4302
BLOCK27/SES274/SA274S29	SES106	-3.79089	11.6393	15.4302
BLOCK27/SES274/SA274S29	SES120	-1.6316	13.7986	15.4302
BLOCK27/SES274/SA274S29	SES275	-1.61519	13.815	15.4302
BLOCK27/SES276/SA276S16	SES148	-2.08879	12.7306	14.8194
BLOCK27/SES276/SA276S16	SES172	-1.25575	13.5637	14.8194
BLOCK27/SES276/SA276S16	SES180	-2.66507	12.1544	14.8194
BLOCK27/SES276/SA276S16	SES292	-1.59981	13.2196	14.8194
BLOCK27/SES276/SA276S17	SES101	-1.58901	13.8084	15.3975
BLOCK27/SES276/SA276S17	SES177	-2.03766	13.3598	15.3975
BLOCK27/SES276/SA276S17	SES180	-1.71402	13.6834	15.3975
BLOCK27/SES276/SA276S17	SES292	-1.73859	13.6589	15.3975
BLOCK27/SES276/SA276S24	SES101	-0.986018	14.9383	15.9243
BLOCK27/SES276/SA276S24	SES177	-1.31025	14.6141	15.9243
BLOCK27/SES276/SA276S24	SES180	-2.07993	13.8444	15.9243
BLOCK27/SES276/SA276S24	SES292	-2.61648	13.3078	15.9243
BLOCK27/SES276/SA276S26	SES101	-2.15882	14.3122	16.471
BLOCK27/SES276/SA276S26	SES177	-0.537144	15.9339	16.471
BLOCK27/SES276/SA276S26	SES180	-0.55197	15.919	16.471
BLOCK27/SES276/SA276S26	SES292	-0.353394	16.1176	16.471
BLOCK27/SES276/SA276S28	SES101	-1.46402	14.2732	15.7372
BLOCK27/SES276/SA276S28	SES177	-1.77873	13.9585	15.7372
BLOCK27/SES276/SA276S28	SES180	-0.919361	14.8179	15.7372
BLOCK27/SES276/SA276S28	SES292	-1.13343	14.6038	15.7372
BLOCK27/SES277/SA277S12	SES101	-1.17181	12.1393	13.3111
BLOCK27/SES277/SA277S12	SES177	-2.4044	10.9067	13.3111
BLOCK27/SES277/SA277S12	SES180	-2.82487	10.4862	13.3111
BLOCK27/SES277/SA277S12	SES292	-2.64572	10.6653	13.3111
BLOCK27/SES277/SA277S14	SES177	-1.0411	11.9419	12.983
BLOCK27/SES277/SA277S14	SES180	-2.55634	10.4267	12.983
BLOCK27/SES277/SA277S14	SES189	-0.529169	12.4538	12.983
BLOCK27/SES277/SA277S14	SES292	-2.53174	10.4513	12.983
BLOCK27/SES277/SA277S21	SES177	-1.21849	13.366	14.5845
BLOCK27/SES277/SA277S21	SES180	-2.39964	12.1848	14.5845
BLOCK27/SES277/SA277S21	SES189	-0.45989	14.1246	14.5845
BLOCK27/SES277/SA277S21	SES292	-2.34217	12.2423	14.5845
BLOCK27/SES277/SA277S24	SES144	-1.7114	11.079	12.7904
BLOCK27/SES277/SA277S24	SES177	-1.24178	11.5486	12.7904
BLOCK27/SES277/SA277S24	SES180	-2.96301	9.82736	12.7904
BLOCK27/SES277/SA277S24	SES189	-0.772526	12.0178	12.7904
BLOCK27/SES277/SA277S29	SES177	-1.44328	14.097	15.5403
BLOCK27/SES277/SA277S29	SES180	-2.4518	13.0885	15.5403
BLOCK27/SES277/SA277S29	SES202	-1.50936	14.031	15.5403
BLOCK27/SES277/SA277S29	SES292	-2.58751	12.9528	15.5403
BLOCK27/SES279/SA279S09	SES120	-2.28181	13.1862	15.468
BLOCK27/SES279/SA279S09	SES146	-2.24168	13.2263	15.468
BLOCK27/SES279/SA279S09	SES206	-1.85898	13.609	15.468
BLOCK27/SES279/SA279S09	SES226	-3.07924	12.3888	15.468
BLOCK27/SES279/SA279S10	SES099	-0.84568	14.8339	15.6795
BLOCK27/SES279/SA279S10	SES206	-0.952711	14.7268	15.6795
BLOCK27/SES279/SA279S10	SES226	-2.49422	13.1853	15.6795
BLOCK27/SES279/SA279S10	SES292	-0.797105	14.8824	15.6795
BLOCK27/SES279/SA279S20	SES099	-1.84314	13.7267	15.5698
BLOCK27/SES279/SA279S20	SES206	-0.967763	14.6021	15.5698
BLOCK27/SES279/SA279S20	SES226	-2.42871	13.1411	15.5698
BLOCK27/SES279/SA279S20	SES292	-0.524985	15.0448	15.5698
BLOCK27/SES279/SA279S26	SES099	-0.967846	14.5002	15.468
BLOCK27/SES279/SA279S26	SES206	-0.636057	14.832	15.468
BLOCK27/SES279/SA279S26	SES226	-2.64479	12.8232	15.468
BLOCK27/SES279/SA279S26	SES292	-0.575184	14.8929	15.468
BLOCK27/SES279/SA279S28	SES099	-1.28529	15.9167	17.202
BLOCK27/SES279/SA279S28	SES120	-1.32163	15.8804	17.202
BLOCK27/SES279/SA279S28	SES177	-1.63553	15.5665	17.202
BLOCK27/SES279/SA279S28	SES206	-1.36392	15.8381	17.202
BLOCK29/SES290/SA290S12	SES162	-0.837514	14.04	14.8776
BLOCK29/SES290/SA290S12	SES177	-0.838366	14.0392	14.8776
BLOCK29/SES290/SA290S12	SES180	-1.73788	13.1397	14.8776
BLOCK29/SES290/SA290S12	SES292	-1.57583	13.3017	14.8776
BLOCK29/SES290/SA290S13	SES007	-1.77056	13.37	15.1405
BLOCK29/SES290/SA290S13	SES162	-2.43619	12.7043	15.1405
BLOCK29/SES290/SA290S13	SES177	-1.26378	13.8768	15.1405
BLOCK29/SES290/SA290S13	SES180	-1.70759	13.4329	15.1405
BLOCK29/SES290/SA290S22	SES177	-1.0834	13.3569	14.4403
BLOCK29/SES290/SA290S22	SES180	-1.87692	12.5634	14.4403
BLOCK29/SES290/SA290S22	SES202	-1.38648	13.0539	14.4403
BLOCK29/SES290/SA290S22	SES292	-1.80847	12.6319	14.4403
BLOCK29/SES290/SA290S25	SES162	-1.27815	14.3537	15.6319
BLOCK29/SES290/SA290S25	SES177	-1.03378	14.5981	15.6319
BLOCK29/SES290/SA290S25	SES180	-1.46043	14.1714	15.6319
BLOCK29/SES290/SA290S25	SES292	-1.19502	14.4368	15.6319
BLOCK29/SES290/SA290S29	SES177	-0.418922	14.1481	14.567
BLOCK29/SES290/SA290S29	SES180	-0.903425	13.6636	14.567
BLOCK29/SES290/SA290S29	SES275	-1.34596	13.221	14.567
BLOCK29/SES290/SA290S29	SES292	-1.22888	13.3381	14.567
BLOCK29/SES291/SA291S11	SES105	-3.22336	10.6867	13.91
BLOCK29/SES291/SA291S11	SES125	-1.30398	12.6061	13.91
BLOCK29/SES291/SA291S11	SES158	-1.25572	12.6543	13.91
BLOCK29/SES291/SA291S11	SES275	-2.79886	11.1112	13.91
BLOCK29/SES291/SA291S12	SES158	-0.198923	14.176	14.3749
BLOCK29/SES291/SA291S12	SES226	-2.68633	11.6886	14.3749
BLOCK29/SES291/SA291S12	SES270	0.179188	14.5541	14.3749
BLOCK29/SES291/SA291S12	SES275	-4.39632	9.97857	14.3749
BLOCK29/SES291/SA291S22	SES082	-1.39872	13.5507	14.9495
BLOCK29/SES291/SA291S22	SES158	-1.6166	13.3329	14.9495
BLOCK29/SES291/SA291S22	SES259	-2.2811	12.6684	14.9495
BLOCK29/SES291/SA291S22	SES275	-3.4833	11.4662	14.9495
BLOCK29/SES291/SA291S24	SES104	-0.215021	15.9041	16.1192
BLOCK29/SES291/SA291S24	SES125	-1.05148	15.0677	16.1192
BLOCK29/SES291/SA291S24	SES158	-0.327018	15.7921	16.1192
BLOCK29/SES291/SA291S24	SES275	-3.46436	12.6548	16.1192
BLOCK29/SES291/SA291S27	SES158	-0.083559	15.4224	15.506
BLOCK29/SES291/SA291S27	SES172	-4.01917	11.4868	15.506
BLOCK29/SES291/SA291S27	SES275	-3.90303	11.603	15.506
BLOCK29/SES291/SA291S27	SES292	-2.15392	13.3521	15.506
Threshold search:
THR	-5.03883916508	9	0(0)	1(1000)
THR	-4.9471882734292	8.991	0(0)	0.999(999)
THR	-4.8555373817784	8.991	0(0)	0.999(999)
THR	-4.7638864901276	8.982	0(0)	0.998(998)
THR	-4.6722355984768	8.982	0(0)	0.998(998)
THR	-4.580584706826	8.964	0(0)	0.996(996)
THR	-4.4889338151752	8.964	0(0)	0.996(996)
THR	-4.3972829235244	8.937	0(0)	0.993(993)
THR	-4.3056320318736	8.919	0(0)	0.991(991)
THR	-4.2139811402228	8.91	0(0)	0.99(990)
THR	-4.122330248572	8.91	0(0)	0.99(990)
THR	-4.0306793569212	8.883	0(0)	0.987(987)
THR	-3.9390284652704	8.865	0(0)	0.985(985)
THR	-3.8473775736196	8.838	0(0)	0.982(982)
THR	-3.7557266819688	8.802	0(0)	0.978(978)
THR	-3.664075790318	8.784	0(0)	0.976(976)
THR	-3.5724248986672	8.748	0(0)	0.972(972)
THR	-3.4807740070164	8.712	0(0)	0.968(968)
THR	-3.3891231153656	8.64	0(0)	0.96(960)
THR	-3.2974722237148	8.532	0(0)	0.948(948)
THR	-3.205821332064	8.442	0(0)	0.938(938)
THR	-3.1141704404132	8.361	0(0)	0.929(929)
THR	-3.0225195487624	8.208	0(0)	0.912(912)
THR	-2.9308686571116	8.136	0(0)	0.904(904)
THR	-2.8392177654608	8.073	0(0)	0.897(897)
THR	-2.74756687381	7.893	0(0)	0.877(877)
THR	-2.6559159821592	7.65	0(0)	0.85(850)
THR	-2.5642650905084	7.416	0(0)	0.824(824)
THR	-2.4726141988576	7.254	0(0)	0.806(806)
THR	-2.3809633072068	6.993	0(0)	0.777(777)
THR	-2.289312415556	6.786	0(0)	0.754(754)
THR	-2.1976615239052	6.444	0(0)	0.716(716)
THR	-2.1060106322544	6.084	0(0)	0.676(676)
THR	-2.0143597406036	5.787	0(0)	0.643(643)
THR	-1.9227088489528	5.409	0(0)	0.601(601)
THR	-1.831057957302	5.049	0(0)	0.561(561)
THR	-1.7394070656512	4.545	0(0)	0.505(505)
THR	-1.6477561740004	4.185	0(0)	0.465(465)
THR	-1.5561052823496	3.717	0(0)	0.413(413)
THR	-1.4644543906988	3.348	0(0)	0.372(372)
THR	-1.372803499048	2.952	0(0)	0.328(328)
THR	-1.2811526073972	2.529	0(0)	0.281(281)
THR	-1.1895017157464	2.115	0(0)	0.235(235)
THR	-1.0978508240956	1.836	0(0)	0.204(204)
THR	-1.0061999324448	1.575	0(0)	0.175(175)
THR	-0.914549040794003	1.287	0(0)	0.143(143)
THR	-0.822898149143203	1.017	0(0)	0.113(113)
THR	-0.731247257492403	0.837	0(0)	0.093(93)
THR	-0.639596365841603	0.666	0(0)	0.074(74)
THR	-0.547945474190803	0.513	0(0)	0.057(57)
THR	-0.456294582540003	0.405	0(0)	0.045(45)
THR	-0.364643690889203	0.288	0(0)	0.032(32)
THR	-0.272992799238403	0.153	0(0)	0.017(17)
THR	-0.181341907587603	0.103	0.004(1)	0.011(11)
THR	-0.0896910159368032	0.066	0.012(3)	0.006(6)
THR	0.00195987571399683	0.052	0.016(4)	0.004(4)
THR	0.0936107673647968	0.056	0.02(5)	0.004(4)
THR	0.185261659015597	0.05	0.032(8)	0.002(2)
THR	0.276912550666397	0.054	0.036(9)	0.002(2)
THR	0.368563442317197	0.057	0.048(12)	0.001(1)
THR	0.460214333967997	0.081	0.072(18)	0.001(1)
THR	0.551865225618797	0.105	0.096(24)	0.001(1)
THR	0.643516117269597	0.161	0.152(38)	0.001(1)
THR	0.735167008920397	0.177	0.168(42)	0.001(1)
THR	0.826817900571197	0.18	0.18(45)	0(0)
THR	0.918468792221997	0.24	0.24(60)	0(0)
THR	1.0101196838728	0.28	0.28(70)	0(0)
THR	1.1017705755236	0.308	0.308(77)	0(0)
THR	1.1934214671744	0.34	0.34(85)	0(0)
THR	1.2850723588252	0.364	0.364(91)	0(0)
THR	1.376723250476	0.42	0.42(105)	0(0)
THR	1.4683741421268	0.48	0.48(120)	0(0)
THR	1.5600250337776	0.536	0.536(134)	0(0)
THR	1.6516759254284	0.58	0.58(145)	0(0)
THR	1.7433268170792	0.624	0.624(156)	0(0)
THR	1.83497770873	0.648	0.648(162)	0(0)
THR	1.9266286003808	0.688	0.688(172)	0(0)
THR	2.0182794920316	0.752	0.752(188)	0(0)
THR	2.1099303836824	0.78	0.78(195)	0(0)
THR	2.2015812753332	0.804	0.804(201)	0(0)
THR	2.293232166984	0.824	0.824(206)	0(0)
THR	2.3848830586348	0.868	0.868(217)	0(0)
THR	2.4765339502856	0.888	0.888(222)	0(0)
THR	2.5681848419364	0.9	0.9(225)	0(0)
THR	2.6598357335872	0.916	0.916(229)	0(0)
THR	2.751486625238	0.928	0.928(232)	0(0)
THR	2.8431375168888	0.94	0.94(235)	0(0)
THR	2.9347884085396	0.948	0.948(237)	0(0)
THR	3.0264393001904	0.956	0.956(239)	0(0)
THR	3.1180901918412	0.964	0.964(241)	0(0)
THR	3.209741083492	0.972	0.972(243)	0(0)
THR	3.3013919751428	0.976	0.976(244)	0(0)
THR	3.3930428667936	0.976	0.976(244)	0(0)
THR	3.4846937584444	0.98	0.98(245)	0(0)
THR	3.5763446500952	0.984	0.984(246)	0(0)
THR	3.667995541746	0.988	0.988(247)	0(0)
THR	3.7596464333968	0.988	0.988(247)	0(0)
THR	3.8512973250476	0.988	0.988(247)	0(0)
THR	3.9429482166984	0.992	0.992(248)	0(0)
THR	4.0345991083492	0.996	0.996(249)	0(0)
THR	4.12625	0.996	0.996(249)	0(0)
THR	4.2179008916508	1	1(250)	0(0)


==============================================
THR: 0.185261659015597
Missed:     8/250=0.0320
FalseAlarm: 2/1000=0.0020
----------------------------------------------
==> CostDetection: 5.0
==============================================
