BLOCK00/SES002/SA002S12	SES002	-2.61349	-13.7068	-11.0933
BLOCK00/SES002/SA002S13	SES002	-1.31059	-13.7786	-12.468
BLOCK00/SES002/SA002S23	SES002	-1.29204	-12.4063	-11.1142
BLOCK00/SES002/SA002S26	SES002	-1.94012	-14.8238	-12.8837
BLOCK00/SES002/SA002S28	SES002	-1.37092	-12.4524	-11.0815
BLOCK00/SES007/SA007S14	SES007	-3.04969	-13.5538	-10.5041
BLOCK00/SES007/SA007S15	SES007	-2.49764	-13.5855	-11.0879
BLOCK00/SES007/SA007S24	SES007	-2.46292	-13.0978	-10.6349
BLOCK00/SES007/SA007S27	SES007	-2.36553	-14.8041	-12.4386
BLOCK00/SES007/SA007S29	SES007	-2.44957	-12.5001	-10.0505
BLOCK00/SES008/SA008S11	SES008	-0.0474539	-9.99971	-9.95226
BLOCK00/SES008/SA008S12	SES008	-0.663262	-10.6839	-10.0206
BLOCK00/SES008/SA008S19	SES008	-0.330726	-10.5722	-10.2415
BLOCK00/SES008/SA008S22	SES008	-0.295321	-10.9178	-10.6224
BLOCK00/SES008/SA008S29	SES008	-0.149937	-10.8188	-10.6689
BLOCK01/SES014/SA014S10	SES014	-2.74095	-13.5917	-10.8507
BLOCK01/SES014/SA014S12	SES014	-0.923542	-12.1983	-11.2747
BLOCK01/SES014/SA014S24	SES014	-1.25094	-12.7005	-11.4495
BLOCK01/SES014/SA014S26	SES014	-1.38889	-13.2466	-11.8577
BLOCK01/SES014/SA014S28	SES014	-1.22901	-12.0069	-10.7779
BLOCK01/SES016/SA016S12	SES016	-0.152159	-13.4241	-13.2719
BLOCK01/SES016/SA016S13	SES016	-1.64056	-13.0607	-11.4202
BLOCK01/SES016/SA016S22	SES016	-1.30437	-12.4019	-11.0975
BLOCK01/SES016/SA016S25	SES016	-2.8324	-13.0748	-10.2424
BLOCK01/SES016/SA016S27	SES016	-2.31696	-14.2834	-11.9665
BLOCK01/SES019/SA019S13	SES019	-1.10853	-12.9591	-11.8506
BLOCK01/SES019/SA019S14	SES019	-0.833126	-13.0535	-12.2203
BLOCK01/SES019/SA019S22	SES019	-0.689487	-12.5515	-11.862
BLOCK01/SES019/SA019S25	SES019	-1.18746	-13.4935	-12.3061
BLOCK01/SES019/SA019S29	SES019	-0.171138	-13.2379	-13.0668
BLOCK02/SES029/SA029S11	SES029	-0.897448	-11.7042	-10.8067
BLOCK02/SES029/SA029S12	SES029	-1.76646	-12.1239	-10.3574
BLOCK02/SES029/SA029S20	SES029	-1.90187	-12.2253	-10.3234
BLOCK02/SES029/SA029S25	SES029	-2.36479	-12.9881	-10.6233
BLOCK02/SES029/SA029S28	SES029	-3.33729	-14.1548	-10.8175
BLOCK04/SES042/SA042S12	SES042	-2.62162	-13.5435	-10.9219
BLOCK04/SES042/SA042S15	SES042	-2.27885	-13.2305	-10.9517
BLOCK04/SES042/SA042S22	SES042	-0.318284	-14.051	-13.7327
BLOCK04/SES042/SA042S25	SES042	-1.34159	-13.9693	-12.6277
BLOCK04/SES042/SA042S27	SES042	-0.546886	-13.5036	-12.9567
BLOCK04/SES048/SA048S11	SES048	-2.02153	-12.4157	-10.3942
BLOCK04/SES048/SA048S12	SES048	-2.2981	-13.3571	-11.059
BLOCK04/SES048/SA048S20	SES048	-2.69236	-13.7457	-11.0533
BLOCK04/SES048/SA048S23	SES048	-1.57496	-12.0915	-10.5166
BLOCK04/SES048/SA048S27	SES048	-2.29891	-13.2134	-10.9145
BLOCK06/SES060/SA060S11	SES060	-1.24511	-12.7658	-11.5207
BLOCK06/SES060/SA060S12	SES060	-1.25604	-13.3419	-12.0859
BLOCK06/SES060/SA060S22	SES060	-2.07937	-13.455	-11.3757
BLOCK06/SES060/SA060S24	SES060	-2.78628	-12.7166	-9.93031
BLOCK06/SES060/SA060S28	SES060	-2.27637	-12.1852	-9.90886
BLOCK06/SES062/SA062S10	SES062	-0.975847	-12.1169	-11.1411
BLOCK06/SES062/SA062S11	SES062	-1.14736	-12.2949	-11.1475
BLOCK06/SES062/SA062S21	SES062	-2.38379	-11.9573	-9.57346
BLOCK06/SES062/SA062S26	SES062	-1.66208	-12.3784	-10.7163
BLOCK06/SES062/SA062S29	SES062	-2.67253	-12.7432	-10.0706
BLOCK06/SES068/SA068S14	SES068	-1.80297	-12.6878	-10.8848
BLOCK06/SES068/SA068S15	SES068	-1.98619	-12.915	-10.9288
BLOCK06/SES068/SA068S23	SES068	-2.33961	-12.731	-10.3914
BLOCK06/SES068/SA068S27	SES068	-1.26373	-12.654	-11.3903
BLOCK06/SES068/SA068S29	SES068	-2.18643	-13.2852	-11.0988
BLOCK08/SES082/SA082S12	SES082	-2.12168	-12.8551	-10.7335
BLOCK08/SES082/SA082S14	SES082	-1.17321	-12.2201	-11.0469
BLOCK08/SES082/SA082S21	SES082	-1.75645	-11.8788	-10.1224
BLOCK08/SES082/SA082S24	SES082	-1.77671	-12.376	-10.5993
BLOCK08/SES082/SA082S28	SES082	-1.58581	-12.49	-10.9042
BLOCK08/SES083/SA083S14	SES083	-1.27699	-12.7567	-11.4797
BLOCK08/SES083/SA083S15	SES083	-1.86355	-12.4581	-10.5946
BLOCK08/SES083/SA083S24	SES083	-2.23044	-12.7727	-10.5423
BLOCK08/SES083/SA083S26	SES083	-1.76671	-13.3458	-11.5791
BLOCK08/SES083/SA083S29	SES083	-1.76994	-12.9668	-11.1969
BLOCK08/SES085/SA085S10	SES085	-1.7792	-11.6961	-9.9169
BLOCK08/SES085/SA085S13	SES085	-1.05662	-12.025	-10.9684
BLOCK08/SES085/SA085S22	SES085	-1.1369	-12.2383	-11.1014
BLOCK08/SES085/SA085S26	SES085	-1.95487	-13.5672	-11.6123
BLOCK08/SES085/SA085S28	SES085	-1.73898	-12.2956	-10.5566
BLOCK08/SES087/SA087S15	SES087	-0.858948	-12.0348	-11.1759
BLOCK08/SES087/SA087S16	SES087	-0.180574	-11.7868	-11.6062
BLOCK08/SES087/SA087S24	SES087	-0.499895	-12.6571	-12.1572
BLOCK08/SES087/SA087S26	SES087	-0.679295	-11.6808	-11.0015
BLOCK08/SES087/SA087S29	SES087	-1.28436	-11.9996	-10.7152
BLOCK09/SES099/SA099S15	SES099	-1.37518	-13.9922	-12.6171
BLOCK09/SES099/SA099S16	SES099	-1.55516	-12.2059	-10.6508
BLOCK09/SES099/SA099S24	SES099	-1.4011	-12.7756	-11.3745
BLOCK09/SES099/SA099S26	SES099	-1.68004	-13.5606	-11.8806
BLOCK09/SES099/SA099S29	SES099	-0.992933	-12.8602	-11.8673
BLOCK10/SES101/SA101S11	SES101	-2.1528	-12.3061	-10.1533
BLOCK10/SES101/SA101S13	SES101	-1.67613	-12.2569	-10.5808
BLOCK10/SES101/SA101S22	SES101	-0.366166	-12.2264	-11.8603
BLOCK10/SES101/SA101S24	SES101	-1.00431	-11.6361	-10.6318
BLOCK10/SES101/SA101S28	SES101	-0.867618	-11.9359	-11.0683
BLOCK10/SES104/SA104S11	SES104	-2.20998	-12.5399	-10.3299
BLOCK10/SES104/SA104S12	SES104	-1.4788	-12.0063	-10.5275
BLOCK10/SES104/SA104S21	SES104	-1.61362	-13.0609	-11.4473
BLOCK10/SES104/SA104S24	SES104	-2.02036	-13.3207	-11.3003
BLOCK10/SES104/SA104S28	SES104	-1.22246	-12.4893	-11.2669
BLOCK10/SES105/SA105S12	SES105	-1.2786	-12.1955	-10.9169
BLOCK10/SES105/SA105S13	SES105	-2.24497	-13.0738	-10.8288
BLOCK10/SES105/SA105S22	SES105	-1.7825	-13.0932	-11.3107
BLOCK10/SES105/SA105S26	SES105	-1.60675	-13.1555	-11.5488
BLOCK10/SES105/SA105S29	SES105	-1.98883	-12.5886	-10.5997
BLOCK10/SES106/SA106S09	SES106	-1.51901	-13.353	-11.834
BLOCK10/SES106/SA106S11	SES106	-1.51288	-12.7559	-11.2431
BLOCK10/SES106/SA106S22	SES106	-1.25988	-13.4502	-12.1903
BLOCK10/SES106/SA106S27	SES106	-1.64996	-12.4631	-10.8132
BLOCK10/SES106/SA106S29	SES106	-2.61646	-12.555	-9.9385
BLOCK11/SES117/SA117S12	SES117	-1.65059	-13.4317	-11.7811
BLOCK11/SES117/SA117S13	SES117	-1.90499	-13.0717	-11.1667
BLOCK11/SES117/SA117S23	SES117	-1.50995	-13.399	-11.8891
BLOCK11/SES117/SA117S25	SES117	-2.51941	-13.4818	-10.9624
BLOCK11/SES117/SA117S28	SES117	-2.60702	-13.9342	-11.3271
BLOCK12/SES120/SA120S08	SES120	-1.93572	-13.6596	-11.7238
BLOCK12/SES120/SA120S11	SES120	-0.649552	-16.2516	-15.602
BLOCK12/SES120/SA120S22	SES120	-3.09029	-13.6625	-10.5722
BLOCK12/SES120/SA120S24	SES120	-2.119	-14.0477	-11.9287
BLOCK12/SES120/SA120S28	SES120	-2.1948	-13.9503	-11.7555
BLOCK12/SES125/SA125S13	SES125	-1.83551	-13.012	-11.1765
BLOCK12/SES125/SA125S14	SES125	-1.4695	-12.9138	-11.4443
BLOCK12/SES125/SA125S25	SES125	-0.909083	-12.6206	-11.7115
BLOCK12/SES125/SA125S27	SES125	-1.54356	-12.1811	-10.6376
BLOCK12/SES125/SA125S29	SES125	-1.86607	-12.2788	-10.4127
BLOCK12/SES127/SA127S11	SES127	-0.816996	-11.6441	-10.8271
BLOCK12/SES127/SA127S12	SES127	-1.79039	-11.1862	-9.39579
BLOCK12/SES127/SA127S23	SES127	-1.3374	-11.0262	-9.68879
BLOCK12/SES127/SA127S25	SES127	-2.33615	-11.901	-9.56484
BLOCK12/SES127/SA127S27	SES127	-0.538572	-10.3519	-9.81336
BLOCK12/SES129/SA129S11	SES129	-0.37976	-10.2767	-9.89691
BLOCK12/SES129/SA129S12	SES129	-1.1642	-10.7051	-9.54094
BLOCK12/SES129/SA129S22	SES129	-0.583637	-11.2131	-10.6294
BLOCK12/SES129/SA129S27	SES129	-0.523869	-10.6028	-10.0789
BLOCK12/SES129/SA129S29	SES129	-2.79598	-13.7913	-10.9953
BLOCK14/SES142/SA142S11	SES142	-2.96128	-12.7326	-9.77136
BLOCK14/SES142/SA142S12	SES142	-2.43458	-12.8139	-10.3793
BLOCK14/SES142/SA142S24	SES142	-2.80381	-12.9886	-10.1848
BLOCK14/SES142/SA142S27	SES142	-3.07869	-13.2814	-10.2027
BLOCK14/SES142/SA142S29	SES142	-2.6553	-12.6299	-9.97463
BLOCK14/SES143/SA143S12	SES143	-1.07397	-12.1008	-11.0269
BLOCK14/SES143/SA143S13	SES143	-1.01509	-11.8097	-10.7946
BLOCK14/SES143/SA143S23	SES143	-0.519744	-11.4267	-10.9069
BLOCK14/SES143/SA143S25	SES143	-2.01137	-12.9737	-10.9623
BLOCK14/SES143/SA143S28	SES143	-1.64464	-13.0977	-11.453
BLOCK14/SES144/SA144S09	SES144	-1.13608	-11.6544	-10.5183
BLOCK14/SES144/SA144S11	SES144	-1.69905	-12.3107	-10.6117
BLOCK14/SES144/SA144S21	SES144	-2.29483	-12.9664	-10.6716
BLOCK14/SES144/SA144S25	SES144	-1.64473	-11.7813	-10.1366
BLOCK14/SES144/SA144S29	SES144	-2.70911	-13.7618	-11.0527
BLOCK14/SES146/SA146S14	SES146	-2.68506	-13.7902	-11.1052
BLOCK14/SES146/SA146S15	SES146	-3.02162	-14.5875	-11.5658
BLOCK14/SES146/SA146S24	SES146	-2.7172	-14.1381	-11.4209
BLOCK14/SES146/SA146S26	SES146	-2.71821	-13.8933	-11.1751
BLOCK14/SES146/SA146S29	SES146	-1.90746	-13.7384	-11.831
BLOCK14/SES147/SA147S11	SES147	-2.40471	-13.3217	-10.917
BLOCK14/SES147/SA147S13	SES147	-1.70895	-11.7951	-10.0861
BLOCK14/SES147/SA147S23	SES147	-1.18196	-11.5747	-10.3927
BLOCK14/SES147/SA147S26	SES147	-1.02645	-11.6152	-10.5888
BLOCK14/SES147/SA147S28	SES147	-1.96124	-12.1864	-10.2251
BLOCK14/SES148/SA148S10	SES148	-1.52449	-11.3728	-9.8483
BLOCK14/SES148/SA148S12	SES148	-0.415077	-11.433	-11.0179
BLOCK14/SES148/SA148S22	SES148	-0.711086	-11.1975	-10.4864
BLOCK14/SES148/SA148S26	SES148	-1.40287	-10.8056	-9.40273
BLOCK14/SES148/SA148S29	SES148	-1.60137	-12.2605	-10.6591
BLOCK14/SES149/SA149S13	SES149	-3.15139	-13.9586	-10.8072
BLOCK14/SES149/SA149S14	SES149	-2.51095	-13.0498	-10.5388
BLOCK14/SES149/SA149S24	SES149	-1.96735	-12.6598	-10.6925
BLOCK14/SES149/SA149S26	SES149	-2.46262	-13.158	-10.6954
BLOCK14/SES149/SA149S28	SES149	-1.63333	-11.6909	-10.0575
BLOCK15/SES158/SA158S13	SES158	-2.3136	-14.1659	-11.8523
BLOCK15/SES158/SA158S14	SES158	-2.16291	-14.4965	-12.3336
BLOCK15/SES158/SA158S23	SES158	-2.74712	-13.6639	-10.9168
BLOCK15/SES158/SA158S26	SES158	-2.00622	-13.7656	-11.7594
BLOCK15/SES158/SA158S28	SES158	-2.19696	-13.5295	-11.3326
BLOCK16/SES162/SA162S10	SES162	-1.99599	-12.9565	-10.9605
BLOCK16/SES162/SA162S11	SES162	-2.01247	-12.2669	-10.2544
BLOCK16/SES162/SA162S21	SES162	-1.80037	-12.1374	-10.3371
BLOCK16/SES162/SA162S24	SES162	-1.56485	-11.9311	-10.3662
BLOCK16/SES162/SA162S27	SES162	-1.61031	-12.7966	-11.1863
BLOCK16/SES167/SA167S14	SES167	-1.58852	-11.3255	-9.73699
BLOCK16/SES167/SA167S15	SES167	-1.04601	-10.5235	-9.47748
BLOCK16/SES167/SA167S21	SES167	-1.89545	-11.1823	-9.28688
BLOCK16/SES167/SA167S25	SES167	-0.159797	-10.5041	-10.3443
BLOCK16/SES167/SA167S29	SES167	-1.50908	-10.8713	-9.36223
BLOCK17/SES172/SA172S12	SES172	-0.655199	-12.0461	-11.3909
BLOCK17/SES172/SA172S13	SES172	-1.29437	-12.7579	-11.4635
BLOCK17/SES172/SA172S23	SES172	-0.884441	-11.1526	-10.2682
BLOCK17/SES172/SA172S27	SES172	-0.993103	-12.5123	-11.5192
BLOCK17/SES172/SA172S29	SES172	-0.223914	-11.1098	-10.8859
BLOCK17/SES175/SA175S11	SES175	-1.94765	-13.4304	-11.4827
BLOCK17/SES175/SA175S13	SES175	-2.92839	-12.5371	-9.60872
BLOCK17/SES175/SA175S23	SES175	-1.4804	-11.5496	-10.0692
BLOCK17/SES175/SA175S25	SES175	-2.61253	-13.6366	-11.024
BLOCK17/SES175/SA175S28	SES175	-1.85315	-12.4196	-10.5665
BLOCK17/SES177/SA177S15	SES177	-2.43832	-13.6201	-11.1818
BLOCK17/SES177/SA177S17	SES177	-2.0177	-13.3191	-11.3014
BLOCK17/SES177/SA177S23	SES177	-1.96823	-12.7237	-10.7555
BLOCK17/SES177/SA177S26	SES177	-2.8788	-13.0057	-10.1269
BLOCK17/SES177/SA177S28	SES177	-2.09652	-13.0981	-11.0015
BLOCK18/SES180/SA180S13	SES180	-2.2137	-13.9624	-11.7487
BLOCK18/SES180/SA180S15	SES180	-1.3513	-11.9821	-10.6308
BLOCK18/SES180/SA180S24	SES180	-1.67605	-11.6573	-9.98127
BLOCK18/SES180/SA180S26	SES180	-2.75932	-13.1419	-10.3825
BLOCK18/SES180/SA180S29	SES180	-2.34456	-13.4996	-11.1551
BLOCK18/SES183/SA183S13	SES183	-1.07341	-11.5155	-10.4421
BLOCK18/SES183/SA183S14	SES183	-1.95187	-12.8548	-10.9029
BLOCK18/SES183/SA183S24	SES183	-1.55419	-12.5813	-11.0271
BLOCK18/SES183/SA183S27	SES183	-0.956728	-11.9739	-11.0172
BLOCK18/SES183/SA183S29	SES183	-1.11205	-11.688	-10.576
BLOCK18/SES187/SA187S13	SES187	-2.44067	-14.0366	-11.596
BLOCK18/SES187/SA187S14	SES187	-2.29987	-14.4131	-12.1132
BLOCK18/SES187/SA187S24	SES187	-1.08253	-12.6475	-11.5649
BLOCK18/SES187/SA187S27	SES187	-0.971741	-12.6862	-11.7144
BLOCK18/SES187/SA187S29	SES187	-2.81685	-16.063	-13.2462
BLOCK18/SES189/SA189S10	SES189	-1.57964	-13.2782	-11.6986
BLOCK18/SES189/SA189S13	SES189	-1.31821	-14.6353	-13.317
BLOCK18/SES189/SA189S24	SES189	-1.91558	-13.2426	-11.327
BLOCK18/SES189/SA189S26	SES189	-2.89985	-14.1616	-11.2617
BLOCK18/SES189/SA189S29	SES189	-2.50296	-13.989	-11.4861
BLOCK20/SES202/SA202S12	SES202	-1.60034	-12.537	-10.9367
BLOCK20/SES202/SA202S14	SES202	-2.47147	-13.4546	-10.9831
BLOCK20/SES202/SA202S24	SES202	-1.65409	-12.8808	-11.2267
BLOCK20/SES202/SA202S27	SES202	-1.60564	-12.2085	-10.6029
BLOCK20/SES202/SA202S29	SES202	-1.82762	-12.775	-10.9474
BLOCK20/SES206/SA206S15	SES206	-2.64649	-12.7609	-10.1144
BLOCK20/SES206/SA206S17	SES206	-2.30857	-14.5612	-12.2527
BLOCK20/SES206/SA206S24	SES206	-2.30359	-13.0535	-10.7499
BLOCK20/SES206/SA206S27	SES206	-2.00479	-14.1628	-12.158
BLOCK20/SES206/SA206S29	SES206	-2.34529	-14.9257	-12.5804
BLOCK22/SES226/SA226S12	SES226	-1.43918	-12.5062	-11.0671
BLOCK22/SES226/SA226S13	SES226	-2.63291	-14.0546	-11.4217
BLOCK22/SES226/SA226S20	SES226	-2.42052	-14.0503	-11.6298
BLOCK22/SES226/SA226S23	SES226	-1.92215	-12.9098	-10.9876
BLOCK22/SES226/SA226S28	SES226	-1.79486	-12.7327	-10.9378
BLOCK25/SES259/SA259S13	SES259	-2.80435	-14.3747	-11.5704
BLOCK25/SES259/SA259S14	SES259	-2.62977	-13.5374	-10.9076
BLOCK25/SES259/SA259S22	SES259	-1.18935	-12.6572	-11.4679
BLOCK25/SES259/SA259S24	SES259	-1.6443	-13.4039	-11.7596
BLOCK25/SES259/SA259S28	SES259	-1.29457	-12.4556	-11.161
BLOCK27/SES270/SA270S14	SES270	-0.00944328	-11.891	-11.8816
BLOCK27/SES270/SA270S16	SES270	-0.791645	-10.7483	-9.95669
BLOCK27/SES270/SA270S22	SES270	-0.123589	-11.359	-11.2354
BLOCK27/SES270/SA270S26	SES270	-0.614364	-10.9548	-10.3404
BLOCK27/SES270/SA270S28	SES270	-0.289042	-10.7608	-10.4718
BLOCK27/SES275/SA275S17	SES275	-2.34439	-12.483	-10.1386
BLOCK27/SES275/SA275S18	SES275	-1.96698	-12.7351	-10.7681
BLOCK27/SES275/SA275S24	SES275	-1.74665	-12.3522	-10.6056
BLOCK27/SES275/SA275S26	SES275	-1.52062	-11.8736	-10.353
BLOCK27/SES275/SA275S28	SES275	-2.09556	-12.7212	-10.6256
BLOCK29/SES292/SA292S10	SES292	-1.97518	-12.6254	-10.6502
BLOCK29/SES292/SA292S12	SES292	-1.41026	-13.4035	-11.9932
BLOCK29/SES292/SA292S22	SES292	-1.72799	-12.9909	-11.2629
BLOCK29/SES292/SA292S24	SES292	-1.2682	-12.8155	-11.5473
BLOCK29/SES292/SA292S27	SES292	-2.30234	-12.9162	-10.6139
BLOCK00/SES001/SA001S14	SES062	-2.15129	-13.035	-10.8837
BLOCK00/SES001/SA001S14	SES082	-1.69655	-12.5803	-10.8837
BLOCK00/SES001/SA001S14	SES106	-1.74529	-12.629	-10.8837
BLOCK00/SES001/SA001S14	SES206	-1.86907	-12.7528	-10.8837
BLOCK00/SES001/SA001S15	SES062	-1.48899	-11.3852	-9.89622
BLOCK00/SES001/SA001S15	SES104	-1.62574	-11.522	-9.89622
BLOCK00/SES001/SA001S15	SES106	-1.34101	-11.2372	-9.89622
BLOCK00/SES001/SA001S15	SES206	-1.961	-11.8572	-9.89622
BLOCK00/SES001/SA001S24	SES062	-1.12917	-11.2356	-10.1064
BLOCK00/SES001/SA001S24	SES082	-1.14787	-11.2543	-10.1064
BLOCK00/SES001/SA001S24	SES087	-1.64006	-11.7465	-10.1064
BLOCK00/SES001/SA001S24	SES206	-1.43869	-11.5451	-10.1064
BLOCK00/SES001/SA001S27	SES062	-2.41339	-11.6625	-9.24915
BLOCK00/SES001/SA001S27	SES082	-2.20861	-11.4578	-9.24915
BLOCK00/SES001/SA001S27	SES087	-1.96683	-11.216	-9.24915
BLOCK00/SES001/SA001S27	SES206	-2.82233	-12.0715	-9.24915
BLOCK00/SES001/SA001S29	SES062	-1.50126	-12.2334	-10.7321
BLOCK00/SES001/SA001S29	SES082	-1.26901	-12.0011	-10.7321
BLOCK00/SES001/SA001S29	SES158	-1.68866	-12.4208	-10.7321
BLOCK00/SES001/SA001S29	SES206	-1.61746	-12.3496	-10.7321
BLOCK00/SES003/SA003S11	SES002	-1.50713	-11.8579	-10.3508
BLOCK00/SES003/SA003S11	SES019	-2.14695	-12.4977	-10.3508
BLOCK00/SES003/SA003S11	SES082	-1.43167	-11.7825	-10.3508
BLOCK00/SES003/SA003S11	SES125	-1.49546	-11.8462	-10.3508
BLOCK00/SES003/SA003S15	SES016	-2.22643	-12.9837	-10.7573
BLOCK00/SES003/SA003S15	SES019	-2.6923	-13.4496	-10.7573
BLOCK00/SES003/SA003S15	SES062	-1.46297	-12.2203	-10.7573
BLOCK00/SES003/SA003S15	SES206	-1.95374	-12.711	-10.7573
BLOCK00/SES003/SA003S22	SES002	-1.14796	-11.6181	-10.4701
BLOCK00/SES003/SA003S22	SES062	-0.8297	-11.2998	-10.4701
BLOCK00/SES003/SA003S22	SES082	-1.0643	-11.5344	-10.4701
BLOCK00/SES003/SA003S22	SES087	-1.10323	-11.5734	-10.4701
BLOCK00/SES003/SA003S25	SES062	0.069663	-12.0374	-12.1071
BLOCK00/SES003/SA003S25	SES082	-0.657872	-12.765	-12.1071
BLOCK00/SES003/SA003S25	SES087	-0.431432	-12.5385	-12.1071
BLOCK00/SES003/SA003S25	SES206	-1.61379	-13.7209	-12.1071
BLOCK00/SES003/SA003S29	SES002	-1.57364	-12.0655	-10.4919
BLOCK00/SES003/SA003S29	SES062	-1.24225	-11.7342	-10.4919
BLOCK00/SES003/SA003S29	SES082	-1.35751	-11.8494	-10.4919
BLOCK00/SES003/SA003S29	SES087	-1.30202	-11.7939	-10.4919
BLOCK00/SES004/SA004S12	SES083	-1.56871	-11.6447	-10.076
BLOCK00/SES004/SA004S12	SES148	-1.44664	-11.5226	-10.076
BLOCK00/SES004/SA004S12	SES172	-1.38772	-11.4637	-10.076
BLOCK00/SES004/SA004S12	SES292	-1.70306	-11.779	-10.076
BLOCK00/SES004/SA004S17	SES083	-1.95026	-12.2407	-10.2905
BLOCK00/SES004/SA004S17	SES162	-2.03243	-12.3229	-10.2905
BLOCK00/SES004/SA004S17	SES172	-1.84796	-12.1384	-10.2905
BLOCK00/SES004/SA004S17	SES292	-2.06348	-12.3539	-10.2905
BLOCK00/SES004/SA004S24	SES083	-2.06053	-12.156	-10.0955
BLOCK00/SES004/SA004S24	SES148	-2.7555	-12.851	-10.0955
BLOCK00/SES004/SA004S24	SES172	-2.02878	-12.1243	-10.0955
BLOCK00/SES004/SA004S24	SES292	-2.20125	-12.2967	-10.0955
BLOCK00/SES004/SA004S26	SES083	-1.17682	-11.9161	-10.7392
BLOCK00/SES004/SA004S26	SES127	-0.827927	-11.5672	-10.7392
BLOCK00/SES004/SA004S26	SES148	-2.03831	-12.7776	-10.7392
BLOCK00/SES004/SA004S26	SES292	-1.6231	-12.3623	-10.7392
BLOCK00/SES004/SA004S28	SES083	-0.965932	-12.0138	-11.0478
BLOCK00/SES004/SA004S28	SES127	-0.0620298	-11.1099	-11.0478
BLOCK00/SES004/SA004S28	SES187	-0.655	-11.7028	-11.0478
BLOCK00/SES004/SA004S28	SES292	-0.828268	-11.8761	-11.0478
BLOCK00/SES006/SA006S10	SES014	-0.902465	-12.617	-11.7146
BLOCK00/SES006/SA006S10	SES158	-0.899049	-12.6136	-11.7146
BLOCK00/SES006/SA006S10	SES226	-0.789564	-12.5041	-11.7146
BLOCK00/SES006/SA006S10	SES270	-0.634782	-12.3493	-11.7146
BLOCK00/SES006/SA006S11	SES158	-0.998961	-12.7025	-11.7035
BLOCK00/SES006/SA006S11	SES226	-0.594063	-12.2976	-11.7035
BLOCK00/SES006/SA006S11	SES270	-0.368677	-12.0722	-11.7035
BLOCK00/SES006/SA006S11	SES275	-0.951682	-12.6552	-11.7035
BLOCK00/SES006/SA006S23	SES062	-1.9963	-14.5136	-12.5173
BLOCK00/SES006/SA006S23	SES105	-2.20781	-14.7251	-12.5173
BLOCK00/SES006/SA006S23	SES158	-1.42984	-13.9471	-12.5173
BLOCK00/SES006/SA006S23	SES275	-1.78625	-14.3035	-12.5173
BLOCK00/SES006/SA006S26	SES104	-1.0413	-12.659	-11.6177
BLOCK00/SES006/SA006S26	SES158	-1.07521	-12.6929	-11.6177
BLOCK00/SES006/SA006S26	SES270	-0.880903	-12.4986	-11.6177
BLOCK00/SES006/SA006S26	SES275	-1.16326	-12.7809	-11.6177
BLOCK00/SES006/SA006S28	SES007	-1.42681	-13.4295	-12.0027
BLOCK00/SES006/SA006S28	SES105	-1.14017	-13.1429	-12.0027
BLOCK00/SES006/SA006S28	SES158	-1.05318	-13.0559	-12.0027
BLOCK00/SES006/SA006S28	SES275	-1.11318	-13.1159	-12.0027
BLOCK00/SES009/SA009S12	SES083	-2.98966	-14.4375	-11.4479
BLOCK00/SES009/SA009S12	SES148	-5.2772	-16.7251	-11.4479
BLOCK00/SES009/SA009S12	SES177	-2.43013	-13.878	-11.4479
BLOCK00/SES009/SA009S12	SES292	-2.96722	-14.4151	-11.4479
BLOCK00/SES009/SA009S15	SES007	-2.48578	-13.0145	-10.5287
BLOCK00/SES009/SA009S15	SES099	-3.82751	-14.3562	-10.5287
BLOCK00/SES009/SA009S15	SES148	-5.06056	-15.5892	-10.5287
BLOCK00/SES009/SA009S15	SES172	-3.0632	-13.5919	-10.5287
BLOCK00/SES009/SA009S24	SES146	-1.92287	-13.2775	-11.3546
BLOCK00/SES009/SA009S24	SES148	-4.2372	-15.5918	-11.3546
BLOCK00/SES009/SA009S24	SES177	-2.01307	-13.3677	-11.3546
BLOCK00/SES009/SA009S24	SES292	-2.41972	-13.7743	-11.3546
BLOCK00/SES009/SA009S26	SES083	-2.53223	-13.219	-10.6868
BLOCK00/SES009/SA009S26	SES101	-2.7436	-13.4304	-10.6868
BLOCK00/SES009/SA009S26	SES120	-2.56499	-13.2518	-10.6868
BLOCK00/SES009/SA009S26	SES177	-2.35647	-13.0433	-10.6868
BLOCK00/SES009/SA009S29	SES083	-2.51538	-13.1626	-10.6472
BLOCK00/SES009/SA009S29	SES101	-2.65837	-13.3056	-10.6472
BLOCK00/SES009/SA009S29	SES177	-2.32807	-12.9753	-10.6472
BLOCK00/SES009/SA009S29	SES292	-2.46662	-13.1138	-10.6472
BLOCK01/SES011/SA011S10	SES019	-3.54226	-17.0439	-13.5016
BLOCK01/SES011/SA011S10	SES042	-1.43869	-14.9403	-13.5016
BLOCK01/SES011/SA011S10	SES082	-3.69441	-17.196	-13.5016
BLOCK01/SES011/SA011S10	SES206	-2.45294	-15.9545	-13.5016
BLOCK01/SES011/SA011S11	SES019	-2.45891	-13.7167	-11.2577
BLOCK01/SES011/SA011S11	SES042	-1.58479	-12.8425	-11.2577
BLOCK01/SES011/SA011S11	SES082	-2.19495	-13.4527	-11.2577
BLOCK01/SES011/SA011S11	SES206	-2.02343	-13.2812	-11.2577
BLOCK01/SES011/SA011S22	SES019	-2.41615	-14.3147	-11.8985
BLOCK01/SES011/SA011S22	SES042	-1.71718	-13.6157	-11.8985
BLOCK01/SES011/SA011S22	SES082	-2.67282	-14.5713	-11.8985
BLOCK01/SES011/SA011S22	SES206	-2.28325	-14.1818	-11.8985
BLOCK01/SES011/SA011S24	SES019	-3.626	-15.1357	-11.5097
BLOCK01/SES011/SA011S24	SES042	-2.02987	-13.5396	-11.5097
BLOCK01/SES011/SA011S24	SES104	-2.96946	-14.4792	-11.5097
BLOCK01/SES011/SA011S24	SES206	-2.44937	-13.9591	-11.5097
BLOCK01/SES011/SA011S27	SES082	-1.74319	-12.567	-10.8238
BLOCK01/SES011/SA011S27	SES087	-2.6709	-13.4947	-10.8238
BLOCK01/SES011/SA011S27	SES125	-1.73063	-12.5544	-10.8238
BLOCK01/SES011/SA011S27	SES206	-2.01058	-12.8344	-10.8238
BLOCK01/SES012/SA012S11	SES007	-2.61712	-13.1664	-10.5492
BLOCK01/SES012/SA012S11	SES082	-2.50685	-13.0561	-10.5492
BLOCK01/SES012/SA012S11	SES083	-2.93441	-13.4836	-10.5492
BLOCK01/SES012/SA012S11	SES206	-2.44194	-12.9912	-10.5492
BLOCK01/SES012/SA012S14	SES082	-2.99122	-14.7754	-11.7842
BLOCK01/SES012/SA012S14	SES087	-4.71055	-16.4947	-11.7842
BLOCK01/SES012/SA012S14	SES206	-2.51462	-14.2988	-11.7842
BLOCK01/SES012/SA012S14	SES292	-3.57907	-15.3632	-11.7842
BLOCK01/SES012/SA012S24	SES082	-2.07348	-13.5876	-11.5141
BLOCK01/SES012/SA012S24	SES087	-3.2118	-14.7259	-11.5141
BLOCK01/SES012/SA012S24	SES120	-2.29834	-13.8124	-11.5141
BLOCK01/SES012/SA012S24	SES206	-1.9489	-13.463	-11.5141
BLOCK01/SES012/SA012S26	SES019	-3.99733	-17.1494	-13.1521
BLOCK01/SES012/SA012S26	SES082	-2.84634	-15.9984	-13.1521
BLOCK01/SES012/SA012S26	SES206	-1.97161	-15.1237	-13.1521
BLOCK01/SES012/SA012S26	SES292	-3.44173	-16.5938	-13.1521
BLOCK01/SES012/SA012S29	SES062	-2.56666	-12.5616	-9.99489
BLOCK01/SES012/SA012S29	SES082	-2.27938	-12.2743	-9.99489
BLOCK01/SES012/SA012S29	SES083	-2.70035	-12.6952	-9.99489
BLOCK01/SES012/SA012S29	SES206	-2.38814	-12.383	-9.99489
BLOCK01/SES013/SA013S16	SES062	-2.05374	-15.2376	-13.1838
BLOCK01/SES013/SA013S16	SES106	-1.58873	-14.7726	-13.1838
BLOCK01/SES013/SA013S16	SES206	-2.00953	-15.1934	-13.1838
BLOCK01/SES013/SA013S16	SES226	-1.69659	-14.8804	-13.1838
BLOCK01/SES013/SA013S17	SES062	-1.74871	-13.0767	-11.328
BLOCK01/SES013/SA013S17	SES106	-1.44423	-12.7722	-11.328
BLOCK01/SES013/SA013S17	SES206	-2.36879	-13.6968	-11.328
BLOCK01/SES013/SA013S17	SES226	-1.47786	-12.8059	-11.328
BLOCK01/SES013/SA013S23	SES104	-2.41957	-15.1621	-12.7426
BLOCK01/SES013/SA013S23	SES106	-2.18269	-14.9253	-12.7426
BLOCK01/SES013/SA013S23	SES206	-2.63766	-15.3802	-12.7426
BLOCK01/SES013/SA013S23	SES270	-3.65832	-16.4009	-12.7426
BLOCK01/SES013/SA013S25	SES042	-2.73224	-14.3293	-11.597
BLOCK01/SES013/SA013S25	SES104	-1.12847	-12.7255	-11.597
BLOCK01/SES013/SA013S25	SES106	-0.943304	-12.5403	-11.597
BLOCK01/SES013/SA013S25	SES206	-2.03985	-13.6369	-11.597
BLOCK01/SES013/SA013S29	SES062	-1.29834	-13.2464	-11.9481
BLOCK01/SES013/SA013S29	SES104	-1.19009	-13.1382	-11.9481
BLOCK01/SES013/SA013S29	SES106	-0.750553	-12.6986	-11.9481
BLOCK01/SES013/SA013S29	SES206	-1.91707	-13.8651	-11.9481
BLOCK02/SES021/SA021S13	SES016	-2.35938	-13.531	-11.1717
BLOCK02/SES021/SA021S13	SES029	-2.64528	-13.8169	-11.1717
BLOCK02/SES021/SA021S13	SES087	-4.63214	-15.8038	-11.1717
BLOCK02/SES021/SA021S13	SES206	-2.71322	-13.8849	-11.1717
BLOCK02/SES021/SA021S15	SES087	-3.58902	-14.576	-10.987
BLOCK02/SES021/SA021S15	SES125	-2.2292	-13.2162	-10.987
BLOCK02/SES021/SA021S15	SES206	-2.36217	-13.3491	-10.987
BLOCK02/SES021/SA021S15	SES226	-2.65442	-13.6414	-10.987
BLOCK02/SES021/SA021S23	SES062	-2.84162	-14.6907	-11.8491
BLOCK02/SES021/SA021S23	SES087	-2.9048	-14.7539	-11.8491
BLOCK02/SES021/SA021S23	SES206	-2.17281	-14.0219	-11.8491
BLOCK02/SES021/SA021S23	SES226	-2.47362	-14.3227	-11.8491
BLOCK02/SES021/SA021S27	SES002	-2.59308	-13.4334	-10.8404
BLOCK02/SES021/SA021S27	SES016	-3.713	-14.5534	-10.8404
BLOCK02/SES021/SA021S27	SES019	-3.18251	-14.0229	-10.8404
BLOCK02/SES021/SA021S27	SES062	-2.61846	-13.4588	-10.8404
BLOCK02/SES021/SA021S29	SES087	-3.01302	-15.6545	-12.6415
BLOCK02/SES021/SA021S29	SES125	-1.99203	-14.6335	-12.6415
BLOCK02/SES021/SA021S29	SES206	-1.79215	-14.4336	-12.6415
BLOCK02/SES021/SA021S29	SES226	-2.4649	-15.1064	-12.6415
BLOCK04/SES043/SA043S09	SES083	-0.969162	-12.1721	-11.203
BLOCK04/SES043/SA043S09	SES101	-1.14096	-12.3439	-11.203
BLOCK04/SES043/SA043S09	SES144	-0.984596	-12.1876	-11.203
BLOCK04/SES043/SA043S09	SES172	-1.16871	-12.3717	-11.203
BLOCK04/SES043/SA043S11	SES083	-1.22984	-11.5144	-10.2846
BLOCK04/SES043/SA043S11	SES101	-1.11584	-11.4004	-10.2846
BLOCK04/SES043/SA043S11	SES144	-0.902609	-11.1872	-10.2846
BLOCK04/SES043/SA043S11	SES172	-1.26657	-11.5512	-10.2846
BLOCK04/SES043/SA043S23	SES083	-1.36809	-12.0603	-10.6922
BLOCK04/SES043/SA043S23	SES144	-1.11384	-11.8061	-10.6922
BLOCK04/SES043/SA043S23	SES177	-1.66884	-12.3611	-10.6922
BLOCK04/SES043/SA043S23	SES275	-1.34403	-12.0363	-10.6922
BLOCK04/SES043/SA043S26	SES083	-0.879546	-12.3477	-11.4682
BLOCK04/SES043/SA043S26	SES101	-1.03086	-12.4991	-11.4682
BLOCK04/SES043/SA043S26	SES144	-0.913658	-12.3819	-11.4682
BLOCK04/SES043/SA043S26	SES177	-1.14296	-12.6112	-11.4682
BLOCK04/SES043/SA043S28	SES016	-2.39064	-13.122	-10.7314
BLOCK04/SES043/SA043S28	SES083	-2.18322	-12.9146	-10.7314
BLOCK04/SES043/SA043S28	SES101	-2.42325	-13.1546	-10.7314
BLOCK04/SES043/SA043S28	SES144	-2.40266	-13.134	-10.7314
BLOCK04/SES044/SA044S10	SES127	-0.609816	-12.1731	-11.5633
BLOCK04/SES044/SA044S10	SES144	-0.166098	-11.7294	-11.5633
BLOCK04/SES044/SA044S10	SES147	-0.661077	-12.2244	-11.5633
BLOCK04/SES044/SA044S10	SES148	-0.345065	-11.9083	-11.5633
BLOCK04/SES044/SA044S11	SES101	-1.39829	-12.2108	-10.8125
BLOCK04/SES044/SA044S11	SES144	-1.41093	-12.2234	-10.8125
BLOCK04/SES044/SA044S11	SES147	-1.68324	-12.4957	-10.8125
BLOCK04/SES044/SA044S11	SES177	-1.85368	-12.6662	-10.8125
BLOCK04/SES044/SA044S24	SES007	-2.05532	-12.943	-10.8877
BLOCK04/SES044/SA044S24	SES101	-1.43657	-12.3243	-10.8877
BLOCK04/SES044/SA044S24	SES147	-1.66429	-12.552	-10.8877
BLOCK04/SES044/SA044S24	SES177	-1.76905	-12.6568	-10.8877
BLOCK04/SES044/SA044S26	SES007	-2.36673	-12.6517	-10.285
BLOCK04/SES044/SA044S26	SES016	-2.24926	-12.5342	-10.285
BLOCK04/SES044/SA044S26	SES101	-1.52111	-11.8061	-10.285
BLOCK04/SES044/SA044S26	SES147	-1.61143	-11.8964	-10.285
BLOCK04/SES044/SA044S29	SES007	-1.96897	-13.5803	-11.6114
BLOCK04/SES044/SA044S29	SES101	-1.51792	-13.1293	-11.6114
BLOCK04/SES044/SA044S29	SES147	-1.61807	-13.2294	-11.6114
BLOCK04/SES044/SA044S29	SES177	-1.75536	-13.3667	-11.6114
BLOCK04/SES046/SA046S13	SES101	-0.705445	-12.3833	-11.6778
BLOCK04/SES046/SA046S13	SES144	-0.666629	-12.3445	-11.6778
BLOCK04/SES046/SA046S13	SES147	-0.88468	-12.5625	-11.6778
BLOCK04/SES046/SA046S13	SES177	-0.956018	-12.6339	-11.6778
BLOCK04/SES046/SA046S15	SES048	-2.14009	-12.3977	-10.2577
BLOCK04/SES046/SA046S15	SES083	-1.7717	-12.0294	-10.2577
BLOCK04/SES046/SA046S15	SES120	-2.61711	-12.8748	-10.2577
BLOCK04/SES046/SA046S15	SES148	-2.12541	-12.3831	-10.2577
BLOCK04/SES046/SA046S22	SES101	-0.686702	-11.7578	-11.0711
BLOCK04/SES046/SA046S22	SES144	-0.580906	-11.652	-11.0711
BLOCK04/SES046/SA046S22	SES147	-0.7721	-11.8432	-11.0711
BLOCK04/SES046/SA046S22	SES172	-0.878859	-11.95	-11.0711
BLOCK04/SES046/SA046S25	SES083	-1.32857	-11.345	-10.0165
BLOCK04/SES046/SA046S25	SES127	-1.55525	-11.5717	-10.0165
BLOCK04/SES046/SA046S25	SES144	-0.777809	-10.7943	-10.0165
BLOCK04/SES046/SA046S25	SES148	-0.862906	-10.8794	-10.0165
BLOCK04/SES046/SA046S28	SES007	-2.1213	-12.2667	-10.1454
BLOCK04/SES046/SA046S28	SES105	-1.57492	-11.7203	-10.1454
BLOCK04/SES046/SA046S28	SES147	-1.56157	-11.707	-10.1454
BLOCK04/SES046/SA046S28	SES148	-1.86398	-12.0094	-10.1454
BLOCK04/SES049/SA049S16	SES104	-0.859064	-13.6697	-12.8106
BLOCK04/SES049/SA049S16	SES106	-0.654711	-13.4653	-12.8106
BLOCK04/SES049/SA049S16	SES120	-1.5902	-14.4008	-12.8106
BLOCK04/SES049/SA049S16	SES206	-1.60568	-14.4163	-12.8106
BLOCK04/SES049/SA049S18	SES099	-1.15563	-12.5031	-11.3475
BLOCK04/SES049/SA049S18	SES104	-1.22281	-12.5703	-11.3475
BLOCK04/SES049/SA049S18	SES125	-1.04684	-12.3943	-11.3475
BLOCK04/SES049/SA049S18	SES206	-1.52687	-12.8743	-11.3475
BLOCK04/SES049/SA049S25	SES087	-1.64505	-14.4087	-12.7636
BLOCK04/SES049/SA049S25	SES104	-1.19054	-13.9542	-12.7636
BLOCK04/SES049/SA049S25	SES125	-1.34048	-14.1041	-12.7636
BLOCK04/SES049/SA049S25	SES206	-1.79718	-14.5608	-12.7636
BLOCK04/SES049/SA049S27	SES099	-3.25135	-14.3666	-11.1152
BLOCK04/SES049/SA049S27	SES104	-1.97115	-13.0864	-11.1152
BLOCK04/SES049/SA049S27	SES125	-2.34955	-13.4648	-11.1152
BLOCK04/SES049/SA049S27	SES206	-3.00362	-14.1189	-11.1152
BLOCK04/SES049/SA049S29	SES099	-2.69852	-13.9901	-11.2915
BLOCK04/SES049/SA049S29	SES104	-1.15362	-12.4452	-11.2915
BLOCK04/SES049/SA049S29	SES125	-1.43868	-12.7302	-11.2915
BLOCK04/SES049/SA049S29	SES206	-2.35347	-13.645	-11.2915
BLOCK06/SES063/SA063S09	SES068	-1.70096	-13.5582	-11.8572
BLOCK06/SES063/SA063S09	SES083	-1.52495	-13.3822	-11.8572
BLOCK06/SES063/SA063S09	SES177	-1.55135	-13.4086	-11.8572
BLOCK06/SES063/SA063S09	SES187	-1.47462	-13.3318	-11.8572
BLOCK06/SES063/SA063S10	SES068	-1.48341	-12.9621	-11.4787
BLOCK06/SES063/SA063S10	SES083	-1.60311	-13.0818	-11.4787
BLOCK06/SES063/SA063S10	SES172	-1.5354	-13.0141	-11.4787
BLOCK06/SES063/SA063S10	SES187	-1.61879	-13.0975	-11.4787
BLOCK06/SES063/SA063S20	SES068	-0.92568	-13.1873	-12.2617
BLOCK06/SES063/SA063S20	SES083	-0.748127	-13.0098	-12.2617
BLOCK06/SES063/SA063S20	SES172	-0.781317	-13.043	-12.2617
BLOCK06/SES063/SA063S20	SES187	-0.928799	-13.1905	-12.2617
BLOCK06/SES063/SA063S24	SES029	-1.46846	-13.4168	-11.9484
BLOCK06/SES063/SA063S24	SES083	-0.908276	-12.8567	-11.9484
BLOCK06/SES063/SA063S24	SES177	-1.16075	-13.1091	-11.9484
BLOCK06/SES063/SA063S24	SES189	-1.13247	-13.0809	-11.9484
BLOCK06/SES063/SA063S27	SES083	-0.924022	-12.2114	-11.2874
BLOCK06/SES063/SA063S27	SES172	-1.06778	-12.3551	-11.2874
BLOCK06/SES063/SA063S27	SES187	-1.20704	-12.4944	-11.2874
BLOCK06/SES063/SA063S27	SES292	-1.35079	-12.6381	-11.2874
BLOCK06/SES067/SA067S12	SES083	-1.67006	-11.6933	-10.0232
BLOCK06/SES067/SA067S12	SES172	-1.55167	-11.5749	-10.0232
BLOCK06/SES067/SA067S12	SES202	-1.65931	-11.6825	-10.0232
BLOCK06/SES067/SA067S12	SES292	-1.6876	-11.7108	-10.0232
BLOCK06/SES067/SA067S14	SES085	-2.08068	-10.8352	-8.75449
BLOCK06/SES067/SA067S14	SES177	-2.63569	-11.3902	-8.75449
BLOCK06/SES067/SA067S14	SES183	-1.89142	-10.6459	-8.75449
BLOCK06/SES067/SA067S14	SES202	-2.14935	-10.9038	-8.75449
BLOCK06/SES067/SA067S21	SES144	-2.71932	-13.8959	-11.1766
BLOCK06/SES067/SA067S21	SES177	-2.18068	-13.3573	-11.1766
BLOCK06/SES067/SA067S21	SES183	-2.62333	-13.8	-11.1766
BLOCK06/SES067/SA067S21	SES189	-2.1881	-13.3647	-11.1766
BLOCK06/SES067/SA067S25	SES085	-3.39456	-14.0276	-10.633
BLOCK06/SES067/SA067S25	SES177	-2.67605	-13.309	-10.633
BLOCK06/SES067/SA067S25	SES183	-3.00117	-13.6342	-10.633
BLOCK06/SES067/SA067S25	SES202	-3.03733	-13.6703	-10.633
BLOCK06/SES067/SA067S29	SES085	-1.39946	-12.5561	-11.1567
BLOCK06/SES067/SA067S29	SES177	-1.36763	-12.5243	-11.1567
BLOCK06/SES067/SA067S29	SES183	-1.27689	-12.4336	-11.1567
BLOCK06/SES067/SA067S29	SES202	-1.16178	-12.3185	-11.1567
BLOCK06/SES069/SA069S12	SES029	-1.95492	-13.001	-11.0461
BLOCK06/SES069/SA069S12	SES082	-1.65433	-12.7005	-11.0461
BLOCK06/SES069/SA069S12	SES087	-1.94464	-12.9908	-11.0461
BLOCK06/SES069/SA069S12	SES206	-2.06413	-13.1102	-11.0461
BLOCK06/SES069/SA069S13	SES029	-1.6725	-12.5502	-10.8777
BLOCK06/SES069/SA069S13	SES087	-1.28617	-12.1639	-10.8777
BLOCK06/SES069/SA069S13	SES206	-2.24898	-13.1267	-10.8777
BLOCK06/SES069/SA069S13	SES226	-1.16812	-12.0458	-10.8777
BLOCK06/SES069/SA069S23	SES029	-1.78449	-11.5486	-9.76407
BLOCK06/SES069/SA069S23	SES087	-0.997003	-10.7611	-9.76407
BLOCK06/SES069/SA069S23	SES206	-2.29351	-12.0576	-9.76407
BLOCK06/SES069/SA069S23	SES226	-1.29584	-11.0599	-9.76407
BLOCK06/SES069/SA069S25	SES087	-2.11392	-12.7333	-10.6194
BLOCK06/SES069/SA069S25	SES206	-2.34769	-12.9671	-10.6194
BLOCK06/SES069/SA069S25	SES226	-1.18001	-11.7994	-10.6194
BLOCK06/SES069/SA069S25	SES270	-1.67658	-12.2959	-10.6194
BLOCK06/SES069/SA069S27	SES087	-1.99616	-13.5798	-11.5836
BLOCK06/SES069/SA069S27	SES206	-1.58542	-13.169	-11.5836
BLOCK06/SES069/SA069S27	SES226	-1.26417	-12.8478	-11.5836
BLOCK06/SES069/SA069S27	SES270	-2.30833	-13.8919	-11.5836
BLOCK08/SES081/SA081S11	SES060	-2.29509	-13.6384	-11.3433
BLOCK08/SES081/SA081S11	SES062	-1.53319	-12.8765	-11.3433
BLOCK08/SES081/SA081S11	SES117	-2.36987	-13.7132	-11.3433
BLOCK08/SES081/SA081S11	SES162	-2.08976	-13.4331	-11.3433
BLOCK08/SES081/SA081S13	SES016	-2.72699	-12.9162	-10.1892
BLOCK08/SES081/SA081S13	SES060	-2.59481	-12.7841	-10.1892
BLOCK08/SES081/SA081S13	SES068	-2.43481	-12.6241	-10.1892
BLOCK08/SES081/SA081S13	SES129	-3.21616	-13.4054	-10.1892
BLOCK08/SES081/SA081S24	SES060	-2.85958	-13.595	-10.7354
BLOCK08/SES081/SA081S24	SES068	-2.79451	-13.5299	-10.7354
BLOCK08/SES081/SA081S24	SES117	-2.96893	-13.7043	-10.7354
BLOCK08/SES081/SA081S24	SES275	-3.05661	-13.792	-10.7354
BLOCK08/SES081/SA081S27	SES007	-2.58166	-15.1988	-12.6171
BLOCK08/SES081/SA081S27	SES060	-2.58945	-15.2065	-12.6171
BLOCK08/SES081/SA081S27	SES117	-3.11651	-15.7336	-12.6171
BLOCK08/SES081/SA081S27	SES275	-4.27494	-16.892	-12.6171
BLOCK08/SES081/SA081S29	SES007	-2.68218	-15.0763	-12.3942
BLOCK08/SES081/SA081S29	SES060	-2.29114	-14.6853	-12.3942
BLOCK08/SES081/SA081S29	SES117	-2.77981	-15.174	-12.3942
BLOCK08/SES081/SA081S29	SES275	-4.88634	-17.2805	-12.3942
BLOCK08/SES086/SA086S11	SES029	-1.56414	-14.2738	-12.7097
BLOCK08/SES086/SA086S11	SES082	-0.806519	-13.5162	-12.7097
BLOCK08/SES086/SA086S11	SES087	-0.370741	-13.0804	-12.7097
BLOCK08/SES086/SA086S11	SES206	-0.837418	-13.5471	-12.7097
BLOCK08/SES086/SA086S12	SES029	-1.5908	-14.1945	-12.6037
BLOCK08/SES086/SA086S12	SES082	-0.891932	-13.4957	-12.6037
BLOCK08/SES086/SA086S12	SES087	-0.56604	-13.1698	-12.6037
BLOCK08/SES086/SA086S12	SES206	-0.713776	-13.3175	-12.6037
BLOCK08/SES086/SA086S20	SES029	-2.37677	-13.969	-11.5922
BLOCK08/SES086/SA086S20	SES082	-1.70394	-13.2962	-11.5922
BLOCK08/SES086/SA086S20	SES087	-1.54151	-13.1338	-11.5922
BLOCK08/SES086/SA086S20	SES206	-1.61613	-13.2084	-11.5922
BLOCK08/SES086/SA086S24	SES087	-1.52081	-14.7052	-13.1843
BLOCK08/SES086/SA086S24	SES104	-1.3763	-14.5606	-13.1843
BLOCK08/SES086/SA086S24	SES120	-1.54463	-14.729	-13.1843
BLOCK08/SES086/SA086S24	SES206	-0.904387	-14.0887	-13.1843
BLOCK08/SES086/SA086S28	SES029	-1.97218	-13.822	-11.8499
BLOCK08/SES086/SA086S28	SES082	-1.30052	-13.1504	-11.8499
BLOCK08/SES086/SA086S28	SES087	-0.321204	-12.1711	-11.8499
BLOCK08/SES086/SA086S28	SES206	-1.32624	-13.1761	-11.8499
BLOCK08/SES089/SA089S13	SES087	-0.380136	-12.1425	-11.7624
BLOCK08/SES089/SA089S13	SES206	-1.09355	-12.8559	-11.7624
BLOCK08/SES089/SA089S13	SES226	-0.275811	-12.0382	-11.7624
BLOCK08/SES089/SA089S13	SES270	-0.624594	-12.387	-11.7624
BLOCK08/SES089/SA089S14	SES062	-1.97876	-12.8034	-10.8247
BLOCK08/SES089/SA089S14	SES087	-1.1543	-11.979	-10.8247
BLOCK08/SES089/SA089S14	SES206	-1.92129	-12.746	-10.8247
BLOCK08/SES089/SA089S14	SES226	-1.66261	-12.4873	-10.8247
BLOCK08/SES089/SA089S23	SES087	0.305843	-12.8448	-13.1506
BLOCK08/SES089/SA089S23	SES206	-0.529012	-13.6796	-13.1506
BLOCK08/SES089/SA089S23	SES226	0.327829	-12.8228	-13.1506
BLOCK08/SES089/SA089S23	SES270	0.0107555	-13.1398	-13.1506
BLOCK08/SES089/SA089S25	SES062	-0.81764	-12.2375	-11.4199
BLOCK08/SES089/SA089S25	SES087	-0.524637	-11.9445	-11.4199
BLOCK08/SES089/SA089S25	SES206	-1.3844	-12.8042	-11.4199
BLOCK08/SES089/SA089S25	SES226	-0.498457	-11.9183	-11.4199
BLOCK08/SES089/SA089S28	SES062	-0.958772	-12.8896	-11.9308
BLOCK08/SES089/SA089S28	SES087	-0.275535	-12.2063	-11.9308
BLOCK08/SES089/SA089S28	SES206	-1.49765	-13.4285	-11.9308
BLOCK08/SES089/SA089S28	SES226	-0.437494	-12.3683	-11.9308
BLOCK09/SES097/SA097S11	SES099	-2.53763	-14.2712	-11.7336
BLOCK09/SES097/SA097S11	SES125	-1.35778	-13.0914	-11.7336
BLOCK09/SES097/SA097S11	SES206	-2.28028	-14.0139	-11.7336
BLOCK09/SES097/SA097S11	SES226	-0.426786	-12.1604	-11.7336
BLOCK09/SES097/SA097S14	SES062	-1.42201	-13.1741	-11.7521
BLOCK09/SES097/SA097S14	SES099	-2.69115	-14.4433	-11.7521
BLOCK09/SES097/SA097S14	SES104	-1.4017	-13.1538	-11.7521
BLOCK09/SES097/SA097S14	SES206	-2.37188	-14.124	-11.7521
BLOCK09/SES097/SA097S22	SES099	-2.21207	-13.9445	-11.7325
BLOCK09/SES097/SA097S22	SES206	-1.85451	-13.587	-11.7325
BLOCK09/SES097/SA097S22	SES226	-0.800094	-12.5325	-11.7325
BLOCK09/SES097/SA097S22	SES270	-1.5534	-13.2859	-11.7325
BLOCK09/SES097/SA097S26	SES099	-1.8891	-14.6569	-12.7678
BLOCK09/SES097/SA097S26	SES120	-1.58006	-14.3478	-12.7678
BLOCK09/SES097/SA097S26	SES206	-1.58738	-14.3551	-12.7678
BLOCK09/SES097/SA097S26	SES226	-0.347297	-13.1151	-12.7678
BLOCK09/SES097/SA097S28	SES099	-2.03118	-12.8781	-10.8469
BLOCK09/SES097/SA097S28	SES120	-2.63314	-13.4801	-10.8469
BLOCK09/SES097/SA097S28	SES206	-2.04382	-12.8908	-10.8469
BLOCK09/SES097/SA097S28	SES226	-1.11043	-11.9574	-10.8469
BLOCK09/SES098/SA098S11	SES127	-2.84853	-13.4871	-10.6386
BLOCK09/SES098/SA098S11	SES144	-2.91224	-13.5508	-10.6386
BLOCK09/SES098/SA098S11	SES147	-2.4983	-13.1369	-10.6386
BLOCK09/SES098/SA098S11	SES148	-4.69304	-15.3316	-10.6386
BLOCK09/SES098/SA098S12	SES127	-3.57676	-16.1884	-12.6116
BLOCK09/SES098/SA098S12	SES144	-4.05188	-16.6635	-12.6116
BLOCK09/SES098/SA098S12	SES147	-3.15766	-15.7693	-12.6116
BLOCK09/SES098/SA098S12	SES189	-2.9561	-15.5677	-12.6116
BLOCK09/SES098/SA098S20	SES127	-6.29592	-18.8523	-12.5563
BLOCK09/SES098/SA098S20	SES147	-5.27301	-17.8294	-12.5563
BLOCK09/SES098/SA098S20	SES148	-9.58557	-22.1419	-12.5563
BLOCK09/SES098/SA098S20	SES292	-4.78571	-17.3421	-12.5563
BLOCK09/SES098/SA098S23	SES127	-3.75894	-15.0515	-11.2925
BLOCK09/SES098/SA098S23	SES147	-3.29513	-14.5877	-11.2925
BLOCK09/SES098/SA098S23	SES187	-2.99163	-14.2842	-11.2925
BLOCK09/SES098/SA098S23	SES292	-3.38712	-14.6796	-11.2925
BLOCK09/SES098/SA098S27	SES127	-3.03618	-14.7747	-11.7386
BLOCK09/SES098/SA098S27	SES147	-2.62204	-14.3606	-11.7386
BLOCK09/SES098/SA098S27	SES148	-4.23758	-15.9761	-11.7386
BLOCK09/SES098/SA098S27	SES292	-2.26788	-14.0064	-11.7386
BLOCK10/SES102/SA102S13	SES101	-2.38264	-14.6607	-12.2781
BLOCK10/SES102/SA102S13	SES105	-1.87173	-14.1498	-12.2781
BLOCK10/SES102/SA102S13	SES120	-1.9782	-14.2563	-12.2781
BLOCK10/SES102/SA102S13	SES158	-1.55972	-13.8378	-12.2781
BLOCK10/SES102/SA102S14	SES007	-3.10776	-13.9993	-10.8916
BLOCK10/SES102/SA102S14	SES101	-3.81406	-14.7056	-10.8916
BLOCK10/SES102/SA102S14	SES105	-4.47389	-15.3655	-10.8916
BLOCK10/SES102/SA102S14	SES147	-3.63687	-14.5284	-10.8916
BLOCK10/SES102/SA102S22	SES007	-2.67896	-13.3844	-10.7054
BLOCK10/SES102/SA102S22	SES101	-2.90453	-13.6099	-10.7054
BLOCK10/SES102/SA102S22	SES105	-2.58948	-13.2949	-10.7054
BLOCK10/SES102/SA102S22	SES158	-2.75842	-13.4638	-10.7054
BLOCK10/SES102/SA102S25	SES007	-2.18328	-13.0749	-10.8916
BLOCK10/SES102/SA102S25	SES101	-2.24009	-13.1317	-10.8916
BLOCK10/SES102/SA102S25	SES105	-2.58019	-13.4718	-10.8916
BLOCK10/SES102/SA102S25	SES147	-2.31142	-13.203	-10.8916
BLOCK10/SES102/SA102S27	SES007	-2.31689	-13.2712	-10.9543
BLOCK10/SES102/SA102S27	SES101	-1.83172	-12.786	-10.9543
BLOCK10/SES102/SA102S27	SES105	-2.39245	-13.3467	-10.9543
BLOCK10/SES102/SA102S27	SES147	-2.10044	-13.0547	-10.9543
BLOCK10/SES103/SA103S14	SES105	-2.68695	-15.0301	-12.3432
BLOCK10/SES103/SA103S14	SES106	-2.60855	-14.9517	-12.3432
BLOCK10/SES103/SA103S14	SES120	-2.15893	-14.5021	-12.3432
BLOCK10/SES103/SA103S14	SES206	-1.98188	-14.3251	-12.3432
BLOCK10/SES103/SA103S15	SES099	-1.14596	-13.3893	-12.2434
BLOCK10/SES103/SA103S15	SES101	-1.13201	-13.3754	-12.2434
BLOCK10/SES103/SA103S15	SES104	-1.11544	-13.3588	-12.2434
BLOCK10/SES103/SA103S15	SES125	-0.856646	-13.1	-12.2434
BLOCK10/SES103/SA103S24	SES104	-1.60911	-13.5901	-11.981
BLOCK10/SES103/SA103S24	SES125	-1.53379	-13.5148	-11.981
BLOCK10/SES103/SA103S24	SES148	-1.74579	-13.7268	-11.981
BLOCK10/SES103/SA103S24	SES158	-1.64742	-13.6284	-11.981
BLOCK10/SES103/SA103S26	SES104	-1.75893	-13.1018	-11.3429
BLOCK10/SES103/SA103S26	SES106	-1.55965	-12.9025	-11.3429
BLOCK10/SES103/SA103S26	SES125	-1.61183	-12.9547	-11.3429
BLOCK10/SES103/SA103S26	SES148	-1.89652	-13.2394	-11.3429
BLOCK10/SES103/SA103S28	SES104	-1.57993	-13.751	-12.1711
BLOCK10/SES103/SA103S28	SES106	-1.45242	-13.6235	-12.1711
BLOCK10/SES103/SA103S28	SES125	-1.63724	-13.8083	-12.1711
BLOCK10/SES103/SA103S28	SES206	-1.82903	-14.0001	-12.1711
BLOCK12/SES121/SA121S12	SES042	-2.73299	-14.4677	-11.7347
BLOCK12/SES121/SA121S12	SES087	-0.477992	-12.2127	-11.7347
BLOCK12/SES121/SA121S12	SES105	-0.714073	-12.4488	-11.7347
BLOCK12/SES121/SA121S12	SES206	-1.23841	-12.9731	-11.7347
BLOCK12/SES121/SA121S14	SES007	-0.369984	-15.5754	-15.2054
BLOCK12/SES121/SA121S14	SES105	-1.27176	-16.4771	-15.2054
BLOCK12/SES121/SA121S14	SES106	-1.56203	-16.7674	-15.2054
BLOCK12/SES121/SA121S14	SES206	0.25578	-14.9496	-15.2054
BLOCK12/SES121/SA121S23	SES105	-0.491563	-15.8235	-15.3319
BLOCK12/SES121/SA121S23	SES106	-0.824658	-16.1566	-15.3319
BLOCK12/SES121/SA121S23	SES120	-0.524974	-15.8569	-15.3319
BLOCK12/SES121/SA121S23	SES206	0.409064	-14.9229	-15.3319
BLOCK12/SES121/SA121S25	SES007	-1.21041	-16.2429	-15.0325
BLOCK12/SES121/SA121S25	SES105	-2.47177	-17.5043	-15.0325
BLOCK12/SES121/SA121S25	SES106	-2.82862	-17.8611	-15.0325
BLOCK12/SES121/SA121S25	SES206	-0.493409	-15.5259	-15.0325
BLOCK12/SES121/SA121S27	SES087	-1.3136	-15.9812	-14.6676
BLOCK12/SES121/SA121S27	SES105	-1.62416	-16.2917	-14.6676
BLOCK12/SES121/SA121S27	SES120	-0.66396	-15.3315	-14.6676
BLOCK12/SES121/SA121S27	SES206	-0.204165	-14.8717	-14.6676
BLOCK12/SES124/SA124S16	SES042	-2.76143	-11.9959	-9.23448
BLOCK12/SES124/SA124S16	SES082	-2.14091	-11.3754	-9.23448
BLOCK12/SES124/SA124S16	SES183	-2.31082	-11.5453	-9.23448
BLOCK12/SES124/SA124S16	SES206	-2.47934	-11.7138	-9.23448
BLOCK12/SES124/SA124S17	SES105	-2.69145	-13.4078	-10.7163
BLOCK12/SES124/SA124S17	SES149	-2.57724	-13.2935	-10.7163
BLOCK12/SES124/SA124S17	SES158	-2.23506	-12.9514	-10.7163
BLOCK12/SES124/SA124S17	SES275	-2.83911	-13.5554	-10.7163
BLOCK12/SES124/SA124S23	SES105	-2.1293	-11.8751	-9.74581
BLOCK12/SES124/SA124S23	SES125	-1.85129	-11.5971	-9.74581
BLOCK12/SES124/SA124S23	SES129	-2.14848	-11.8943	-9.74581
BLOCK12/SES124/SA124S23	SES158	-2.75121	-12.497	-9.74581
BLOCK12/SES124/SA124S26	SES105	-1.78855	-11.878	-10.0895
BLOCK12/SES124/SA124S26	SES125	-1.35975	-11.4492	-10.0895
BLOCK12/SES124/SA124S26	SES129	-1.58202	-11.6715	-10.0895
BLOCK12/SES124/SA124S26	SES158	-1.81838	-11.9078	-10.0895
BLOCK12/SES124/SA124S28	SES104	-1.24344	-11.5131	-10.2697
BLOCK12/SES124/SA124S28	SES106	-1.12958	-11.3992	-10.2697
BLOCK12/SES124/SA124S28	SES125	-1.19486	-11.4645	-10.2697
BLOCK12/SES124/SA124S28	SES275	-1.32761	-11.5973	-10.2697
BLOCK12/SES126/SA126S13	SES007	-2.02311	-13.4016	-11.3785
BLOCK12/SES126/SA126S13	SES162	-2.431	-13.8095	-11.3785
BLOCK12/SES126/SA126S13	SES177	-2.02499	-13.4035	-11.3785
BLOCK12/SES126/SA126S13	SES180	-2.85003	-14.2286	-11.3785
BLOCK12/SES126/SA126S14	SES144	-2.00934	-12.4383	-10.4289
BLOCK12/SES126/SA126S14	SES148	-2.92657	-13.3555	-10.4289
BLOCK12/SES126/SA126S14	SES177	-1.92783	-12.3568	-10.4289
BLOCK12/SES126/SA126S14	SES180	-1.99244	-12.4214	-10.4289
BLOCK12/SES126/SA126S20	SES007	-2.75412	-12.2234	-9.46927
BLOCK12/SES126/SA126S20	SES162	-2.67995	-12.1492	-9.46927
BLOCK12/SES126/SA126S20	SES172	-2.2665	-11.7358	-9.46927
BLOCK12/SES126/SA126S20	SES180	-2.46461	-11.9339	-9.46927
BLOCK12/SES126/SA126S24	SES120	-2.67478	-13.0577	-10.3829
BLOCK12/SES126/SA126S24	SES162	-2.86693	-13.2499	-10.3829
BLOCK12/SES126/SA126S24	SES177	-2.59317	-12.9761	-10.3829
BLOCK12/SES126/SA126S24	SES180	-3.09503	-13.478	-10.3829
BLOCK12/SES126/SA126S26	SES120	-2.34059	-12.8241	-10.4836
BLOCK12/SES126/SA126S26	SES177	-2.2316	-12.7152	-10.4836
BLOCK12/SES126/SA126S26	SES180	-1.85819	-12.3417	-10.4836
BLOCK12/SES126/SA126S26	SES202	-1.84348	-12.327	-10.4836
BLOCK12/SES128/SA128S10	SES087	-2.66098	-14.5613	-11.9003
BLOCK12/SES128/SA128S10	SES206	-1.87543	-13.7758	-11.9003
BLOCK12/SES128/SA128S10	SES226	-1.73853	-13.6389	-11.9003
BLOCK12/SES128/SA128S10	SES270	-2.62486	-14.5252	-11.9003
BLOCK12/SES128/SA128S12	SES120	-2.72624	-14.496	-11.7697
BLOCK12/SES128/SA128S12	SES158	-2.75783	-14.5276	-11.7697
BLOCK12/SES128/SA128S12	SES206	-2.71686	-14.4866	-11.7697
BLOCK12/SES128/SA128S12	SES226	-4.47255	-16.2423	-11.7697
BLOCK12/SES128/SA128S21	SES106	-1.3468	-13.0577	-11.7109
BLOCK12/SES128/SA128S21	SES120	-1.89612	-13.607	-11.7109
BLOCK12/SES128/SA128S21	SES206	-1.86462	-13.5755	-11.7109
BLOCK12/SES128/SA128S21	SES226	-1.23038	-12.9413	-11.7109
BLOCK12/SES128/SA128S24	SES087	-1.38035	-13.7537	-12.3733
BLOCK12/SES128/SA128S24	SES120	-1.51812	-13.8914	-12.3733
BLOCK12/SES128/SA128S24	SES206	-1.28414	-13.6574	-12.3733
BLOCK12/SES128/SA128S24	SES226	-1.33687	-13.7102	-12.3733
BLOCK12/SES128/SA128S27	SES099	-1.42208	-13.4751	-12.053
BLOCK12/SES128/SA128S27	SES120	-1.51226	-13.5653	-12.053
BLOCK12/SES128/SA128S27	SES206	-1.30378	-13.3568	-12.053
BLOCK12/SES128/SA128S27	SES226	-1.59199	-13.645	-12.053
BLOCK13/SES130/SA130S13	SES143	-0.302678	-11.6903	-11.3876
BLOCK13/SES130/SA130S13	SES144	-0.564558	-11.9522	-11.3876
BLOCK13/SES130/SA130S13	SES146	-1.57063	-12.9582	-11.3876
BLOCK13/SES130/SA130S13	SES275	-1.84701	-13.2346	-11.3876
BLOCK13/SES130/SA130S15	SES143	-1.7512	-12.3897	-10.6385
BLOCK13/SES130/SA130S15	SES144	-1.62022	-12.2587	-10.6385
BLOCK13/SES130/SA130S15	SES146	-1.87002	-12.5085	-10.6385
BLOCK13/SES130/SA130S15	SES275	-2.04791	-12.6864	-10.6385
BLOCK13/SES130/SA130S23	SES127	-0.965907	-11.9111	-10.9452
BLOCK13/SES130/SA130S23	SES144	-0.845508	-11.7907	-10.9452
BLOCK13/SES130/SA130S23	SES146	-1.62349	-12.5687	-10.9452
BLOCK13/SES130/SA130S23	SES162	-1.18453	-12.1298	-10.9452
BLOCK13/SES130/SA130S25	SES127	-1.6033	-11.7017	-10.0984
BLOCK13/SES130/SA130S25	SES144	-1.41826	-11.5167	-10.0984
BLOCK13/SES130/SA130S25	SES146	-1.94724	-12.0456	-10.0984
BLOCK13/SES130/SA130S25	SES275	-1.80488	-11.9033	-10.0984
BLOCK13/SES130/SA130S28	SES127	-2.23706	-12.8737	-10.6366
BLOCK13/SES130/SA130S28	SES144	-1.77277	-12.4094	-10.6366
BLOCK13/SES130/SA130S28	SES146	-2.03263	-12.6692	-10.6366
BLOCK13/SES130/SA130S28	SES275	-1.77062	-12.4072	-10.6366
BLOCK13/SES131/SA131S13	SES002	-1.82234	-12.4156	-10.5933
BLOCK13/SES131/SA131S13	SES007	-2.22454	-12.8178	-10.5933
BLOCK13/SES131/SA131S13	SES099	-1.4737	-12.067	-10.5933
BLOCK13/SES131/SA131S13	SES105	-1.45951	-12.0528	-10.5933
BLOCK13/SES131/SA131S14	SES104	-2.27551	-11.3401	-9.06464
BLOCK13/SES131/SA131S14	SES106	-1.90136	-10.966	-9.06464
BLOCK13/SES131/SA131S14	SES125	-2.26206	-11.3267	-9.06464
BLOCK13/SES131/SA131S14	SES148	-1.18772	-10.2524	-9.06464
BLOCK13/SES131/SA131S20	SES104	-1.3283	-12.9183	-11.59
BLOCK13/SES131/SA131S20	SES106	-1.13256	-12.7225	-11.59
BLOCK13/SES131/SA131S20	SES125	-1.36361	-12.9536	-11.59
BLOCK13/SES131/SA131S20	SES148	-1.38849	-12.9784	-11.59
BLOCK13/SES131/SA131S22	SES099	-1.54204	-11.8454	-10.3033
BLOCK13/SES131/SA131S22	SES104	-1.41527	-11.7186	-10.3033
BLOCK13/SES131/SA131S22	SES125	-1.29631	-11.5996	-10.3033
BLOCK13/SES131/SA131S22	SES206	-1.73439	-12.0377	-10.3033
BLOCK13/SES131/SA131S29	SES087	-1.46397	-13.7846	-12.3207
BLOCK13/SES131/SA131S29	SES104	-0.80567	-13.1263	-12.3207
BLOCK13/SES131/SA131S29	SES125	-0.737982	-13.0587	-12.3207
BLOCK13/SES131/SA131S29	SES206	-0.861749	-13.1824	-12.3207
BLOCK13/SES132/SA132S11	SES083	-3.04459	-14.3181	-11.2735
BLOCK13/SES132/SA132S11	SES120	-2.17423	-13.4477	-11.2735
BLOCK13/SES132/SA132S11	SES127	-4.05666	-15.3302	-11.2735
BLOCK13/SES132/SA132S11	SES275	-3.73006	-15.0036	-11.2735
BLOCK13/SES132/SA132S12	SES083	-2.29292	-12.8058	-10.5129
BLOCK13/SES132/SA132S12	SES143	-3.03153	-13.5444	-10.5129
BLOCK13/SES132/SA132S12	SES144	-2.61116	-13.124	-10.5129
BLOCK13/SES132/SA132S12	SES148	-3.48521	-13.9981	-10.5129
BLOCK13/SES132/SA132S22	SES062	-3.25879	-14.9625	-11.7037
BLOCK13/SES132/SA132S22	SES083	-3.02091	-14.7246	-11.7037
BLOCK13/SES132/SA132S22	SES127	-4.23318	-15.9369	-11.7037
BLOCK13/SES132/SA132S22	SES275	-3.37212	-15.0758	-11.7037
BLOCK13/SES132/SA132S24	SES007	-2.48251	-13.6119	-11.1294
BLOCK13/SES132/SA132S24	SES083	-2.96137	-14.0907	-11.1294
BLOCK13/SES132/SA132S24	SES127	-4.14379	-15.2732	-11.1294
BLOCK13/SES132/SA132S24	SES275	-3.3458	-14.4752	-11.1294
BLOCK13/SES132/SA132S27	SES083	-4.42331	-16.6384	-12.2151
BLOCK13/SES132/SA132S27	SES120	-2.5949	-14.81	-12.2151
BLOCK13/SES132/SA132S27	SES127	-6.39828	-18.6134	-12.2151
BLOCK13/SES132/SA132S27	SES275	-4.77217	-16.9873	-12.2151
BLOCK14/SES141/SA141S09	SES143	-2.56908	-11.9831	-9.41405
BLOCK14/SES141/SA141S09	SES144	-2.1832	-11.5973	-9.41405
BLOCK14/SES141/SA141S09	SES162	-2.36571	-11.7798	-9.41405
BLOCK14/SES141/SA141S09	SES180	-2.4484	-11.8624	-9.41405
BLOCK14/SES141/SA141S15	SES127	-2.71307	-12.6791	-9.96603
BLOCK14/SES141/SA141S15	SES144	-2.2991	-12.2651	-9.96603
BLOCK14/SES141/SA141S15	SES162	-2.4273	-12.3933	-9.96603
BLOCK14/SES141/SA141S15	SES180	-2.41591	-12.3819	-9.96603
BLOCK14/SES141/SA141S24	SES127	-3.10848	-13.8662	-10.7577
BLOCK14/SES141/SA141S24	SES144	-2.91014	-13.6679	-10.7577
BLOCK14/SES141/SA141S24	SES162	-2.3236	-13.0813	-10.7577
BLOCK14/SES141/SA141S24	SES183	-2.89328	-13.651	-10.7577
BLOCK14/SES141/SA141S26	SES142	-1.2836	-12.1402	-10.8566
BLOCK14/SES141/SA141S26	SES144	-1.94276	-12.7994	-10.8566
BLOCK14/SES141/SA141S26	SES172	-1.7142	-12.5708	-10.8566
BLOCK14/SES141/SA141S26	SES180	-1.81557	-12.6722	-10.8566
BLOCK14/SES141/SA141S29	SES127	-2.11663	-12.4434	-10.3267
BLOCK14/SES141/SA141S29	SES142	-2.03477	-12.3615	-10.3267
BLOCK14/SES141/SA141S29	SES144	-2.01654	-12.3433	-10.3267
BLOCK14/SES141/SA141S29	SES180	-1.99459	-12.3213	-10.3267
BLOCK15/SES157/SA157S08	SES083	-2.14997	-12.1966	-10.0467
BLOCK15/SES157/SA157S08	SES127	-2.21754	-12.2642	-10.0467
BLOCK15/SES157/SA157S08	SES148	-2.32984	-12.3765	-10.0467
BLOCK15/SES157/SA157S08	SES292	-2.1916	-12.2383	-10.0467
BLOCK15/SES157/SA157S11	SES083	-1.87281	-12.6046	-10.7318
BLOCK15/SES157/SA157S11	SES127	-2.37363	-13.1054	-10.7318
BLOCK15/SES157/SA157S11	SES148	-2.18417	-12.9159	-10.7318
BLOCK15/SES157/SA157S11	SES292	-1.9166	-12.6484	-10.7318
BLOCK15/SES157/SA157S21	SES127	-1.32471	-11.1829	-9.85823
BLOCK15/SES157/SA157S21	SES148	-1.09021	-10.9484	-9.85823
BLOCK15/SES157/SA157S21	SES158	-2.52574	-12.384	-9.85823
BLOCK15/SES157/SA157S21	SES292	-1.58204	-11.4403	-9.85823
BLOCK15/SES157/SA157S24	SES127	-1.68709	-11.9908	-10.3037
BLOCK15/SES157/SA157S24	SES148	-2.00735	-12.3111	-10.3037
BLOCK15/SES157/SA157S24	SES183	-1.89323	-12.1969	-10.3037
BLOCK15/SES157/SA157S24	SES292	-1.71296	-12.0167	-10.3037
BLOCK15/SES157/SA157S26	SES007	-1.84197	-11.8161	-9.97408
BLOCK15/SES157/SA157S26	SES127	-1.20949	-11.1836	-9.97408
BLOCK15/SES157/SA157S26	SES147	-1.19046	-11.1645	-9.97408
BLOCK15/SES157/SA157S26	SES148	-1.63174	-11.6058	-9.97408
BLOCK16/SES161/SA161S10	SES007	-1.8288	-12.7902	-10.9614
BLOCK16/SES161/SA161S10	SES105	-1.22748	-12.1888	-10.9614
BLOCK16/SES161/SA161S10	SES158	-1.67662	-12.638	-10.9614
BLOCK16/SES161/SA161S10	SES275	-1.40016	-12.3615	-10.9614
BLOCK16/SES161/SA161S12	SES007	-1.28754	-15.3774	-14.0898
BLOCK16/SES161/SA161S12	SES105	-1.95209	-16.0419	-14.0898
BLOCK16/SES161/SA161S12	SES158	-0.960714	-15.0505	-14.0898
BLOCK16/SES161/SA161S12	SES275	-2.37179	-16.4616	-14.0898
BLOCK16/SES161/SA161S20	SES007	-1.2921	-14.192	-12.8999
BLOCK16/SES161/SA161S20	SES105	-2.02245	-14.9224	-12.8999
BLOCK16/SES161/SA161S20	SES158	-1.01154	-13.9115	-12.8999
BLOCK16/SES161/SA161S20	SES275	-2.52999	-15.4299	-12.8999
BLOCK16/SES161/SA161S23	SES007	-0.516504	-13.8482	-13.3317
BLOCK16/SES161/SA161S23	SES105	-0.329061	-13.6608	-13.3317
BLOCK16/SES161/SA161S23	SES148	-1.85177	-15.1835	-13.3317
BLOCK16/SES161/SA161S23	SES158	-0.449283	-13.781	-13.3317
BLOCK16/SES161/SA161S28	SES007	-1.96658	-15.1666	-13.2
BLOCK16/SES161/SA161S28	SES105	-3.35079	-16.5508	-13.2
BLOCK16/SES161/SA161S28	SES158	-1.61335	-14.8134	-13.2
BLOCK16/SES161/SA161S28	SES206	-1.53855	-14.7386	-13.2
BLOCK16/SES164/SA164S11	SES104	-1.55285	-12.9924	-11.4395
BLOCK16/SES164/SA164S11	SES125	-1.42777	-12.8673	-11.4395
BLOCK16/SES164/SA164S11	SES158	-1.80356	-13.2431	-11.4395
BLOCK16/SES164/SA164S11	SES206	-2.21382	-13.6533	-11.4395
BLOCK16/SES164/SA164S13	SES099	-3.04728	-14.6696	-11.6223
BLOCK16/SES164/SA164S13	SES104	-2.72948	-14.3518	-11.6223
BLOCK16/SES164/SA164S13	SES125	-2.45697	-14.0793	-11.6223
BLOCK16/SES164/SA164S13	SES206	-2.85243	-14.4748	-11.6223
BLOCK16/SES164/SA164S24	SES002	-0.805885	-11.4773	-10.6714
BLOCK16/SES164/SA164S24	SES099	-2.34737	-13.0188	-10.6714
BLOCK16/SES164/SA164S24	SES125	-1.24006	-11.9114	-10.6714
BLOCK16/SES164/SA164S24	SES226	-0.292421	-10.9638	-10.6714
BLOCK16/SES164/SA164S27	SES087	-1.90819	-12.6562	-10.748
BLOCK16/SES164/SA164S27	SES125	-1.66318	-12.4112	-10.748
BLOCK16/SES164/SA164S27	SES206	-2.67951	-13.4275	-10.748
BLOCK16/SES164/SA164S27	SES226	-0.639371	-11.3874	-10.748
BLOCK16/SES164/SA164S29	SES002	-1.52296	-12.331	-10.808
BLOCK16/SES164/SA164S29	SES019	-1.75651	-12.5645	-10.808
BLOCK16/SES164/SA164S29	SES125	-1.91898	-12.727	-10.808
BLOCK16/SES164/SA164S29	SES226	-0.934578	-11.7426	-10.808
BLOCK16/SES169/SA169S13	SES117	-2.34841	-13.2097	-10.8612
BLOCK16/SES169/SA169S13	SES144	-2.1396	-13.0008	-10.8612
BLOCK16/SES169/SA169S13	SES146	-1.91034	-12.7716	-10.8612
BLOCK16/SES169/SA169S13	SES162	-1.93994	-12.8012	-10.8612
BLOCK16/SES169/SA169S14	SES144	-2.07825	-11.9579	-9.87969
BLOCK16/SES169/SA169S14	SES148	-2.18871	-12.0684	-9.87969
BLOCK16/SES169/SA169S14	SES177	-2.40647	-12.2862	-9.87969
BLOCK16/SES169/SA169S14	SES180	-2.20547	-12.0852	-9.87969
BLOCK16/SES169/SA169S24	SES117	-2.58041	-13.3711	-10.7907
BLOCK16/SES169/SA169S24	SES144	-2.12031	-12.911	-10.7907
BLOCK16/SES169/SA169S24	SES146	-2.16463	-12.9553	-10.7907
BLOCK16/SES169/SA169S24	SES162	-2.00124	-12.7919	-10.7907
BLOCK16/SES169/SA169S27	SES127	-2.80783	-13.3451	-10.5372
BLOCK16/SES169/SA169S27	SES129	-3.07455	-13.6118	-10.5372
BLOCK16/SES169/SA169S27	SES144	-2.77858	-13.3158	-10.5372
BLOCK16/SES169/SA169S27	SES146	-2.36161	-12.8988	-10.5372
BLOCK16/SES169/SA169S29	SES144	-2.4876	-12.2983	-9.81068
BLOCK16/SES169/SA169S29	SES162	-2.64078	-12.4515	-9.81068
BLOCK16/SES169/SA169S29	SES177	-2.77814	-12.5888	-9.81068
BLOCK16/SES169/SA169S29	SES180	-2.72102	-12.5317	-9.81068
BLOCK17/SES171/SA171S12	SES083	-1.38462	-12.9082	-11.5235
BLOCK17/SES171/SA171S12	SES148	-1.24415	-12.7677	-11.5235
BLOCK17/SES171/SA171S12	SES172	-1.38647	-12.91	-11.5235
BLOCK17/SES171/SA171S12	SES292	-1.49124	-13.0148	-11.5235
BLOCK17/SES171/SA171S15	SES148	-1.3538	-11.8894	-10.5356
BLOCK17/SES171/SA171S15	SES177	-2.13402	-12.6697	-10.5356
BLOCK17/SES171/SA171S15	SES180	-1.82082	-12.3564	-10.5356
BLOCK17/SES171/SA171S15	SES292	-1.75847	-12.2941	-10.5356
BLOCK17/SES171/SA171S22	SES007	-2.84027	-12.127	-9.28675
BLOCK17/SES171/SA171S22	SES148	-1.03334	-10.3201	-9.28675
BLOCK17/SES171/SA171S22	SES177	-2.75338	-12.0401	-9.28675
BLOCK17/SES171/SA171S22	SES180	-2.25317	-11.5399	-9.28675
BLOCK17/SES171/SA171S25	SES101	-1.15678	-12.6623	-11.5056
BLOCK17/SES171/SA171S25	SES120	-2.0672	-13.5728	-11.5056
BLOCK17/SES171/SA171S25	SES177	-1.66087	-13.1664	-11.5056
BLOCK17/SES171/SA171S25	SES180	-1.23671	-12.7423	-11.5056
BLOCK17/SES171/SA171S27	SES177	-1.6476	-12.9016	-11.254
BLOCK17/SES171/SA171S27	SES180	-1.67027	-12.9243	-11.254
BLOCK17/SES171/SA171S27	SES189	-1.565	-12.819	-11.254
BLOCK17/SES171/SA171S27	SES292	-1.4588	-12.7128	-11.254
BLOCK17/SES173/SA173S13	SES162	-2.27513	-14.2001	-11.925
BLOCK17/SES173/SA173S13	SES177	-2.003	-13.928	-11.925
BLOCK17/SES173/SA173S13	SES180	-2.06795	-13.993	-11.925
BLOCK17/SES173/SA173S13	SES292	-1.29079	-13.2158	-11.925
BLOCK17/SES173/SA173S14	SES007	-2.65442	-12.9873	-10.3329
BLOCK17/SES173/SA173S14	SES162	-3.06456	-13.3975	-10.3329
BLOCK17/SES173/SA173S14	SES177	-2.87374	-13.2066	-10.3329
BLOCK17/SES173/SA173S14	SES180	-2.93158	-13.2645	-10.3329
BLOCK17/SES173/SA173S24	SES144	-2.58748	-13.9517	-11.3642
BLOCK17/SES173/SA173S24	SES162	-2.54899	-13.9132	-11.3642
BLOCK17/SES173/SA173S24	SES177	-2.35802	-13.7222	-11.3642
BLOCK17/SES173/SA173S24	SES180	-2.70658	-14.0708	-11.3642
BLOCK17/SES173/SA173S27	SES162	-3.26865	-14.514	-11.2454
BLOCK17/SES173/SA173S27	SES177	-2.71311	-13.9585	-11.2454
BLOCK17/SES173/SA173S27	SES180	-2.68246	-13.9278	-11.2454
BLOCK17/SES173/SA173S27	SES292	-2.06814	-13.3135	-11.2454
BLOCK17/SES173/SA173S29	SES162	-1.8918	-12.7243	-10.8325
BLOCK17/SES173/SA173S29	SES175	-1.63397	-12.4665	-10.8325
BLOCK17/SES173/SA173S29	SES177	-1.93636	-12.7689	-10.8325
BLOCK17/SES173/SA173S29	SES292	-1.3436	-12.1761	-10.8325
BLOCK18/SES182/SA182S10	SES144	-3.8454	-14.3377	-10.4923
BLOCK18/SES182/SA182S10	SES177	-2.92789	-13.4201	-10.4923
BLOCK18/SES182/SA182S10	SES180	-3.83317	-14.3254	-10.4923
BLOCK18/SES182/SA182S10	SES275	-3.6062	-14.0985	-10.4923
BLOCK18/SES182/SA182S12	SES144	-3.81986	-14.1892	-10.3694
BLOCK18/SES182/SA182S12	SES177	-3.11137	-13.4807	-10.3694
BLOCK18/SES182/SA182S12	SES180	-4.00778	-14.3771	-10.3694
BLOCK18/SES182/SA182S12	SES275	-3.4738	-13.8432	-10.3694
BLOCK18/SES182/SA182S21	SES117	-2.50727	-14.7119	-12.2046
BLOCK18/SES182/SA182S21	SES144	-3.30498	-15.5096	-12.2046
BLOCK18/SES182/SA182S21	SES162	-2.44178	-14.6464	-12.2046
BLOCK18/SES182/SA182S21	SES180	-3.26475	-15.4694	-12.2046
BLOCK18/SES182/SA182S23	SES117	-2.99352	-16.0501	-13.0566
BLOCK18/SES182/SA182S23	SES144	-4.58825	-17.6448	-13.0566
BLOCK18/SES182/SA182S23	SES180	-4.42797	-17.4845	-13.0566
BLOCK18/SES182/SA182S23	SES275	-3.52163	-16.5782	-13.0566
BLOCK18/SES182/SA182S25	SES007	-2.95031	-14.6352	-11.6849
BLOCK18/SES182/SA182S25	SES162	-3.56062	-15.2455	-11.6849
BLOCK18/SES182/SA182S25	SES177	-3.03187	-14.7168	-11.6849
BLOCK18/SES182/SA182S25	SES180	-4.7874	-16.4723	-11.6849
BLOCK18/SES184/SA184S12	SES177	-1.61659	-12.3002	-10.6836
BLOCK18/SES184/SA184S12	SES180	-1.27514	-11.9588	-10.6836
BLOCK18/SES184/SA184S12	SES189	-2.00724	-12.6909	-10.6836
BLOCK18/SES184/SA184S12	SES292	-1.34228	-12.0259	-10.6836
BLOCK18/SES184/SA184S13	SES101	-1.55228	-12.0334	-10.4811
BLOCK18/SES184/SA184S13	SES177	-1.75539	-12.2365	-10.4811
BLOCK18/SES184/SA184S13	SES180	-1.44917	-11.9303	-10.4811
BLOCK18/SES184/SA184S13	SES292	-1.71319	-12.1943	-10.4811
BLOCK18/SES184/SA184S22	SES177	-1.89581	-12.6149	-10.7191
BLOCK18/SES184/SA184S22	SES180	-1.71894	-12.4381	-10.7191
BLOCK18/SES184/SA184S22	SES189	-2.6398	-13.3589	-10.7191
BLOCK18/SES184/SA184S22	SES292	-2.32343	-13.0426	-10.7191
BLOCK18/SES184/SA184S25	SES101	-1.20819	-12.1759	-10.9677
BLOCK18/SES184/SA184S25	SES177	-1.44491	-12.4126	-10.9677
BLOCK18/SES184/SA184S25	SES180	-1.11219	-12.0799	-10.9677
BLOCK18/SES184/SA184S25	SES292	-1.37989	-12.3476	-10.9677
BLOCK18/SES184/SA184S27	SES083	-1.74751	-11.8291	-10.0816
BLOCK18/SES184/SA184S27	SES177	-2.01944	-12.101	-10.0816
BLOCK18/SES184/SA184S27	SES202	-1.83317	-11.9147	-10.0816
BLOCK18/SES184/SA184S27	SES292	-1.74559	-11.8272	-10.0816
BLOCK20/SES204/SA204S12	SES062	-2.09455	-13.0661	-10.9715
BLOCK20/SES204/SA204S12	SES083	-2.30806	-13.2796	-10.9715
BLOCK20/SES204/SA204S12	SES206	-1.7647	-12.7362	-10.9715
BLOCK20/SES204/SA204S12	SES226	-2.08924	-13.0608	-10.9715
BLOCK20/SES204/SA204S14	SES068	-1.48505	-11.6697	-10.1846
BLOCK20/SES204/SA204S14	SES087	-0.823081	-11.0077	-10.1846
BLOCK20/SES204/SA204S14	SES206	-1.71536	-11.9	-10.1846
BLOCK20/SES204/SA204S14	SES226	-1.42344	-11.6081	-10.1846
BLOCK20/SES204/SA204S22	SES068	-1.71719	-12.3973	-10.6801
BLOCK20/SES204/SA204S22	SES082	-1.78496	-12.465	-10.6801
BLOCK20/SES204/SA204S22	SES083	-2.09448	-12.7746	-10.6801
BLOCK20/SES204/SA204S22	SES206	-1.99774	-12.6778	-10.6801
BLOCK20/SES204/SA204S25	SES062	-1.62759	-12.0636	-10.436
BLOCK20/SES204/SA204S25	SES083	-1.78448	-12.2205	-10.436
BLOCK20/SES204/SA204S25	SES206	-1.64423	-12.0802	-10.436
BLOCK20/SES204/SA204S25	SES226	-1.69784	-12.1339	-10.436
BLOCK20/SES204/SA204S27	SES068	-1.6234	-12.3523	-10.7289
BLOCK20/SES204/SA204S27	SES082	-1.42126	-12.1501	-10.7289
BLOCK20/SES204/SA204S27	SES087	-1.30433	-12.0332	-10.7289
BLOCK20/SES204/SA204S27	SES206	-1.84411	-12.573	-10.7289
BLOCK20/SES207/SA207S10	SES127	-2.3042	-12.3632	-10.059
BLOCK20/SES207/SA207S10	SES183	-1.76771	-11.8267	-10.059
BLOCK20/SES207/SA207S10	SES189	-2.27328	-12.3323	-10.059
BLOCK20/SES207/SA207S10	SES292	-2.02385	-12.0828	-10.059
BLOCK20/SES207/SA207S11	SES127	-1.53205	-12.3165	-10.7845
BLOCK20/SES207/SA207S11	SES183	-1.28935	-12.0738	-10.7845
BLOCK20/SES207/SA207S11	SES187	-1.22445	-12.0089	-10.7845
BLOCK20/SES207/SA207S11	SES292	-1.09382	-11.8783	-10.7845
BLOCK20/SES207/SA207S25	SES068	-1.56864	-12.7043	-11.1357
BLOCK20/SES207/SA207S25	SES083	-1.79037	-12.9261	-11.1357
BLOCK20/SES207/SA207S25	SES127	-1.83277	-12.9685	-11.1357
BLOCK20/SES207/SA207S25	SES187	-1.57966	-12.7154	-11.1357
BLOCK20/SES207/SA207S27	SES127	-1.54564	-12.5503	-11.0046
BLOCK20/SES207/SA207S27	SES183	-1.45189	-12.4565	-11.0046
BLOCK20/SES207/SA207S27	SES187	-1.31315	-12.3178	-11.0046
BLOCK20/SES207/SA207S27	SES292	-1.26152	-12.2661	-11.0046
BLOCK20/SES207/SA207S29	SES083	-1.67455	-12.2626	-10.588
BLOCK20/SES207/SA207S29	SES085	-1.65011	-12.2381	-10.588
BLOCK20/SES207/SA207S29	SES172	-1.04226	-11.6303	-10.588
BLOCK20/SES207/SA207S29	SES189	-2.1584	-12.7464	-10.588
BLOCK22/SES221/SA221S12	SES068	-2.16975	-12.3088	-10.139
BLOCK22/SES221/SA221S12	SES143	-2.85739	-12.9964	-10.139
BLOCK22/SES221/SA221S12	SES175	-2.51399	-12.653	-10.139
BLOCK22/SES221/SA221S12	SES202	-2.33263	-12.4716	-10.139
BLOCK22/SES221/SA221S15	SES085	-2.17529	-12.416	-10.2407
BLOCK22/SES221/SA221S15	SES143	-2.58136	-12.8221	-10.2407
BLOCK22/SES221/SA221S15	SES175	-2.26068	-12.5014	-10.2407
BLOCK22/SES221/SA221S15	SES187	-2.23242	-12.4731	-10.2407
BLOCK22/SES221/SA221S23	SES068	-1.70134	-12.248	-10.5467
BLOCK22/SES221/SA221S23	SES143	-2.28786	-12.8345	-10.5467
BLOCK22/SES221/SA221S23	SES175	-2.03275	-12.5794	-10.5467
BLOCK22/SES221/SA221S23	SES189	-2.52519	-13.0719	-10.5467
BLOCK22/SES221/SA221S27	SES085	-2.00025	-12.9297	-10.9294
BLOCK22/SES221/SA221S27	SES143	-2.51551	-13.4449	-10.9294
BLOCK22/SES221/SA221S27	SES175	-2.11236	-13.0418	-10.9294
BLOCK22/SES221/SA221S27	SES189	-2.36511	-13.2945	-10.9294
BLOCK22/SES221/SA221S29	SES085	-1.66009	-12.5437	-10.8836
BLOCK22/SES221/SA221S29	SES143	-2.22718	-13.1108	-10.8836
BLOCK22/SES221/SA221S29	SES175	-2.0518	-12.9354	-10.8836
BLOCK22/SES221/SA221S29	SES187	-2.29755	-13.1812	-10.8836
BLOCK22/SES223/SA223S11	SES143	-2.01648	-12.5432	-10.5268
BLOCK22/SES223/SA223S11	SES144	-2.18995	-12.7167	-10.5268
BLOCK22/SES223/SA223S11	SES175	-1.87767	-12.4044	-10.5268
BLOCK22/SES223/SA223S11	SES187	-1.95984	-12.4866	-10.5268
BLOCK22/SES223/SA223S13	SES068	-1.47505	-12.3608	-10.8857
BLOCK22/SES223/SA223S13	SES143	-2.12117	-13.0069	-10.8857
BLOCK22/SES223/SA223S13	SES146	-1.84412	-12.7298	-10.8857
BLOCK22/SES223/SA223S13	SES202	-1.6223	-12.508	-10.8857
BLOCK22/SES223/SA223S22	SES143	-2.1197	-12.6875	-10.5678
BLOCK22/SES223/SA223S22	SES144	-2.00583	-12.5737	-10.5678
BLOCK22/SES223/SA223S22	SES175	-1.90692	-12.4748	-10.5678
BLOCK22/SES223/SA223S22	SES187	-1.89389	-12.4617	-10.5678
BLOCK22/SES223/SA223S25	SES068	-3.08469	-14.1282	-11.0435
BLOCK22/SES223/SA223S25	SES143	-3.57695	-14.6204	-11.0435
BLOCK22/SES223/SA223S25	SES175	-2.99883	-14.0423	-11.0435
BLOCK22/SES223/SA223S25	SES187	-3.20465	-14.2481	-11.0435
BLOCK22/SES223/SA223S27	SES143	-1.81367	-13.2198	-11.4061
BLOCK22/SES223/SA223S27	SES146	-2.77957	-14.1857	-11.4061
BLOCK22/SES223/SA223S27	SES187	-2.00762	-13.4137	-11.4061
BLOCK22/SES223/SA223S27	SES292	-1.96359	-13.3697	-11.4061
BLOCK27/SES273/SA273S12	SES099	-1.82979	-13.2673	-11.4375
BLOCK27/SES273/SA273S12	SES104	-1.95065	-13.3882	-11.4375
BLOCK27/SES273/SA273S12	SES125	-1.9904	-13.4279	-11.4375
BLOCK27/SES273/SA273S12	SES206	-1.73923	-13.1768	-11.4375
BLOCK27/SES273/SA273S13	SES099	-3.1617	-13.8456	-10.6839
BLOCK27/SES273/SA273S13	SES104	-2.29849	-12.9824	-10.6839
BLOCK27/SES273/SA273S13	SES206	-2.82216	-13.5061	-10.6839
BLOCK27/SES273/SA273S13	SES292	-2.41043	-13.0943	-10.6839
BLOCK27/SES273/SA273S21	SES099	-1.80846	-12.637	-10.8285
BLOCK27/SES273/SA273S21	SES148	-2.6119	-13.4404	-10.8285
BLOCK27/SES273/SA273S21	SES149	-1.84547	-12.674	-10.8285
BLOCK27/SES273/SA273S21	SES177	-1.94845	-12.777	-10.8285
BLOCK27/SES273/SA273S25	SES104	-3.54143	-15.5829	-12.0414
BLOCK27/SES273/SA273S25	SES125	-3.5676	-15.609	-12.0414
BLOCK27/SES273/SA273S25	SES158	-2.82411	-14.8655	-12.0414
BLOCK27/SES273/SA273S25	SES206	-2.85275	-14.8942	-12.0414
BLOCK27/SES273/SA273S27	SES099	-3.16203	-13.0322	-9.87017
BLOCK27/SES273/SA273S27	SES104	-2.78657	-12.6567	-9.87017
BLOCK27/SES273/SA273S27	SES149	-2.97237	-12.8425	-9.87017
BLOCK27/SES273/SA273S27	SES275	-2.75603	-12.6262	-9.87017
BLOCK27/SES274/SA274S10	SES105	-1.89281	-11.4064	-9.51354
BLOCK27/SES274/SA274S10	SES125	-1.74544	-11.259	-9.51354
BLOCK27/SES274/SA274S10	SES129	-0.464673	-9.97821	-9.51354
BLOCK27/SES274/SA274S10	SES158	-2.36944	-11.883	-9.51354
BLOCK27/SES274/SA274S11	SES105	-2.40553	-12.1811	-9.77561
BLOCK27/SES274/SA274S11	SES149	-2.42226	-12.1979	-9.77561
BLOCK27/SES274/SA274S11	SES158	-2.65394	-12.4296	-9.77561
BLOCK27/SES274/SA274S11	SES275	-2.24496	-12.0206	-9.77561
BLOCK27/SES274/SA274S21	SES105	-1.84693	-11.8867	-10.0398
BLOCK27/SES274/SA274S21	SES129	-1.7368	-11.7766	-10.0398
BLOCK27/SES274/SA274S21	SES149	-1.86687	-11.9067	-10.0398
BLOCK27/SES274/SA274S21	SES158	-2.40792	-12.4477	-10.0398
BLOCK27/SES274/SA274S24	SES105	-1.64852	-12.1937	-10.5452
BLOCK27/SES274/SA274S24	SES129	-1.35466	-11.8998	-10.5452
BLOCK27/SES274/SA274S24	SES149	-1.74552	-12.2907	-10.5452
BLOCK27/SES274/SA274S24	SES158	-2.07072	-12.6159	-10.5452
BLOCK27/SES274/SA274S29	SES105	-2.44031	-12.9386	-10.4983
BLOCK27/SES274/SA274S29	SES106	-2.38673	-12.885	-10.4983
BLOCK27/SES274/SA274S29	SES120	-2.98323	-13.4815	-10.4983
BLOCK27/SES274/SA274S29	SES275	-2.27515	-12.7734	-10.4983
BLOCK27/SES276/SA276S16	SES148	-1.54864	-12.2143	-10.6657
BLOCK27/SES276/SA276S16	SES172	-0.715366	-11.3811	-10.6657
BLOCK27/SES276/SA276S16	SES180	-0.557272	-11.223	-10.6657
BLOCK27/SES276/SA276S16	SES292	-0.986378	-11.6521	-10.6657
BLOCK27/SES276/SA276S17	SES101	-0.791909	-11.4221	-10.6302
BLOCK27/SES276/SA276S17	SES177	-1.47177	-12.1019	-10.6302
BLOCK27/SES276/SA276S17	SES180	-0.994528	-11.6247	-10.6302
BLOCK27/SES276/SA276S17	SES292	-1.17847	-11.8086	-10.6302
BLOCK27/SES276/SA276S24	SES101	-1.75548	-11.9352	-10.1798
BLOCK27/SES276/SA276S24	SES177	-1.92394	-12.1037	-10.1798
BLOCK27/SES276/SA276S24	SES180	-1.89229	-12.072	-10.1798
BLOCK27/SES276/SA276S24	SES292	-2.19529	-12.375	-10.1798
BLOCK27/SES276/SA276S26	SES101	-1.65581	-11.3693	-9.71349
BLOCK27/SES276/SA276S26	SES177	-2.57774	-12.2912	-9.71349
BLOCK27/SES276/SA276S26	SES180	-1.96275	-11.6762	-9.71349
BLOCK27/SES276/SA276S26	SES292	-1.90475	-11.6182	-9.71349
BLOCK27/SES276/SA276S28	SES101	-1.18356	-10.9247	-9.74116
BLOCK27/SES276/SA276S28	SES177	-2.10026	-11.8414	-9.74116
BLOCK27/SES276/SA276S28	SES180	-1.23094	-10.9721	-9.74116
BLOCK27/SES276/SA276S28	SES292	-1.50397	-11.2451	-9.74116
BLOCK27/SES277/SA277S12	SES101	-0.30875	-11.8177	-11.509
BLOCK27/SES277/SA277S12	SES177	-0.838833	-12.3478	-11.509
BLOCK27/SES277/SA277S12	SES180	-0.509233	-12.0182	-11.509
BLOCK27/SES277/SA277S12	SES292	-0.588655	-12.0976	-11.509
BLOCK27/SES277/SA277S14	SES177	-1.14021	-13.0071	-11.8669
BLOCK27/SES277/SA277S14	SES180	-1.05733	-12.9242	-11.8669
BLOCK27/SES277/SA277S14	SES189	-1.05642	-12.9233	-11.8669
BLOCK27/SES277/SA277S14	SES292	-0.913794	-12.7807	-11.8669
BLOCK27/SES277/SA277S21	SES177	-1.34907	-12.4139	-11.0648
BLOCK27/SES277/SA277S21	SES180	-1.00021	-12.065	-11.0648
BLOCK27/SES277/SA277S21	SES189	-1.46829	-12.5331	-11.0648
BLOCK27/SES277/SA277S21	SES292	-1.11682	-12.1816	-11.0648
BLOCK27/SES277/SA277S24	SES144	-0.60606	-12.1922	-11.5861
BLOCK27/SES277/SA277S24	SES177	-1.05183	-12.638	-11.5861
BLOCK27/SES277/SA277S24	SES180	-1.11292	-12.6991	-11.5861
BLOCK27/SES277/SA277S24	SES189	-1.1425	-12.7286	-11.5861
BLOCK27/SES277/SA277S29	SES177	-2.02771	-11.8127	-9.78501
BLOCK27/SES277/SA277S29	SES180	-1.47386	-11.2589	-9.78501
BLOCK27/SES277/SA277S29	SES202	-1.75415	-11.5392	-9.78501
BLOCK27/SES277/SA277S29	SES292	-1.95006	-11.7351	-9.78501
BLOCK27/SES279/SA279S09	SES120	-3.10917	-13.6331	-10.5239
BLOCK27/SES279/SA279S09	SES146	-2.74984	-13.2738	-10.5239
BLOCK27/SES279/SA279S09	SES206	-2.41101	-12.9349	-10.5239
BLOCK27/SES279/SA279S09	SES226	-2.65533	-13.1792	-10.5239
BLOCK27/SES279/SA279S10	SES099	-1.75531	-12.7716	-11.0163
BLOCK27/SES279/SA279S10	SES206	-1.91385	-12.9301	-11.0163
BLOCK27/SES279/SA279S10	SES226	-2.28448	-13.3007	-11.0163
BLOCK27/SES279/SA279S10	SES292	-2.08739	-13.1037	-11.0163
BLOCK27/SES279/SA279S20	SES099	-2.22698	-13.7598	-11.5328
BLOCK27/SES279/SA279S20	SES206	-2.19551	-13.7283	-11.5328
BLOCK27/SES279/SA279S20	SES226	-2.57062	-14.1034	-11.5328
BLOCK27/SES279/SA279S20	SES292	-2.58997	-14.1227	-11.5328
BLOCK27/SES279/SA279S26	SES099	-0.457203	-13.0932	-12.636
BLOCK27/SES279/SA279S26	SES206	-0.621398	-13.2574	-12.636
BLOCK27/SES279/SA279S26	SES226	-1.18029	-13.8163	-12.636
BLOCK27/SES279/SA279S26	SES292	-0.965401	-13.6014	-12.636
BLOCK27/SES279/SA279S28	SES099	-1.95422	-12.1595	-10.2052
BLOCK27/SES279/SA279S28	SES120	-2.92782	-13.1331	-10.2052
BLOCK27/SES279/SA279S28	SES177	-2.56858	-12.7738	-10.2052
BLOCK27/SES279/SA279S28	SES206	-2.11871	-12.324	-10.2052
BLOCK29/SES290/SA290S12	SES162	-1.69878	-11.7575	-10.0587
BLOCK29/SES290/SA290S12	SES177	-1.90818	-11.9669	-10.0587
BLOCK29/SES290/SA290S12	SES180	-1.85298	-11.9117	-10.0587
BLOCK29/SES290/SA290S12	SES292	-2.20872	-12.2674	-10.0587
BLOCK29/SES290/SA290S13	SES007	-1.89667	-11.9867	-10.09
BLOCK29/SES290/SA290S13	SES162	-1.78304	-11.8731	-10.09
BLOCK29/SES290/SA290S13	SES177	-1.79116	-11.8812	-10.09
BLOCK29/SES290/SA290S13	SES180	-1.7017	-11.7917	-10.09
BLOCK29/SES290/SA290S22	SES177	-2.05213	-12.0996	-10.0475
BLOCK29/SES290/SA290S22	SES180	-1.73585	-11.7833	-10.0475
BLOCK29/SES290/SA290S22	SES202	-1.80888	-11.8563	-10.0475
BLOCK29/SES290/SA290S22	SES292	-1.96921	-12.0167	-10.0475
BLOCK29/SES290/SA290S25	SES162	-2.37491	-12.6231	-10.2482
BLOCK29/SES290/SA290S25	SES177	-2.28354	-12.5317	-10.2482
BLOCK29/SES290/SA290S25	SES180	-2.32818	-12.5764	-10.2482
BLOCK29/SES290/SA290S25	SES292	-2.5375	-12.7857	-10.2482
BLOCK29/SES290/SA290S29	SES177	-2.9256	-12.7364	-9.81081
BLOCK29/SES290/SA290S29	SES180	-2.98872	-12.7995	-9.81081
BLOCK29/SES290/SA290S29	SES275	-2.48929	-12.3001	-9.81081
BLOCK29/SES290/SA290S29	SES292	-2.82343	-12.6342	-9.81081
BLOCK29/SES291/SA291S11	SES105	-2.14253	-13.49	-11.3475
BLOCK29/SES291/SA291S11	SES125	-1.94002	-13.2875	-11.3475
BLOCK29/SES291/SA291S11	SES158	-1.97791	-13.3254	-11.3475
BLOCK29/SES291/SA291S11	SES275	-2.24408	-13.5916	-11.3475
BLOCK29/SES291/SA291S12	SES158	-1.43307	-13.4672	-12.0341
BLOCK29/SES291/SA291S12	SES226	-2.70073	-14.7348	-12.0341
BLOCK29/SES291/SA291S12	SES270	-3.92921	-15.9633	-12.0341
BLOCK29/SES291/SA291S12	SES275	-2.55276	-14.5869	-12.0341
BLOCK29/SES291/SA291S22	SES082	-2.66148	-13.7656	-11.1041
BLOCK29/SES291/SA291S22	SES158	-2.61034	-13.7144	-11.1041
BLOCK29/SES291/SA291S22	SES259	-2.85512	-13.9592	-11.1041
BLOCK29/SES291/SA291S22	SES275	-3.04019	-14.1443	-11.1041
BLOCK29/SES291/SA291S24	SES104	-1.54639	-12.4511	-10.9047
BLOCK29/SES291/SA291S24	SES125	-1.7225	-12.6272	-10.9047
BLOCK29/SES291/SA291S24	SES158	-1.8684	-12.7731	-10.9047
BLOCK29/SES291/SA291S24	SES275	-2.07427	-12.979	-10.9047
BLOCK29/SES291/SA291S27	SES158	-2.21419	-12.853	-10.6388
BLOCK29/SES291/SA291S27	SES172	-2.32945	-12.9683	-10.6388
BLOCK29/SES291/SA291S27	SES275	-2.03604	-12.6749	-10.6388
BLOCK29/SES291/SA291S27	SES292	-2.1762	-12.815	-10.6388
Threshold search:
THR	-9.585579994634	9	0(0)	1(1000)
THR	-9.48563355468766	8.991	0(0)	0.999(999)
THR	-9.38568711474132	8.991	0(0)	0.999(999)
THR	-9.28574067479498	8.991	0(0)	0.999(999)
THR	-9.18579423484864	8.991	0(0)	0.999(999)
THR	-9.0858477949023	8.991	0(0)	0.999(999)
THR	-8.98590135495596	8.991	0(0)	0.999(999)
THR	-8.88595491500962	8.991	0(0)	0.999(999)
THR	-8.78600847506328	8.991	0(0)	0.999(999)
THR	-8.68606203511694	8.991	0(0)	0.999(999)
THR	-8.5861155951706	8.991	0(0)	0.999(999)
THR	-8.48616915522426	8.991	0(0)	0.999(999)
THR	-8.38622271527792	8.991	0(0)	0.999(999)
THR	-8.28627627533158	8.991	0(0)	0.999(999)
THR	-8.18632983538524	8.991	0(0)	0.999(999)
THR	-8.0863833954389	8.991	0(0)	0.999(999)
THR	-7.98643695549256	8.991	0(0)	0.999(999)
THR	-7.88649051554622	8.991	0(0)	0.999(999)
THR	-7.78654407559988	8.991	0(0)	0.999(999)
THR	-7.68659763565354	8.991	0(0)	0.999(999)
THR	-7.5866511957072	8.991	0(0)	0.999(999)
THR	-7.48670475576086	8.991	0(0)	0.999(999)
THR	-7.38675831581452	8.991	0(0)	0.999(999)
THR	-7.28681187586818	8.991	0(0)	0.999(999)
THR	-7.18686543592184	8.991	0(0)	0.999(999)
THR	-7.0869189959755	8.991	0(0)	0.999(999)
THR	-6.98697255602916	8.991	0(0)	0.999(999)
THR	-6.88702611608282	8.991	0(0)	0.999(999)
THR	-6.78707967613648	8.991	0(0)	0.999(999)
THR	-6.68713323619014	8.991	0(0)	0.999(999)
THR	-6.5871867962438	8.991	0(0)	0.999(999)
THR	-6.48724035629746	8.991	0(0)	0.999(999)
THR	-6.38729391635112	8.982	0(0)	0.998(998)
THR	-6.28734747640478	8.973	0(0)	0.997(997)
THR	-6.18740103645844	8.973	0(0)	0.997(997)
THR	-6.0874545965121	8.973	0(0)	0.997(997)
THR	-5.98750815656576	8.973	0(0)	0.997(997)
THR	-5.88756171661942	8.973	0(0)	0.997(997)
THR	-5.78761527667309	8.973	0(0)	0.997(997)
THR	-5.68766883672675	8.973	0(0)	0.997(997)
THR	-5.58772239678041	8.973	0(0)	0.997(997)
THR	-5.48777595683407	8.973	0(0)	0.997(997)
THR	-5.38782951688773	8.973	0(0)	0.997(997)
THR	-5.28788307694139	8.973	0(0)	0.997(997)
THR	-5.18793663699505	8.955	0(0)	0.995(995)
THR	-5.08799019704871	8.955	0(0)	0.995(995)
THR	-4.98804375710237	8.946	0(0)	0.994(994)
THR	-4.88809731715603	8.946	0(0)	0.994(994)
THR	-4.78815087720969	8.937	0(0)	0.993(993)
THR	-4.68820443726335	8.892	0(0)	0.988(988)
THR	-4.58825799731701	8.883	0(0)	0.987(987)
THR	-4.48831155737067	8.874	0(0)	0.986(986)
THR	-4.38836511742433	8.838	0(0)	0.982(982)
THR	-4.28841867747799	8.838	0(0)	0.982(982)
THR	-4.18847223753165	8.802	0(0)	0.978(978)
THR	-4.08852579758531	8.793	0(0)	0.977(977)
THR	-3.98857935763897	8.757	0(0)	0.973(973)
THR	-3.88863291769263	8.748	0(0)	0.972(972)
THR	-3.78868647774629	8.703	0(0)	0.967(967)
THR	-3.68874003779995	8.667	0(0)	0.963(963)
THR	-3.58879359785361	8.622	0(0)	0.958(958)
THR	-3.48884715790727	8.55	0(0)	0.95(950)
THR	-3.38890071796093	8.514	0(0)	0.946(946)
THR	-3.28895427801459	8.464	0.004(1)	0.94(940)
THR	-3.18900783806825	8.401	0.004(1)	0.933(933)
THR	-3.08906139812191	8.319	0.012(3)	0.923(923)
THR	-2.98911495817557	8.142	0.024(6)	0.902(902)
THR	-2.88916851822923	7.974	0.036(9)	0.882(882)
THR	-2.78922207828289	7.818	0.06(15)	0.862(862)
THR	-2.68927563833655	7.553	0.092(23)	0.829(829)
THR	-2.58932919839021	7.237	0.136(34)	0.789(789)
THR	-2.48938275844387	7.01	0.152(38)	0.762(762)
THR	-2.38943631849753	6.713	0.188(47)	0.725(725)
THR	-2.28948987855119	6.367	0.256(64)	0.679(679)
THR	-2.18954343860485	6.012	0.288(72)	0.636(636)
THR	-2.08959699865851	5.671	0.316(79)	0.595(595)
THR	-1.98965055871217	5.203	0.352(88)	0.539(539)
THR	-1.88970411876583	4.789	0.424(106)	0.485(485)
THR	-1.78975767881949	4.429	0.46(115)	0.441(441)
THR	-1.68981123887315	4.009	0.508(127)	0.389(389)
THR	-1.58986479892681	3.604	0.58(145)	0.336(336)
THR	-1.48991835898047	3.201	0.636(159)	0.285(285)
THR	-1.38997191903413	2.86	0.664(166)	0.244(244)
THR	-1.29002547908779	2.539	0.712(178)	0.203(203)
THR	-1.19007903914145	2.295	0.756(189)	0.171(171)
THR	-1.09013259919511	1.957	0.796(199)	0.129(129)
THR	-0.990186159248768	1.844	0.836(209)	0.112(112)
THR	-0.890239719302428	1.661	0.86(215)	0.089(89)
THR	-0.790293279356088	1.487	0.884(221)	0.067(67)
THR	-0.690346839409748	1.392	0.888(222)	0.056(56)
THR	-0.590400399463408	1.29	0.912(228)	0.042(42)
THR	-0.490453959517068	1.197	0.936(234)	0.029(29)
THR	-0.390507519570728	1.138	0.94(235)	0.022(22)
THR	-0.290561079624388	1.059	0.96(240)	0.011(11)
THR	-0.190614639678048	1.04	0.968(242)	0.008(8)
THR	-0.0906681997317078	1.055	0.992(248)	0.007(7)
THR	0.00927824021463222	1.054	1(250)	0.006(6)
THR	0.109224680160972	1.036	1(250)	0.004(4)
THR	0.209171120107312	1.036	1(250)	0.004(4)
THR	0.309117560053652	1.018	1(250)	0.002(2)
THR	0.409063999999992	1.009	1(250)	0.001(1)
THR	0.509010439946332	1	1(250)	0(0)


==============================================
THR: 0.509010439946332
Missed:     250/250=1.0000
FalseAlarm: 0/1000=0.0000
----------------------------------------------
==> CostDetection: 100.0
==============================================
